 line   address	contents
    1                      ; Linked by DLX-LD.
    2                      ; MemSize 24576
    3                      ; Data size: 269
    4                      ; Text size: 4568
    5                      ; Stack size: 8192
    6  00000000          	.text 0x1000
    7  00001000          	.data 0x3000
    8                      ; Compiled by GCC
    9  00003000          	.text
   10  00001000          	.align 2
   11  00001000          	.proc _isspace
   12  00001000          	.global _isspace
   13  00001000          	_isspace:
   14                      ;  Function 'isspace'; 0 bytes of locals, 1 regs to save.
   15  00001000  afbefffc	sw	-4(r29),r30; push fp
   16  00001004  001df020	add	r30,r0,r29; fp = sp
   17  00001008  afbffff8	sw	-8(r29),r31; push ret addr
   18  0000100c  2fbd0010	subui	r29,r29,#16; alloc local storage
   19  00001010  afa20000	sw	0(r29),r2
   20  00001014  83c20003	lb	r2,3(r30)
   21  00001018  201f0000	addi	r31,r0,#0
   22  0000101c  304100ff	andi	r1,r2,#0x00ff
   23  00001020  60210020	seqi	r1,r1,#32
   24  00001024  14200018	bnez	r1,L6_LF0
   25  00001028  54000000	nop; not filled.
   26  0000102c  2041fff7	addi	r1,r2,#-9
   27  00001030  302100ff	andi	r1,r1,#0x00ff
   28  00001034  70210001	sleui	r1,r1,#1
   29  00001038  10200008	beqz	r1,L5_LF0
   30  0000103c  54000000	nop; not filled.
   31  00001040          	L6_LF0:
   32  00001040  201f0001	addi	r31,r0,#1
   33  00001044          	L5_LF0:
   34  00001044  001f0820	add	r1,r0,r31
   35  00001048  8fa20000	lw	r2,0(r29)
   36  0000104c  8fdffff8	lw	r31,-8(r30)
   37  00001050  001ee820	add	r29,r0,r30
   38  00001054  8fdefffc	lw	r30,-4(r30)
   39  00001058  4be00000	jr	r31
   40  0000105c  54000000	nop
   41  00001060          	.endproc _isspace
   42  00001060          	.align 2
   43  00001060          	.proc _isxdigit
   44  00001060          	.global _isxdigit
   45  00001060          	_isxdigit:
   46                      ;  Function 'isxdigit'; 0 bytes of locals, 1 regs to save.
   47  00001060  afbefffc	sw	-4(r29),r30; push fp
   48  00001064  001df020	add	r30,r0,r29; fp = sp
   49  00001068  afbffff8	sw	-8(r29),r31; push ret addr
   50  0000106c  2fbd0010	subui	r29,r29,#16; alloc local storage
   51  00001070  afa20000	sw	0(r29),r2
   52  00001074  83df0003	lb	r31,3(r30)
   53  00001078  20020000	addi	r2,r0,#0
   54  0000107c  23e1ffd0	addi	r1,r31,#-48
   55  00001080  302100ff	andi	r1,r1,#0x00ff
   56  00001084  70210009	sleui	r1,r1,#9
   57  00001088  14200028	bnez	r1,L12_LF0
   58  0000108c  54000000	nop; not filled.
   59  00001090  23e1ff9f	addi	r1,r31,#-97
   60  00001094  302100ff	andi	r1,r1,#0x00ff
   61  00001098  70210005	sleui	r1,r1,#5
   62  0000109c  14200014	bnez	r1,L12_LF0
   63  000010a0  54000000	nop; not filled.
   64  000010a4  33e100ff	andi	r1,r31,#0x00ff
   65  000010a8  64210041	snei	r1,r1,#65
   66  000010ac  14200008	bnez	r1,L11_LF0
   67  000010b0  54000000	nop; not filled.
   68  000010b4          	L12_LF0:
   69  000010b4  20020001	addi	r2,r0,#1
   70  000010b8          	L11_LF0:
   71  000010b8  00020820	add	r1,r0,r2
   72  000010bc  8fa20000	lw	r2,0(r29)
   73  000010c0  8fdffff8	lw	r31,-8(r30)
   74  000010c4  001ee820	add	r29,r0,r30
   75  000010c8  8fdefffc	lw	r30,-4(r30)
   76  000010cc  4be00000	jr	r31
   77  000010d0  54000000	nop
   78  000010d4          	.endproc _isxdigit
   79  000010d4          	.data
   80  00003000          	.align 2
   81  00003000          	LC0_LF0:
   82  00003000  55736167	.ascii "Usage: \000"
   82  00003004  653a2000	
   83  00003008          	.align 2
   84  00003008          	LC1_LF0:
   85  00003008  203c6861	.ascii " <handle_to_shared_memory_page> <handle_to_page_mapped_semaphore>\n\000"
   85  0000300c  6e646c65	
   85  00003010  5f746f5f	
   85  00003014  73686172	
   85  00003018  65645f6d	
   85  0000301c  656d6f72	
   85  00003020  795f7061	
   85  00003024  67653e20	
   85  00003028  3c68616e	
   85  0000302c  646c655f	
   85  00003030  746f5f70	
   85  00003034  6167655f	
   85  00003038  6d617070	
   85  0000303c  65645f73	
   85  00003040  656d6170	
   85  00003044  686f7265	
   85  00003048  3e0a00  	
   86  0000304b          	.align 2
   87  0000304c          	LC2_LF0:
   88  0000304c  436f756c	.ascii "Could not map the virtual address to the memory in \000"
   88  00003050  64206e6f	
   88  00003054  74206d61	
   88  00003058  70207468	
   88  0000305c  65207669	
   88  00003060  72747561	
   88  00003064  6c206164	
   88  00003068  64726573	
   88  0000306c  7320746f	
   88  00003070  20746865	
   88  00003074  206d656d	
   88  00003078  6f727920	
   88  0000307c  696e2000	
   89  00003080          	.align 2
   90  00003080          	LC3_LF0:
   91  00003080  2c206578	.ascii ", exiting...\n\000"
   91  00003084  6974696e	
   91  00003088  672e2e2e	
   91  0000308c  0a00    	
   92  0000308e          	.align 2
   93  00003090          	LC4_LF0:
   94  00003090  436f6e73	.ascii "Consumer %d removed: %c\n\000"
   94  00003094  756d6572	
   94  00003098  20256420	
   94  0000309c  72656d6f	
   94  000030a0  7665643a	
   94  000030a4  2025630a	
   94  000030a8  00      	
   95  000030a9          	.align 2
   96  000030ac          	LC5_LF0:
   97  000030ac  0a4c4f43	.ascii "\nLOCK IS NOT GETTING RELEASED IN THE MIDDLE OF A CONS.\000"
   97  000030b0  4b204953	
   97  000030b4  204e4f54	
   97  000030b8  20474554	
   97  000030bc  54494e47	
   97  000030c0  2052454c	
   97  000030c4  45415345	
   97  000030c8  4420494e	
   97  000030cc  20544845	
   97  000030d0  204d4944	
   97  000030d4  444c4520	
   97  000030d8  4f462041	
   97  000030dc  20434f4e	
   97  000030e0  532e00  	
   98  000030e3          	.align 2
   99  000030e4          	LC6_LF0:
  100  000030e4  42616420	.ascii "Bad semaphore s_procs_completed (%d) in \000"
  100  000030e8  73656d61	
  100  000030ec  70686f72	
  100  000030f0  6520735f	
  100  000030f4  70726f63	
  100  000030f8  735f636f	
  100  000030fc  6d706c65	
  100  00003100  74656420	
  100  00003104  28256429	
  100  00003108  20696e20	
  100  0000310c  00      	
  101  0000310d          	.text
  102  000010d4          	.align 2
  103  000010d4          	.proc _main
  104  000010d4          	.global _main
  105  000010d4          	_main:
  106                      ;  Function 'main'; 0 bytes of locals, 0 regs to save.
  107  000010d4  afbefffc	sw	-4(r29),r30; push fp
  108  000010d8  001df020	add	r30,r0,r29; fp = sp
  109  000010dc  afbffff8	sw	-8(r29),r31; push ret addr
  110  000010e0  2fbd0008	subui	r29,r29,#8; alloc local storage
  111  000010e4  8fc20000	lw	r2,(r30)
  112  000010e8  8fc70004	lw	r7,4(r30)
  113  000010ec  0c0010e0	jal	___main
  114  000010f0  54000000	nop; not filled.
  115  000010f4  20060000	addi	r6,r0,#0
  116  000010f8  64410004	snei	r1,r2,#4
  117  000010fc  1020004c	beqz	r1,L14_LF0
  118  00001100  54000000	nop; not filled.
  119  00001104  23bdfff8	addi	r29,r29,#-8
  120  00001108  3c0a0000	lhi	r10,((LC0_LF0)>>16)&0xffff
  121  0000110c  254a3000	addui	r10,r10,(LC0_LF0)&0xffff
  122  00001110  afaa0000	sw	(r29),r10
  123  00001114  0c0002b0	jal	_Printf
  124  00001118  54000000	nop; not filled.
  125  0000111c  8cea0000	lw	r10,(r7)
  126  00001120  afaa0000	sw	(r29),r10
  127  00001124  0c0002a0	jal	_Printf
  128  00001128  54000000	nop; not filled.
  129  0000112c  3c0a0000	lhi	r10,((LC1_LF0)>>16)&0xffff
  130  00001130  254a3008	addui	r10,r10,(LC1_LF0)&0xffff
  131  00001134  afaa0000	sw	(r29),r10
  132  00001138  0c00028c	jal	_Printf
  133  0000113c  54000000	nop; not filled.
  134  00001140  0c000338	jal	_Exit
  135  00001144  54000000	nop; not filled.
  136  00001148  23bd0008	addi	r29,r29,#8
  137  0000114c          	L14_LF0:
  138  0000114c  23bdfff0	addi	r29,r29,#-16
  139  00001150  8cea0004	lw	r10,4(r7)
  140  00001154  afaa0000	sw	(r29),r10
  141  00001158  200a0000	addi	r10,r0,#0
  142  0000115c  afaa0004	sw	4(r29),r10
  143  00001160  200a000a	addi	r10,r0,#10
  144  00001164  afaa0008	sw	8(r29),r10
  145  00001168  0c000bbc	jal	_dstrtol
  146  0000116c  54000000	nop; not filled.
  147  00001170  00011020	add	r2,r0,r1
  148  00001174  8cea0008	lw	r10,8(r7)
  149  00001178  afaa0000	sw	(r29),r10
  150  0000117c  200a0000	addi	r10,r0,#0
  151  00001180  afaa0004	sw	4(r29),r10
  152  00001184  200a000a	addi	r10,r0,#10
  153  00001188  afaa0008	sw	8(r29),r10
  154  0000118c  0c000b98	jal	_dstrtol
  155  00001190  54000000	nop; not filled.
  156  00001194  00014020	add	r8,r0,r1
  157  00001198  8cea000c	lw	r10,12(r7)
  158  0000119c  afaa0000	sw	(r29),r10
  159  000011a0  200a0000	addi	r10,r0,#0
  160  000011a4  afaa0004	sw	4(r29),r10
  161  000011a8  200a000a	addi	r10,r0,#10
  162  000011ac  afaa0008	sw	8(r29),r10
  163  000011b0  0c000b74	jal	_dstrtol
  164  000011b4  54000000	nop; not filled.
  165  000011b8  00012820	add	r5,r0,r1
  166  000011bc  afa20000	sw	(r29),r2
  167  000011c0  0c000234	jal	_shmat
  168  000011c4  54000000	nop; not filled.
  169  000011c8  00012020	add	r4,r0,r1
  170  000011cc  23bd0010	addi	r29,r29,#16
  171  000011d0  64810000	snei	r1,r4,#0
  172  000011d4  1420004c	bnez	r1,L15_LF0
  173  000011d8  54000000	nop; not filled.
  174  000011dc  23bdfff8	addi	r29,r29,#-8
  175  000011e0  3c0a0000	lhi	r10,((LC2_LF0)>>16)&0xffff
  176  000011e4  254a304c	addui	r10,r10,(LC2_LF0)&0xffff
  177  000011e8  afaa0000	sw	(r29),r10
  178  000011ec  0c0001d8	jal	_Printf
  179  000011f0  54000000	nop; not filled.
  180  000011f4  8cea0000	lw	r10,(r7)
  181  000011f8  afaa0000	sw	(r29),r10
  182  000011fc  0c0001c8	jal	_Printf
  183  00001200  54000000	nop; not filled.
  184  00001204  3c0a0000	lhi	r10,((LC3_LF0)>>16)&0xffff
  185  00001208  254a3080	addui	r10,r10,(LC3_LF0)&0xffff
  186  0000120c  afaa0000	sw	(r29),r10
  187  00001210  0c0001b4	jal	_Printf
  188  00001214  54000000	nop; not filled.
  189  00001218  0c000260	jal	_Exit
  190  0000121c  54000000	nop; not filled.
  191  00001220  23bd0008	addi	r29,r29,#8
  192  00001224          	L15_LF0:
  193  00001224  20090005	addi	r9,r0,#5
  194  00001228          	L18_LF0:
  195  00001228  23bdfff8	addi	r29,r29,#-8
  196  0000122c  afa50000	sw	(r29),r5
  197  00001230  0c000200	jal	_lock_acquire
  198  00001234  54000000	nop; not filled.
  199  00001238  23bd0008	addi	r29,r29,#8
  200  0000123c  6421ffff	snei	r1,r1,#-1
  201  00001240  102000bc	beqz	r1,L16_LF0
  202  00001244  54000000	nop; not filled.
  203  00001248  8c810000	lw	r1,(r4)
  204  0000124c  8c820004	lw	r2,4(r4)
  205  00001250  00220829	sne	r1,r1,r2
  206  00001254  1020006c	beqz	r1,L20_LF0
  207  00001258  54000000	nop; not filled.
  208  0000125c  0c000174	jal	_getpid
  209  00001260  54000000	nop; not filled.
  210  00001264  23bdfff0	addi	r29,r29,#-16
  211  00001268  3c0a0000	lhi	r10,((LC4_LF0)>>16)&0xffff
  212  0000126c  254a3090	addui	r10,r10,(LC4_LF0)&0xffff
  213  00001270  afaa0000	sw	(r29),r10
  214  00001274  afa10004	sw	4(r29),r1
  215  00001278  8c810004	lw	r1,4(r4)
  216  0000127c  50210002	slli	r1,r1,#0x2
  217  00001280  00240820	add	r1,r1,r4
  218  00001284  8c210008	lw	r1,8(r1)
  219  00001288  afa10008	sw	8(r29),r1
  220  0000128c  0c000138	jal	_Printf
  221  00001290  54000000	nop; not filled.
  222  00001294  8c810004	lw	r1,4(r4)
  223  00001298  20230001	addi	r3,r1,#1
  224  0000129c  00600035	movi2fp	f0,r3
  225  000012a0  01200835	movi2fp	f1,r9
  226  000012a4  0401000f	div	f0,f0,f1
  227  000012a8  00001034	movfp2i	r2,f0
  228  000012ac  50410002	slli	r1,r2,#0x2
  229  000012b0  00220820	add	r1,r1,r2
  230  000012b4  00610822	sub	r1,r3,r1
  231  000012b8  ac810004	sw	4(r4),r1
  232  000012bc  20c60001	addi	r6,r6,#1
  233  000012c0  23bd0010	addi	r29,r29,#16
  234  000012c4          	L20_LF0:
  235  000012c4  23bdfff8	addi	r29,r29,#-8
  236  000012c8  afa50000	sw	(r29),r5
  237  000012cc  0c000170	jal	_lock_release
  238  000012d0  54000000	nop; not filled.
  239  000012d4  23bd0008	addi	r29,r29,#8
  240  000012d8  6021ffff	seqi	r1,r1,#-1
  241  000012dc  10200020	beqz	r1,L16_LF0
  242  000012e0  54000000	nop; not filled.
  243  000012e4  23bdfff8	addi	r29,r29,#-8
  244  000012e8  3c0a0000	lhi	r10,((LC5_LF0)>>16)&0xffff
  245  000012ec  254a30ac	addui	r10,r10,(LC5_LF0)&0xffff
  246  000012f0  afaa0000	sw	(r29),r10
  247  000012f4  0c0000d0	jal	_Printf
  248  000012f8  54000000	nop; not filled.
  249  000012fc  23bd0008	addi	r29,r29,#8
  250  00001300          	L16_LF0:
  251  00001300  70c1000a	slei	r1,r6,#10
  252  00001304  1420ff20	bnez	r1,L18_LF0
  253  00001308  54000000	nop; not filled.
  254  0000130c  23bdfff8	addi	r29,r29,#-8
  255  00001310  afa80000	sw	(r29),r8
  256  00001314  0c000104	jal	_sem_signal
  257  00001318  54000000	nop; not filled.
  258  0000131c  23bd0008	addi	r29,r29,#8
  259  00001320  64210001	snei	r1,r1,#1
  260  00001324  10200050	beqz	r1,L23_LF0
  261  00001328  54000000	nop; not filled.
  262  0000132c  23bdfff8	addi	r29,r29,#-8
  263  00001330  3c0a0000	lhi	r10,((LC6_LF0)>>16)&0xffff
  264  00001334  254a30e4	addui	r10,r10,(LC6_LF0)&0xffff
  265  00001338  afaa0000	sw	(r29),r10
  266  0000133c  afa80004	sw	4(r29),r8
  267  00001340  0c000084	jal	_Printf
  268  00001344  54000000	nop; not filled.
  269  00001348  8ce70000	lw	r7,(r7)
  270  0000134c  afa70000	sw	(r29),r7
  271  00001350  0c000074	jal	_Printf
  272  00001354  54000000	nop; not filled.
  273  00001358  3c0a0000	lhi	r10,((LC3_LF0)>>16)&0xffff
  274  0000135c  254a3080	addui	r10,r10,(LC3_LF0)&0xffff
  275  00001360  afaa0000	sw	(r29),r10
  276  00001364  0c000060	jal	_Printf
  277  00001368  54000000	nop; not filled.
  278  0000136c  0c00010c	jal	_Exit
  279  00001370  54000000	nop; not filled.
  280  00001374  23bd0008	addi	r29,r29,#8
  281  00001378          	L23_LF0:
  282  00001378  0c000e48	jal	_exit
  283  0000137c  54000000	nop
  284  00001380          	.endproc _main
  285                      ;;;
  286                      ;;; Stub functions for DLX traps.
  287                      ;;;
  288                      ;;; Ethan L. Miller, 1999.  Released to the public domain.
  289                      ;;;
  290                      ;;; The traps such as Open and Close
  291                      ;;; (note the capital letters) are for use by user programs.  The traps
  292                      ;;; with names such as open and close (lower case) are for use by the OS.
  293                      ;;;
  296  00001380          	.align 2
  298                      ;;; The following are the traps to be used by user-level programs
  299                      ;;;
  301  00001380          	.align 2
  302  00001380          	.proc _Open
  303  00001380          	.global _Open
  304  00001380          	_Open:
  305                      ;;; Note that trap #0x213 actually causes a trap vector in the OS of
  306                      ;;; 0x1213.  The same is true for other user traps.  Thus, a user trap
  307                      ;;; with trap #0x240 will result in a trap vector of 0x1240 in the OS.
  308  00001380  44000213	trap	#0x213
  309  00001384  4be00000	jr	r31
  310  00001388  54000000	nop
  311  0000138c          	.endproc _Open
  313  0000138c          	.proc _Close
  314  0000138c          	.global _Close
  315  0000138c          	_Close:
  316  0000138c  44000214	trap	#0x214
  317  00001390  4be00000	jr	r31
  318  00001394  54000000	nop
  319  00001398          	.endproc _Close
  321  00001398          	.proc _Read
  322  00001398          	.global _Read
  323  00001398          	_Read:
  324  00001398  44000210	trap	#0x210
  325  0000139c  4be00000	jr	r31
  326  000013a0  54000000	nop
  327  000013a4          	.endproc _Read
  329  000013a4          	.proc _Write
  330  000013a4          	.global _Write
  331  000013a4          	_Write:
  332  000013a4  44000211	trap	#0x211
  333  000013a8  4be00000	jr	r31
  334  000013ac  54000000	nop
  335  000013b0          	.endproc _Write
  337  000013b0          	.proc _Lseek
  338  000013b0          	.global _Lseek
  339  000013b0          	_Lseek:
  340  000013b0  44000212	trap	#0x212
  341  000013b4  4be00000	jr	r31
  342  000013b8  54000000	nop
  343  000013bc          	.endproc _Lseek
  345  000013bc          	.proc _Putchar
  346  000013bc          	.global _Putchar
  347  000013bc          	_Putchar:
  348  000013bc  44000280	trap	#0x280
  349  000013c0  4be00000	jr	r31
  350  000013c4  54000000	nop
  351  000013c8          	.endproc _Putchar
  353  000013c8          	.proc _Printf
  354  000013c8          	.global _Printf
  355  000013c8          	_Printf:
  356  000013c8  44000201	trap	#0x201
  357  000013cc  4be00000	jr	r31
  358  000013d0  54000000	nop
  359  000013d4          	.endproc _Printf
  361  000013d4          	.proc _getpid
  362  000013d4          	.global _getpid
  363  000013d4          	_getpid:
  364  000013d4  44000431	trap	#0x431
  365  000013d8  4be00000	jr	r31
  366  000013dc  54000000	nop
  367  000013e0          	.endproc _getpid
  369  000013e0          	.proc _process_create
  370  000013e0          	.global _process_create
  371  000013e0          	_process_create:
  372  000013e0  44000432	trap	#0x432
  373  000013e4  4be00000	jr	r31
  374  000013e8  54000000	nop
  375  000013ec          	.endproc _process_create
  377  000013ec          	.proc _shmget
  378  000013ec          	.global _shmget
  379  000013ec          	_shmget:
  380  000013ec  44000440	trap	#0x440
  381  000013f0  4be00000	jr	r31
  382  000013f4  54000000	nop
  383  000013f8          	.endproc _shmget
  385  000013f8          	.proc _shmat
  386  000013f8          	.global _shmat
  387  000013f8          	_shmat:
  388  000013f8  44000441	trap	#0x441
  389  000013fc  4be00000	jr	r31
  390  00001400  54000000	nop
  391  00001404          	.endproc _shmat
  393  00001404          	.proc _sem_create
  394  00001404          	.global _sem_create
  395  00001404          	_sem_create:
  396  00001404  44000450	trap	#0x450
  397  00001408  4be00000	jr	r31
  398  0000140c  54000000	nop
  399  00001410          	.endproc _sem_create
  401  00001410          	.proc _sem_wait
  402  00001410          	.global _sem_wait
  403  00001410          	_sem_wait:
  404  00001410  44000451	trap	#0x451
  405  00001414  4be00000	jr	r31
  406  00001418  54000000	nop
  407  0000141c          	.endproc _sem_wait
  409  0000141c          	.proc _sem_signal
  410  0000141c          	.global _sem_signal
  411  0000141c          	_sem_signal:
  412  0000141c  44000452	trap	#0x452
  413  00001420  4be00000	jr	r31
  414  00001424  54000000	nop
  415  00001428          	.endproc _sem_signal
  417  00001428          	.proc _lock_create
  418  00001428          	.global _lock_create
  419  00001428          	_lock_create:
  420  00001428  44000453	trap	#0x453
  421  0000142c  4be00000	jr	r31
  422  00001430  54000000	nop
  423  00001434          	.endproc _lock_create
  425  00001434          	.proc _lock_acquire
  426  00001434          	.global _lock_acquire
  427  00001434          	_lock_acquire:
  428  00001434  44000454	trap	#0x454
  429  00001438  4be00000	jr	r31
  430  0000143c  54000000	nop
  431  00001440          	.endproc _lock_acquire
  433  00001440          	.proc _lock_release
  434  00001440          	.global _lock_release
  435  00001440          	_lock_release:
  436  00001440  44000455	trap	#0x455
  437  00001444  4be00000	jr	r31
  438  00001448  54000000	nop
  439  0000144c          	.endproc _lock_release
  441  0000144c          	.proc _cond_create
  442  0000144c          	.global _cond_create
  443  0000144c          	_cond_create:
  444  0000144c  44000456	trap	#0x456
  445  00001450  4be00000	jr	r31
  446  00001454  54000000	nop
  447  00001458          	.endproc _cond_create
  449  00001458          	.proc _cond_wait
  450  00001458          	.global _cond_wait
  451  00001458          	_cond_wait:
  452  00001458  44000457	trap	#0x457
  453  0000145c  4be00000	jr	r31
  454  00001460  54000000	nop
  455  00001464          	.endproc _cond_wait
  457  00001464          	.proc _cond_signal
  458  00001464          	.global _cond_signal
  459  00001464          	_cond_signal:
  460  00001464  44000458	trap	#0x458
  461  00001468  4be00000	jr	r31
  462  0000146c  54000000	nop
  463  00001470          	.endproc _cond_signal
  465  00001470          	.proc _cond_broadcast
  466  00001470          	.global _cond_broadcast
  467  00001470          	_cond_broadcast:
  468  00001470  44000459	trap	#0x459
  469  00001474  4be00000	jr	r31
  470  00001478  54000000	nop
  471  0000147c          	.endproc _cond_broadcast
  473  0000147c          	.proc _Exit
  474  0000147c          	.global _Exit
  475  0000147c          	_Exit:
  476  0000147c  44000500	trap	#0x500
  477  00001480  4be00000	jr	r31
  478  00001484  54000000	nop
  479  00001488          	.endproc _Exit
  480                      ; Compiled by GCC
  482  00001488          	.align 2
  483  00001488          	.proc _isspace
  484  00001488          	.global _isspace
  485  00001488          	_isspace:
  486                      ;  Function 'isspace'; 0 bytes of locals, 3 regs to save.
  487  00001488  afbefffc	sw	-4(r29),r30; push fp
  488  0000148c  001df020	add	r30,r0,r29; fp = sp
  489  00001490  afbffff8	sw	-8(r29),r31; push ret addr
  490  00001494  2fbd0018	subui	r29,r29,#24; alloc local storage
  491  00001498  afa20000	sw	0(r29),r2
  492  0000149c  afa30004	sw	4(r29),r3
  493  000014a0  afa40008	sw	8(r29),r4
  494  000014a4  83c20003	lb	r2,3(r30)
  495  000014a8  20010000	addi	r1,r0,#0
  496  000014ac  304300ff	andi	r3,r2,#0x00ff
  497  000014b0  60640020	seqi	r4,r3,#32
  498  000014b4  1480002c	bnez	r4,L3_LF2
  499  000014b8  54000000	nop; delay slot nop
  500  000014bc  304300ff	andi	r3,r2,#0x00ff
  501  000014c0  60640009	seqi	r4,r3,#9
  502  000014c4  1480001c	bnez	r4,L3_LF2
  503  000014c8  54000000	nop; delay slot nop
  504  000014cc  304300ff	andi	r3,r2,#0x00ff
  505  000014d0  6064000a	seqi	r4,r3,#10
  506  000014d4  1480000c	bnez	r4,L3_LF2
  507  000014d8  54000000	nop; delay slot nop
  508  000014dc  08000008	j	L2_LF2
  509  000014e0  54000000	nop; delay slot nop
  510  000014e4          	L3_LF2:
  511  000014e4  20010001	addi	r1,r0,#1
  512  000014e8          	L2_LF2:
  513  000014e8  08000004	j	L1_LF2
  514  000014ec  54000000	nop; delay slot nop
  515  000014f0          	L1_LF2:
  516  000014f0  8fa20000	lw	r2,0(r29)
  517  000014f4  8fa30004	lw	r3,4(r29)
  518  000014f8  8fa40008	lw	r4,8(r29)
  519  000014fc  8fdffff8	lw	r31,-8(r30)
  520  00001500  001ee820	add	r29,r0,r30
  521  00001504  8fdefffc	lw	r30,-4(r30)
  522  00001508  4be00000	jr	r31
  523  0000150c  54000000	nop
  524  00001510          	.endproc _isspace
  525  00001510          	.align 2
  526  00001510          	.proc _isxdigit
  527  00001510          	.global _isxdigit
  528  00001510          	_isxdigit:
  529                      ;  Function 'isxdigit'; 0 bytes of locals, 3 regs to save.
  530  00001510  afbefffc	sw	-4(r29),r30; push fp
  531  00001514  001df020	add	r30,r0,r29; fp = sp
  532  00001518  afbffff8	sw	-8(r29),r31; push ret addr
  533  0000151c  2fbd0018	subui	r29,r29,#24; alloc local storage
  534  00001520  afa20000	sw	0(r29),r2
  535  00001524  afa30004	sw	4(r29),r3
  536  00001528  afa40008	sw	8(r29),r4
  537  0000152c  83c20003	lb	r2,3(r30)
  538  00001530  20010000	addi	r1,r0,#0
  539  00001534  304300ff	andi	r3,r2,#0x00ff
  540  00001538  6c64002f	sgtui	r4,r3,#47
  541  0000153c  1080001c	beqz	r4,L7_LF2
  542  00001540  54000000	nop; delay slot nop
  543  00001544  304300ff	andi	r3,r2,#0x00ff
  544  00001548  70640039	sleui	r4,r3,#57
  545  0000154c  1480005c	bnez	r4,L6_LF2
  546  00001550  54000000	nop; delay slot nop
  547  00001554  08000004	j	L7_LF2
  548  00001558  54000000	nop; delay slot nop
  549  0000155c          	L7_LF2:
  550  0000155c  304300ff	andi	r3,r2,#0x00ff
  551  00001560  6c640060	sgtui	r4,r3,#96
  552  00001564  1080001c	beqz	r4,L8_LF2
  553  00001568  54000000	nop; delay slot nop
  554  0000156c  304300ff	andi	r3,r2,#0x00ff
  555  00001570  70640066	sleui	r4,r3,#102
  556  00001574  14800034	bnez	r4,L6_LF2
  557  00001578  54000000	nop; delay slot nop
  558  0000157c  08000004	j	L8_LF2
  559  00001580  54000000	nop; delay slot nop
  560  00001584          	L8_LF2:
  561  00001584  304300ff	andi	r3,r2,#0x00ff
  562  00001588  6c640040	sgtui	r4,r3,#64
  563  0000158c  10800020	beqz	r4,L5_LF2
  564  00001590  54000000	nop; delay slot nop
  565  00001594  304300ff	andi	r3,r2,#0x00ff
  566  00001598  70640041	sleui	r4,r3,#65
  567  0000159c  1480000c	bnez	r4,L6_LF2
  568  000015a0  54000000	nop; delay slot nop
  569  000015a4  08000008	j	L5_LF2
  570  000015a8  54000000	nop; delay slot nop
  571  000015ac          	L6_LF2:
  572  000015ac  20010001	addi	r1,r0,#1
  573  000015b0          	L5_LF2:
  574  000015b0  08000004	j	L4_LF2
  575  000015b4  54000000	nop; delay slot nop
  576  000015b8          	L4_LF2:
  577  000015b8  8fa20000	lw	r2,0(r29)
  578  000015bc  8fa30004	lw	r3,4(r29)
  579  000015c0  8fa40008	lw	r4,8(r29)
  580  000015c4  8fdffff8	lw	r31,-8(r30)
  581  000015c8  001ee820	add	r29,r0,r30
  582  000015cc  8fdefffc	lw	r30,-4(r30)
  583  000015d0  4be00000	jr	r31
  584  000015d4  54000000	nop
  585  000015d8          	.endproc _isxdigit
  586  000015d8          	.align 2
  587  000015d8          	.proc _dstrcpy
  588  000015d8          	.global _dstrcpy
  589  000015d8          	_dstrcpy:
  590                      ;  Function 'dstrcpy'; 8 bytes of locals, 2 regs to save.
  591  000015d8  afbefffc	sw	-4(r29),r30; push fp
  592  000015dc  001df020	add	r30,r0,r29; fp = sp
  593  000015e0  afbffff8	sw	-8(r29),r31; push ret addr
  594  000015e4  2fbd0018	subui	r29,r29,#24; alloc local storage
  595  000015e8  afa20000	sw	0(r29),r2
  596  000015ec  afa30004	sw	4(r29),r3
  597  000015f0  8fc10000	lw	r1,(r30)
  598  000015f4  afc1fff4	sw	-12(r30),r1
  599  000015f8          	L10_LF2:
  600  000015f8  8fc10000	lw	r1,(r30)
  601  000015fc  20220001	addi	r2,r1,#1
  602  00001600  afc20000	sw	(r30),r2
  603  00001604  8fc20004	lw	r2,4(r30)
  604  00001608  20430001	addi	r3,r2,#1
  605  0000160c  afc30004	sw	4(r30),r3
  606  00001610  80420000	lb	r2,(r2)
  607  00001614  a0220000	sb	(r1),r2
  608  00001618  a3c2fff3	sb	-13(r30),r2
  609  0000161c          	L12_LF2:
  610  0000161c  93c1fff3	lbu	r1,-13(r30)
  611  00001620  64220000	snei	r2,r1,#0
  612  00001624  1440000c	bnez	r2,L13_LF2
  613  00001628  54000000	nop; delay slot nop
  614  0000162c  0800000c	j	L11_LF2
  615  00001630  54000000	nop; delay slot nop
  616  00001634          	L13_LF2:
  617  00001634  0bffffc0	j	L10_LF2
  618  00001638  54000000	nop; delay slot nop
  619  0000163c          	L11_LF2:
  620  0000163c  8fc1fff4	lw	r1,-12(r30)
  621  00001640  08000004	j	L9_LF2
  622  00001644  54000000	nop; delay slot nop
  623  00001648          	L9_LF2:
  624  00001648  8fa20000	lw	r2,0(r29)
  625  0000164c  8fa30004	lw	r3,4(r29)
  626  00001650  8fdffff8	lw	r31,-8(r30)
  627  00001654  001ee820	add	r29,r0,r30
  628  00001658  8fdefffc	lw	r30,-4(r30)
  629  0000165c  4be00000	jr	r31
  630  00001660  54000000	nop
  631  00001664          	.endproc _dstrcpy
  632  00001664          	.align 2
  633  00001664          	.proc _dstrncpy
  634  00001664          	.global _dstrncpy
  635  00001664          	_dstrncpy:
  636                      ;  Function 'dstrncpy'; 8 bytes of locals, 2 regs to save.
  637  00001664  afbefffc	sw	-4(r29),r30; push fp
  638  00001668  001df020	add	r30,r0,r29; fp = sp
  639  0000166c  afbffff8	sw	-8(r29),r31; push ret addr
  640  00001670  2fbd0018	subui	r29,r29,#24; alloc local storage
  641  00001674  afa20000	sw	0(r29),r2
  642  00001678  afa30004	sw	4(r29),r3
  643  0000167c  8fc10000	lw	r1,(r30)
  644  00001680  afc1fff4	sw	-12(r30),r1
  645  00001684          	L15_LF2:
  646  00001684  8fc10008	lw	r1,8(r30)
  647  00001688  2022ffff	addi	r2,r1,#-1
  648  0000168c  afc20008	sw	8(r30),r2
  649  00001690  70210000	slei	r1,r1,#0
  650  00001694  1020000c	beqz	r1,L18_LF2
  651  00001698  54000000	nop; delay slot nop
  652  0000169c  08000048	j	L16_LF2
  653  000016a0  54000000	nop; delay slot nop
  654  000016a4          	L18_LF2:
  655  000016a4  8fc10000	lw	r1,(r30)
  656  000016a8  20220001	addi	r2,r1,#1
  657  000016ac  afc20000	sw	(r30),r2
  658  000016b0  8fc20004	lw	r2,4(r30)
  659  000016b4  20430001	addi	r3,r2,#1
  660  000016b8  afc30004	sw	4(r30),r3
  661  000016bc  80420000	lb	r2,(r2)
  662  000016c0  a0220000	sb	(r1),r2
  663  000016c4  a3c2fff3	sb	-13(r30),r2
  664  000016c8          	L17_LF2:
  665  000016c8  93c1fff3	lbu	r1,-13(r30)
  666  000016cc  64220000	snei	r2,r1,#0
  667  000016d0  1440000c	bnez	r2,L19_LF2
  668  000016d4  54000000	nop; delay slot nop
  669  000016d8  0800000c	j	L16_LF2
  670  000016dc  54000000	nop; delay slot nop
  671  000016e0          	L19_LF2:
  672  000016e0  0bffffa0	j	L15_LF2
  673  000016e4  54000000	nop; delay slot nop
  674  000016e8          	L16_LF2:
  675  000016e8  8fc1fff4	lw	r1,-12(r30)
  676  000016ec  08000004	j	L14_LF2
  677  000016f0  54000000	nop; delay slot nop
  678  000016f4          	L14_LF2:
  679  000016f4  8fa20000	lw	r2,0(r29)
  680  000016f8  8fa30004	lw	r3,4(r29)
  681  000016fc  8fdffff8	lw	r31,-8(r30)
  682  00001700  001ee820	add	r29,r0,r30
  683  00001704  8fdefffc	lw	r30,-4(r30)
  684  00001708  4be00000	jr	r31
  685  0000170c  54000000	nop
  686  00001710          	.endproc _dstrncpy
  687  00001710          	.align 2
  688  00001710          	.proc _dstrcat
  689  00001710          	.global _dstrcat
  690  00001710          	_dstrcat:
  691                      ;  Function 'dstrcat'; 8 bytes of locals, 1 regs to save.
  692  00001710  afbefffc	sw	-4(r29),r30; push fp
  693  00001714  001df020	add	r30,r0,r29; fp = sp
  694  00001718  afbffff8	sw	-8(r29),r31; push ret addr
  695  0000171c  2fbd0018	subui	r29,r29,#24; alloc local storage
  696  00001720  afa20000	sw	0(r29),r2
  697  00001724  8fc10000	lw	r1,(r30)
  698  00001728  afc1fff4	sw	-12(r30),r1
  699  0000172c          	L21_LF2:
  700  0000172c  8fc10000	lw	r1,(r30)
  701  00001730  90220000	lbu	r2,(r1)
  702  00001734  64410000	snei	r1,r2,#0
  703  00001738  1420000c	bnez	r1,L23_LF2
  704  0000173c  54000000	nop; delay slot nop
  705  00001740  0800001c	j	L22_LF2
  706  00001744  54000000	nop; delay slot nop
  707  00001748          	L23_LF2:
  708  00001748  8fc20000	lw	r2,(r30)
  709  0000174c  20410001	addi	r1,r2,#1
  710  00001750  00011020	add	r2,r0,r1
  711  00001754  afc20000	sw	(r30),r2
  712  00001758  0bffffd0	j	L21_LF2
  713  0000175c  54000000	nop; delay slot nop
  714  00001760          	L22_LF2:
  715  00001760  23bdfff8	addi	r29,r29,#-8
  716  00001764  001d0820	add	r1,r0,r29
  717  00001768  8fc20000	lw	r2,(r30)
  718  0000176c  ac220000	sw	(r1),r2
  719  00001770  8fc20004	lw	r2,4(r30)
  720  00001774  ac220004	sw	4(r1),r2
  721  00001778  0ffffe5c	jal	_dstrcpy
  722  0000177c  54000000	nop; delay slot nop
  723  00001780  23bd0008	addi	r29,r29,#8
  724  00001784  8fc1fff4	lw	r1,-12(r30)
  725  00001788  08000004	j	L20_LF2
  726  0000178c  54000000	nop; delay slot nop
  727  00001790          	L20_LF2:
  728  00001790  8fa20000	lw	r2,0(r29)
  729  00001794  8fdffff8	lw	r31,-8(r30)
  730  00001798  001ee820	add	r29,r0,r30
  731  0000179c  8fdefffc	lw	r30,-4(r30)
  732  000017a0  4be00000	jr	r31
  733  000017a4  54000000	nop
  734  000017a8          	.endproc _dstrcat
  735  000017a8          	.align 2
  736  000017a8          	.proc _dstrncmp
  737  000017a8          	.global _dstrncmp
  738  000017a8          	_dstrncmp:
  739                      ;  Function 'dstrncmp'; 8 bytes of locals, 2 regs to save.
  740  000017a8  afbefffc	sw	-4(r29),r30; push fp
  741  000017ac  001df020	add	r30,r0,r29; fp = sp
  742  000017b0  afbffff8	sw	-8(r29),r31; push ret addr
  743  000017b4  2fbd0018	subui	r29,r29,#24; alloc local storage
  744  000017b8  afa20000	sw	0(r29),r2
  745  000017bc  afa30004	sw	4(r29),r3
  746  000017c0  54000000	nop
  747  000017c4  20010000	addi	r1,r0,#0
  748  000017c8  afc1fff4	sw	-12(r30),r1
  749  000017cc          	L25_LF2:
  750  000017cc  8fc1fff4	lw	r1,-12(r30)
  751  000017d0  8fc20008	lw	r2,8(r30)
  752  000017d4  0022082a	slt	r1,r1,r2
  753  000017d8  1420000c	bnez	r1,L28_LF2
  754  000017dc  54000000	nop; delay slot nop
  755  000017e0  08000088	j	L26_LF2
  756  000017e4  54000000	nop; delay slot nop
  757  000017e8          	L28_LF2:
  758  000017e8  8fc10004	lw	r1,4(r30)
  759  000017ec  90220000	lbu	r2,(r1)
  760  000017f0  64410000	snei	r1,r2,#0
  761  000017f4  14200018	bnez	r1,L29_LF2
  762  000017f8  54000000	nop; delay slot nop
  763  000017fc  20010000	addi	r1,r0,#0
  764  00001800  080000d8	j	L24_LF2
  765  00001804  54000000	nop; delay slot nop
  766  00001808  08000028	j	L30_LF2
  767  0000180c  54000000	nop; delay slot nop
  768  00001810          	L29_LF2:
  769  00001810  8fc10000	lw	r1,(r30)
  770  00001814  8fc20004	lw	r2,4(r30)
  771  00001818  90210000	lbu	r1,(r1)
  772  0000181c  90420000	lbu	r2,(r2)
  773  00001820  00220829	sne	r1,r1,r2
  774  00001824  1020000c	beqz	r1,L30_LF2
  775  00001828  54000000	nop; delay slot nop
  776  0000182c  0800003c	j	L26_LF2
  777  00001830  54000000	nop; delay slot nop
  778  00001834          	L31_LF2:
  779  00001834          	L30_LF2:
  780  00001834  8fc20000	lw	r2,(r30)
  781  00001838  20410001	addi	r1,r2,#1
  782  0000183c  00011020	add	r2,r0,r1
  783  00001840  afc20000	sw	(r30),r2
  784  00001844  8fc20004	lw	r2,4(r30)
  785  00001848  20410001	addi	r1,r2,#1
  786  0000184c  00011020	add	r2,r0,r1
  787  00001850  afc20004	sw	4(r30),r2
  788  00001854          	L27_LF2:
  789  00001854  8fc2fff4	lw	r2,-12(r30)
  790  00001858  20410001	addi	r1,r2,#1
  791  0000185c  00011020	add	r2,r0,r1
  792  00001860  afc2fff4	sw	-12(r30),r2
  793  00001864  0bffff64	j	L25_LF2
  794  00001868  54000000	nop; delay slot nop
  795  0000186c          	L26_LF2:
  796  0000186c  8fc1fff4	lw	r1,-12(r30)
  797  00001870  8fc20008	lw	r2,8(r30)
  798  00001874  00220828	seq	r1,r1,r2
  799  00001878  10200018	beqz	r1,L32_LF2
  800  0000187c  54000000	nop; delay slot nop
  801  00001880  20010000	addi	r1,r0,#0
  802  00001884  08000054	j	L24_LF2
  803  00001888  54000000	nop; delay slot nop
  804  0000188c  0800004c	j	L33_LF2
  805  00001890  54000000	nop; delay slot nop
  806  00001894          	L32_LF2:
  807  00001894  8fc20000	lw	r2,(r30)
  808  00001898  90410000	lbu	r1,(r2)
  809  0000189c  8fc20004	lw	r2,4(r30)
  810  000018a0  90430000	lbu	r3,(r2)
  811  000018a4  00230822	sub	r1,r1,r3
  812  000018a8  74220000	sgei	r2,r1,#0
  813  000018ac  10400020	beqz	r2,L34_LF2
  814  000018b0  54000000	nop; delay slot nop
  815  000018b4  8fc10000	lw	r1,(r30)
  816  000018b8  8fc20004	lw	r2,4(r30)
  817  000018bc  90210000	lbu	r1,(r1)
  818  000018c0  90420000	lbu	r2,(r2)
  819  000018c4  00220829	sne	r1,r1,r2
  820  000018c8  08000008	j	L35_LF2
  821  000018cc  54000000	nop; delay slot nop
  822  000018d0          	L34_LF2:
  823  000018d0  2001ffff	addi	r1,r0,#-1
  824  000018d4          	L35_LF2:
  825  000018d4  08000004	j	L24_LF2
  826  000018d8  54000000	nop; delay slot nop
  827  000018dc          	L33_LF2:
  828  000018dc          	L24_LF2:
  829  000018dc  8fa20000	lw	r2,0(r29)
  830  000018e0  8fa30004	lw	r3,4(r29)
  831  000018e4  8fdffff8	lw	r31,-8(r30)
  832  000018e8  001ee820	add	r29,r0,r30
  833  000018ec  8fdefffc	lw	r30,-4(r30)
  834  000018f0  4be00000	jr	r31
  835  000018f4  54000000	nop
  836  000018f8          	.endproc _dstrncmp
  837  000018f8          	.align 2
  838  000018f8          	.proc _dstrlen
  839  000018f8          	.global _dstrlen
  840  000018f8          	_dstrlen:
  841                      ;  Function 'dstrlen'; 8 bytes of locals, 1 regs to save.
  842  000018f8  afbefffc	sw	-4(r29),r30; push fp
  843  000018fc  001df020	add	r30,r0,r29; fp = sp
  844  00001900  afbffff8	sw	-8(r29),r31; push ret addr
  845  00001904  2fbd0018	subui	r29,r29,#24; alloc local storage
  846  00001908  afa20000	sw	0(r29),r2
  847  0000190c  20010000	addi	r1,r0,#0
  848  00001910  afc1fff4	sw	-12(r30),r1
  849  00001914          	L37_LF2:
  850  00001914  8fc10000	lw	r1,(r30)
  851  00001918  20220001	addi	r2,r1,#1
  852  0000191c  afc20000	sw	(r30),r2
  853  00001920  90210000	lbu	r1,(r1)
  854  00001924  64220000	snei	r2,r1,#0
  855  00001928  1440000c	bnez	r2,L39_LF2
  856  0000192c  54000000	nop; delay slot nop
  857  00001930  0800001c	j	L38_LF2
  858  00001934  54000000	nop; delay slot nop
  859  00001938          	L39_LF2:
  860  00001938  8fc2fff4	lw	r2,-12(r30)
  861  0000193c  20410001	addi	r1,r2,#1
  862  00001940  00011020	add	r2,r0,r1
  863  00001944  afc2fff4	sw	-12(r30),r2
  864  00001948  0bffffc8	j	L37_LF2
  865  0000194c  54000000	nop; delay slot nop
  866  00001950          	L38_LF2:
  867  00001950  8fc1fff4	lw	r1,-12(r30)
  868  00001954  08000004	j	L36_LF2
  869  00001958  54000000	nop; delay slot nop
  870  0000195c          	L36_LF2:
  871  0000195c  8fa20000	lw	r2,0(r29)
  872  00001960  8fdffff8	lw	r31,-8(r30)
  873  00001964  001ee820	add	r29,r0,r30
  874  00001968  8fdefffc	lw	r30,-4(r30)
  875  0000196c  4be00000	jr	r31
  876  00001970  54000000	nop
  877  00001974          	.endproc _dstrlen
  878  00001974          	.align 2
  879  00001974          	.proc _dstrstr
  880  00001974          	.global _dstrstr
  881  00001974          	_dstrstr:
  882                      ;  Function 'dstrstr'; 8 bytes of locals, 1 regs to save.
  883  00001974  afbefffc	sw	-4(r29),r30; push fp
  884  00001978  001df020	add	r30,r0,r29; fp = sp
  885  0000197c  afbffff8	sw	-8(r29),r31; push ret addr
  886  00001980  2fbd0018	subui	r29,r29,#24; alloc local storage
  887  00001984  afa20000	sw	0(r29),r2
  888  00001988  23bdfff8	addi	r29,r29,#-8
  889  0000198c  001d0820	add	r1,r0,r29
  890  00001990  8fc20004	lw	r2,4(r30)
  891  00001994  ac220000	sw	(r1),r2
  892  00001998  0fffff5c	jal	_dstrlen
  893  0000199c  54000000	nop; delay slot nop
  894  000019a0  23bd0008	addi	r29,r29,#8
  895  000019a4  afc1fff4	sw	-12(r30),r1
  896  000019a8          	L41_LF2:
  897  000019a8  8fc10000	lw	r1,(r30)
  898  000019ac  90220000	lbu	r2,(r1)
  899  000019b0  64410000	snei	r1,r2,#0
  900  000019b4  1420000c	bnez	r1,L43_LF2
  901  000019b8  54000000	nop; delay slot nop
  902  000019bc  08000060	j	L42_LF2
  903  000019c0  54000000	nop; delay slot nop
  904  000019c4          	L43_LF2:
  905  000019c4  23bdfff0	addi	r29,r29,#-16
  906  000019c8  001d0820	add	r1,r0,r29
  907  000019cc  8fc20000	lw	r2,(r30)
  908  000019d0  ac220000	sw	(r1),r2
  909  000019d4  8fc20004	lw	r2,4(r30)
  910  000019d8  ac220004	sw	4(r1),r2
  911  000019dc  8fc2fff4	lw	r2,-12(r30)
  912  000019e0  ac220008	sw	8(r1),r2
  913  000019e4  0ffffdc0	jal	_dstrncmp
  914  000019e8  54000000	nop; delay slot nop
  915  000019ec  23bd0010	addi	r29,r29,#16
  916  000019f0  64220000	snei	r2,r1,#0
  917  000019f4  14400010	bnez	r2,L44_LF2
  918  000019f8  54000000	nop; delay slot nop
  919  000019fc  8fc10000	lw	r1,(r30)
  920  00001a00  08000028	j	L40_LF2
  921  00001a04  54000000	nop; delay slot nop
  922  00001a08          	L44_LF2:
  923  00001a08  8fc20000	lw	r2,(r30)
  924  00001a0c  20410001	addi	r1,r2,#1
  925  00001a10  00011020	add	r2,r0,r1
  926  00001a14  afc20000	sw	(r30),r2
  927  00001a18  0bffff8c	j	L41_LF2
  928  00001a1c  54000000	nop; delay slot nop
  929  00001a20          	L42_LF2:
  930  00001a20  20010000	addi	r1,r0,#0
  931  00001a24  08000004	j	L40_LF2
  932  00001a28  54000000	nop; delay slot nop
  933  00001a2c          	L40_LF2:
  934  00001a2c  8fa20000	lw	r2,0(r29)
  935  00001a30  8fdffff8	lw	r31,-8(r30)
  936  00001a34  001ee820	add	r29,r0,r30
  937  00001a38  8fdefffc	lw	r30,-4(r30)
  938  00001a3c  4be00000	jr	r31
  939  00001a40  54000000	nop
  940  00001a44          	.endproc _dstrstr
  941  00001a44          	.align 2
  942  00001a44          	.proc _dmindex
  943  00001a44          	.global _dmindex
  944  00001a44          	_dmindex:
  945                      ;  Function 'dmindex'; 8 bytes of locals, 1 regs to save.
  946  00001a44  afbefffc	sw	-4(r29),r30; push fp
  947  00001a48  001df020	add	r30,r0,r29; fp = sp
  948  00001a4c  afbffff8	sw	-8(r29),r31; push ret addr
  949  00001a50  2fbd0018	subui	r29,r29,#24; alloc local storage
  950  00001a54  afa20000	sw	0(r29),r2
  951  00001a58  54000000	nop
  952  00001a5c          	L46_LF2:
  953  00001a5c  8fc10000	lw	r1,(r30)
  954  00001a60  90220000	lbu	r2,(r1)
  955  00001a64  64410000	snei	r1,r2,#0
  956  00001a68  1420000c	bnez	r1,L48_LF2
  957  00001a6c  54000000	nop; delay slot nop
  958  00001a70  08000070	j	L47_LF2
  959  00001a74  54000000	nop; delay slot nop
  960  00001a78          	L48_LF2:
  961  00001a78  8fc10004	lw	r1,4(r30)
  962  00001a7c  afc1fff4	sw	-12(r30),r1
  963  00001a80          	L49_LF2:
  964  00001a80  8fc1fff4	lw	r1,-12(r30)
  965  00001a84  90220000	lbu	r2,(r1)
  966  00001a88  64410000	snei	r1,r2,#0
  967  00001a8c  1420000c	bnez	r1,L52_LF2
  968  00001a90  54000000	nop; delay slot nop
  969  00001a94  08000044	j	L50_LF2
  970  00001a98  54000000	nop; delay slot nop
  971  00001a9c          	L52_LF2:
  972  00001a9c  8fc10000	lw	r1,(r30)
  973  00001aa0  8fc2fff4	lw	r2,-12(r30)
  974  00001aa4  90210000	lbu	r1,(r1)
  975  00001aa8  90420000	lbu	r2,(r2)
  976  00001aac  00220828	seq	r1,r1,r2
  977  00001ab0  10200010	beqz	r1,L51_LF2
  978  00001ab4  54000000	nop; delay slot nop
  979  00001ab8  8fc10000	lw	r1,(r30)
  980  00001abc  08000030	j	L45_LF2
  981  00001ac0  54000000	nop; delay slot nop
  982  00001ac4          	L53_LF2:
  983  00001ac4          	L51_LF2:
  984  00001ac4  8fc2fff4	lw	r2,-12(r30)
  985  00001ac8  20410001	addi	r1,r2,#1
  986  00001acc  00011020	add	r2,r0,r1
  987  00001ad0  afc2fff4	sw	-12(r30),r2
  988  00001ad4  0bffffa8	j	L49_LF2
  989  00001ad8  54000000	nop; delay slot nop
  990  00001adc          	L50_LF2:
  991  00001adc  0bffff7c	j	L46_LF2
  992  00001ae0  54000000	nop; delay slot nop
  993  00001ae4          	L47_LF2:
  994  00001ae4  20010000	addi	r1,r0,#0
  995  00001ae8  08000004	j	L45_LF2
  996  00001aec  54000000	nop; delay slot nop
  997  00001af0          	L45_LF2:
  998  00001af0  8fa20000	lw	r2,0(r29)
  999  00001af4  8fdffff8	lw	r31,-8(r30)
 1000  00001af8  001ee820	add	r29,r0,r30
 1001  00001afc  8fdefffc	lw	r30,-4(r30)
 1002  00001b00  4be00000	jr	r31
 1003  00001b04  54000000	nop
 1004  00001b08          	.endproc _dmindex
 1005  00001b08          	.align 2
 1006  00001b08          	.proc _dindex
 1007  00001b08          	.global _dindex
 1008  00001b08          	_dindex:
 1009                      ;  Function 'dindex'; 0 bytes of locals, 1 regs to save.
 1010  00001b08  afbefffc	sw	-4(r29),r30; push fp
 1011  00001b0c  001df020	add	r30,r0,r29; fp = sp
 1012  00001b10  afbffff8	sw	-8(r29),r31; push ret addr
 1013  00001b14  2fbd0010	subui	r29,r29,#16; alloc local storage
 1014  00001b18  afa20000	sw	0(r29),r2
 1015  00001b1c  54000000	nop
 1016  00001b20          	L55_LF2:
 1017  00001b20  8fc10000	lw	r1,(r30)
 1018  00001b24  90220000	lbu	r2,(r1)
 1019  00001b28  64410000	snei	r1,r2,#0
 1020  00001b2c  1420000c	bnez	r1,L57_LF2
 1021  00001b30  54000000	nop; delay slot nop
 1022  00001b34  08000040	j	L56_LF2
 1023  00001b38  54000000	nop; delay slot nop
 1024  00001b3c          	L57_LF2:
 1025  00001b3c  8fc10000	lw	r1,(r30)
 1026  00001b40  90220000	lbu	r2,(r1)
 1027  00001b44  8fc10004	lw	r1,4(r30)
 1028  00001b48  00411028	seq	r2,r2,r1
 1029  00001b4c  10400010	beqz	r2,L58_LF2
 1030  00001b50  54000000	nop; delay slot nop
 1031  00001b54  8fc10000	lw	r1,(r30)
 1032  00001b58  08000028	j	L54_LF2
 1033  00001b5c  54000000	nop; delay slot nop
 1034  00001b60          	L58_LF2:
 1035  00001b60  8fc20000	lw	r2,(r30)
 1036  00001b64  20410001	addi	r1,r2,#1
 1037  00001b68  00011020	add	r2,r0,r1
 1038  00001b6c  afc20000	sw	(r30),r2
 1039  00001b70  0bffffac	j	L55_LF2
 1040  00001b74  54000000	nop; delay slot nop
 1041  00001b78          	L56_LF2:
 1042  00001b78  20010000	addi	r1,r0,#0
 1043  00001b7c  08000004	j	L54_LF2
 1044  00001b80  54000000	nop; delay slot nop
 1045  00001b84          	L54_LF2:
 1046  00001b84  8fa20000	lw	r2,0(r29)
 1047  00001b88  8fdffff8	lw	r31,-8(r30)
 1048  00001b8c  001ee820	add	r29,r0,r30
 1049  00001b90  8fdefffc	lw	r30,-4(r30)
 1050  00001b94  4be00000	jr	r31
 1051  00001b98  54000000	nop
 1052  00001b9c          	.endproc _dindex
 1053  00001b9c          	.align 2
 1054  00001b9c          	.proc _ditoa
 1055  00001b9c          	.global _ditoa
 1056  00001b9c          	_ditoa:
 1057                      ;  Function 'ditoa'; 8 bytes of locals, 2 regs to save.
 1058  00001b9c  afbefffc	sw	-4(r29),r30; push fp
 1059  00001ba0  001df020	add	r30,r0,r29; fp = sp
 1060  00001ba4  afbffff8	sw	-8(r29),r31; push ret addr
 1061  00001ba8  2fbd0018	subui	r29,r29,#24; alloc local storage
 1062  00001bac  afa20000	sw	0(r29),r2
 1063  00001bb0  afa30004	sw	4(r29),r3
 1064  00001bb4  8fc10000	lw	r1,(r30)
 1065  00001bb8  68220000	slti	r2,r1,#0
 1066  00001bbc  1040002c	beqz	r2,L60_LF2
 1067  00001bc0  54000000	nop; delay slot nop
 1068  00001bc4  8fc10004	lw	r1,4(r30)
 1069  00001bc8  20220001	addi	r2,r1,#1
 1070  00001bcc  afc20004	sw	4(r30),r2
 1071  00001bd0  2002002d	addi	r2,r0,(#0x2d)&0xff
 1072  00001bd4  a0220000	sb	(r1),r2
 1073  00001bd8  8fc10000	lw	r1,(r30)
 1074  00001bdc  00011022	sub	r2,r0,r1
 1075  00001be0  afc20000	sw	(r30),r2
 1076  00001be4  08000118	j	L61_LF2
 1077  00001be8  54000000	nop; delay slot nop
 1078  00001bec          	L60_LF2:
 1079  00001bec  8fc10000	lw	r1,(r30)
 1080  00001bf0  64220000	snei	r2,r1,#0
 1081  00001bf4  14400020	bnez	r2,L62_LF2
 1082  00001bf8  54000000	nop; delay slot nop
 1083  00001bfc  8fc10004	lw	r1,4(r30)
 1084  00001c00  20220001	addi	r2,r1,#1
 1085  00001c04  afc20004	sw	4(r30),r2
 1086  00001c08  20020030	addi	r2,r0,(#0x30)&0xff
 1087  00001c0c  a0220000	sb	(r1),r2
 1088  00001c10  080000ec	j	L61_LF2
 1089  00001c14  54000000	nop; delay slot nop
 1090  00001c18          	L62_LF2:
 1091  00001c18  20010001	addi	r1,r0,#1
 1092  00001c1c  afc1fff4	sw	-12(r30),r1
 1093  00001c20          	L64_LF2:
 1094  00001c20  8fc1fff4	lw	r1,-12(r30)
 1095  00001c24  8fc20000	lw	r2,(r30)
 1096  00001c28  0022082c	sle	r1,r1,r2
 1097  00001c2c  1420000c	bnez	r1,L66_LF2
 1098  00001c30  54000000	nop; delay slot nop
 1099  00001c34  08000024	j	L65_LF2
 1100  00001c38  54000000	nop; delay slot nop
 1101  00001c3c          	L67_LF2:
 1102  00001c3c          	L66_LF2:
 1103  00001c3c  8fc1fff4	lw	r1,-12(r30)
 1104  00001c40  00011820	add	r3,r0,r1
 1105  00001c44  50620002	slli	r2,r3,#0x2
 1106  00001c48  00411020	add	r2,r2,r1
 1107  00001c4c  50410001	slli	r1,r2,#0x1
 1108  00001c50  afc1fff4	sw	-12(r30),r1
 1109  00001c54  0bffffc8	j	L64_LF2
 1110  00001c58  54000000	nop; delay slot nop
 1111  00001c5c          	L65_LF2:
 1112  00001c5c  54000000	nop
 1113  00001c60          	L68_LF2:
 1114  00001c60  8fc1fff4	lw	r1,-12(r30)
 1115  00001c64  2002000a	addi	r2,r0,#10
 1116  00001c68  00200035	movi2fp	f0,r1
 1117  00001c6c  00400835	movi2fp	f1,r2
 1118  00001c70  0401000f	div	f0,f0,f1
 1119  00001c74  00000834	movfp2i	r1,f0
 1120  00001c78  afc1fff4	sw	-12(r30),r1
 1121  00001c7c  8fc10004	lw	r1,4(r30)
 1122  00001c80  20220001	addi	r2,r1,#1
 1123  00001c84  afc20004	sw	4(r30),r2
 1124  00001c88  8fc20000	lw	r2,(r30)
 1125  00001c8c  8fc3fff4	lw	r3,-12(r30)
 1126  00001c90  00400035	movi2fp	f0,r2
 1127  00001c94  00600835	movi2fp	f1,r3
 1128  00001c98  0401000f	div	f0,f0,f1
 1129  00001c9c  00001034	movfp2i	r2,f0
 1130  00001ca0  00021820	add	r3,r0,r2
 1131  00001ca4  20620030	addi	r2,r3,#48
 1132  00001ca8  a0220000	sb	(r1),r2
 1133  00001cac  8fc10000	lw	r1,(r30)
 1134  00001cb0  8fc3fff4	lw	r3,-12(r30)
 1135  00001cb4  00200035	movi2fp	f0,r1
 1136  00001cb8  00600835	movi2fp	f1,r3
 1137  00001cbc  0401000f	div	f0,f0,f1
 1138  00001cc0  00001034	movfp2i	r2,f0
 1139  00001cc4  8fc3fff4	lw	r3,-12(r30)
 1140  00001cc8  00400035	movi2fp	f0,r2
 1141  00001ccc  00600835	movi2fp	f1,r3
 1142  00001cd0  0401000e	mult	f0,f0,f1
 1143  00001cd4  00001034	movfp2i	r2,f0
 1144  00001cd8  00220822	sub	r1,r1,r2
 1145  00001cdc  afc10000	sw	(r30),r1
 1146  00001ce0          	L70_LF2:
 1147  00001ce0  8fc1fff4	lw	r1,-12(r30)
 1148  00001ce4  6c220001	sgti	r2,r1,#1
 1149  00001ce8  1440000c	bnez	r2,L71_LF2
 1150  00001cec  54000000	nop; delay slot nop
 1151  00001cf0  0800000c	j	L61_LF2
 1152  00001cf4  54000000	nop; delay slot nop
 1153  00001cf8          	L71_LF2:
 1154  00001cf8  0bffff64	j	L68_LF2
 1155  00001cfc  54000000	nop; delay slot nop
 1156  00001d00          	L69_LF2:
 1157  00001d00          	L63_LF2:
 1158  00001d00          	L61_LF2:
 1159  00001d00  8fc10004	lw	r1,4(r30)
 1160  00001d04  20020000	addi	r2,r0,(#0x0)&0xff
 1161  00001d08  a0220000	sb	(r1),r2
 1162  00001d0c          	L59_LF2:
 1163  00001d0c  8fa20000	lw	r2,0(r29)
 1164  00001d10  8fa30004	lw	r3,4(r29)
 1165  00001d14  8fdffff8	lw	r31,-8(r30)
 1166  00001d18  001ee820	add	r29,r0,r30
 1167  00001d1c  8fdefffc	lw	r30,-4(r30)
 1168  00001d20  4be00000	jr	r31
 1169  00001d24  54000000	nop
 1170  00001d28          	.endproc _ditoa
 1171  00001d28          	.align 2
 1172  00001d28          	.proc _dstrtol
 1173  00001d28          	.global _dstrtol
 1174  00001d28          	_dstrtol:
 1175                      ;  Function 'dstrtol'; 16 bytes of locals, 1 regs to save.
 1176  00001d28  afbefffc	sw	-4(r29),r30; push fp
 1177  00001d2c  001df020	add	r30,r0,r29; fp = sp
 1178  00001d30  afbffff8	sw	-8(r29),r31; push ret addr
 1179  00001d34  2fbd0020	subui	r29,r29,#32; alloc local storage
 1180  00001d38  afa20000	sw	0(r29),r2
 1181  00001d3c  20010000	addi	r1,r0,#0
 1182  00001d40  afc1fff4	sw	-12(r30),r1
 1183  00001d44          	L73_LF2:
 1184  00001d44  8fc10000	lw	r1,(r30)
 1185  00001d48  90220000	lbu	r2,(r1)
 1186  00001d4c  60410020	seqi	r1,r2,#32
 1187  00001d50  14200034	bnez	r1,L75_LF2
 1188  00001d54  54000000	nop; delay slot nop
 1189  00001d58  8fc10000	lw	r1,(r30)
 1190  00001d5c  90220000	lbu	r2,(r1)
 1191  00001d60  60410009	seqi	r1,r2,#9
 1192  00001d64  14200020	bnez	r1,L75_LF2
 1193  00001d68  54000000	nop; delay slot nop
 1194  00001d6c  8fc10000	lw	r1,(r30)
 1195  00001d70  90220000	lbu	r2,(r1)
 1196  00001d74  6041000a	seqi	r1,r2,#10
 1197  00001d78  1420000c	bnez	r1,L75_LF2
 1198  00001d7c  54000000	nop; delay slot nop
 1199  00001d80  0800001c	j	L74_LF2
 1200  00001d84  54000000	nop; delay slot nop
 1201  00001d88          	L75_LF2:
 1202  00001d88  8fc20000	lw	r2,(r30)
 1203  00001d8c  20410001	addi	r1,r2,#1
 1204  00001d90  00011020	add	r2,r0,r1
 1205  00001d94  afc20000	sw	(r30),r2
 1206  00001d98  0bffffa8	j	L73_LF2
 1207  00001d9c  54000000	nop; delay slot nop
 1208  00001da0          	L74_LF2:
 1209  00001da0  8fc10004	lw	r1,4(r30)
 1210  00001da4  64220000	snei	r2,r1,#0
 1211  00001da8  10400010	beqz	r2,L76_LF2
 1212  00001dac  54000000	nop; delay slot nop
 1213  00001db0  8fc10004	lw	r1,4(r30)
 1214  00001db4  8fc20000	lw	r2,(r30)
 1215  00001db8  ac220000	sw	(r1),r2
 1216  00001dbc          	L76_LF2:
 1217  00001dbc  8fc10000	lw	r1,(r30)
 1218  00001dc0  90220000	lbu	r2,(r1)
 1219  00001dc4  64410000	snei	r1,r2,#0
 1220  00001dc8  14200010	bnez	r1,L77_LF2
 1221  00001dcc  54000000	nop; delay slot nop
 1222  00001dd0  8fc1fff4	lw	r1,-12(r30)
 1223  00001dd4  08000294	j	L72_LF2
 1224  00001dd8  54000000	nop; delay slot nop
 1225  00001ddc          	L77_LF2:
 1226  00001ddc  8fc10000	lw	r1,(r30)
 1227  00001de0  90220000	lbu	r2,(r1)
 1228  00001de4  6041002d	seqi	r1,r2,#45
 1229  00001de8  10200024	beqz	r1,L78_LF2
 1230  00001dec  54000000	nop; delay slot nop
 1231  00001df0  2001ffff	addi	r1,r0,#-1
 1232  00001df4  afc1ffec	sw	-20(r30),r1
 1233  00001df8  8fc20000	lw	r2,(r30)
 1234  00001dfc  20410001	addi	r1,r2,#1
 1235  00001e00  00011020	add	r2,r0,r1
 1236  00001e04  afc20000	sw	(r30),r2
 1237  00001e08  0800000c	j	L79_LF2
 1238  00001e0c  54000000	nop; delay slot nop
 1239  00001e10          	L78_LF2:
 1240  00001e10  20010001	addi	r1,r0,#1
 1241  00001e14  afc1ffec	sw	-20(r30),r1
 1242  00001e18          	L79_LF2:
 1243  00001e18  8fc10008	lw	r1,8(r30)
 1244  00001e1c  64220000	snei	r2,r1,#0
 1245  00001e20  14400090	bnez	r2,L80_LF2
 1246  00001e24  54000000	nop; delay slot nop
 1247  00001e28  8fc10000	lw	r1,(r30)
 1248  00001e2c  90220000	lbu	r2,(r1)
 1249  00001e30  60410030	seqi	r1,r2,#48
 1250  00001e34  10200074	beqz	r1,L81_LF2
 1251  00001e38  54000000	nop; delay slot nop
 1252  00001e3c  8fc20000	lw	r2,(r30)
 1253  00001e40  20410001	addi	r1,r2,#1
 1254  00001e44  00011020	add	r2,r0,r1
 1255  00001e48  afc20000	sw	(r30),r2
 1256  00001e4c  8fc10000	lw	r1,(r30)
 1257  00001e50  90220000	lbu	r2,(r1)
 1258  00001e54  60410078	seqi	r1,r2,#120
 1259  00001e58  14200020	bnez	r1,L83_LF2
 1260  00001e5c  54000000	nop; delay slot nop
 1261  00001e60  8fc10000	lw	r1,(r30)
 1262  00001e64  90220000	lbu	r2,(r1)
 1263  00001e68  60410058	seqi	r1,r2,#88
 1264  00001e6c  1420000c	bnez	r1,L83_LF2
 1265  00001e70  54000000	nop; delay slot nop
 1266  00001e74  08000024	j	L82_LF2
 1267  00001e78  54000000	nop; delay slot nop
 1268  00001e7c          	L83_LF2:
 1269  00001e7c  20010010	addi	r1,r0,#16
 1270  00001e80  afc10008	sw	8(r30),r1
 1271  00001e84  8fc20000	lw	r2,(r30)
 1272  00001e88  20410001	addi	r1,r2,#1
 1273  00001e8c  00011020	add	r2,r0,r1
 1274  00001e90  afc20000	sw	(r30),r2
 1275  00001e94  0800000c	j	L84_LF2
 1276  00001e98  54000000	nop; delay slot nop
 1277  00001e9c          	L82_LF2:
 1278  00001e9c  20010008	addi	r1,r0,#8
 1279  00001ea0  afc10008	sw	8(r30),r1
 1280  00001ea4          	L84_LF2:
 1281  00001ea4  0800000c	j	L80_LF2
 1282  00001ea8  54000000	nop; delay slot nop
 1283  00001eac          	L81_LF2:
 1284  00001eac  2001000a	addi	r1,r0,#10
 1285  00001eb0  afc10008	sw	8(r30),r1
 1286  00001eb4          	L85_LF2:
 1287  00001eb4          	L80_LF2:
 1288  00001eb4  8fc10008	lw	r1,8(r30)
 1289  00001eb8  70220000	slei	r2,r1,#0
 1290  00001ebc  1440001c	bnez	r2,L87_LF2
 1291  00001ec0  54000000	nop; delay slot nop
 1292  00001ec4  8fc10008	lw	r1,8(r30)
 1293  00001ec8  6c220010	sgti	r2,r1,#16
 1294  00001ecc  1440000c	bnez	r2,L87_LF2
 1295  00001ed0  54000000	nop; delay slot nop
 1296  00001ed4  08000010	j	L86_LF2
 1297  00001ed8  54000000	nop; delay slot nop
 1298  00001edc          	L87_LF2:
 1299  00001edc  8fc1fff4	lw	r1,-12(r30)
 1300  00001ee0  08000188	j	L72_LF2
 1301  00001ee4  54000000	nop; delay slot nop
 1302  00001ee8          	L86_LF2:
 1303  00001ee8  54000000	nop
 1304  00001eec          	L88_LF2:
 1305  00001eec  8fc10000	lw	r1,(r30)
 1306  00001ef0  90220000	lbu	r2,(r1)
 1307  00001ef4  6c41002f	sgtui	r1,r2,#47
 1308  00001ef8  10200030	beqz	r1,L91_LF2
 1309  00001efc  54000000	nop; delay slot nop
 1310  00001f00  8fc10000	lw	r1,(r30)
 1311  00001f04  90220000	lbu	r2,(r1)
 1312  00001f08  70410039	sleui	r1,r2,#57
 1313  00001f0c  1020001c	beqz	r1,L91_LF2
 1314  00001f10  54000000	nop; delay slot nop
 1315  00001f14  8fc10000	lw	r1,(r30)
 1316  00001f18  90220000	lbu	r2,(r1)
 1317  00001f1c  2041ffd0	addi	r1,r2,#-48
 1318  00001f20  afc1fff0	sw	-16(r30),r1
 1319  00001f24  0800008c	j	L92_LF2
 1320  00001f28  54000000	nop; delay slot nop
 1321  00001f2c          	L91_LF2:
 1322  00001f2c  8fc10000	lw	r1,(r30)
 1323  00001f30  90220000	lbu	r2,(r1)
 1324  00001f34  6c410060	sgtui	r1,r2,#96
 1325  00001f38  10200030	beqz	r1,L93_LF2
 1326  00001f3c  54000000	nop; delay slot nop
 1327  00001f40  8fc10000	lw	r1,(r30)
 1328  00001f44  90220000	lbu	r2,(r1)
 1329  00001f48  7041007a	sleui	r1,r2,#122
 1330  00001f4c  1020001c	beqz	r1,L93_LF2
 1331  00001f50  54000000	nop; delay slot nop
 1332  00001f54  8fc10000	lw	r1,(r30)
 1333  00001f58  90220000	lbu	r2,(r1)
 1334  00001f5c  2041ffa9	addi	r1,r2,#-87
 1335  00001f60  afc1fff0	sw	-16(r30),r1
 1336  00001f64  0800004c	j	L92_LF2
 1337  00001f68  54000000	nop; delay slot nop
 1338  00001f6c          	L93_LF2:
 1339  00001f6c  8fc10000	lw	r1,(r30)
 1340  00001f70  90220000	lbu	r2,(r1)
 1341  00001f74  6c410040	sgtui	r1,r2,#64
 1342  00001f78  10200030	beqz	r1,L95_LF2
 1343  00001f7c  54000000	nop; delay slot nop
 1344  00001f80  8fc10000	lw	r1,(r30)
 1345  00001f84  90220000	lbu	r2,(r1)
 1346  00001f88  7041005a	sleui	r1,r2,#90
 1347  00001f8c  1020001c	beqz	r1,L95_LF2
 1348  00001f90  54000000	nop; delay slot nop
 1349  00001f94  8fc10000	lw	r1,(r30)
 1350  00001f98  90220000	lbu	r2,(r1)
 1351  00001f9c  2041ffc9	addi	r1,r2,#-55
 1352  00001fa0  afc1fff0	sw	-16(r30),r1
 1353  00001fa4  0800000c	j	L92_LF2
 1354  00001fa8  54000000	nop; delay slot nop
 1355  00001fac          	L95_LF2:
 1356  00001fac  200103e8	addi	r1,r0,#1000
 1357  00001fb0  afc1fff0	sw	-16(r30),r1
 1358  00001fb4          	L96_LF2:
 1359  00001fb4          	L94_LF2:
 1360  00001fb4          	L92_LF2:
 1361  00001fb4  8fc1fff0	lw	r1,-16(r30)
 1362  00001fb8  8fc20008	lw	r2,8(r30)
 1363  00001fbc  0022082a	slt	r1,r1,r2
 1364  00001fc0  10200040	beqz	r1,L90_LF2
 1365  00001fc4  54000000	nop; delay slot nop
 1366  00001fc8  8fc1fff4	lw	r1,-12(r30)
 1367  00001fcc  8fc20008	lw	r2,8(r30)
 1368  00001fd0  00200035	movi2fp	f0,r1
 1369  00001fd4  00400835	movi2fp	f1,r2
 1370  00001fd8  0401000e	mult	f0,f0,f1
 1371  00001fdc  00000834	movfp2i	r1,f0
 1372  00001fe0  afc1fff4	sw	-12(r30),r1
 1373  00001fe4  8fc1fff4	lw	r1,-12(r30)
 1374  00001fe8  8fc2fff0	lw	r2,-16(r30)
 1375  00001fec  00220820	add	r1,r1,r2
 1376  00001ff0  afc1fff4	sw	-12(r30),r1
 1377  00001ff4  8fc20000	lw	r2,(r30)
 1378  00001ff8  20410001	addi	r1,r2,#1
 1379  00001ffc  00011020	add	r2,r0,r1
 1380  00002000  afc20000	sw	(r30),r2
 1381  00002004          	L97_LF2:
 1382  00002004          	L90_LF2:
 1383  00002004  8fc1fff0	lw	r1,-16(r30)
 1384  00002008  8fc20008	lw	r2,8(r30)
 1385  0000200c  0022082a	slt	r1,r1,r2
 1386  00002010  1420000c	bnez	r1,L98_LF2
 1387  00002014  54000000	nop; delay slot nop
 1388  00002018  0800000c	j	L89_LF2
 1389  0000201c  54000000	nop; delay slot nop
 1390  00002020          	L98_LF2:
 1391  00002020  0bfffec8	j	L88_LF2
 1392  00002024  54000000	nop; delay slot nop
 1393  00002028          	L89_LF2:
 1394  00002028  8fc10004	lw	r1,4(r30)
 1395  0000202c  64220000	snei	r2,r1,#0
 1396  00002030  10400010	beqz	r2,L99_LF2
 1397  00002034  54000000	nop; delay slot nop
 1398  00002038  8fc10004	lw	r1,4(r30)
 1399  0000203c  8fc20000	lw	r2,(r30)
 1400  00002040  ac220000	sw	(r1),r2
 1401  00002044          	L99_LF2:
 1402  00002044  8fc1fff4	lw	r1,-12(r30)
 1403  00002048  8fc2ffec	lw	r2,-20(r30)
 1404  0000204c  00200035	movi2fp	f0,r1
 1405  00002050  00400835	movi2fp	f1,r2
 1406  00002054  0401000e	mult	f0,f0,f1
 1407  00002058  00000834	movfp2i	r1,f0
 1408  0000205c  afc1fff4	sw	-12(r30),r1
 1409  00002060  8fc1fff4	lw	r1,-12(r30)
 1410  00002064  08000004	j	L72_LF2
 1411  00002068  54000000	nop; delay slot nop
 1412  0000206c          	L72_LF2:
 1413  0000206c  8fa20000	lw	r2,0(r29)
 1414  00002070  8fdffff8	lw	r31,-8(r30)
 1415  00002074  001ee820	add	r29,r0,r30
 1416  00002078  8fdefffc	lw	r30,-4(r30)
 1417  0000207c  4be00000	jr	r31
 1418  00002080  54000000	nop
 1419  00002084          	.endproc _dstrtol
 1420  00002084          	.align 2
 1421  00002084          	.proc _bcopy
 1422  00002084          	.global _bcopy
 1423  00002084          	_bcopy:
 1424                      ;  Function 'bcopy'; 0 bytes of locals, 2 regs to save.
 1425  00002084  afbefffc	sw	-4(r29),r30; push fp
 1426  00002088  001df020	add	r30,r0,r29; fp = sp
 1427  0000208c  afbffff8	sw	-8(r29),r31; push ret addr
 1428  00002090  2fbd0010	subui	r29,r29,#16; alloc local storage
 1429  00002094  afa20000	sw	0(r29),r2
 1430  00002098  afa30004	sw	4(r29),r3
 1431  0000209c  54000000	nop
 1432  000020a0          	L101_LF2:
 1433  000020a0  8fc10008	lw	r1,8(r30)
 1434  000020a4  2022ffff	addi	r2,r1,#-1
 1435  000020a8  afc20008	sw	8(r30),r2
 1436  000020ac  6c210000	sgti	r1,r1,#0
 1437  000020b0  1420000c	bnez	r1,L103_LF2
 1438  000020b4  54000000	nop; delay slot nop
 1439  000020b8  0800002c	j	L102_LF2
 1440  000020bc  54000000	nop; delay slot nop
 1441  000020c0          	L103_LF2:
 1442  000020c0  8fc10004	lw	r1,4(r30)
 1443  000020c4  20220001	addi	r2,r1,#1
 1444  000020c8  afc20004	sw	4(r30),r2
 1445  000020cc  8fc20000	lw	r2,(r30)
 1446  000020d0  20430001	addi	r3,r2,#1
 1447  000020d4  afc30000	sw	(r30),r3
 1448  000020d8  80420000	lb	r2,(r2)
 1449  000020dc  a0220000	sb	(r1),r2
 1450  000020e0  0bffffbc	j	L101_LF2
 1451  000020e4  54000000	nop; delay slot nop
 1452  000020e8          	L102_LF2:
 1453  000020e8          	L100_LF2:
 1454  000020e8  8fa20000	lw	r2,0(r29)
 1455  000020ec  8fa30004	lw	r3,4(r29)
 1456  000020f0  8fdffff8	lw	r31,-8(r30)
 1457  000020f4  001ee820	add	r29,r0,r30
 1458  000020f8  8fdefffc	lw	r30,-4(r30)
 1459  000020fc  4be00000	jr	r31
 1460  00002100  54000000	nop
 1461  00002104          	.endproc _bcopy
 1462  00002104          	.align 2
 1463  00002104          	.proc _bzero
 1464  00002104          	.global _bzero
 1465  00002104          	_bzero:
 1466                      ;  Function 'bzero'; 0 bytes of locals, 1 regs to save.
 1467  00002104  afbefffc	sw	-4(r29),r30; push fp
 1468  00002108  001df020	add	r30,r0,r29; fp = sp
 1469  0000210c  afbffff8	sw	-8(r29),r31; push ret addr
 1470  00002110  2fbd0010	subui	r29,r29,#16; alloc local storage
 1471  00002114  afa20000	sw	0(r29),r2
 1472  00002118  54000000	nop
 1473  0000211c          	L105_LF2:
 1474  0000211c  8fc10004	lw	r1,4(r30)
 1475  00002120  2022ffff	addi	r2,r1,#-1
 1476  00002124  afc20004	sw	4(r30),r2
 1477  00002128  6c210000	sgti	r1,r1,#0
 1478  0000212c  1420000c	bnez	r1,L107_LF2
 1479  00002130  54000000	nop; delay slot nop
 1480  00002134  08000020	j	L106_LF2
 1481  00002138  54000000	nop; delay slot nop
 1482  0000213c          	L107_LF2:
 1483  0000213c  8fc10000	lw	r1,(r30)
 1484  00002140  20220001	addi	r2,r1,#1
 1485  00002144  afc20000	sw	(r30),r2
 1486  00002148  20020000	addi	r2,r0,(#0x0)&0xff
 1487  0000214c  a0220000	sb	(r1),r2
 1488  00002150  0bffffc8	j	L105_LF2
 1489  00002154  54000000	nop; delay slot nop
 1490  00002158          	L106_LF2:
 1491  00002158          	L104_LF2:
 1492  00002158  8fa20000	lw	r2,0(r29)
 1493  0000215c  8fdffff8	lw	r31,-8(r30)
 1494  00002160  001ee820	add	r29,r0,r30
 1495  00002164  8fdefffc	lw	r30,-4(r30)
 1496  00002168  4be00000	jr	r31
 1497  0000216c  54000000	nop
 1498  00002170          	.endproc _bzero
 1499  00002170          	.align 2
 1500  00002170          	.proc _min
 1501  00002170          	.global _min
 1502  00002170          	_min:
 1503                      ;  Function 'min'; 0 bytes of locals, 2 regs to save.
 1504  00002170  afbefffc	sw	-4(r29),r30; push fp
 1505  00002174  001df020	add	r30,r0,r29; fp = sp
 1506  00002178  afbffff8	sw	-8(r29),r31; push ret addr
 1507  0000217c  2fbd0010	subui	r29,r29,#16; alloc local storage
 1508  00002180  afa20000	sw	0(r29),r2
 1509  00002184  afa30004	sw	4(r29),r3
 1510  00002188  8fc10000	lw	r1,(r30)
 1511  0000218c  8fc20004	lw	r2,4(r30)
 1512  00002190  0022182c	sle	r3,r1,r2
 1513  00002194  14600008	bnez	r3,L109_LF2
 1514  00002198  54000000	nop; delay slot nop
 1515  0000219c  8fc10004	lw	r1,4(r30)
 1516  000021a0          	L109_LF2:
 1517  000021a0  08000004	j	L108_LF2
 1518  000021a4  54000000	nop; delay slot nop
 1519  000021a8          	L108_LF2:
 1520  000021a8  8fa20000	lw	r2,0(r29)
 1521  000021ac  8fa30004	lw	r3,4(r29)
 1522  000021b0  8fdffff8	lw	r31,-8(r30)
 1523  000021b4  001ee820	add	r29,r0,r30
 1524  000021b8  8fdefffc	lw	r30,-4(r30)
 1525  000021bc  4be00000	jr	r31
 1526  000021c0  54000000	nop
 1527  000021c4          	.endproc _min
 1528                      ;;; Ethan L. Miller, 1999.  Released to the public domain
 1529                      ;;;
 1530                      ;;; Most of the traps are called in files from libtraps.
 1533  000021c4          	.align 2
 1534  000021c4          	.proc _exit
 1535  000021c4          	.global _exit
 1536  000021c4          	_exit:
 1537  000021c4  44000300	trap	#0x300
 1538  000021c8  4be00000	jr	r31
 1539  000021cc  54000000	nop
 1540  000021d0          	.endproc _exit
 1542                      ; for the benefit of gcc.
 1543  000021d0          	.proc ___main
 1544  000021d0          	.global ___main
 1545  000021d0          	___main:
 1546  000021d0  4be00000	jr	r31
 1547  000021d4  54000000	nop
 1548  000021d8          	.endproc ___main
 1549  000021d8          	.text
 1550  000021d8          	.global _etext
 1551  000021d8          	_etext:
 1552  000021d8          	.align 3
 1553  000021d8          	.data
 1554  0000310d          	.global _edata
 1555  0000310d          	_edata:
