 line   address	contents
    1                      ; Linked by DLX-LD.
    2                      ; MemSize 24576
    3                      ; Data size: 1506
    4                      ; Text size: 5472
    5                      ; Stack size: 8192
    6  00000000          	.text 0x1000
    7  00001000          	.data 0x3000
    8                      ; Compiled by GCC
    9  00003000          	.text
   10  00001000          	.align 2
   11  00001000          	.proc _isspace
   12  00001000          	.global _isspace
   13  00001000          	_isspace:
   14                      ;  Function 'isspace'; 0 bytes of locals, 1 regs to save.
   15  00001000  afbefffc	sw	-4(r29),r30; push fp
   16  00001004  001df020	add	r30,r0,r29; fp = sp
   17  00001008  afbffff8	sw	-8(r29),r31; push ret addr
   18  0000100c  2fbd0010	subui	r29,r29,#16; alloc local storage
   19  00001010  afa20000	sw	0(r29),r2
   20  00001014  83c20003	lb	r2,3(r30)
   21  00001018  201f0000	addi	r31,r0,#0
   22  0000101c  304100ff	andi	r1,r2,#0x00ff
   23  00001020  60210020	seqi	r1,r1,#32
   24  00001024  14200018	bnez	r1,L6_LF0
   25  00001028  54000000	nop; not filled.
   26  0000102c  2041fff7	addi	r1,r2,#-9
   27  00001030  302100ff	andi	r1,r1,#0x00ff
   28  00001034  70210001	sleui	r1,r1,#1
   29  00001038  10200008	beqz	r1,L5_LF0
   30  0000103c  54000000	nop; not filled.
   31  00001040          	L6_LF0:
   32  00001040  201f0001	addi	r31,r0,#1
   33  00001044          	L5_LF0:
   34  00001044  001f0820	add	r1,r0,r31
   35  00001048  8fa20000	lw	r2,0(r29)
   36  0000104c  8fdffff8	lw	r31,-8(r30)
   37  00001050  001ee820	add	r29,r0,r30
   38  00001054  8fdefffc	lw	r30,-4(r30)
   39  00001058  4be00000	jr	r31
   40  0000105c  54000000	nop
   41  00001060          	.endproc _isspace
   42  00001060          	.align 2
   43  00001060          	.proc _isxdigit
   44  00001060          	.global _isxdigit
   45  00001060          	_isxdigit:
   46                      ;  Function 'isxdigit'; 0 bytes of locals, 1 regs to save.
   47  00001060  afbefffc	sw	-4(r29),r30; push fp
   48  00001064  001df020	add	r30,r0,r29; fp = sp
   49  00001068  afbffff8	sw	-8(r29),r31; push ret addr
   50  0000106c  2fbd0010	subui	r29,r29,#16; alloc local storage
   51  00001070  afa20000	sw	0(r29),r2
   52  00001074  83df0003	lb	r31,3(r30)
   53  00001078  20020000	addi	r2,r0,#0
   54  0000107c  23e1ffd0	addi	r1,r31,#-48
   55  00001080  302100ff	andi	r1,r1,#0x00ff
   56  00001084  70210009	sleui	r1,r1,#9
   57  00001088  14200028	bnez	r1,L12_LF0
   58  0000108c  54000000	nop; not filled.
   59  00001090  23e1ff9f	addi	r1,r31,#-97
   60  00001094  302100ff	andi	r1,r1,#0x00ff
   61  00001098  70210005	sleui	r1,r1,#5
   62  0000109c  14200014	bnez	r1,L12_LF0
   63  000010a0  54000000	nop; not filled.
   64  000010a4  33e100ff	andi	r1,r31,#0x00ff
   65  000010a8  64210041	snei	r1,r1,#65
   66  000010ac  14200008	bnez	r1,L11_LF0
   67  000010b0  54000000	nop; not filled.
   68  000010b4          	L12_LF0:
   69  000010b4  20020001	addi	r2,r0,#1
   70  000010b8          	L11_LF0:
   71  000010b8  00020820	add	r1,r0,r2
   72  000010bc  8fa20000	lw	r2,0(r29)
   73  000010c0  8fdffff8	lw	r31,-8(r30)
   74  000010c4  001ee820	add	r29,r0,r30
   75  000010c8  8fdefffc	lw	r30,-4(r30)
   76  000010cc  4be00000	jr	r31
   77  000010d0  54000000	nop
   78  000010d4          	.endproc _isxdigit
   79  000010d4          	.data
   80  00003000          	.align 2
   81  00003000          	LC0_LF0:
   82  00003000  55736167	.ascii "Usage: %s <number of hello world processes to create>\n\000"
   82  00003004  653a2025	
   82  00003008  73203c6e	
   82  0000300c  756d6265	
   82  00003010  72206f66	
   82  00003014  2068656c	
   82  00003018  6c6f2077	
   82  0000301c  6f726c64	
   82  00003020  2070726f	
   82  00003024  63657373	
   82  00003028  65732074	
   82  0000302c  6f206372	
   82  00003030  65617465	
   82  00003034  3e0a00  	
   83  00003037          	.align 2
   84  00003038          	LC1_LF0:
   85  00003038  6d616b65	.ascii "makeprocs (%d): Creating %d hello_world processes\n\000"
   85  0000303c  70726f63	
   85  00003040  73202825	
   85  00003044  64293a20	
   85  00003048  43726561	
   85  0000304c  74696e67	
   85  00003050  20256420	
   85  00003054  68656c6c	
   85  00003058  6f5f776f	
   85  0000305c  726c6420	
   85  00003060  70726f63	
   85  00003064  65737365	
   85  00003068  730a00  	
   86  0000306b          	.align 2
   87  0000306c          	LC2_LF0:
   88  0000306c  6d616b65	.ascii "makeprocs (%d): Bad sem_create\n\000"
   88  00003070  70726f63	
   88  00003074  73202825	
   88  00003078  64293a20	
   88  0000307c  42616420	
   88  00003080  73656d5f	
   88  00003084  63726561	
   88  00003088  74650a00	
   89  0000308c          	.align 2
   90  0000308c          	LC3_LF0:
   91  0000308c  2d2d2d2d	.ascii "--------------------BEGINNING OF STEP3--------------------------------"
   91  00003090  2d2d2d2d	
   91  00003094  2d2d2d2d	
   91  00003098  2d2d2d2d	
   91  0000309c  2d2d2d2d	
   91  000030a0  42454749	
   91  000030a4  4e4e494e	
   91  000030a8  47204f46	
   91  000030ac  20535445	
   91  000030b0  50332d2d	
   91  000030b4  2d2d2d2d	
   91  000030b8  2d2d2d2d	
   91  000030bc  2d2d2d2d	
   91  000030c0  2d2d2d2d	
   91  000030c4  2d2d2d2d	
   91  000030c8  2d2d2d2d	
   91  000030cc  2d2d2d2d	
   91  000030d0  2d2d    	
   92  000030d2  2d2d2d2d	.ascii "-------------\n\000"
   92  000030d6  2d2d2d2d	
   92  000030da  2d2d2d2d	
   92  000030de  2d0a00  	
   93  000030e1          	.align 2
   94  000030e4          	LC4_LF0:
   95  000030e4  6d616b65	.ascii "makeprocs (%d): Creating 1 program to access memory inside the virtual"
   95  000030e8  70726f63	
   95  000030ec  73202825	
   95  000030f0  64293a20	
   95  000030f4  43726561	
   95  000030f8  74696e67	
   95  000030fc  20312070	
   95  00003100  726f6772	
   95  00003104  616d2074	
   95  00003108  6f206163	
   95  0000310c  63657373	
   95  00003110  206d656d	
   95  00003114  6f727920	
   95  00003118  696e7369	
   95  0000311c  64652074	
   95  00003120  68652076	
   95  00003124  69727475	
   95  00003128  616c    	
   96  0000312a  20616464	.ascii " address space, but outside of currently allocated pages.\n\000"
   96  0000312e  72657373	
   96  00003132  20737061	
   96  00003136  63652c20	
   96  0000313a  62757420	
   96  0000313e  6f757473	
   96  00003142  69646520	
   96  00003146  6f662063	
   96  0000314a  75727265	
   96  0000314e  6e746c79	
   96  00003152  20616c6c	
   96  00003156  6f636174	
   96  0000315a  65642070	
   96  0000315e  61676573	
   96  00003162  2e0a00  	
   97  00003165          	.align 2
   98  00003168          	LC5_LF0:
   99  00003168  73746570	.ascii "step3.dlx.obj\000"
   99  0000316c  332e646c	
   99  00003170  782e6f62	
   99  00003174  6a00    	
  100  00003176          	.align 2
  101  00003178          	LC6_LF0:
  102  00003178  42616420	.ascii "Bad semaphore s_procs_completed (%d) in %s\n\000"
  102  0000317c  73656d61	
  102  00003180  70686f72	
  102  00003184  6520735f	
  102  00003188  70726f63	
  102  0000318c  735f636f	
  102  00003190  6d706c65	
  102  00003194  74656420	
  102  00003198  28256429	
  102  0000319c  20696e20	
  102  000031a0  25730a00	
  103  000031a4          	.align 2
  104  000031a4          	LC7_LF0:
  105  000031a4  0a2d2d2d	.ascii "\n----END OF STEP3--------\n\000"
  105  000031a8  2d454e44	
  105  000031ac  204f4620	
  105  000031b0  53544550	
  105  000031b4  332d2d2d	
  105  000031b8  2d2d2d2d	
  105  000031bc  2d0a00  	
  106  000031bf          	.align 2
  107  000031c0          	LC8_LF0:
  108  000031c0  2d2d2d2d	.ascii "-------------------BEGINNING OF STEP4---------------------------------"
  108  000031c4  2d2d2d2d	
  108  000031c8  2d2d2d2d	
  108  000031cc  2d2d2d2d	
  108  000031d0  2d2d2d42	
  108  000031d4  4547494e	
  108  000031d8  4e494e47	
  108  000031dc  204f4620	
  108  000031e0  53544550	
  108  000031e4  342d2d2d	
  108  000031e8  2d2d2d2d	
  108  000031ec  2d2d2d2d	
  108  000031f0  2d2d2d2d	
  108  000031f4  2d2d2d2d	
  108  000031f8  2d2d2d2d	
  108  000031fc  2d2d2d2d	
  108  00003200  2d2d2d2d	
  108  00003204  2d2d    	
  109  00003206  2d2d2d2d	.ascii "------------\n\000"
  109  0000320a  2d2d2d2d	
  109  0000320e  2d2d2d2d	
  109  00003212  0a00    	
  110  00003214          	.align 2
  111  00003214          	LC9_LF0:
  112  00003214  6d616b65	.ascii "makeprocs (%d): Creating a process that allocates more than one elemen"
  112  00003218  70726f63	
  112  0000321c  73202825	
  112  00003220  64293a20	
  112  00003224  43726561	
  112  00003228  74696e67	
  112  0000322c  20612070	
  112  00003230  726f6365	
  112  00003234  73732074	
  112  00003238  68617420	
  112  0000323c  616c6c6f	
  112  00003240  63617465	
  112  00003244  73206d6f	
  112  00003248  72652074	
  112  0000324c  68616e20	
  112  00003250  6f6e6520	
  112  00003254  656c656d	
  112  00003258  656e    	
  113  0000325a  7420666f	.ascii "t for stack.\n\000"
  113  0000325e  72207374	
  113  00003262  61636b2e	
  113  00003266  0a00    	
  114  00003268          	.align 2
  115  00003268          	LC10_LF0:
  116  00003268  73746570	.ascii "step4.dlx.obj\000"
  116  0000326c  342e646c	
  116  00003270  782e6f62	
  116  00003274  6a00    	
  117  00003276          	.align 2
  118  00003278          	LC11_LF0:
  119  00003278  2d2d2d2d	.ascii "----END OF STEP4--------\n\000"
  119  0000327c  454e4420	
  119  00003280  4f462053	
  119  00003284  54455034	
  119  00003288  2d2d2d2d	
  119  0000328c  2d2d2d2d	
  119  00003290  0a00    	
  120  00003292          	.align 2
  121  00003294          	LC12_LF0:
  122  00003294  2d2d2d2d	.ascii "-------------------BEGINNING OF STEP5---------------------------------"
  122  00003298  2d2d2d2d	
  122  0000329c  2d2d2d2d	
  122  000032a0  2d2d2d2d	
  122  000032a4  2d2d2d42	
  122  000032a8  4547494e	
  122  000032ac  4e494e47	
  122  000032b0  204f4620	
  122  000032b4  53544550	
  122  000032b8  352d2d2d	
  122  000032bc  2d2d2d2d	
  122  000032c0  2d2d2d2d	
  122  000032c4  2d2d2d2d	
  122  000032c8  2d2d2d2d	
  122  000032cc  2d2d2d2d	
  122  000032d0  2d2d2d2d	
  122  000032d4  2d2d2d2d	
  122  000032d8  2d2d    	
  123  000032da  2d2d2d2d	.ascii "------------\n\000"
  123  000032de  2d2d2d2d	
  123  000032e2  2d2d2d2d	
  123  000032e6  0a00    	
  124  000032e8          	.align 2
  125  000032e8          	LC13_LF0:
  126  000032e8  6d616b65	.ascii "makeprocs (%d): Calling the Hello World program 100 times, one at a ti"
  126  000032ec  70726f63	
  126  000032f0  73202825	
  126  000032f4  64293a20	
  126  000032f8  43616c6c	
  126  000032fc  696e6720	
  126  00003300  74686520	
  126  00003304  48656c6c	
  126  00003308  6f20576f	
  126  0000330c  726c6420	
  126  00003310  70726f67	
  126  00003314  72616d20	
  126  00003318  31303020	
  126  0000331c  74696d65	
  126  00003320  732c206f	
  126  00003324  6e652061	
  126  00003328  74206120	
  126  0000332c  7469    	
  127  0000332e  6d652e0a	.ascii "me.\n\000"
  127  00003332  00      	
  128  00003333          	.align 2
  129  00003334          	LC14_LF0:
  130  00003334  6d616b65	.ascii "makeprocs (%d): Creating hello world #%d\n\000"
  130  00003338  70726f63	
  130  0000333c  73202825	
  130  00003340  64293a20	
  130  00003344  43726561	
  130  00003348  74696e67	
  130  0000334c  2068656c	
  130  00003350  6c6f2077	
  130  00003354  6f726c64	
  130  00003358  20232564	
  130  0000335c  0a00    	
  131  0000335e          	.align 2
  132  00003360          	LC15_LF0:
  133  00003360  68656c6c	.ascii "hello_world.dlx.obj\000"
  133  00003364  6f5f776f	
  133  00003368  726c642e	
  133  0000336c  646c782e	
  133  00003370  6f626a00	
  134  00003374          	.align 2
  135  00003374          	LC16_LF0:
  136  00003374  2d2d2d2d	.ascii "----END OF STEP5--------\n\000"
  136  00003378  454e4420	
  136  0000337c  4f462053	
  136  00003380  54455035	
  136  00003384  2d2d2d2d	
  136  00003388  2d2d2d2d	
  136  0000338c  0a00    	
  137  0000338e          	.align 2
  138  00003390          	LC17_LF0:
  139  00003390  2d2d2d2d	.ascii "------------------BEGINNING OF STEP6----------------------------------"
  139  00003394  2d2d2d2d	
  139  00003398  2d2d2d2d	
  139  0000339c  2d2d2d2d	
  139  000033a0  2d2d4245	
  139  000033a4  47494e4e	
  139  000033a8  494e4720	
  139  000033ac  4f462053	
  139  000033b0  54455036	
  139  000033b4  2d2d2d2d	
  139  000033b8  2d2d2d2d	
  139  000033bc  2d2d2d2d	
  139  000033c0  2d2d2d2d	
  139  000033c4  2d2d2d2d	
  139  000033c8  2d2d2d2d	
  139  000033cc  2d2d2d2d	
  139  000033d0  2d2d2d2d	
  139  000033d4  2d2d    	
  140  000033d6  2d2d2d2d	.ascii "-----------\n\000"
  140  000033da  2d2d2d2d	
  140  000033de  2d2d2d0a	
  140  000033e2  00      	
  141  000033e3          	.align 2
  142  000033e4          	LC18_LF0:
  143  000033e4  6d616b65	.ascii "makeprocs (%d): Spawning 30 simultaneous processes for Step 6.\n\000"
  143  000033e8  70726f63	
  143  000033ec  73202825	
  143  000033f0  64293a20	
  143  000033f4  53706177	
  143  000033f8  6e696e67	
  143  000033fc  20333020	
  143  00003400  73696d75	
  143  00003404  6c74616e	
  143  00003408  656f7573	
  143  0000340c  2070726f	
  143  00003410  63657373	
  143  00003414  65732066	
  143  00003418  6f722053	
  143  0000341c  74657020	
  143  00003420  362e0a00	
  144  00003424          	.align 2
  145  00003424          	LC19_LF0:
  146  00003424  0a537061	.ascii "\nSpawning process: %d\n\000"
  146  00003428  776e696e	
  146  0000342c  67207072	
  146  00003430  6f636573	
  146  00003434  733a2025	
  146  00003438  640a00  	
  147  0000343b          	.align 2
  148  0000343c          	LC20_LF0:
  149  0000343c  73746570	.ascii "step6.dlx.obj\000"
  149  00003440  362e646c	
  149  00003444  782e6f62	
  149  00003448  6a00    	
  150  0000344a          	.align 2
  151  0000344c          	LC21_LF0:
  152  0000344c  0a2d2d2d	.ascii "\n----END OF STEP6--------\n\000"
  152  00003450  2d454e44	
  152  00003454  204f4620	
  152  00003458  53544550	
  152  0000345c  362d2d2d	
  152  00003460  2d2d2d2d	
  152  00003464  2d0a00  	
  153  00003467          	.align 2
  154  00003468          	LC22_LF0:
  155  00003468  2d2d2d2d	.ascii "-------------------BEGINNING OF STEP2---------------------------------"
  155  0000346c  2d2d2d2d	
  155  00003470  2d2d2d2d	
  155  00003474  2d2d2d2d	
  155  00003478  2d2d2d42	
  155  0000347c  4547494e	
  155  00003480  4e494e47	
  155  00003484  204f4620	
  155  00003488  53544550	
  155  0000348c  322d2d2d	
  155  00003490  2d2d2d2d	
  155  00003494  2d2d2d2d	
  155  00003498  2d2d2d2d	
  155  0000349c  2d2d2d2d	
  155  000034a0  2d2d2d2d	
  155  000034a4  2d2d2d2d	
  155  000034a8  2d2d2d2d	
  155  000034ac  2d2d    	
  156  000034ae  2d2d2d2d	.ascii "-----------\n\000"
  156  000034b2  2d2d2d2d	
  156  000034b6  2d2d2d0a	
  156  000034ba  00      	
  157  000034bb          	.align 2
  158  000034bc          	LC23_LF0:
  159  000034bc  6d616b65	.ascii "makeprocs (%d): Creating 1 program to access memory beyond the maximum"
  159  000034c0  70726f63	
  159  000034c4  73202825	
  159  000034c8  64293a20	
  159  000034cc  43726561	
  159  000034d0  74696e67	
  159  000034d4  20312070	
  159  000034d8  726f6772	
  159  000034dc  616d2074	
  159  000034e0  6f206163	
  159  000034e4  63657373	
  159  000034e8  206d656d	
  159  000034ec  6f727920	
  159  000034f0  6265796f	
  159  000034f4  6e642074	
  159  000034f8  6865206d	
  159  000034fc  6178696d	
  159  00003500  756d    	
  160  00003502  20766972	.ascii " virtual address.\n\000"
  160  00003506  7475616c	
  160  0000350a  20616464	
  160  0000350e  72657373	
  160  00003512  2e0a00  	
  161  00003515          	.align 2
  162  00003518          	LC24_LF0:
  163  00003518  73746570	.ascii "step2.dlx.obj\000"
  163  0000351c  322e646c	
  163  00003520  782e6f62	
  163  00003524  6a00    	
  164  00003526          	.align 2
  165  00003528          	LC25_LF0:
  166  00003528  2d2d2d2d	.ascii "----END OF STEP2--------\n\000"
  166  0000352c  454e4420	
  166  00003530  4f462053	
  166  00003534  54455032	
  166  00003538  2d2d2d2d	
  166  0000353c  2d2d2d2d	
  166  00003540  0a00    	
  167  00003542          	.align 2
  168  00003544          	LC26_LF0:
  169  00003544  2d2d2d2d	.ascii "----------------------------------------------------------------------"
  169  00003548  2d2d2d2d	
  169  0000354c  2d2d2d2d	
  169  00003550  2d2d2d2d	
  169  00003554  2d2d2d2d	
  169  00003558  2d2d2d2d	
  169  0000355c  2d2d2d2d	
  169  00003560  2d2d2d2d	
  169  00003564  2d2d2d2d	
  169  00003568  2d2d2d2d	
  169  0000356c  2d2d2d2d	
  169  00003570  2d2d2d2d	
  169  00003574  2d2d2d2d	
  169  00003578  2d2d2d2d	
  169  0000357c  2d2d2d2d	
  169  00003580  2d2d2d2d	
  169  00003584  2d2d2d2d	
  169  00003588  2d2d    	
  170  0000358a  2d2d2d2d	.ascii "---------------\n\000"
  170  0000358e  2d2d2d2d	
  170  00003592  2d2d2d2d	
  170  00003596  2d2d2d0a	
  170  0000359a  00      	
  171  0000359b          	.align 2
  172  0000359c          	LC27_LF0:
  173  0000359c  6d616b65	.ascii "makeprocs (%d): All other processes completed, exiting main process.\n"
  173  000035a0  70726f63	
  173  000035a4  73202825	
  173  000035a8  64293a20	
  173  000035ac  416c6c20	
  173  000035b0  6f746865	
  173  000035b4  72207072	
  173  000035b8  6f636573	
  173  000035bc  73657320	
  173  000035c0  636f6d70	
  173  000035c4  6c657465	
  173  000035c8  642c2065	
  173  000035cc  78697469	
  173  000035d0  6e67206d	
  173  000035d4  61696e20	
  173  000035d8  70726f63	
  173  000035dc  6573732e	
  173  000035e0  0a      	
  174  000035e1  00      	.ascii "\000"
  175  000035e2          	.text
  176  000010d4          	.align 2
  177  000010d4          	.proc _main
  178  000010d4          	.global _main
  179  000010d4          	_main:
  180                      ;  Function 'main'; 16 bytes of locals, 0 regs to save.
  181  000010d4  afbefffc	sw	-4(r29),r30; push fp
  182  000010d8  001df020	add	r30,r0,r29; fp = sp
  183  000010dc  afbffff8	sw	-8(r29),r31; push ret addr
  184  000010e0  2fbd0018	subui	r29,r29,#24; alloc local storage
  185  000010e4  8fc20000	lw	r2,(r30)
  186  000010e8  8fc50004	lw	r5,4(r30)
  187  000010ec  0c001468	jal	___main
  188  000010f0  54000000	nop; not filled.
  189  000010f4  64410002	snei	r1,r2,#2
  190  000010f8  10200030	beqz	r1,L14_LF0
  191  000010fc  54000000	nop; not filled.
  192  00001100  23bdfff8	addi	r29,r29,#-8
  193  00001104  3c060000	lhi	r6,((LC0_LF0)>>16)&0xffff
  194  00001108  24c63000	addui	r6,r6,(LC0_LF0)&0xffff
  195  0000110c  afa60000	sw	(r29),r6
  196  00001110  8ca10000	lw	r1,(r5)
  197  00001114  afa10004	sw	4(r29),r1
  198  00001118  0c00057c	jal	_Printf
  199  0000111c  54000000	nop; not filled.
  200  00001120  0c00067c	jal	_Exit
  201  00001124  54000000	nop; not filled.
  202  00001128  23bd0008	addi	r29,r29,#8
  203  0000112c          	L14_LF0:
  204  0000112c  23bdfff0	addi	r29,r29,#-16
  205  00001130  8ca60004	lw	r6,4(r5)
  206  00001134  afa60000	sw	(r29),r6
  207  00001138  20060000	addi	r6,r0,#0
  208  0000113c  afa60004	sw	4(r29),r6
  209  00001140  2006000a	addi	r6,r0,#10
  210  00001144  afa60008	sw	8(r29),r6
  211  00001148  0c000f10	jal	_dstrtol
  212  0000114c  54000000	nop; not filled.
  213  00001150  00011020	add	r2,r0,r1
  214  00001154  0c00054c	jal	_getpid
  215  00001158  54000000	nop; not filled.
  216  0000115c  3c060000	lhi	r6,((LC1_LF0)>>16)&0xffff
  217  00001160  24c63038	addui	r6,r6,(LC1_LF0)&0xffff
  218  00001164  afa60000	sw	(r29),r6
  219  00001168  afa10004	sw	4(r29),r1
  220  0000116c  afa20008	sw	8(r29),r2
  221  00001170  0c000524	jal	_Printf
  222  00001174  54000000	nop; not filled.
  223  00001178  20060000	addi	r6,r0,#0
  224  0000117c  afa60000	sw	(r29),r6
  225  00001180  0c000550	jal	_sem_create
  226  00001184  54000000	nop; not filled.
  227  00001188  00011820	add	r3,r0,r1
  228  0000118c  23bd0010	addi	r29,r29,#16
  229  00001190  6061ffff	seqi	r1,r3,#-1
  230  00001194  10200034	beqz	r1,L15_LF0
  231  00001198  54000000	nop; not filled.
  232  0000119c  0c000504	jal	_getpid
  233  000011a0  54000000	nop; not filled.
  234  000011a4  23bdfff8	addi	r29,r29,#-8
  235  000011a8  3c060000	lhi	r6,((LC2_LF0)>>16)&0xffff
  236  000011ac  24c6306c	addui	r6,r6,(LC2_LF0)&0xffff
  237  000011b0  afa60000	sw	(r29),r6
  238  000011b4  afa10004	sw	4(r29),r1
  239  000011b8  0c0004dc	jal	_Printf
  240  000011bc  54000000	nop; not filled.
  241  000011c0  0c0005dc	jal	_Exit
  242  000011c4  54000000	nop; not filled.
  243  000011c8  23bd0008	addi	r29,r29,#8
  244  000011cc          	L15_LF0:
  245  000011cc  23bdfff8	addi	r29,r29,#-8
  246  000011d0  afa30000	sw	(r29),r3
  247  000011d4  23c4ffe8	addi	r4,r30,#-24
  248  000011d8  afa40004	sw	4(r29),r4
  249  000011dc  0c000cf0	jal	_ditoa
  250  000011e0  54000000	nop; not filled.
  251  000011e4  3c060000	lhi	r6,((LC3_LF0)>>16)&0xffff
  252  000011e8  24c6308c	addui	r6,r6,(LC3_LF0)&0xffff
  253  000011ec  afa60000	sw	(r29),r6
  254  000011f0  0c0004a4	jal	_Printf
  255  000011f4  54000000	nop; not filled.
  256  000011f8  0c0004a8	jal	_getpid
  257  000011fc  54000000	nop; not filled.
  258  00001200  3c060000	lhi	r6,((LC4_LF0)>>16)&0xffff
  259  00001204  24c630e4	addui	r6,r6,(LC4_LF0)&0xffff
  260  00001208  afa60000	sw	(r29),r6
  261  0000120c  afa10004	sw	4(r29),r1
  262  00001210  0c000484	jal	_Printf
  263  00001214  54000000	nop; not filled.
  264  00001218  23bdfff8	addi	r29,r29,#-8
  265  0000121c  3c060000	lhi	r6,((LC5_LF0)>>16)&0xffff
  266  00001220  24c63168	addui	r6,r6,(LC5_LF0)&0xffff
  267  00001224  afa60000	sw	(r29),r6
  268  00001228  afa40004	sw	4(r29),r4
  269  0000122c  20060000	addi	r6,r0,#0
  270  00001230  afa60008	sw	8(r29),r6
  271  00001234  0c000478	jal	_process_create
  272  00001238  54000000	nop; not filled.
  273  0000123c  afa30000	sw	(r29),r3
  274  00001240  0c00049c	jal	_sem_wait
  275  00001244  54000000	nop; not filled.
  276  00001248  23bd0010	addi	r29,r29,#16
  277  0000124c  64210001	snei	r1,r1,#1
  278  00001250  10200034	beqz	r1,L16_LF0
  279  00001254  54000000	nop; not filled.
  280  00001258  23bdfff0	addi	r29,r29,#-16
  281  0000125c  3c060000	lhi	r6,((LC6_LF0)>>16)&0xffff
  282  00001260  24c63178	addui	r6,r6,(LC6_LF0)&0xffff
  283  00001264  afa60000	sw	(r29),r6
  284  00001268  afa30004	sw	4(r29),r3
  285  0000126c  8ca60000	lw	r6,(r5)
  286  00001270  afa60008	sw	8(r29),r6
  287  00001274  0c000420	jal	_Printf
  288  00001278  54000000	nop; not filled.
  289  0000127c  0c000520	jal	_Exit
  290  00001280  54000000	nop; not filled.
  291  00001284  23bd0010	addi	r29,r29,#16
  292  00001288          	L16_LF0:
  293  00001288  23bdfff8	addi	r29,r29,#-8
  294  0000128c  3c060000	lhi	r6,((LC7_LF0)>>16)&0xffff
  295  00001290  24c631a4	addui	r6,r6,(LC7_LF0)&0xffff
  296  00001294  afa60000	sw	(r29),r6
  297  00001298  0c0003fc	jal	_Printf
  298  0000129c  54000000	nop; not filled.
  299  000012a0  3c060000	lhi	r6,((LC8_LF0)>>16)&0xffff
  300  000012a4  24c631c0	addui	r6,r6,(LC8_LF0)&0xffff
  301  000012a8  afa60000	sw	(r29),r6
  302  000012ac  0c0003e8	jal	_Printf
  303  000012b0  54000000	nop; not filled.
  304  000012b4  0c0003ec	jal	_getpid
  305  000012b8  54000000	nop; not filled.
  306  000012bc  3c060000	lhi	r6,((LC9_LF0)>>16)&0xffff
  307  000012c0  24c63214	addui	r6,r6,(LC9_LF0)&0xffff
  308  000012c4  afa60000	sw	(r29),r6
  309  000012c8  afa10004	sw	4(r29),r1
  310  000012cc  0c0003c8	jal	_Printf
  311  000012d0  54000000	nop; not filled.
  312  000012d4  23bdfff8	addi	r29,r29,#-8
  313  000012d8  3c060000	lhi	r6,((LC10_LF0)>>16)&0xffff
  314  000012dc  24c63268	addui	r6,r6,(LC10_LF0)&0xffff
  315  000012e0  afa60000	sw	(r29),r6
  316  000012e4  afa40004	sw	4(r29),r4
  317  000012e8  20060000	addi	r6,r0,#0
  318  000012ec  afa60008	sw	8(r29),r6
  319  000012f0  0c0003bc	jal	_process_create
  320  000012f4  54000000	nop; not filled.
  321  000012f8  afa30000	sw	(r29),r3
  322  000012fc  0c0003e0	jal	_sem_wait
  323  00001300  54000000	nop; not filled.
  324  00001304  23bd0010	addi	r29,r29,#16
  325  00001308  64210001	snei	r1,r1,#1
  326  0000130c  10200034	beqz	r1,L17_LF0
  327  00001310  54000000	nop; not filled.
  328  00001314  23bdfff0	addi	r29,r29,#-16
  329  00001318  3c060000	lhi	r6,((LC6_LF0)>>16)&0xffff
  330  0000131c  24c63178	addui	r6,r6,(LC6_LF0)&0xffff
  331  00001320  afa60000	sw	(r29),r6
  332  00001324  afa30004	sw	4(r29),r3
  333  00001328  8ca60000	lw	r6,(r5)
  334  0000132c  afa60008	sw	8(r29),r6
  335  00001330  0c000364	jal	_Printf
  336  00001334  54000000	nop; not filled.
  337  00001338  0c000464	jal	_Exit
  338  0000133c  54000000	nop; not filled.
  339  00001340  23bd0010	addi	r29,r29,#16
  340  00001344          	L17_LF0:
  341  00001344  23bdfff8	addi	r29,r29,#-8
  342  00001348  3c060000	lhi	r6,((LC11_LF0)>>16)&0xffff
  343  0000134c  24c63278	addui	r6,r6,(LC11_LF0)&0xffff
  344  00001350  afa60000	sw	(r29),r6
  345  00001354  0c000340	jal	_Printf
  346  00001358  54000000	nop; not filled.
  347  0000135c  3c060000	lhi	r6,((LC12_LF0)>>16)&0xffff
  348  00001360  24c63294	addui	r6,r6,(LC12_LF0)&0xffff
  349  00001364  afa60000	sw	(r29),r6
  350  00001368  0c00032c	jal	_Printf
  351  0000136c  54000000	nop; not filled.
  352  00001370  0c000330	jal	_getpid
  353  00001374  54000000	nop; not filled.
  354  00001378  3c060000	lhi	r6,((LC13_LF0)>>16)&0xffff
  355  0000137c  24c632e8	addui	r6,r6,(LC13_LF0)&0xffff
  356  00001380  afa60000	sw	(r29),r6
  357  00001384  afa10004	sw	4(r29),r1
  358  00001388  0c00030c	jal	_Printf
  359  0000138c  54000000	nop; not filled.
  360  00001390  20020000	addi	r2,r0,#0
  361  00001394  23bd0008	addi	r29,r29,#8
  362  00001398          	L21_LF0:
  363  00001398  0c000308	jal	_getpid
  364  0000139c  54000000	nop; not filled.
  365  000013a0  23bdfff0	addi	r29,r29,#-16
  366  000013a4  3c060000	lhi	r6,((LC14_LF0)>>16)&0xffff
  367  000013a8  24c63334	addui	r6,r6,(LC14_LF0)&0xffff
  368  000013ac  afa60000	sw	(r29),r6
  369  000013b0  afa10004	sw	4(r29),r1
  370  000013b4  afa20008	sw	8(r29),r2
  371  000013b8  0c0002dc	jal	_Printf
  372  000013bc  54000000	nop; not filled.
  373  000013c0  3c060000	lhi	r6,((LC15_LF0)>>16)&0xffff
  374  000013c4  24c63360	addui	r6,r6,(LC15_LF0)&0xffff
  375  000013c8  afa60000	sw	(r29),r6
  376  000013cc  afa40004	sw	4(r29),r4
  377  000013d0  20060000	addi	r6,r0,#0
  378  000013d4  afa60008	sw	8(r29),r6
  379  000013d8  0c0002d4	jal	_process_create
  380  000013dc  54000000	nop; not filled.
  381  000013e0  afa30000	sw	(r29),r3
  382  000013e4  0c0002f8	jal	_sem_wait
  383  000013e8  54000000	nop; not filled.
  384  000013ec  23bd0010	addi	r29,r29,#16
  385  000013f0  64210001	snei	r1,r1,#1
  386  000013f4  10200034	beqz	r1,L20_LF0
  387  000013f8  54000000	nop; not filled.
  388  000013fc  23bdfff0	addi	r29,r29,#-16
  389  00001400  3c060000	lhi	r6,((LC6_LF0)>>16)&0xffff
  390  00001404  24c63178	addui	r6,r6,(LC6_LF0)&0xffff
  391  00001408  afa60000	sw	(r29),r6
  392  0000140c  afa30004	sw	4(r29),r3
  393  00001410  8ca60000	lw	r6,(r5)
  394  00001414  afa60008	sw	8(r29),r6
  395  00001418  0c00027c	jal	_Printf
  396  0000141c  54000000	nop; not filled.
  397  00001420  0c00037c	jal	_Exit
  398  00001424  54000000	nop; not filled.
  399  00001428  23bd0010	addi	r29,r29,#16
  400  0000142c          	L20_LF0:
  401  0000142c  20420001	addi	r2,r2,#1
  402  00001430  70410063	slei	r1,r2,#99
  403  00001434  1420ff60	bnez	r1,L21_LF0
  404  00001438  54000000	nop; not filled.
  405  0000143c  23bdfff8	addi	r29,r29,#-8
  406  00001440  3c060000	lhi	r6,((LC16_LF0)>>16)&0xffff
  407  00001444  24c63374	addui	r6,r6,(LC16_LF0)&0xffff
  408  00001448  afa60000	sw	(r29),r6
  409  0000144c  0c000248	jal	_Printf
  410  00001450  54000000	nop; not filled.
  411  00001454  3c060000	lhi	r6,((LC17_LF0)>>16)&0xffff
  412  00001458  24c63390	addui	r6,r6,(LC17_LF0)&0xffff
  413  0000145c  afa60000	sw	(r29),r6
  414  00001460  0c000234	jal	_Printf
  415  00001464  54000000	nop; not filled.
  416  00001468  0c000238	jal	_getpid
  417  0000146c  54000000	nop; not filled.
  418  00001470  3c060000	lhi	r6,((LC18_LF0)>>16)&0xffff
  419  00001474  24c633e4	addui	r6,r6,(LC18_LF0)&0xffff
  420  00001478  afa60000	sw	(r29),r6
  421  0000147c  afa10004	sw	4(r29),r1
  422  00001480  0c000214	jal	_Printf
  423  00001484  54000000	nop; not filled.
  424  00001488  20020000	addi	r2,r0,#0
  425  0000148c  23bd0008	addi	r29,r29,#8
  426  00001490  23c4ffe8	addi	r4,r30,#-24
  427  00001494          	L27_LF0:
  428  00001494  23bdfff8	addi	r29,r29,#-8
  429  00001498  3c060000	lhi	r6,((LC19_LF0)>>16)&0xffff
  430  0000149c  24c63424	addui	r6,r6,(LC19_LF0)&0xffff
  431  000014a0  afa60000	sw	(r29),r6
  432  000014a4  afa20004	sw	4(r29),r2
  433  000014a8  0c0001ec	jal	_Printf
  434  000014ac  54000000	nop; not filled.
  435  000014b0  23bdfff8	addi	r29,r29,#-8
  436  000014b4  3c060000	lhi	r6,((LC20_LF0)>>16)&0xffff
  437  000014b8  24c6343c	addui	r6,r6,(LC20_LF0)&0xffff
  438  000014bc  afa60000	sw	(r29),r6
  439  000014c0  afa40004	sw	4(r29),r4
  440  000014c4  20060000	addi	r6,r0,#0
  441  000014c8  afa60008	sw	8(r29),r6
  442  000014cc  0c0001e0	jal	_process_create
  443  000014d0  54000000	nop; not filled.
  444  000014d4  23bd0010	addi	r29,r29,#16
  445  000014d8  20420001	addi	r2,r2,#1
  446  000014dc  7041001d	slei	r1,r2,#29
  447  000014e0  1420ffb0	bnez	r1,L27_LF0
  448  000014e4  54000000	nop; not filled.
  449  000014e8  23bdfff8	addi	r29,r29,#-8
  450  000014ec  afa30000	sw	(r29),r3
  451  000014f0  0c0001ec	jal	_sem_wait
  452  000014f4  54000000	nop; not filled.
  453  000014f8  23bd0008	addi	r29,r29,#8
  454  000014fc  64210001	snei	r1,r1,#1
  455  00001500  10200034	beqz	r1,L29_LF0
  456  00001504  54000000	nop; not filled.
  457  00001508  23bdfff0	addi	r29,r29,#-16
  458  0000150c  3c060000	lhi	r6,((LC6_LF0)>>16)&0xffff
  459  00001510  24c63178	addui	r6,r6,(LC6_LF0)&0xffff
  460  00001514  afa60000	sw	(r29),r6
  461  00001518  afa30004	sw	4(r29),r3
  462  0000151c  8ca60000	lw	r6,(r5)
  463  00001520  afa60008	sw	8(r29),r6
  464  00001524  0c000170	jal	_Printf
  465  00001528  54000000	nop; not filled.
  466  0000152c  0c000270	jal	_Exit
  467  00001530  54000000	nop; not filled.
  468  00001534  23bd0010	addi	r29,r29,#16
  469  00001538          	L29_LF0:
  470  00001538  23bdfff8	addi	r29,r29,#-8
  471  0000153c  3c060000	lhi	r6,((LC21_LF0)>>16)&0xffff
  472  00001540  24c6344c	addui	r6,r6,(LC21_LF0)&0xffff
  473  00001544  afa60000	sw	(r29),r6
  474  00001548  0c00014c	jal	_Printf
  475  0000154c  54000000	nop; not filled.
  476  00001550  3c060000	lhi	r6,((LC22_LF0)>>16)&0xffff
  477  00001554  24c63468	addui	r6,r6,(LC22_LF0)&0xffff
  478  00001558  afa60000	sw	(r29),r6
  479  0000155c  0c000138	jal	_Printf
  480  00001560  54000000	nop; not filled.
  481  00001564  0c00013c	jal	_getpid
  482  00001568  54000000	nop; not filled.
  483  0000156c  3c060000	lhi	r6,((LC23_LF0)>>16)&0xffff
  484  00001570  24c634bc	addui	r6,r6,(LC23_LF0)&0xffff
  485  00001574  afa60000	sw	(r29),r6
  486  00001578  afa10004	sw	4(r29),r1
  487  0000157c  0c000118	jal	_Printf
  488  00001580  54000000	nop; not filled.
  489  00001584  23bdfff8	addi	r29,r29,#-8
  490  00001588  3c060000	lhi	r6,((LC24_LF0)>>16)&0xffff
  491  0000158c  24c63518	addui	r6,r6,(LC24_LF0)&0xffff
  492  00001590  afa60000	sw	(r29),r6
  493  00001594  23c1ffe8	addi	r1,r30,#-24
  494  00001598  afa10004	sw	4(r29),r1
  495  0000159c  20060000	addi	r6,r0,#0
  496  000015a0  afa60008	sw	8(r29),r6
  497  000015a4  0c000108	jal	_process_create
  498  000015a8  54000000	nop; not filled.
  499  000015ac  afa30000	sw	(r29),r3
  500  000015b0  0c00012c	jal	_sem_wait
  501  000015b4  54000000	nop; not filled.
  502  000015b8  23bd0010	addi	r29,r29,#16
  503  000015bc  64210001	snei	r1,r1,#1
  504  000015c0  10200034	beqz	r1,L30_LF0
  505  000015c4  54000000	nop; not filled.
  506  000015c8  23bdfff0	addi	r29,r29,#-16
  507  000015cc  3c060000	lhi	r6,((LC6_LF0)>>16)&0xffff
  508  000015d0  24c63178	addui	r6,r6,(LC6_LF0)&0xffff
  509  000015d4  afa60000	sw	(r29),r6
  510  000015d8  afa30004	sw	4(r29),r3
  511  000015dc  8ca50000	lw	r5,(r5)
  512  000015e0  afa50008	sw	8(r29),r5
  513  000015e4  0c0000b0	jal	_Printf
  514  000015e8  54000000	nop; not filled.
  515  000015ec  0c0001b0	jal	_Exit
  516  000015f0  54000000	nop; not filled.
  517  000015f4  23bd0010	addi	r29,r29,#16
  518  000015f8          	L30_LF0:
  519  000015f8  23bdfff8	addi	r29,r29,#-8
  520  000015fc  3c060000	lhi	r6,((LC25_LF0)>>16)&0xffff
  521  00001600  24c63528	addui	r6,r6,(LC25_LF0)&0xffff
  522  00001604  afa60000	sw	(r29),r6
  523  00001608  0c00008c	jal	_Printf
  524  0000160c  54000000	nop; not filled.
  525  00001610  3c060000	lhi	r6,((LC26_LF0)>>16)&0xffff
  526  00001614  24c63544	addui	r6,r6,(LC26_LF0)&0xffff
  527  00001618  afa60000	sw	(r29),r6
  528  0000161c  0c000078	jal	_Printf
  529  00001620  54000000	nop; not filled.
  530  00001624  0c00007c	jal	_getpid
  531  00001628  54000000	nop; not filled.
  532  0000162c  3c060000	lhi	r6,((LC27_LF0)>>16)&0xffff
  533  00001630  24c6359c	addui	r6,r6,(LC27_LF0)&0xffff
  534  00001634  afa60000	sw	(r29),r6
  535  00001638  afa10004	sw	4(r29),r1
  536  0000163c  0c000058	jal	_Printf
  537  00001640  54000000	nop; not filled.
  538  00001644  23bd0008	addi	r29,r29,#8
  539  00001648  0c000f00	jal	_exit
  540  0000164c  54000000	nop
  541  00001650          	.endproc _main
  542                      ;;;
  543                      ;;; Stub functions for DLX traps.
  544                      ;;;
  545                      ;;; Ethan L. Miller, 1999.  Released to the public domain.
  546                      ;;;
  547                      ;;; The traps such as Open and Close
  548                      ;;; (note the capital letters) are for use by user programs.  The traps
  549                      ;;; with names such as open and close (lower case) are for use by the OS.
  550                      ;;;
  553  00001650          	.align 2
  555                      ;;; The following are the traps to be used by user-level programs
  556                      ;;;
  558  00001650          	.align 2
  559  00001650          	.proc _Open
  560  00001650          	.global _Open
  561  00001650          	_Open:
  562                      ;;; Note that trap #0x213 actually causes a trap vector in the OS of
  563                      ;;; 0x1213.  The same is true for other user traps.  Thus, a user trap
  564                      ;;; with trap #0x240 will result in a trap vector of 0x1240 in the OS.
  565  00001650  44000213	trap	#0x213
  566  00001654  4be00000	jr	r31
  567  00001658  54000000	nop
  568  0000165c          	.endproc _Open
  570  0000165c          	.proc _Close
  571  0000165c          	.global _Close
  572  0000165c          	_Close:
  573  0000165c  44000214	trap	#0x214
  574  00001660  4be00000	jr	r31
  575  00001664  54000000	nop
  576  00001668          	.endproc _Close
  578  00001668          	.proc _Read
  579  00001668          	.global _Read
  580  00001668          	_Read:
  581  00001668  44000210	trap	#0x210
  582  0000166c  4be00000	jr	r31
  583  00001670  54000000	nop
  584  00001674          	.endproc _Read
  586  00001674          	.proc _Write
  587  00001674          	.global _Write
  588  00001674          	_Write:
  589  00001674  44000211	trap	#0x211
  590  00001678  4be00000	jr	r31
  591  0000167c  54000000	nop
  592  00001680          	.endproc _Write
  594  00001680          	.proc _Lseek
  595  00001680          	.global _Lseek
  596  00001680          	_Lseek:
  597  00001680  44000212	trap	#0x212
  598  00001684  4be00000	jr	r31
  599  00001688  54000000	nop
  600  0000168c          	.endproc _Lseek
  602  0000168c          	.proc _Putchar
  603  0000168c          	.global _Putchar
  604  0000168c          	_Putchar:
  605  0000168c  44000280	trap	#0x280
  606  00001690  4be00000	jr	r31
  607  00001694  54000000	nop
  608  00001698          	.endproc _Putchar
  610  00001698          	.proc _Printf
  611  00001698          	.global _Printf
  612  00001698          	_Printf:
  613  00001698  44000201	trap	#0x201
  614  0000169c  4be00000	jr	r31
  615  000016a0  54000000	nop
  616  000016a4          	.endproc _Printf
  618  000016a4          	.proc _getpid
  619  000016a4          	.global _getpid
  620  000016a4          	_getpid:
  621  000016a4  44000431	trap	#0x431
  622  000016a8  4be00000	jr	r31
  623  000016ac  54000000	nop
  624  000016b0          	.endproc _getpid
  626  000016b0          	.proc _process_create
  627  000016b0          	.global _process_create
  628  000016b0          	_process_create:
  629  000016b0  44000432	trap	#0x432
  630  000016b4  4be00000	jr	r31
  631  000016b8  54000000	nop
  632  000016bc          	.endproc _process_create
  634  000016bc          	.proc _shmget
  635  000016bc          	.global _shmget
  636  000016bc          	_shmget:
  637  000016bc  44000440	trap	#0x440
  638  000016c0  4be00000	jr	r31
  639  000016c4  54000000	nop
  640  000016c8          	.endproc _shmget
  642  000016c8          	.proc _shmat
  643  000016c8          	.global _shmat
  644  000016c8          	_shmat:
  645  000016c8  44000441	trap	#0x441
  646  000016cc  4be00000	jr	r31
  647  000016d0  54000000	nop
  648  000016d4          	.endproc _shmat
  650  000016d4          	.proc _sem_create
  651  000016d4          	.global _sem_create
  652  000016d4          	_sem_create:
  653  000016d4  44000450	trap	#0x450
  654  000016d8  4be00000	jr	r31
  655  000016dc  54000000	nop
  656  000016e0          	.endproc _sem_create
  658  000016e0          	.proc _sem_wait
  659  000016e0          	.global _sem_wait
  660  000016e0          	_sem_wait:
  661  000016e0  44000451	trap	#0x451
  662  000016e4  4be00000	jr	r31
  663  000016e8  54000000	nop
  664  000016ec          	.endproc _sem_wait
  666  000016ec          	.proc _sem_signal
  667  000016ec          	.global _sem_signal
  668  000016ec          	_sem_signal:
  669  000016ec  44000452	trap	#0x452
  670  000016f0  4be00000	jr	r31
  671  000016f4  54000000	nop
  672  000016f8          	.endproc _sem_signal
  674  000016f8          	.proc _lock_create
  675  000016f8          	.global _lock_create
  676  000016f8          	_lock_create:
  677  000016f8  44000453	trap	#0x453
  678  000016fc  4be00000	jr	r31
  679  00001700  54000000	nop
  680  00001704          	.endproc _lock_create
  682  00001704          	.proc _lock_acquire
  683  00001704          	.global _lock_acquire
  684  00001704          	_lock_acquire:
  685  00001704  44000454	trap	#0x454
  686  00001708  4be00000	jr	r31
  687  0000170c  54000000	nop
  688  00001710          	.endproc _lock_acquire
  690  00001710          	.proc _lock_release
  691  00001710          	.global _lock_release
  692  00001710          	_lock_release:
  693  00001710  44000455	trap	#0x455
  694  00001714  4be00000	jr	r31
  695  00001718  54000000	nop
  696  0000171c          	.endproc _lock_release
  698  0000171c          	.proc _cond_create
  699  0000171c          	.global _cond_create
  700  0000171c          	_cond_create:
  701  0000171c  44000456	trap	#0x456
  702  00001720  4be00000	jr	r31
  703  00001724  54000000	nop
  704  00001728          	.endproc _cond_create
  706  00001728          	.proc _cond_wait
  707  00001728          	.global _cond_wait
  708  00001728          	_cond_wait:
  709  00001728  44000457	trap	#0x457
  710  0000172c  4be00000	jr	r31
  711  00001730  54000000	nop
  712  00001734          	.endproc _cond_wait
  714  00001734          	.proc _cond_signal
  715  00001734          	.global _cond_signal
  716  00001734          	_cond_signal:
  717  00001734  44000458	trap	#0x458
  718  00001738  4be00000	jr	r31
  719  0000173c  54000000	nop
  720  00001740          	.endproc _cond_signal
  722  00001740          	.proc _cond_broadcast
  723  00001740          	.global _cond_broadcast
  724  00001740          	_cond_broadcast:
  725  00001740  44000459	trap	#0x459
  726  00001744  4be00000	jr	r31
  727  00001748  54000000	nop
  728  0000174c          	.endproc _cond_broadcast
  730  0000174c          	.proc _mbox_create
  731  0000174c          	.global _mbox_create
  732  0000174c          	_mbox_create:
  733  0000174c  44000460	trap	#0x460
  734  00001750  4be00000	jr	r31
  735  00001754  54000000	nop
  736  00001758          	.endproc _mbox_create
  738  00001758          	.proc _mbox_open
  739  00001758          	.global _mbox_open
  740  00001758          	_mbox_open:
  741  00001758  44000461	trap	#0x461
  742  0000175c  4be00000	jr	r31
  743  00001760  54000000	nop
  744  00001764          	.endproc _mbox_open
  746  00001764          	.proc _mbox_close
  747  00001764          	.global _mbox_close
  748  00001764          	_mbox_close:
  749  00001764  44000462	trap	#0x462
  750  00001768  4be00000	jr	r31
  751  0000176c  54000000	nop
  752  00001770          	.endproc _mbox_close
  754  00001770          	.proc _mbox_send
  755  00001770          	.global _mbox_send
  756  00001770          	_mbox_send:
  757  00001770  44000463	trap	#0x463
  758  00001774  4be00000	jr	r31
  759  00001778  54000000	nop
  760  0000177c          	.endproc _mbox_send
  762  0000177c          	.proc _mbox_recv
  763  0000177c          	.global _mbox_recv
  764  0000177c          	_mbox_recv:
  765  0000177c  44000464	trap	#0x464
  766  00001780  4be00000	jr	r31
  767  00001784  54000000	nop
  768  00001788          	.endproc _mbox_recv
  770  00001788          	.proc _sleep
  771  00001788          	.global _sleep
  772  00001788          	_sleep:
  773  00001788  44000465	trap	#0x465
  774  0000178c  4be00000	jr	r31
  775  00001790  54000000	nop
  776  00001794          	.endproc _sleep
  778  00001794          	.proc _yield
  779  00001794          	.global _yield
  780  00001794          	_yield:
  781  00001794  44000466	trap	#0x466
  782  00001798  4be00000	jr	r31
  783  0000179c  54000000	nop
  784  000017a0          	.endproc _yield
  787  000017a0          	.proc _Exit
  788  000017a0          	.global _Exit
  789  000017a0          	_Exit:
  790  000017a0  44000500	trap	#0x500
  791  000017a4  4be00000	jr	r31
  792  000017a8  54000000	nop
  793  000017ac          	.endproc _Exit
  796  000017ac          	.proc _malloc
  797  000017ac          	.global _malloc
  798  000017ac          	_malloc:
  799  000017ac  44000467	trap	#0x467
  800  000017b0  4be00000	jr	r31
  801  000017b4          	.endproc _malloc
  804  000017b4          	.proc _mfree
  805  000017b4          	.global _mfree
  806  000017b4          	_mfree:
  807  000017b4  44000468	trap	#0x468
  808  000017b8  4be00000	jr	r31
  809  000017bc          	.endproc _mfree
  810                      ; Compiled by GCC
  812  000017bc          	.align 2
  813  000017bc          	.proc _isspace
  814  000017bc          	.global _isspace
  815  000017bc          	_isspace:
  816                      ;  Function 'isspace'; 0 bytes of locals, 3 regs to save.
  817  000017bc  afbefffc	sw	-4(r29),r30; push fp
  818  000017c0  001df020	add	r30,r0,r29; fp = sp
  819  000017c4  afbffff8	sw	-8(r29),r31; push ret addr
  820  000017c8  2fbd0018	subui	r29,r29,#24; alloc local storage
  821  000017cc  afa20000	sw	0(r29),r2
  822  000017d0  afa30004	sw	4(r29),r3
  823  000017d4  afa40008	sw	8(r29),r4
  824  000017d8  83c20003	lb	r2,3(r30)
  825  000017dc  20010000	addi	r1,r0,#0
  826  000017e0  304300ff	andi	r3,r2,#0x00ff
  827  000017e4  60640020	seqi	r4,r3,#32
  828  000017e8  1480002c	bnez	r4,L3_LF2
  829  000017ec  54000000	nop; delay slot nop
  830  000017f0  304300ff	andi	r3,r2,#0x00ff
  831  000017f4  60640009	seqi	r4,r3,#9
  832  000017f8  1480001c	bnez	r4,L3_LF2
  833  000017fc  54000000	nop; delay slot nop
  834  00001800  304300ff	andi	r3,r2,#0x00ff
  835  00001804  6064000a	seqi	r4,r3,#10
  836  00001808  1480000c	bnez	r4,L3_LF2
  837  0000180c  54000000	nop; delay slot nop
  838  00001810  08000008	j	L2_LF2
  839  00001814  54000000	nop; delay slot nop
  840  00001818          	L3_LF2:
  841  00001818  20010001	addi	r1,r0,#1
  842  0000181c          	L2_LF2:
  843  0000181c  08000004	j	L1_LF2
  844  00001820  54000000	nop; delay slot nop
  845  00001824          	L1_LF2:
  846  00001824  8fa20000	lw	r2,0(r29)
  847  00001828  8fa30004	lw	r3,4(r29)
  848  0000182c  8fa40008	lw	r4,8(r29)
  849  00001830  8fdffff8	lw	r31,-8(r30)
  850  00001834  001ee820	add	r29,r0,r30
  851  00001838  8fdefffc	lw	r30,-4(r30)
  852  0000183c  4be00000	jr	r31
  853  00001840  54000000	nop
  854  00001844          	.endproc _isspace
  855  00001844          	.align 2
  856  00001844          	.proc _isxdigit
  857  00001844          	.global _isxdigit
  858  00001844          	_isxdigit:
  859                      ;  Function 'isxdigit'; 0 bytes of locals, 3 regs to save.
  860  00001844  afbefffc	sw	-4(r29),r30; push fp
  861  00001848  001df020	add	r30,r0,r29; fp = sp
  862  0000184c  afbffff8	sw	-8(r29),r31; push ret addr
  863  00001850  2fbd0018	subui	r29,r29,#24; alloc local storage
  864  00001854  afa20000	sw	0(r29),r2
  865  00001858  afa30004	sw	4(r29),r3
  866  0000185c  afa40008	sw	8(r29),r4
  867  00001860  83c20003	lb	r2,3(r30)
  868  00001864  20010000	addi	r1,r0,#0
  869  00001868  304300ff	andi	r3,r2,#0x00ff
  870  0000186c  6c64002f	sgtui	r4,r3,#47
  871  00001870  1080001c	beqz	r4,L7_LF2
  872  00001874  54000000	nop; delay slot nop
  873  00001878  304300ff	andi	r3,r2,#0x00ff
  874  0000187c  70640039	sleui	r4,r3,#57
  875  00001880  1480005c	bnez	r4,L6_LF2
  876  00001884  54000000	nop; delay slot nop
  877  00001888  08000004	j	L7_LF2
  878  0000188c  54000000	nop; delay slot nop
  879  00001890          	L7_LF2:
  880  00001890  304300ff	andi	r3,r2,#0x00ff
  881  00001894  6c640060	sgtui	r4,r3,#96
  882  00001898  1080001c	beqz	r4,L8_LF2
  883  0000189c  54000000	nop; delay slot nop
  884  000018a0  304300ff	andi	r3,r2,#0x00ff
  885  000018a4  70640066	sleui	r4,r3,#102
  886  000018a8  14800034	bnez	r4,L6_LF2
  887  000018ac  54000000	nop; delay slot nop
  888  000018b0  08000004	j	L8_LF2
  889  000018b4  54000000	nop; delay slot nop
  890  000018b8          	L8_LF2:
  891  000018b8  304300ff	andi	r3,r2,#0x00ff
  892  000018bc  6c640040	sgtui	r4,r3,#64
  893  000018c0  10800020	beqz	r4,L5_LF2
  894  000018c4  54000000	nop; delay slot nop
  895  000018c8  304300ff	andi	r3,r2,#0x00ff
  896  000018cc  70640041	sleui	r4,r3,#65
  897  000018d0  1480000c	bnez	r4,L6_LF2
  898  000018d4  54000000	nop; delay slot nop
  899  000018d8  08000008	j	L5_LF2
  900  000018dc  54000000	nop; delay slot nop
  901  000018e0          	L6_LF2:
  902  000018e0  20010001	addi	r1,r0,#1
  903  000018e4          	L5_LF2:
  904  000018e4  08000004	j	L4_LF2
  905  000018e8  54000000	nop; delay slot nop
  906  000018ec          	L4_LF2:
  907  000018ec  8fa20000	lw	r2,0(r29)
  908  000018f0  8fa30004	lw	r3,4(r29)
  909  000018f4  8fa40008	lw	r4,8(r29)
  910  000018f8  8fdffff8	lw	r31,-8(r30)
  911  000018fc  001ee820	add	r29,r0,r30
  912  00001900  8fdefffc	lw	r30,-4(r30)
  913  00001904  4be00000	jr	r31
  914  00001908  54000000	nop
  915  0000190c          	.endproc _isxdigit
  916  0000190c          	.align 2
  917  0000190c          	.proc _dstrcpy
  918  0000190c          	.global _dstrcpy
  919  0000190c          	_dstrcpy:
  920                      ;  Function 'dstrcpy'; 8 bytes of locals, 2 regs to save.
  921  0000190c  afbefffc	sw	-4(r29),r30; push fp
  922  00001910  001df020	add	r30,r0,r29; fp = sp
  923  00001914  afbffff8	sw	-8(r29),r31; push ret addr
  924  00001918  2fbd0018	subui	r29,r29,#24; alloc local storage
  925  0000191c  afa20000	sw	0(r29),r2
  926  00001920  afa30004	sw	4(r29),r3
  927  00001924  8fc10000	lw	r1,(r30)
  928  00001928  afc1fff4	sw	-12(r30),r1
  929  0000192c          	L10_LF2:
  930  0000192c  8fc10000	lw	r1,(r30)
  931  00001930  20220001	addi	r2,r1,#1
  932  00001934  afc20000	sw	(r30),r2
  933  00001938  8fc20004	lw	r2,4(r30)
  934  0000193c  20430001	addi	r3,r2,#1
  935  00001940  afc30004	sw	4(r30),r3
  936  00001944  80420000	lb	r2,(r2)
  937  00001948  a0220000	sb	(r1),r2
  938  0000194c  a3c2fff3	sb	-13(r30),r2
  939  00001950          	L12_LF2:
  940  00001950  93c1fff3	lbu	r1,-13(r30)
  941  00001954  64220000	snei	r2,r1,#0
  942  00001958  1440000c	bnez	r2,L13_LF2
  943  0000195c  54000000	nop; delay slot nop
  944  00001960  0800000c	j	L11_LF2
  945  00001964  54000000	nop; delay slot nop
  946  00001968          	L13_LF2:
  947  00001968  0bffffc0	j	L10_LF2
  948  0000196c  54000000	nop; delay slot nop
  949  00001970          	L11_LF2:
  950  00001970  8fc1fff4	lw	r1,-12(r30)
  951  00001974  08000004	j	L9_LF2
  952  00001978  54000000	nop; delay slot nop
  953  0000197c          	L9_LF2:
  954  0000197c  8fa20000	lw	r2,0(r29)
  955  00001980  8fa30004	lw	r3,4(r29)
  956  00001984  8fdffff8	lw	r31,-8(r30)
  957  00001988  001ee820	add	r29,r0,r30
  958  0000198c  8fdefffc	lw	r30,-4(r30)
  959  00001990  4be00000	jr	r31
  960  00001994  54000000	nop
  961  00001998          	.endproc _dstrcpy
  962  00001998          	.align 2
  963  00001998          	.proc _dstrncpy
  964  00001998          	.global _dstrncpy
  965  00001998          	_dstrncpy:
  966                      ;  Function 'dstrncpy'; 8 bytes of locals, 2 regs to save.
  967  00001998  afbefffc	sw	-4(r29),r30; push fp
  968  0000199c  001df020	add	r30,r0,r29; fp = sp
  969  000019a0  afbffff8	sw	-8(r29),r31; push ret addr
  970  000019a4  2fbd0018	subui	r29,r29,#24; alloc local storage
  971  000019a8  afa20000	sw	0(r29),r2
  972  000019ac  afa30004	sw	4(r29),r3
  973  000019b0  8fc10000	lw	r1,(r30)
  974  000019b4  afc1fff4	sw	-12(r30),r1
  975  000019b8          	L15_LF2:
  976  000019b8  8fc10008	lw	r1,8(r30)
  977  000019bc  2022ffff	addi	r2,r1,#-1
  978  000019c0  afc20008	sw	8(r30),r2
  979  000019c4  70210000	slei	r1,r1,#0
  980  000019c8  1020000c	beqz	r1,L18_LF2
  981  000019cc  54000000	nop; delay slot nop
  982  000019d0  08000048	j	L16_LF2
  983  000019d4  54000000	nop; delay slot nop
  984  000019d8          	L18_LF2:
  985  000019d8  8fc10000	lw	r1,(r30)
  986  000019dc  20220001	addi	r2,r1,#1
  987  000019e0  afc20000	sw	(r30),r2
  988  000019e4  8fc20004	lw	r2,4(r30)
  989  000019e8  20430001	addi	r3,r2,#1
  990  000019ec  afc30004	sw	4(r30),r3
  991  000019f0  80420000	lb	r2,(r2)
  992  000019f4  a0220000	sb	(r1),r2
  993  000019f8  a3c2fff3	sb	-13(r30),r2
  994  000019fc          	L17_LF2:
  995  000019fc  93c1fff3	lbu	r1,-13(r30)
  996  00001a00  64220000	snei	r2,r1,#0
  997  00001a04  1440000c	bnez	r2,L19_LF2
  998  00001a08  54000000	nop; delay slot nop
  999  00001a0c  0800000c	j	L16_LF2
 1000  00001a10  54000000	nop; delay slot nop
 1001  00001a14          	L19_LF2:
 1002  00001a14  0bffffa0	j	L15_LF2
 1003  00001a18  54000000	nop; delay slot nop
 1004  00001a1c          	L16_LF2:
 1005  00001a1c  8fc1fff4	lw	r1,-12(r30)
 1006  00001a20  08000004	j	L14_LF2
 1007  00001a24  54000000	nop; delay slot nop
 1008  00001a28          	L14_LF2:
 1009  00001a28  8fa20000	lw	r2,0(r29)
 1010  00001a2c  8fa30004	lw	r3,4(r29)
 1011  00001a30  8fdffff8	lw	r31,-8(r30)
 1012  00001a34  001ee820	add	r29,r0,r30
 1013  00001a38  8fdefffc	lw	r30,-4(r30)
 1014  00001a3c  4be00000	jr	r31
 1015  00001a40  54000000	nop
 1016  00001a44          	.endproc _dstrncpy
 1017  00001a44          	.align 2
 1018  00001a44          	.proc _dstrcat
 1019  00001a44          	.global _dstrcat
 1020  00001a44          	_dstrcat:
 1021                      ;  Function 'dstrcat'; 8 bytes of locals, 1 regs to save.
 1022  00001a44  afbefffc	sw	-4(r29),r30; push fp
 1023  00001a48  001df020	add	r30,r0,r29; fp = sp
 1024  00001a4c  afbffff8	sw	-8(r29),r31; push ret addr
 1025  00001a50  2fbd0018	subui	r29,r29,#24; alloc local storage
 1026  00001a54  afa20000	sw	0(r29),r2
 1027  00001a58  8fc10000	lw	r1,(r30)
 1028  00001a5c  afc1fff4	sw	-12(r30),r1
 1029  00001a60          	L21_LF2:
 1030  00001a60  8fc10000	lw	r1,(r30)
 1031  00001a64  90220000	lbu	r2,(r1)
 1032  00001a68  64410000	snei	r1,r2,#0
 1033  00001a6c  1420000c	bnez	r1,L23_LF2
 1034  00001a70  54000000	nop; delay slot nop
 1035  00001a74  0800001c	j	L22_LF2
 1036  00001a78  54000000	nop; delay slot nop
 1037  00001a7c          	L23_LF2:
 1038  00001a7c  8fc20000	lw	r2,(r30)
 1039  00001a80  20410001	addi	r1,r2,#1
 1040  00001a84  00011020	add	r2,r0,r1
 1041  00001a88  afc20000	sw	(r30),r2
 1042  00001a8c  0bffffd0	j	L21_LF2
 1043  00001a90  54000000	nop; delay slot nop
 1044  00001a94          	L22_LF2:
 1045  00001a94  23bdfff8	addi	r29,r29,#-8
 1046  00001a98  001d0820	add	r1,r0,r29
 1047  00001a9c  8fc20000	lw	r2,(r30)
 1048  00001aa0  ac220000	sw	(r1),r2
 1049  00001aa4  8fc20004	lw	r2,4(r30)
 1050  00001aa8  ac220004	sw	4(r1),r2
 1051  00001aac  0ffffe5c	jal	_dstrcpy
 1052  00001ab0  54000000	nop; delay slot nop
 1053  00001ab4  23bd0008	addi	r29,r29,#8
 1054  00001ab8  8fc1fff4	lw	r1,-12(r30)
 1055  00001abc  08000004	j	L20_LF2
 1056  00001ac0  54000000	nop; delay slot nop
 1057  00001ac4          	L20_LF2:
 1058  00001ac4  8fa20000	lw	r2,0(r29)
 1059  00001ac8  8fdffff8	lw	r31,-8(r30)
 1060  00001acc  001ee820	add	r29,r0,r30
 1061  00001ad0  8fdefffc	lw	r30,-4(r30)
 1062  00001ad4  4be00000	jr	r31
 1063  00001ad8  54000000	nop
 1064  00001adc          	.endproc _dstrcat
 1065  00001adc          	.align 2
 1066  00001adc          	.proc _dstrncmp
 1067  00001adc          	.global _dstrncmp
 1068  00001adc          	_dstrncmp:
 1069                      ;  Function 'dstrncmp'; 8 bytes of locals, 2 regs to save.
 1070  00001adc  afbefffc	sw	-4(r29),r30; push fp
 1071  00001ae0  001df020	add	r30,r0,r29; fp = sp
 1072  00001ae4  afbffff8	sw	-8(r29),r31; push ret addr
 1073  00001ae8  2fbd0018	subui	r29,r29,#24; alloc local storage
 1074  00001aec  afa20000	sw	0(r29),r2
 1075  00001af0  afa30004	sw	4(r29),r3
 1076  00001af4  54000000	nop
 1077  00001af8  20010000	addi	r1,r0,#0
 1078  00001afc  afc1fff4	sw	-12(r30),r1
 1079  00001b00          	L25_LF2:
 1080  00001b00  8fc1fff4	lw	r1,-12(r30)
 1081  00001b04  8fc20008	lw	r2,8(r30)
 1082  00001b08  0022082a	slt	r1,r1,r2
 1083  00001b0c  1420000c	bnez	r1,L28_LF2
 1084  00001b10  54000000	nop; delay slot nop
 1085  00001b14  08000088	j	L26_LF2
 1086  00001b18  54000000	nop; delay slot nop
 1087  00001b1c          	L28_LF2:
 1088  00001b1c  8fc10004	lw	r1,4(r30)
 1089  00001b20  90220000	lbu	r2,(r1)
 1090  00001b24  64410000	snei	r1,r2,#0
 1091  00001b28  14200018	bnez	r1,L29_LF2
 1092  00001b2c  54000000	nop; delay slot nop
 1093  00001b30  20010000	addi	r1,r0,#0
 1094  00001b34  080000d8	j	L24_LF2
 1095  00001b38  54000000	nop; delay slot nop
 1096  00001b3c  08000028	j	L30_LF2
 1097  00001b40  54000000	nop; delay slot nop
 1098  00001b44          	L29_LF2:
 1099  00001b44  8fc10000	lw	r1,(r30)
 1100  00001b48  8fc20004	lw	r2,4(r30)
 1101  00001b4c  90210000	lbu	r1,(r1)
 1102  00001b50  90420000	lbu	r2,(r2)
 1103  00001b54  00220829	sne	r1,r1,r2
 1104  00001b58  1020000c	beqz	r1,L30_LF2
 1105  00001b5c  54000000	nop; delay slot nop
 1106  00001b60  0800003c	j	L26_LF2
 1107  00001b64  54000000	nop; delay slot nop
 1108  00001b68          	L31_LF2:
 1109  00001b68          	L30_LF2:
 1110  00001b68  8fc20000	lw	r2,(r30)
 1111  00001b6c  20410001	addi	r1,r2,#1
 1112  00001b70  00011020	add	r2,r0,r1
 1113  00001b74  afc20000	sw	(r30),r2
 1114  00001b78  8fc20004	lw	r2,4(r30)
 1115  00001b7c  20410001	addi	r1,r2,#1
 1116  00001b80  00011020	add	r2,r0,r1
 1117  00001b84  afc20004	sw	4(r30),r2
 1118  00001b88          	L27_LF2:
 1119  00001b88  8fc2fff4	lw	r2,-12(r30)
 1120  00001b8c  20410001	addi	r1,r2,#1
 1121  00001b90  00011020	add	r2,r0,r1
 1122  00001b94  afc2fff4	sw	-12(r30),r2
 1123  00001b98  0bffff64	j	L25_LF2
 1124  00001b9c  54000000	nop; delay slot nop
 1125  00001ba0          	L26_LF2:
 1126  00001ba0  8fc1fff4	lw	r1,-12(r30)
 1127  00001ba4  8fc20008	lw	r2,8(r30)
 1128  00001ba8  00220828	seq	r1,r1,r2
 1129  00001bac  10200018	beqz	r1,L32_LF2
 1130  00001bb0  54000000	nop; delay slot nop
 1131  00001bb4  20010000	addi	r1,r0,#0
 1132  00001bb8  08000054	j	L24_LF2
 1133  00001bbc  54000000	nop; delay slot nop
 1134  00001bc0  0800004c	j	L33_LF2
 1135  00001bc4  54000000	nop; delay slot nop
 1136  00001bc8          	L32_LF2:
 1137  00001bc8  8fc20000	lw	r2,(r30)
 1138  00001bcc  90410000	lbu	r1,(r2)
 1139  00001bd0  8fc20004	lw	r2,4(r30)
 1140  00001bd4  90430000	lbu	r3,(r2)
 1141  00001bd8  00230822	sub	r1,r1,r3
 1142  00001bdc  74220000	sgei	r2,r1,#0
 1143  00001be0  10400020	beqz	r2,L34_LF2
 1144  00001be4  54000000	nop; delay slot nop
 1145  00001be8  8fc10000	lw	r1,(r30)
 1146  00001bec  8fc20004	lw	r2,4(r30)
 1147  00001bf0  90210000	lbu	r1,(r1)
 1148  00001bf4  90420000	lbu	r2,(r2)
 1149  00001bf8  00220829	sne	r1,r1,r2
 1150  00001bfc  08000008	j	L35_LF2
 1151  00001c00  54000000	nop; delay slot nop
 1152  00001c04          	L34_LF2:
 1153  00001c04  2001ffff	addi	r1,r0,#-1
 1154  00001c08          	L35_LF2:
 1155  00001c08  08000004	j	L24_LF2
 1156  00001c0c  54000000	nop; delay slot nop
 1157  00001c10          	L33_LF2:
 1158  00001c10          	L24_LF2:
 1159  00001c10  8fa20000	lw	r2,0(r29)
 1160  00001c14  8fa30004	lw	r3,4(r29)
 1161  00001c18  8fdffff8	lw	r31,-8(r30)
 1162  00001c1c  001ee820	add	r29,r0,r30
 1163  00001c20  8fdefffc	lw	r30,-4(r30)
 1164  00001c24  4be00000	jr	r31
 1165  00001c28  54000000	nop
 1166  00001c2c          	.endproc _dstrncmp
 1167  00001c2c          	.align 2
 1168  00001c2c          	.proc _dstrlen
 1169  00001c2c          	.global _dstrlen
 1170  00001c2c          	_dstrlen:
 1171                      ;  Function 'dstrlen'; 8 bytes of locals, 1 regs to save.
 1172  00001c2c  afbefffc	sw	-4(r29),r30; push fp
 1173  00001c30  001df020	add	r30,r0,r29; fp = sp
 1174  00001c34  afbffff8	sw	-8(r29),r31; push ret addr
 1175  00001c38  2fbd0018	subui	r29,r29,#24; alloc local storage
 1176  00001c3c  afa20000	sw	0(r29),r2
 1177  00001c40  20010000	addi	r1,r0,#0
 1178  00001c44  afc1fff4	sw	-12(r30),r1
 1179  00001c48          	L37_LF2:
 1180  00001c48  8fc10000	lw	r1,(r30)
 1181  00001c4c  20220001	addi	r2,r1,#1
 1182  00001c50  afc20000	sw	(r30),r2
 1183  00001c54  90210000	lbu	r1,(r1)
 1184  00001c58  64220000	snei	r2,r1,#0
 1185  00001c5c  1440000c	bnez	r2,L39_LF2
 1186  00001c60  54000000	nop; delay slot nop
 1187  00001c64  0800001c	j	L38_LF2
 1188  00001c68  54000000	nop; delay slot nop
 1189  00001c6c          	L39_LF2:
 1190  00001c6c  8fc2fff4	lw	r2,-12(r30)
 1191  00001c70  20410001	addi	r1,r2,#1
 1192  00001c74  00011020	add	r2,r0,r1
 1193  00001c78  afc2fff4	sw	-12(r30),r2
 1194  00001c7c  0bffffc8	j	L37_LF2
 1195  00001c80  54000000	nop; delay slot nop
 1196  00001c84          	L38_LF2:
 1197  00001c84  8fc1fff4	lw	r1,-12(r30)
 1198  00001c88  08000004	j	L36_LF2
 1199  00001c8c  54000000	nop; delay slot nop
 1200  00001c90          	L36_LF2:
 1201  00001c90  8fa20000	lw	r2,0(r29)
 1202  00001c94  8fdffff8	lw	r31,-8(r30)
 1203  00001c98  001ee820	add	r29,r0,r30
 1204  00001c9c  8fdefffc	lw	r30,-4(r30)
 1205  00001ca0  4be00000	jr	r31
 1206  00001ca4  54000000	nop
 1207  00001ca8          	.endproc _dstrlen
 1208  00001ca8          	.align 2
 1209  00001ca8          	.proc _dstrstr
 1210  00001ca8          	.global _dstrstr
 1211  00001ca8          	_dstrstr:
 1212                      ;  Function 'dstrstr'; 8 bytes of locals, 1 regs to save.
 1213  00001ca8  afbefffc	sw	-4(r29),r30; push fp
 1214  00001cac  001df020	add	r30,r0,r29; fp = sp
 1215  00001cb0  afbffff8	sw	-8(r29),r31; push ret addr
 1216  00001cb4  2fbd0018	subui	r29,r29,#24; alloc local storage
 1217  00001cb8  afa20000	sw	0(r29),r2
 1218  00001cbc  23bdfff8	addi	r29,r29,#-8
 1219  00001cc0  001d0820	add	r1,r0,r29
 1220  00001cc4  8fc20004	lw	r2,4(r30)
 1221  00001cc8  ac220000	sw	(r1),r2
 1222  00001ccc  0fffff5c	jal	_dstrlen
 1223  00001cd0  54000000	nop; delay slot nop
 1224  00001cd4  23bd0008	addi	r29,r29,#8
 1225  00001cd8  afc1fff4	sw	-12(r30),r1
 1226  00001cdc          	L41_LF2:
 1227  00001cdc  8fc10000	lw	r1,(r30)
 1228  00001ce0  90220000	lbu	r2,(r1)
 1229  00001ce4  64410000	snei	r1,r2,#0
 1230  00001ce8  1420000c	bnez	r1,L43_LF2
 1231  00001cec  54000000	nop; delay slot nop
 1232  00001cf0  08000060	j	L42_LF2
 1233  00001cf4  54000000	nop; delay slot nop
 1234  00001cf8          	L43_LF2:
 1235  00001cf8  23bdfff0	addi	r29,r29,#-16
 1236  00001cfc  001d0820	add	r1,r0,r29
 1237  00001d00  8fc20000	lw	r2,(r30)
 1238  00001d04  ac220000	sw	(r1),r2
 1239  00001d08  8fc20004	lw	r2,4(r30)
 1240  00001d0c  ac220004	sw	4(r1),r2
 1241  00001d10  8fc2fff4	lw	r2,-12(r30)
 1242  00001d14  ac220008	sw	8(r1),r2
 1243  00001d18  0ffffdc0	jal	_dstrncmp
 1244  00001d1c  54000000	nop; delay slot nop
 1245  00001d20  23bd0010	addi	r29,r29,#16
 1246  00001d24  64220000	snei	r2,r1,#0
 1247  00001d28  14400010	bnez	r2,L44_LF2
 1248  00001d2c  54000000	nop; delay slot nop
 1249  00001d30  8fc10000	lw	r1,(r30)
 1250  00001d34  08000028	j	L40_LF2
 1251  00001d38  54000000	nop; delay slot nop
 1252  00001d3c          	L44_LF2:
 1253  00001d3c  8fc20000	lw	r2,(r30)
 1254  00001d40  20410001	addi	r1,r2,#1
 1255  00001d44  00011020	add	r2,r0,r1
 1256  00001d48  afc20000	sw	(r30),r2
 1257  00001d4c  0bffff8c	j	L41_LF2
 1258  00001d50  54000000	nop; delay slot nop
 1259  00001d54          	L42_LF2:
 1260  00001d54  20010000	addi	r1,r0,#0
 1261  00001d58  08000004	j	L40_LF2
 1262  00001d5c  54000000	nop; delay slot nop
 1263  00001d60          	L40_LF2:
 1264  00001d60  8fa20000	lw	r2,0(r29)
 1265  00001d64  8fdffff8	lw	r31,-8(r30)
 1266  00001d68  001ee820	add	r29,r0,r30
 1267  00001d6c  8fdefffc	lw	r30,-4(r30)
 1268  00001d70  4be00000	jr	r31
 1269  00001d74  54000000	nop
 1270  00001d78          	.endproc _dstrstr
 1271  00001d78          	.align 2
 1272  00001d78          	.proc _dmindex
 1273  00001d78          	.global _dmindex
 1274  00001d78          	_dmindex:
 1275                      ;  Function 'dmindex'; 8 bytes of locals, 1 regs to save.
 1276  00001d78  afbefffc	sw	-4(r29),r30; push fp
 1277  00001d7c  001df020	add	r30,r0,r29; fp = sp
 1278  00001d80  afbffff8	sw	-8(r29),r31; push ret addr
 1279  00001d84  2fbd0018	subui	r29,r29,#24; alloc local storage
 1280  00001d88  afa20000	sw	0(r29),r2
 1281  00001d8c  54000000	nop
 1282  00001d90          	L46_LF2:
 1283  00001d90  8fc10000	lw	r1,(r30)
 1284  00001d94  90220000	lbu	r2,(r1)
 1285  00001d98  64410000	snei	r1,r2,#0
 1286  00001d9c  1420000c	bnez	r1,L48_LF2
 1287  00001da0  54000000	nop; delay slot nop
 1288  00001da4  08000070	j	L47_LF2
 1289  00001da8  54000000	nop; delay slot nop
 1290  00001dac          	L48_LF2:
 1291  00001dac  8fc10004	lw	r1,4(r30)
 1292  00001db0  afc1fff4	sw	-12(r30),r1
 1293  00001db4          	L49_LF2:
 1294  00001db4  8fc1fff4	lw	r1,-12(r30)
 1295  00001db8  90220000	lbu	r2,(r1)
 1296  00001dbc  64410000	snei	r1,r2,#0
 1297  00001dc0  1420000c	bnez	r1,L52_LF2
 1298  00001dc4  54000000	nop; delay slot nop
 1299  00001dc8  08000044	j	L50_LF2
 1300  00001dcc  54000000	nop; delay slot nop
 1301  00001dd0          	L52_LF2:
 1302  00001dd0  8fc10000	lw	r1,(r30)
 1303  00001dd4  8fc2fff4	lw	r2,-12(r30)
 1304  00001dd8  90210000	lbu	r1,(r1)
 1305  00001ddc  90420000	lbu	r2,(r2)
 1306  00001de0  00220828	seq	r1,r1,r2
 1307  00001de4  10200010	beqz	r1,L51_LF2
 1308  00001de8  54000000	nop; delay slot nop
 1309  00001dec  8fc10000	lw	r1,(r30)
 1310  00001df0  08000030	j	L45_LF2
 1311  00001df4  54000000	nop; delay slot nop
 1312  00001df8          	L53_LF2:
 1313  00001df8          	L51_LF2:
 1314  00001df8  8fc2fff4	lw	r2,-12(r30)
 1315  00001dfc  20410001	addi	r1,r2,#1
 1316  00001e00  00011020	add	r2,r0,r1
 1317  00001e04  afc2fff4	sw	-12(r30),r2
 1318  00001e08  0bffffa8	j	L49_LF2
 1319  00001e0c  54000000	nop; delay slot nop
 1320  00001e10          	L50_LF2:
 1321  00001e10  0bffff7c	j	L46_LF2
 1322  00001e14  54000000	nop; delay slot nop
 1323  00001e18          	L47_LF2:
 1324  00001e18  20010000	addi	r1,r0,#0
 1325  00001e1c  08000004	j	L45_LF2
 1326  00001e20  54000000	nop; delay slot nop
 1327  00001e24          	L45_LF2:
 1328  00001e24  8fa20000	lw	r2,0(r29)
 1329  00001e28  8fdffff8	lw	r31,-8(r30)
 1330  00001e2c  001ee820	add	r29,r0,r30
 1331  00001e30  8fdefffc	lw	r30,-4(r30)
 1332  00001e34  4be00000	jr	r31
 1333  00001e38  54000000	nop
 1334  00001e3c          	.endproc _dmindex
 1335  00001e3c          	.align 2
 1336  00001e3c          	.proc _dindex
 1337  00001e3c          	.global _dindex
 1338  00001e3c          	_dindex:
 1339                      ;  Function 'dindex'; 0 bytes of locals, 1 regs to save.
 1340  00001e3c  afbefffc	sw	-4(r29),r30; push fp
 1341  00001e40  001df020	add	r30,r0,r29; fp = sp
 1342  00001e44  afbffff8	sw	-8(r29),r31; push ret addr
 1343  00001e48  2fbd0010	subui	r29,r29,#16; alloc local storage
 1344  00001e4c  afa20000	sw	0(r29),r2
 1345  00001e50  54000000	nop
 1346  00001e54          	L55_LF2:
 1347  00001e54  8fc10000	lw	r1,(r30)
 1348  00001e58  90220000	lbu	r2,(r1)
 1349  00001e5c  64410000	snei	r1,r2,#0
 1350  00001e60  1420000c	bnez	r1,L57_LF2
 1351  00001e64  54000000	nop; delay slot nop
 1352  00001e68  08000040	j	L56_LF2
 1353  00001e6c  54000000	nop; delay slot nop
 1354  00001e70          	L57_LF2:
 1355  00001e70  8fc10000	lw	r1,(r30)
 1356  00001e74  90220000	lbu	r2,(r1)
 1357  00001e78  8fc10004	lw	r1,4(r30)
 1358  00001e7c  00411028	seq	r2,r2,r1
 1359  00001e80  10400010	beqz	r2,L58_LF2
 1360  00001e84  54000000	nop; delay slot nop
 1361  00001e88  8fc10000	lw	r1,(r30)
 1362  00001e8c  08000028	j	L54_LF2
 1363  00001e90  54000000	nop; delay slot nop
 1364  00001e94          	L58_LF2:
 1365  00001e94  8fc20000	lw	r2,(r30)
 1366  00001e98  20410001	addi	r1,r2,#1
 1367  00001e9c  00011020	add	r2,r0,r1
 1368  00001ea0  afc20000	sw	(r30),r2
 1369  00001ea4  0bffffac	j	L55_LF2
 1370  00001ea8  54000000	nop; delay slot nop
 1371  00001eac          	L56_LF2:
 1372  00001eac  20010000	addi	r1,r0,#0
 1373  00001eb0  08000004	j	L54_LF2
 1374  00001eb4  54000000	nop; delay slot nop
 1375  00001eb8          	L54_LF2:
 1376  00001eb8  8fa20000	lw	r2,0(r29)
 1377  00001ebc  8fdffff8	lw	r31,-8(r30)
 1378  00001ec0  001ee820	add	r29,r0,r30
 1379  00001ec4  8fdefffc	lw	r30,-4(r30)
 1380  00001ec8  4be00000	jr	r31
 1381  00001ecc  54000000	nop
 1382  00001ed0          	.endproc _dindex
 1383  00001ed0          	.align 2
 1384  00001ed0          	.proc _ditoa
 1385  00001ed0          	.global _ditoa
 1386  00001ed0          	_ditoa:
 1387                      ;  Function 'ditoa'; 8 bytes of locals, 2 regs to save.
 1388  00001ed0  afbefffc	sw	-4(r29),r30; push fp
 1389  00001ed4  001df020	add	r30,r0,r29; fp = sp
 1390  00001ed8  afbffff8	sw	-8(r29),r31; push ret addr
 1391  00001edc  2fbd0018	subui	r29,r29,#24; alloc local storage
 1392  00001ee0  afa20000	sw	0(r29),r2
 1393  00001ee4  afa30004	sw	4(r29),r3
 1394  00001ee8  8fc10000	lw	r1,(r30)
 1395  00001eec  68220000	slti	r2,r1,#0
 1396  00001ef0  1040002c	beqz	r2,L60_LF2
 1397  00001ef4  54000000	nop; delay slot nop
 1398  00001ef8  8fc10004	lw	r1,4(r30)
 1399  00001efc  20220001	addi	r2,r1,#1
 1400  00001f00  afc20004	sw	4(r30),r2
 1401  00001f04  2002002d	addi	r2,r0,(#0x2d)&0xff
 1402  00001f08  a0220000	sb	(r1),r2
 1403  00001f0c  8fc10000	lw	r1,(r30)
 1404  00001f10  00011022	sub	r2,r0,r1
 1405  00001f14  afc20000	sw	(r30),r2
 1406  00001f18  08000118	j	L61_LF2
 1407  00001f1c  54000000	nop; delay slot nop
 1408  00001f20          	L60_LF2:
 1409  00001f20  8fc10000	lw	r1,(r30)
 1410  00001f24  64220000	snei	r2,r1,#0
 1411  00001f28  14400020	bnez	r2,L62_LF2
 1412  00001f2c  54000000	nop; delay slot nop
 1413  00001f30  8fc10004	lw	r1,4(r30)
 1414  00001f34  20220001	addi	r2,r1,#1
 1415  00001f38  afc20004	sw	4(r30),r2
 1416  00001f3c  20020030	addi	r2,r0,(#0x30)&0xff
 1417  00001f40  a0220000	sb	(r1),r2
 1418  00001f44  080000ec	j	L61_LF2
 1419  00001f48  54000000	nop; delay slot nop
 1420  00001f4c          	L62_LF2:
 1421  00001f4c  20010001	addi	r1,r0,#1
 1422  00001f50  afc1fff4	sw	-12(r30),r1
 1423  00001f54          	L64_LF2:
 1424  00001f54  8fc1fff4	lw	r1,-12(r30)
 1425  00001f58  8fc20000	lw	r2,(r30)
 1426  00001f5c  0022082c	sle	r1,r1,r2
 1427  00001f60  1420000c	bnez	r1,L66_LF2
 1428  00001f64  54000000	nop; delay slot nop
 1429  00001f68  08000024	j	L65_LF2
 1430  00001f6c  54000000	nop; delay slot nop
 1431  00001f70          	L67_LF2:
 1432  00001f70          	L66_LF2:
 1433  00001f70  8fc1fff4	lw	r1,-12(r30)
 1434  00001f74  00011820	add	r3,r0,r1
 1435  00001f78  50620002	slli	r2,r3,#0x2
 1436  00001f7c  00411020	add	r2,r2,r1
 1437  00001f80  50410001	slli	r1,r2,#0x1
 1438  00001f84  afc1fff4	sw	-12(r30),r1
 1439  00001f88  0bffffc8	j	L64_LF2
 1440  00001f8c  54000000	nop; delay slot nop
 1441  00001f90          	L65_LF2:
 1442  00001f90  54000000	nop
 1443  00001f94          	L68_LF2:
 1444  00001f94  8fc1fff4	lw	r1,-12(r30)
 1445  00001f98  2002000a	addi	r2,r0,#10
 1446  00001f9c  00200035	movi2fp	f0,r1
 1447  00001fa0  00400835	movi2fp	f1,r2
 1448  00001fa4  0401000f	div	f0,f0,f1
 1449  00001fa8  00000834	movfp2i	r1,f0
 1450  00001fac  afc1fff4	sw	-12(r30),r1
 1451  00001fb0  8fc10004	lw	r1,4(r30)
 1452  00001fb4  20220001	addi	r2,r1,#1
 1453  00001fb8  afc20004	sw	4(r30),r2
 1454  00001fbc  8fc20000	lw	r2,(r30)
 1455  00001fc0  8fc3fff4	lw	r3,-12(r30)
 1456  00001fc4  00400035	movi2fp	f0,r2
 1457  00001fc8  00600835	movi2fp	f1,r3
 1458  00001fcc  0401000f	div	f0,f0,f1
 1459  00001fd0  00001034	movfp2i	r2,f0
 1460  00001fd4  00021820	add	r3,r0,r2
 1461  00001fd8  20620030	addi	r2,r3,#48
 1462  00001fdc  a0220000	sb	(r1),r2
 1463  00001fe0  8fc10000	lw	r1,(r30)
 1464  00001fe4  8fc3fff4	lw	r3,-12(r30)
 1465  00001fe8  00200035	movi2fp	f0,r1
 1466  00001fec  00600835	movi2fp	f1,r3
 1467  00001ff0  0401000f	div	f0,f0,f1
 1468  00001ff4  00001034	movfp2i	r2,f0
 1469  00001ff8  8fc3fff4	lw	r3,-12(r30)
 1470  00001ffc  00400035	movi2fp	f0,r2
 1471  00002000  00600835	movi2fp	f1,r3
 1472  00002004  0401000e	mult	f0,f0,f1
 1473  00002008  00001034	movfp2i	r2,f0
 1474  0000200c  00220822	sub	r1,r1,r2
 1475  00002010  afc10000	sw	(r30),r1
 1476  00002014          	L70_LF2:
 1477  00002014  8fc1fff4	lw	r1,-12(r30)
 1478  00002018  6c220001	sgti	r2,r1,#1
 1479  0000201c  1440000c	bnez	r2,L71_LF2
 1480  00002020  54000000	nop; delay slot nop
 1481  00002024  0800000c	j	L61_LF2
 1482  00002028  54000000	nop; delay slot nop
 1483  0000202c          	L71_LF2:
 1484  0000202c  0bffff64	j	L68_LF2
 1485  00002030  54000000	nop; delay slot nop
 1486  00002034          	L69_LF2:
 1487  00002034          	L63_LF2:
 1488  00002034          	L61_LF2:
 1489  00002034  8fc10004	lw	r1,4(r30)
 1490  00002038  20020000	addi	r2,r0,(#0x0)&0xff
 1491  0000203c  a0220000	sb	(r1),r2
 1492  00002040          	L59_LF2:
 1493  00002040  8fa20000	lw	r2,0(r29)
 1494  00002044  8fa30004	lw	r3,4(r29)
 1495  00002048  8fdffff8	lw	r31,-8(r30)
 1496  0000204c  001ee820	add	r29,r0,r30
 1497  00002050  8fdefffc	lw	r30,-4(r30)
 1498  00002054  4be00000	jr	r31
 1499  00002058  54000000	nop
 1500  0000205c          	.endproc _ditoa
 1501  0000205c          	.align 2
 1502  0000205c          	.proc _dstrtol
 1503  0000205c          	.global _dstrtol
 1504  0000205c          	_dstrtol:
 1505                      ;  Function 'dstrtol'; 16 bytes of locals, 1 regs to save.
 1506  0000205c  afbefffc	sw	-4(r29),r30; push fp
 1507  00002060  001df020	add	r30,r0,r29; fp = sp
 1508  00002064  afbffff8	sw	-8(r29),r31; push ret addr
 1509  00002068  2fbd0020	subui	r29,r29,#32; alloc local storage
 1510  0000206c  afa20000	sw	0(r29),r2
 1511  00002070  20010000	addi	r1,r0,#0
 1512  00002074  afc1fff4	sw	-12(r30),r1
 1513  00002078          	L73_LF2:
 1514  00002078  8fc10000	lw	r1,(r30)
 1515  0000207c  90220000	lbu	r2,(r1)
 1516  00002080  60410020	seqi	r1,r2,#32
 1517  00002084  14200034	bnez	r1,L75_LF2
 1518  00002088  54000000	nop; delay slot nop
 1519  0000208c  8fc10000	lw	r1,(r30)
 1520  00002090  90220000	lbu	r2,(r1)
 1521  00002094  60410009	seqi	r1,r2,#9
 1522  00002098  14200020	bnez	r1,L75_LF2
 1523  0000209c  54000000	nop; delay slot nop
 1524  000020a0  8fc10000	lw	r1,(r30)
 1525  000020a4  90220000	lbu	r2,(r1)
 1526  000020a8  6041000a	seqi	r1,r2,#10
 1527  000020ac  1420000c	bnez	r1,L75_LF2
 1528  000020b0  54000000	nop; delay slot nop
 1529  000020b4  0800001c	j	L74_LF2
 1530  000020b8  54000000	nop; delay slot nop
 1531  000020bc          	L75_LF2:
 1532  000020bc  8fc20000	lw	r2,(r30)
 1533  000020c0  20410001	addi	r1,r2,#1
 1534  000020c4  00011020	add	r2,r0,r1
 1535  000020c8  afc20000	sw	(r30),r2
 1536  000020cc  0bffffa8	j	L73_LF2
 1537  000020d0  54000000	nop; delay slot nop
 1538  000020d4          	L74_LF2:
 1539  000020d4  8fc10004	lw	r1,4(r30)
 1540  000020d8  64220000	snei	r2,r1,#0
 1541  000020dc  10400010	beqz	r2,L76_LF2
 1542  000020e0  54000000	nop; delay slot nop
 1543  000020e4  8fc10004	lw	r1,4(r30)
 1544  000020e8  8fc20000	lw	r2,(r30)
 1545  000020ec  ac220000	sw	(r1),r2
 1546  000020f0          	L76_LF2:
 1547  000020f0  8fc10000	lw	r1,(r30)
 1548  000020f4  90220000	lbu	r2,(r1)
 1549  000020f8  64410000	snei	r1,r2,#0
 1550  000020fc  14200010	bnez	r1,L77_LF2
 1551  00002100  54000000	nop; delay slot nop
 1552  00002104  8fc1fff4	lw	r1,-12(r30)
 1553  00002108  08000294	j	L72_LF2
 1554  0000210c  54000000	nop; delay slot nop
 1555  00002110          	L77_LF2:
 1556  00002110  8fc10000	lw	r1,(r30)
 1557  00002114  90220000	lbu	r2,(r1)
 1558  00002118  6041002d	seqi	r1,r2,#45
 1559  0000211c  10200024	beqz	r1,L78_LF2
 1560  00002120  54000000	nop; delay slot nop
 1561  00002124  2001ffff	addi	r1,r0,#-1
 1562  00002128  afc1ffec	sw	-20(r30),r1
 1563  0000212c  8fc20000	lw	r2,(r30)
 1564  00002130  20410001	addi	r1,r2,#1
 1565  00002134  00011020	add	r2,r0,r1
 1566  00002138  afc20000	sw	(r30),r2
 1567  0000213c  0800000c	j	L79_LF2
 1568  00002140  54000000	nop; delay slot nop
 1569  00002144          	L78_LF2:
 1570  00002144  20010001	addi	r1,r0,#1
 1571  00002148  afc1ffec	sw	-20(r30),r1
 1572  0000214c          	L79_LF2:
 1573  0000214c  8fc10008	lw	r1,8(r30)
 1574  00002150  64220000	snei	r2,r1,#0
 1575  00002154  14400090	bnez	r2,L80_LF2
 1576  00002158  54000000	nop; delay slot nop
 1577  0000215c  8fc10000	lw	r1,(r30)
 1578  00002160  90220000	lbu	r2,(r1)
 1579  00002164  60410030	seqi	r1,r2,#48
 1580  00002168  10200074	beqz	r1,L81_LF2
 1581  0000216c  54000000	nop; delay slot nop
 1582  00002170  8fc20000	lw	r2,(r30)
 1583  00002174  20410001	addi	r1,r2,#1
 1584  00002178  00011020	add	r2,r0,r1
 1585  0000217c  afc20000	sw	(r30),r2
 1586  00002180  8fc10000	lw	r1,(r30)
 1587  00002184  90220000	lbu	r2,(r1)
 1588  00002188  60410078	seqi	r1,r2,#120
 1589  0000218c  14200020	bnez	r1,L83_LF2
 1590  00002190  54000000	nop; delay slot nop
 1591  00002194  8fc10000	lw	r1,(r30)
 1592  00002198  90220000	lbu	r2,(r1)
 1593  0000219c  60410058	seqi	r1,r2,#88
 1594  000021a0  1420000c	bnez	r1,L83_LF2
 1595  000021a4  54000000	nop; delay slot nop
 1596  000021a8  08000024	j	L82_LF2
 1597  000021ac  54000000	nop; delay slot nop
 1598  000021b0          	L83_LF2:
 1599  000021b0  20010010	addi	r1,r0,#16
 1600  000021b4  afc10008	sw	8(r30),r1
 1601  000021b8  8fc20000	lw	r2,(r30)
 1602  000021bc  20410001	addi	r1,r2,#1
 1603  000021c0  00011020	add	r2,r0,r1
 1604  000021c4  afc20000	sw	(r30),r2
 1605  000021c8  0800000c	j	L84_LF2
 1606  000021cc  54000000	nop; delay slot nop
 1607  000021d0          	L82_LF2:
 1608  000021d0  20010008	addi	r1,r0,#8
 1609  000021d4  afc10008	sw	8(r30),r1
 1610  000021d8          	L84_LF2:
 1611  000021d8  0800000c	j	L80_LF2
 1612  000021dc  54000000	nop; delay slot nop
 1613  000021e0          	L81_LF2:
 1614  000021e0  2001000a	addi	r1,r0,#10
 1615  000021e4  afc10008	sw	8(r30),r1
 1616  000021e8          	L85_LF2:
 1617  000021e8          	L80_LF2:
 1618  000021e8  8fc10008	lw	r1,8(r30)
 1619  000021ec  70220000	slei	r2,r1,#0
 1620  000021f0  1440001c	bnez	r2,L87_LF2
 1621  000021f4  54000000	nop; delay slot nop
 1622  000021f8  8fc10008	lw	r1,8(r30)
 1623  000021fc  6c220010	sgti	r2,r1,#16
 1624  00002200  1440000c	bnez	r2,L87_LF2
 1625  00002204  54000000	nop; delay slot nop
 1626  00002208  08000010	j	L86_LF2
 1627  0000220c  54000000	nop; delay slot nop
 1628  00002210          	L87_LF2:
 1629  00002210  8fc1fff4	lw	r1,-12(r30)
 1630  00002214  08000188	j	L72_LF2
 1631  00002218  54000000	nop; delay slot nop
 1632  0000221c          	L86_LF2:
 1633  0000221c  54000000	nop
 1634  00002220          	L88_LF2:
 1635  00002220  8fc10000	lw	r1,(r30)
 1636  00002224  90220000	lbu	r2,(r1)
 1637  00002228  6c41002f	sgtui	r1,r2,#47
 1638  0000222c  10200030	beqz	r1,L91_LF2
 1639  00002230  54000000	nop; delay slot nop
 1640  00002234  8fc10000	lw	r1,(r30)
 1641  00002238  90220000	lbu	r2,(r1)
 1642  0000223c  70410039	sleui	r1,r2,#57
 1643  00002240  1020001c	beqz	r1,L91_LF2
 1644  00002244  54000000	nop; delay slot nop
 1645  00002248  8fc10000	lw	r1,(r30)
 1646  0000224c  90220000	lbu	r2,(r1)
 1647  00002250  2041ffd0	addi	r1,r2,#-48
 1648  00002254  afc1fff0	sw	-16(r30),r1
 1649  00002258  0800008c	j	L92_LF2
 1650  0000225c  54000000	nop; delay slot nop
 1651  00002260          	L91_LF2:
 1652  00002260  8fc10000	lw	r1,(r30)
 1653  00002264  90220000	lbu	r2,(r1)
 1654  00002268  6c410060	sgtui	r1,r2,#96
 1655  0000226c  10200030	beqz	r1,L93_LF2
 1656  00002270  54000000	nop; delay slot nop
 1657  00002274  8fc10000	lw	r1,(r30)
 1658  00002278  90220000	lbu	r2,(r1)
 1659  0000227c  7041007a	sleui	r1,r2,#122
 1660  00002280  1020001c	beqz	r1,L93_LF2
 1661  00002284  54000000	nop; delay slot nop
 1662  00002288  8fc10000	lw	r1,(r30)
 1663  0000228c  90220000	lbu	r2,(r1)
 1664  00002290  2041ffa9	addi	r1,r2,#-87
 1665  00002294  afc1fff0	sw	-16(r30),r1
 1666  00002298  0800004c	j	L92_LF2
 1667  0000229c  54000000	nop; delay slot nop
 1668  000022a0          	L93_LF2:
 1669  000022a0  8fc10000	lw	r1,(r30)
 1670  000022a4  90220000	lbu	r2,(r1)
 1671  000022a8  6c410040	sgtui	r1,r2,#64
 1672  000022ac  10200030	beqz	r1,L95_LF2
 1673  000022b0  54000000	nop; delay slot nop
 1674  000022b4  8fc10000	lw	r1,(r30)
 1675  000022b8  90220000	lbu	r2,(r1)
 1676  000022bc  7041005a	sleui	r1,r2,#90
 1677  000022c0  1020001c	beqz	r1,L95_LF2
 1678  000022c4  54000000	nop; delay slot nop
 1679  000022c8  8fc10000	lw	r1,(r30)
 1680  000022cc  90220000	lbu	r2,(r1)
 1681  000022d0  2041ffc9	addi	r1,r2,#-55
 1682  000022d4  afc1fff0	sw	-16(r30),r1
 1683  000022d8  0800000c	j	L92_LF2
 1684  000022dc  54000000	nop; delay slot nop
 1685  000022e0          	L95_LF2:
 1686  000022e0  200103e8	addi	r1,r0,#1000
 1687  000022e4  afc1fff0	sw	-16(r30),r1
 1688  000022e8          	L96_LF2:
 1689  000022e8          	L94_LF2:
 1690  000022e8          	L92_LF2:
 1691  000022e8  8fc1fff0	lw	r1,-16(r30)
 1692  000022ec  8fc20008	lw	r2,8(r30)
 1693  000022f0  0022082a	slt	r1,r1,r2
 1694  000022f4  10200040	beqz	r1,L90_LF2
 1695  000022f8  54000000	nop; delay slot nop
 1696  000022fc  8fc1fff4	lw	r1,-12(r30)
 1697  00002300  8fc20008	lw	r2,8(r30)
 1698  00002304  00200035	movi2fp	f0,r1
 1699  00002308  00400835	movi2fp	f1,r2
 1700  0000230c  0401000e	mult	f0,f0,f1
 1701  00002310  00000834	movfp2i	r1,f0
 1702  00002314  afc1fff4	sw	-12(r30),r1
 1703  00002318  8fc1fff4	lw	r1,-12(r30)
 1704  0000231c  8fc2fff0	lw	r2,-16(r30)
 1705  00002320  00220820	add	r1,r1,r2
 1706  00002324  afc1fff4	sw	-12(r30),r1
 1707  00002328  8fc20000	lw	r2,(r30)
 1708  0000232c  20410001	addi	r1,r2,#1
 1709  00002330  00011020	add	r2,r0,r1
 1710  00002334  afc20000	sw	(r30),r2
 1711  00002338          	L97_LF2:
 1712  00002338          	L90_LF2:
 1713  00002338  8fc1fff0	lw	r1,-16(r30)
 1714  0000233c  8fc20008	lw	r2,8(r30)
 1715  00002340  0022082a	slt	r1,r1,r2
 1716  00002344  1420000c	bnez	r1,L98_LF2
 1717  00002348  54000000	nop; delay slot nop
 1718  0000234c  0800000c	j	L89_LF2
 1719  00002350  54000000	nop; delay slot nop
 1720  00002354          	L98_LF2:
 1721  00002354  0bfffec8	j	L88_LF2
 1722  00002358  54000000	nop; delay slot nop
 1723  0000235c          	L89_LF2:
 1724  0000235c  8fc10004	lw	r1,4(r30)
 1725  00002360  64220000	snei	r2,r1,#0
 1726  00002364  10400010	beqz	r2,L99_LF2
 1727  00002368  54000000	nop; delay slot nop
 1728  0000236c  8fc10004	lw	r1,4(r30)
 1729  00002370  8fc20000	lw	r2,(r30)
 1730  00002374  ac220000	sw	(r1),r2
 1731  00002378          	L99_LF2:
 1732  00002378  8fc1fff4	lw	r1,-12(r30)
 1733  0000237c  8fc2ffec	lw	r2,-20(r30)
 1734  00002380  00200035	movi2fp	f0,r1
 1735  00002384  00400835	movi2fp	f1,r2
 1736  00002388  0401000e	mult	f0,f0,f1
 1737  0000238c  00000834	movfp2i	r1,f0
 1738  00002390  afc1fff4	sw	-12(r30),r1
 1739  00002394  8fc1fff4	lw	r1,-12(r30)
 1740  00002398  08000004	j	L72_LF2
 1741  0000239c  54000000	nop; delay slot nop
 1742  000023a0          	L72_LF2:
 1743  000023a0  8fa20000	lw	r2,0(r29)
 1744  000023a4  8fdffff8	lw	r31,-8(r30)
 1745  000023a8  001ee820	add	r29,r0,r30
 1746  000023ac  8fdefffc	lw	r30,-4(r30)
 1747  000023b0  4be00000	jr	r31
 1748  000023b4  54000000	nop
 1749  000023b8          	.endproc _dstrtol
 1750  000023b8          	.align 2
 1751  000023b8          	.proc _bcopy
 1752  000023b8          	.global _bcopy
 1753  000023b8          	_bcopy:
 1754                      ;  Function 'bcopy'; 0 bytes of locals, 2 regs to save.
 1755  000023b8  afbefffc	sw	-4(r29),r30; push fp
 1756  000023bc  001df020	add	r30,r0,r29; fp = sp
 1757  000023c0  afbffff8	sw	-8(r29),r31; push ret addr
 1758  000023c4  2fbd0010	subui	r29,r29,#16; alloc local storage
 1759  000023c8  afa20000	sw	0(r29),r2
 1760  000023cc  afa30004	sw	4(r29),r3
 1761  000023d0  54000000	nop
 1762  000023d4          	L101_LF2:
 1763  000023d4  8fc10008	lw	r1,8(r30)
 1764  000023d8  2022ffff	addi	r2,r1,#-1
 1765  000023dc  afc20008	sw	8(r30),r2
 1766  000023e0  6c210000	sgti	r1,r1,#0
 1767  000023e4  1420000c	bnez	r1,L103_LF2
 1768  000023e8  54000000	nop; delay slot nop
 1769  000023ec  0800002c	j	L102_LF2
 1770  000023f0  54000000	nop; delay slot nop
 1771  000023f4          	L103_LF2:
 1772  000023f4  8fc10004	lw	r1,4(r30)
 1773  000023f8  20220001	addi	r2,r1,#1
 1774  000023fc  afc20004	sw	4(r30),r2
 1775  00002400  8fc20000	lw	r2,(r30)
 1776  00002404  20430001	addi	r3,r2,#1
 1777  00002408  afc30000	sw	(r30),r3
 1778  0000240c  80420000	lb	r2,(r2)
 1779  00002410  a0220000	sb	(r1),r2
 1780  00002414  0bffffbc	j	L101_LF2
 1781  00002418  54000000	nop; delay slot nop
 1782  0000241c          	L102_LF2:
 1783  0000241c          	L100_LF2:
 1784  0000241c  8fa20000	lw	r2,0(r29)
 1785  00002420  8fa30004	lw	r3,4(r29)
 1786  00002424  8fdffff8	lw	r31,-8(r30)
 1787  00002428  001ee820	add	r29,r0,r30
 1788  0000242c  8fdefffc	lw	r30,-4(r30)
 1789  00002430  4be00000	jr	r31
 1790  00002434  54000000	nop
 1791  00002438          	.endproc _bcopy
 1792  00002438          	.align 2
 1793  00002438          	.proc _bzero
 1794  00002438          	.global _bzero
 1795  00002438          	_bzero:
 1796                      ;  Function 'bzero'; 0 bytes of locals, 1 regs to save.
 1797  00002438  afbefffc	sw	-4(r29),r30; push fp
 1798  0000243c  001df020	add	r30,r0,r29; fp = sp
 1799  00002440  afbffff8	sw	-8(r29),r31; push ret addr
 1800  00002444  2fbd0010	subui	r29,r29,#16; alloc local storage
 1801  00002448  afa20000	sw	0(r29),r2
 1802  0000244c  54000000	nop
 1803  00002450          	L105_LF2:
 1804  00002450  8fc10004	lw	r1,4(r30)
 1805  00002454  2022ffff	addi	r2,r1,#-1
 1806  00002458  afc20004	sw	4(r30),r2
 1807  0000245c  6c210000	sgti	r1,r1,#0
 1808  00002460  1420000c	bnez	r1,L107_LF2
 1809  00002464  54000000	nop; delay slot nop
 1810  00002468  08000020	j	L106_LF2
 1811  0000246c  54000000	nop; delay slot nop
 1812  00002470          	L107_LF2:
 1813  00002470  8fc10000	lw	r1,(r30)
 1814  00002474  20220001	addi	r2,r1,#1
 1815  00002478  afc20000	sw	(r30),r2
 1816  0000247c  20020000	addi	r2,r0,(#0x0)&0xff
 1817  00002480  a0220000	sb	(r1),r2
 1818  00002484  0bffffc8	j	L105_LF2
 1819  00002488  54000000	nop; delay slot nop
 1820  0000248c          	L106_LF2:
 1821  0000248c          	L104_LF2:
 1822  0000248c  8fa20000	lw	r2,0(r29)
 1823  00002490  8fdffff8	lw	r31,-8(r30)
 1824  00002494  001ee820	add	r29,r0,r30
 1825  00002498  8fdefffc	lw	r30,-4(r30)
 1826  0000249c  4be00000	jr	r31
 1827  000024a0  54000000	nop
 1828  000024a4          	.endproc _bzero
 1829  000024a4          	.align 2
 1830  000024a4          	.proc _min
 1831  000024a4          	.global _min
 1832  000024a4          	_min:
 1833                      ;  Function 'min'; 0 bytes of locals, 2 regs to save.
 1834  000024a4  afbefffc	sw	-4(r29),r30; push fp
 1835  000024a8  001df020	add	r30,r0,r29; fp = sp
 1836  000024ac  afbffff8	sw	-8(r29),r31; push ret addr
 1837  000024b0  2fbd0010	subui	r29,r29,#16; alloc local storage
 1838  000024b4  afa20000	sw	0(r29),r2
 1839  000024b8  afa30004	sw	4(r29),r3
 1840  000024bc  8fc10000	lw	r1,(r30)
 1841  000024c0  8fc20004	lw	r2,4(r30)
 1842  000024c4  0022182c	sle	r3,r1,r2
 1843  000024c8  14600008	bnez	r3,L109_LF2
 1844  000024cc  54000000	nop; delay slot nop
 1845  000024d0  8fc10004	lw	r1,4(r30)
 1846  000024d4          	L109_LF2:
 1847  000024d4  08000004	j	L108_LF2
 1848  000024d8  54000000	nop; delay slot nop
 1849  000024dc          	L108_LF2:
 1850  000024dc  8fa20000	lw	r2,0(r29)
 1851  000024e0  8fa30004	lw	r3,4(r29)
 1852  000024e4  8fdffff8	lw	r31,-8(r30)
 1853  000024e8  001ee820	add	r29,r0,r30
 1854  000024ec  8fdefffc	lw	r30,-4(r30)
 1855  000024f0  4be00000	jr	r31
 1856  000024f4  54000000	nop
 1857  000024f8          	.endproc _min
 1858  000024f8          	.align 2
 1859  000024f8          	.proc _max
 1860  000024f8          	.global _max
 1861  000024f8          	_max:
 1862                      ;  Function 'max'; 0 bytes of locals, 2 regs to save.
 1863  000024f8  afbefffc	sw	-4(r29),r30; push fp
 1864  000024fc  001df020	add	r30,r0,r29; fp = sp
 1865  00002500  afbffff8	sw	-8(r29),r31; push ret addr
 1866  00002504  2fbd0010	subui	r29,r29,#16; alloc local storage
 1867  00002508  afa20000	sw	0(r29),r2
 1868  0000250c  afa30004	sw	4(r29),r3
 1869  00002510  8fc10000	lw	r1,(r30)
 1870  00002514  8fc20004	lw	r2,4(r30)
 1871  00002518  0022182d	sge	r3,r1,r2
 1872  0000251c  14600008	bnez	r3,L111_LF2
 1873  00002520  54000000	nop; delay slot nop
 1874  00002524  8fc10004	lw	r1,4(r30)
 1875  00002528          	L111_LF2:
 1876  00002528  08000004	j	L110_LF2
 1877  0000252c  54000000	nop; delay slot nop
 1878  00002530          	L110_LF2:
 1879  00002530  8fa20000	lw	r2,0(r29)
 1880  00002534  8fa30004	lw	r3,4(r29)
 1881  00002538  8fdffff8	lw	r31,-8(r30)
 1882  0000253c  001ee820	add	r29,r0,r30
 1883  00002540  8fdefffc	lw	r30,-4(r30)
 1884  00002544  4be00000	jr	r31
 1885  00002548  54000000	nop
 1886  0000254c          	.endproc _max
 1887                      ;;; Ethan L. Miller, 1999.  Released to the public domain
 1888                      ;;;
 1889                      ;;; Most of the traps are called in files from libtraps.
 1892  0000254c          	.align 2
 1893  0000254c          	.proc _exit
 1894  0000254c          	.global _exit
 1895  0000254c          	_exit:
 1896  0000254c  44000300	trap	#0x300
 1897  00002550  4be00000	jr	r31
 1898  00002554  54000000	nop
 1899  00002558          	.endproc _exit
 1901                      ; for the benefit of gcc.
 1902  00002558          	.proc ___main
 1903  00002558          	.global ___main
 1904  00002558          	___main:
 1905  00002558  4be00000	jr	r31
 1906  0000255c  54000000	nop
 1907  00002560          	.endproc ___main
 1908  00002560          	.text
 1909  00002560          	.global _etext
 1910  00002560          	_etext:
 1911  00002560          	.align 3
 1912  00002560          	.data
 1913  000035e2          	.global _edata
 1914  000035e2          	_edata:
