2015-04-20 14:34:21,816 [      0]   INFO -        #com.intellij.idea.Main - ------------------------------------------------------ IDE STARTED ------------------------------------------------------ 
2015-04-20 14:34:21,834 [     18]   INFO -        #com.intellij.idea.Main - IDE: PyCharm Community Edition (build #PC-139.1001, 07 Jan 2015 00:00) 
2015-04-20 14:34:21,834 [     18]   INFO -        #com.intellij.idea.Main - OS: Linux (2.6.32-504.12.2.el6.x86_64, amd64) 
2015-04-20 14:34:21,834 [     18]   INFO -        #com.intellij.idea.Main - JRE: 1.7.0_79-mockbuild_2015_04_10_10_52-b00 (Oracle Corporation) 
2015-04-20 14:34:21,834 [     18]   INFO -        #com.intellij.idea.Main - JVM: 24.79-b02 (OpenJDK 64-Bit Server VM) 
2015-04-20 14:34:21,841 [     25]   INFO -        #com.intellij.idea.Main - JVM Args: -Xms128m -Xmx750m -XX:MaxPermSize=350m -XX:ReservedCodeCacheSize=225m -ea -Dsun.io.useCanonCaches=false -Djava.net.preferIPv4Stack=true -Djsse.enableSNIExtension=false -XX:+UseConcMarkSweepGC -XX:SoftRefLRUPolicyMSPerMB=50 -Dawt.useSystemAAFontSettings=lcd -Djb.vmOptionsFile=/package/eda/pycharm/pycharm-community-4.0.4/bin/pycharm64.vmoptions -XX:ErrorFile=/home/ecegrid/a/ee364c10/java_error_in_PYCHARM_%p.log -Xbootclasspath/a:/package/eda/pycharm/pycharm-community-4.0.4/bin/../lib/boot.jar -Didea.paths.selector=PyCharm40 -Didea.platform.prefix=PyCharmCore -Didea.no.jre.check=true -Djb.restart.code=88 
2015-04-20 14:34:21,917 [    101]   INFO -        #com.intellij.idea.Main - JNA library loaded (64-bit) in 76 ms 
2015-04-20 14:34:22,307 [    491]   INFO - .intellij.idea.IdeaApplication - WM detected: Metacity 
2015-04-20 14:34:24,347 [   2531]   INFO - llij.ide.plugins.PluginManager - 11 plugins initialized in 1778 ms 
2015-04-20 14:34:24,350 [   2534]   INFO - llij.ide.plugins.PluginManager - Loaded bundled plugins: CVS Integration (11), Git Integration (8.1), GitHub, IDEA CORE, IPython Notebook (0.1), Python ReStructureText Integration (VERSION), ReStructuredText Support (136.SNAPSHOT), Subversion Integration (1.1), Task Management (1.0), Terminal (0.1), hg4idea (10.0) 
2015-04-20 14:34:25,495 [   3679]   INFO - ellij.vfs.persistent.FSRecords - Marking VFS as corrupted 
2015-04-20 14:34:25,508 [   3692]   INFO - ellij.util.io.PagedFileStorage - lower=100; upper=200; buffer=10; max=739246080 
2015-04-20 14:34:25,869 [   4053]   INFO - api.vfs.impl.local.FileWatcher - Starting file watcher: /package/eda/pycharm/pycharm-community-4.0.4/bin/fsnotifier64 
2015-04-20 14:34:25,934 [   4118]   INFO - api.vfs.impl.local.FileWatcher - Native file watcher is operational. 
2015-04-20 14:34:26,735 [   4919]   INFO - .history.utils.LocalHistoryLog - local history version mismatch (was: 0, expected: 5), rebuilding... 
2015-04-20 14:34:26,735 [   4919]   INFO - .history.utils.LocalHistoryLog - FS has been rebuild, rebuilding local history... 
2015-04-20 14:34:35,749 [  13933]   INFO - tellij.xml.Html5SchemaProvider - HTML5_SCHEMA_LOCATION = /package/eda/pycharm/pycharm-community-4.0.4/lib/pycharm.jar!/resources/html5-schema/html5.rnc 
2015-04-20 14:34:35,750 [  13934]   INFO - tellij.xml.Html5SchemaProvider - XHTML5_SCHEMA_LOCATION = /package/eda/pycharm/pycharm-community-4.0.4/lib/pycharm.jar!/resources/html5-schema/xhtml5.rnc 
2015-04-20 14:34:35,750 [  13934]   INFO - tellij.xml.Html5SchemaProvider - CHARS_DTD_LOCATION = /package/eda/pycharm/pycharm-community-4.0.4/lib/pycharm.jar!/resources/html5-schema/html5chars.ent 
2015-04-20 14:34:36,428 [  14612]   INFO - ellij.project.impl.ProjectImpl - 16 project components initialized in 638 ms 
2015-04-20 14:34:36,429 [  14613]   INFO - le.impl.ModuleManagerComponent - 0 module(s) loaded in 0 ms 
2015-04-20 14:34:36,556 [  14740]   INFO - pl.stores.ApplicationStoreImpl - 73 application components initialized in 12158 ms 
2015-04-20 14:34:36,579 [  14763]   INFO - .intellij.idea.IdeaApplication - App initialization took 30304 ms 
2015-04-20 14:34:53,483 [  31667]   WARN - tions.CreateDesktopEntryAction - '/home/ecegrid/a/ee364c10/.PyCharm40/system/tmp/sudo0.sh' : 127 
java.lang.RuntimeException: '/home/ecegrid/a/ee364c10/.PyCharm40/system/tmp/sudo0.sh' : 127
	at com.intellij.ide.actions.CreateDesktopEntryAction.install(CreateDesktopEntryAction.java:197)
	at com.intellij.ide.actions.CreateDesktopEntryAction.createDesktopEntry(CreateDesktopEntryAction.java:104)
	at com.intellij.application.options.InitialConfigurationDialog$8.run(InitialConfigurationDialog.java:429)
	at com.intellij.openapi.progress.impl.ProgressManagerImpl$TaskRunnable.run(ProgressManagerImpl.java:621)
	at com.intellij.openapi.progress.impl.ProgressManagerImpl$3.run(ProgressManagerImpl.java:194)
	at com.intellij.openapi.progress.impl.ProgressManagerImpl.registerIndicatorAndRun(ProgressManagerImpl.java:281)
	at com.intellij.openapi.progress.impl.ProgressManagerImpl.executeProcessUnderProgress(ProgressManagerImpl.java:233)
	at com.intellij.openapi.progress.impl.ProgressManagerImpl.runProcess(ProgressManagerImpl.java:181)
	at com.intellij.openapi.progress.impl.ProgressManagerImpl$9.run(ProgressManagerImpl.java:530)
	at com.intellij.openapi.application.impl.ApplicationImpl$8.run(ApplicationImpl.java:406)
	at java.util.concurrent.Executors$RunnableAdapter.call(Executors.java:471)
	at java.util.concurrent.FutureTask.run(FutureTask.java:262)
	at java.util.concurrent.ThreadPoolExecutor.runWorker(ThreadPoolExecutor.java:1145)
	at java.util.concurrent.ThreadPoolExecutor$Worker.run(ThreadPoolExecutor.java:615)
	at java.lang.Thread.run(Thread.java:745)
	at org.jetbrains.ide.PooledThreadExecutor$1$1.run(PooledThreadExecutor.java:56)
2015-04-20 14:35:08,880 [  47064]   INFO - ellij.project.impl.ProjectImpl - 102 project components initialized in 873 ms 
2015-04-20 14:35:08,882 [  47066]   INFO - le.impl.ModuleManagerComponent - 0 module(s) loaded in 0 ms 
2015-04-20 14:35:09,233 [  47417]   INFO - rains.python.sdk.PythonSdkType - Bogus sys.path entry /usr/lib64/python26.zip 
2015-04-20 14:35:09,246 [  47430]   INFO - rains.python.sdk.PythonSdkType - Bogus sys.path entry /usr/lib64/python2.6/lib-old 
2015-04-20 14:35:14,296 [  52480]   INFO - rains.ide.BuiltInServerManager - built-in server started, port 63344 
2015-04-20 14:35:15,351 [  53535]   INFO - .skeletons.PySkeletonRefresher - Refreshing skeletons for /usr/bin/python 
2015-04-20 14:35:16,346 [  54530]   INFO - .skeletons.PySkeletonGenerator - Retrieving binary module list took 979 ms 
2015-04-20 14:35:16,371 [  54555]   INFO - .skeletons.PySkeletonRefresher - Home path is /package/eda/pycharm/pycharm-community-4.0.4 
2015-04-20 14:35:17,205 [  55389]   INFO - indexing.UnindexedFilesUpdater - Indexable files iterated in 3472 ms 
2015-04-20 14:35:17,212 [  55396]   INFO - indexing.UnindexedFilesUpdater - Unindexed files update started: 4843 files to update 
2015-04-20 14:35:17,254 [  55438]   WARN - api.vfs.impl.local.FileWatcher - Project files cannot be watched (are they under network mount?) 
2015-04-20 14:35:17,259 [  55443]   INFO - tartup.impl.StartupManagerImpl - unwatched roots: [/home/ecegrid/a/ee364c10/Lab11] 
2015-04-20 14:35:17,259 [  55443]   INFO - tartup.impl.StartupManagerImpl - manual watches: [/package/eda/pycharm/pycharm-community-4.0.4/helpers/python-skeletons, /home/ecegrid/a/ee364c10/.PyCharm40/system/extResources, /home/ecegrid/a/ee364c10/.PyCharm40/system/python_stubs/348993582, /home/ecegrid/a/ee364c10/Lab11, /home/ecegrid/a/ee364c10/.local/lib/python2.6/site-packages] 
2015-04-20 14:35:18,769 [  56953]   INFO - tor.impl.FileEditorManagerImpl - Project opening took 11583 ms 
2015-04-20 14:35:19,825 [  58009]   INFO - .skeletons.PySkeletonGenerator - Rebuilding builtin skeletons took 3452 ms 
2015-04-20 14:35:19,830 [  58014]   INFO - .skeletons.PySkeletonRefresher - Skeleton for Crypto.Cipher.AES 
2015-04-20 14:35:20,309 [  58493]   INFO - .skeletons.PySkeletonRefresher - Skeleton for Crypto.Cipher.ARC2 
2015-04-20 14:35:20,678 [  58862]   INFO - .skeletons.PySkeletonRefresher - Skeleton for Crypto.Cipher.ARC4 
2015-04-20 14:35:21,113 [  59297]   INFO - .skeletons.PySkeletonRefresher - Skeleton for Crypto.Cipher.Blowfish 
2015-04-20 14:35:21,458 [  59642]   INFO - .skeletons.PySkeletonRefresher - Skeleton for Crypto.Cipher.CAST 
2015-04-20 14:35:21,796 [  59980]   INFO - .skeletons.PySkeletonRefresher - Skeleton for Crypto.Cipher.DES 
2015-04-20 14:35:22,184 [  60368]   INFO - .skeletons.PySkeletonRefresher - Skeleton for Crypto.Cipher.DES3 
2015-04-20 14:35:22,528 [  60712]   INFO - .skeletons.PySkeletonRefresher - Skeleton for Crypto.Cipher.XOR 
2015-04-20 14:35:22,855 [  61039]   INFO - .skeletons.PySkeletonRefresher - Skeleton for Crypto.Hash.MD2 
2015-04-20 14:35:23,272 [  61456]   INFO - .skeletons.PySkeletonRefresher - Skeleton for Crypto.Hash.MD4 
2015-04-20 14:35:23,679 [  61863]   INFO - .skeletons.PySkeletonRefresher - Skeleton for Crypto.Hash.RIPEMD 
2015-04-20 14:35:24,008 [  62192]   INFO - .skeletons.PySkeletonRefresher - Skeleton for Crypto.Hash.SHA256 
2015-04-20 14:35:24,321 [  62505]   INFO - .skeletons.PySkeletonRefresher - Skeleton for Crypto.PublicKey._fastmath 
2015-04-20 14:35:24,654 [  62838]   INFO - .skeletons.PySkeletonRefresher - Skeleton for M2Crypto.__m2crypto 
2015-04-20 14:35:25,420 [  63604]   INFO - .skeletons.PySkeletonRefresher - Skeleton for ORBit 
2015-04-20 14:35:25,860 [  64044]   INFO - .skeletons.PySkeletonRefresher - Skeleton for OpenSSL.SSL 
2015-04-20 14:35:26,436 [  64620]   INFO - .skeletons.PySkeletonRefresher - Skeleton for OpenSSL.crypto 
2015-04-20 14:35:26,999 [  65183]   INFO - .skeletons.PySkeletonRefresher - Skeleton for OpenSSL.rand 
2015-04-20 14:35:27,438 [  65622]   INFO - .skeletons.PySkeletonRefresher - Skeleton for PyQt4.Qt 
2015-04-20 14:35:28,030 [  66214]   INFO - .skeletons.PySkeletonRefresher - Skeleton for PyQt4.QtAssistant 
2015-04-20 14:35:28,552 [  66736]   INFO - .skeletons.PySkeletonRefresher - Skeleton for PyQt4.QtCore 
2015-04-20 14:35:31,277 [  69461]   INFO - .skeletons.PySkeletonRefresher - Skeleton for PyQt4.QtDesigner 
2015-04-20 14:35:31,817 [  70001]   INFO - .skeletons.PySkeletonRefresher - Skeleton for PyQt4.QtGui 
2015-04-20 14:35:38,762 [  76946]   INFO - .skeletons.PySkeletonRefresher - Skeleton for PyQt4.QtHelp 
2015-04-20 14:35:39,535 [  77719]   INFO - .skeletons.PySkeletonRefresher - Skeleton for PyQt4.QtNetwork 
2015-04-20 14:35:40,912 [  79096]   INFO - .skeletons.PySkeletonRefresher - Skeleton for PyQt4.QtOpenGL 
2015-04-20 14:35:41,555 [  79739]   INFO - .skeletons.PySkeletonRefresher - Skeleton for PyQt4.QtScript 
2015-04-20 14:35:42,166 [  80350]   INFO - .skeletons.PySkeletonRefresher - Skeleton for PyQt4.QtScriptTools 
2015-04-20 14:35:42,642 [  80826]   INFO - .skeletons.PySkeletonRefresher - Skeleton for PyQt4.QtSql 
2015-04-20 14:35:43,222 [  81406]   INFO - .skeletons.PySkeletonRefresher - Skeleton for PyQt4.QtSvg 
2015-04-20 14:35:43,778 [  81962]   INFO - .skeletons.PySkeletonRefresher - Skeleton for PyQt4.QtTest 
2015-04-20 14:35:44,241 [  82425]   INFO - .skeletons.PySkeletonRefresher - Skeleton for PyQt4.QtXml 
2015-04-20 14:35:45,304 [  83488]   INFO - .skeletons.PySkeletonRefresher - Skeleton for PyQt4.QtXmlPatterns 
2015-04-20 14:35:45,755 [  83939]   INFO - .skeletons.PySkeletonRefresher - Skeleton for PyQt4.phonon 
2015-04-20 14:35:46,316 [  84500]   INFO - .skeletons.PySkeletonRefresher - Skeleton for _audit 
2015-04-20 14:35:46,730 [  84914]   INFO - .skeletons.PySkeletonRefresher - Skeleton for _bisect 
2015-04-20 14:35:47,250 [  85434]   INFO - .skeletons.PySkeletonRefresher - Skeleton for _bsddb 
2015-04-20 14:35:47,706 [  85890]   INFO - .skeletons.PySkeletonRefresher - Skeleton for _bytesio 
2015-04-20 14:35:48,187 [  86371]   INFO - .skeletons.PySkeletonRefresher - Skeleton for _codecs_cn 
2015-04-20 14:35:48,540 [  86724]   INFO - .skeletons.PySkeletonRefresher - Skeleton for _codecs_hk 
2015-04-20 14:35:48,989 [  87173]   INFO - .skeletons.PySkeletonRefresher - Skeleton for _codecs_iso2022 
2015-04-20 14:35:49,446 [  87630]   INFO - .skeletons.PySkeletonRefresher - Skeleton for _codecs_jp 
2015-04-20 14:35:49,949 [  88133]   INFO - ellij.concurrency.JobScheduler - 50 ms execution limit failed for: com.intellij.openapi.progress.impl.ProgressManagerImpl$1@34a51470; elapsed time was 145ms 
2015-04-20 14:35:49,957 [  88141]   INFO - .skeletons.PySkeletonRefresher - Skeleton for _codecs_kr 
2015-04-20 14:35:50,502 [  88686]   INFO - .skeletons.PySkeletonRefresher - Skeleton for _codecs_tw 
2015-04-20 14:35:51,039 [  89223]   INFO - .skeletons.PySkeletonRefresher - Skeleton for _collections 
2015-04-20 14:35:51,620 [  89804]   INFO - .skeletons.PySkeletonRefresher - Skeleton for _cracklib 
2015-04-20 14:35:52,124 [  90308]   INFO - .skeletons.PySkeletonRefresher - Skeleton for _crypt 
2015-04-20 14:35:52,703 [  90887]   INFO - .skeletons.PySkeletonRefresher - Skeleton for _csv 
2015-04-20 14:35:53,250 [  91434]   INFO - .skeletons.PySkeletonRefresher - Skeleton for _ctypes 
2015-04-20 14:35:53,793 [  91977]   INFO - .skeletons.PySkeletonRefresher - Skeleton for _curses 
2015-04-20 14:35:54,348 [  92532]   INFO - .skeletons.PySkeletonRefresher - Skeleton for _curses_panel 
2015-04-20 14:35:54,748 [  92932]   INFO - .skeletons.PySkeletonRefresher - Skeleton for _dbus_bindings 
2015-04-20 14:35:55,954 [  94138]   INFO - .skeletons.PySkeletonRefresher - Skeleton for _dbus_glib_bindings 
2015-04-20 14:35:56,463 [  94647]   INFO - .skeletons.PySkeletonRefresher - Skeleton for _deltarpm 
2015-04-20 14:35:56,966 [  95150]   INFO - .skeletons.PySkeletonRefresher - Skeleton for _elementtree 
2015-04-20 14:35:57,457 [  95641]   INFO - .skeletons.PySkeletonRefresher - Skeleton for _fileio 
2015-04-20 14:35:57,868 [  96052]   INFO - .skeletons.PySkeletonRefresher - Skeleton for _functools 
2015-04-20 14:35:58,302 [  96486]   INFO - .skeletons.PySkeletonRefresher - Skeleton for _gamin 
2015-04-20 14:35:58,807 [  96991]   INFO - .skeletons.PySkeletonRefresher - Skeleton for _hashlib 
2015-04-20 14:35:59,257 [  97441]   INFO - .skeletons.PySkeletonRefresher - Skeleton for _heapq 
2015-04-20 14:35:59,700 [  97884]   INFO - .skeletons.PySkeletonRefresher - Skeleton for _hotshot 
2015-04-20 14:36:00,226 [  98410]   INFO - .skeletons.PySkeletonRefresher - Skeleton for _imaging 
2015-04-20 14:36:00,668 [  98852]   INFO - .skeletons.PySkeletonRefresher - Skeleton for _imagingft 
2015-04-20 14:36:01,096 [  99280]   INFO - .skeletons.PySkeletonRefresher - Skeleton for _imagingmath 
2015-04-20 14:36:01,520 [  99704]   INFO - .skeletons.PySkeletonRefresher - Skeleton for _json 
2015-04-20 14:36:01,979 [ 100163]   INFO - .skeletons.PySkeletonRefresher - Skeleton for _locale 
2015-04-20 14:36:02,544 [ 100728]   INFO - .skeletons.PySkeletonRefresher - Skeleton for _lsprof 
2015-04-20 14:36:03,126 [ 101310]   INFO - .skeletons.PySkeletonRefresher - Skeleton for _multibytecodec 
2015-04-20 14:36:04,534 [ 102718]   INFO - .skeletons.PySkeletonRefresher - Skeleton for _multiprocessing 
2015-04-20 14:36:05,086 [ 103270]   INFO - .skeletons.PySkeletonRefresher - Skeleton for _mysql 
2015-04-20 14:36:05,663 [ 103847]   INFO - .skeletons.PySkeletonRefresher - Skeleton for _ped 
2015-04-20 14:36:06,839 [ 105023]   INFO - .skeletons.PySkeletonRefresher - Skeleton for _random 
2015-04-20 14:36:07,386 [ 105570]   INFO - .skeletons.PySkeletonRefresher - Skeleton for _semanage 
2015-04-20 14:36:07,878 [ 106062]   INFO - .skeletons.PySkeletonRefresher - Skeleton for _socket 
2015-04-20 14:36:08,608 [ 106792]   INFO - .skeletons.PySkeletonRefresher - Skeleton for _sqlite3 
2015-04-20 14:36:09,038 [ 107222]   INFO - indexing.UnindexedFilesUpdater - Unindexed files update done in 51826 ms 
2015-04-20 14:36:09,041 [ 107225]   WARN - api.vfs.impl.local.FileWatcher - Project files cannot be watched (are they under network mount?) 
2015-04-20 14:36:09,042 [ 107226]   INFO - tartup.impl.StartupManagerImpl - unwatched roots: [/home/ecegrid/a/ee364c10/Lab11] 
2015-04-20 14:36:09,042 [ 107226]   INFO - tartup.impl.StartupManagerImpl - manual watches: [/package/eda/pycharm/pycharm-community-4.0.4/helpers/python-skeletons, /home/ecegrid/a/ee364c10/.PyCharm40/system/extResources, /home/ecegrid/a/ee364c10/.PyCharm40/system/python_stubs/348993582, /home/ecegrid/a/ee364c10/Lab11, /home/ecegrid/a/ee364c10/.local/lib/python2.6/site-packages] 
2015-04-20 14:36:09,093 [ 107277]   INFO - .skeletons.PySkeletonRefresher - Skeleton for _sqlitecache 
2015-04-20 14:36:09,586 [ 107770]   INFO - .skeletons.PySkeletonRefresher - Skeleton for _ssl 
2015-04-20 14:36:10,133 [ 108317]   INFO - .skeletons.PySkeletonRefresher - Skeleton for _struct 
2015-04-20 14:36:10,771 [ 108955]   INFO - .skeletons.PySkeletonRefresher - Skeleton for _tkinter 
2015-04-20 14:36:11,208 [ 109392]   INFO - .skeletons.PySkeletonRefresher - Skeleton for _weakref 
2015-04-20 14:36:12,051 [ 110235]   INFO - .skeletons.PySkeletonRefresher - Skeleton for acutil 
2015-04-20 14:36:12,427 [ 110611]   INFO - .skeletons.PySkeletonRefresher - Skeleton for array 
2015-04-20 14:36:12,890 [ 111074]   INFO - .skeletons.PySkeletonRefresher - Skeleton for atk 
2015-04-20 14:36:13,950 [ 112134]   INFO - .skeletons.PySkeletonRefresher - Skeleton for audioop 
2015-04-20 14:36:14,374 [ 112558]   INFO - .skeletons.PySkeletonRefresher - Skeleton for auparse 
2015-04-20 14:36:15,163 [ 113347]   INFO - .skeletons.PySkeletonRefresher - Skeleton for binascii 
2015-04-20 14:36:15,602 [ 113786]   INFO - .skeletons.PySkeletonRefresher - Skeleton for block.dm 
2015-04-20 14:36:16,106 [ 114290]   INFO - .skeletons.PySkeletonRefresher - Skeleton for block.dmraid 
2015-04-20 14:36:16,619 [ 114803]   INFO - .skeletons.PySkeletonRefresher - Skeleton for bonobo._bonobo 
2015-04-20 14:36:18,308 [ 116492]   INFO - .skeletons.PySkeletonRefresher - Skeleton for bonobo.activation 
2015-04-20 14:36:19,811 [ 117995]   INFO - .skeletons.PySkeletonRefresher - Skeleton for bonobo.ui 
2015-04-20 14:36:22,947 [ 121131]   INFO - .skeletons.PySkeletonRefresher - Skeleton for bz2 
2015-04-20 14:36:23,451 [ 121635]   INFO - .skeletons.PySkeletonRefresher - Skeleton for cPickle 
2015-04-20 14:36:23,911 [ 122095]   INFO - .skeletons.PySkeletonRefresher - Skeleton for cStringIO 
2015-04-20 14:36:24,338 [ 122522]   INFO - .skeletons.PySkeletonRefresher - Skeleton for cairo._cairo 
2015-04-20 14:36:24,853 [ 123037]   INFO - .skeletons.PySkeletonRefresher - Skeleton for cmath 
2015-04-20 14:36:25,222 [ 123406]   INFO - .skeletons.PySkeletonRefresher - Skeleton for cryptsetup 
2015-04-20 14:36:25,652 [ 123836]   INFO - .skeletons.PySkeletonRefresher - Skeleton for cups 
2015-04-20 14:36:26,332 [ 124516]   INFO - .skeletons.PySkeletonRefresher - Skeleton for cupsext 
2015-04-20 14:36:26,720 [ 124904]   INFO - .skeletons.PySkeletonRefresher - Skeleton for cv 
2015-04-20 14:36:28,400 [ 126584]   INFO - .skeletons.PySkeletonRefresher - Skeleton for datetime 
2015-04-20 14:36:28,959 [ 127143]   INFO - .skeletons.PySkeletonRefresher - Skeleton for dbm 
2015-04-20 14:36:29,283 [ 127467]   INFO - .skeletons.PySkeletonRefresher - Skeleton for dbus.mainloop.qt 
2015-04-20 14:36:29,788 [ 127972]   INFO - .skeletons.PySkeletonRefresher - Skeleton for dl 
2015-04-20 14:36:30,149 [ 128333]   INFO - .skeletons.PySkeletonRefresher - Skeleton for dmidecodemod 
2015-04-20 14:36:30,545 [ 128729]   INFO - .skeletons.PySkeletonGenerator - Skeleton for dmidecodemod failed on /usr/bin/python. stderr: --
Failed to process 'dmidecodemod' while nothing yet: libxml2mod.so: cannot open shared object file: No such file or directory
-- 
2015-04-20 14:36:30,549 [ 128733]   INFO - .skeletons.PySkeletonRefresher - Skeleton for egg.recent 
2015-04-20 14:36:32,868 [ 131052]   INFO - .skeletons.PySkeletonGenerator - Skeleton for egg.recent had some minor errors on /usr/bin/python. stderr: --
/package/eda/pycharm/pycharm-community-4.0.4/helpers/generator3.py:266: DeprecationWarning: the module egg.recent is deprecated; equivalent functionality can now be found in pygtk 2.10
  __import__(name) # sys.modules will fill up with what we want
-- 
2015-04-20 14:36:32,877 [ 131061]   INFO - .skeletons.PySkeletonRefresher - Skeleton for egg.trayicon 
2015-04-20 14:36:34,626 [ 132810]   INFO - .skeletons.PySkeletonRefresher - Skeleton for ethtool 
2015-04-20 14:36:34,981 [ 133165]   INFO - .skeletons.PySkeletonRefresher - Skeleton for fcntl 
2015-04-20 14:36:35,455 [ 133639]   INFO - .skeletons.PySkeletonRefresher - Skeleton for future_builtins 
2015-04-20 14:36:35,855 [ 134039]   INFO - .skeletons.PySkeletonRefresher - Skeleton for gconf 
2015-04-20 14:36:36,302 [ 134486]   INFO - .skeletons.PySkeletonRefresher - Skeleton for gdbm 
2015-04-20 14:36:36,693 [ 134877]   INFO - .skeletons.PySkeletonRefresher - Skeleton for gio._gio 
2015-04-20 14:36:38,394 [ 136578]   INFO - .skeletons.PySkeletonRefresher - Skeleton for gio.unix 
2015-04-20 14:36:38,879 [ 137063]   INFO - .skeletons.PySkeletonRefresher - Skeleton for glib._glib 
2015-04-20 14:36:39,405 [ 137589]   INFO - .skeletons.PySkeletonRefresher - Skeleton for gmenu 
2015-04-20 14:36:39,805 [ 137989]   INFO - .skeletons.PySkeletonRefresher - Skeleton for gnome._gnome 
2015-04-20 14:36:40,380 [ 138564]   INFO - .skeletons.PySkeletonRefresher - Skeleton for gnome.ui 
2015-04-20 14:36:44,423 [ 142607]   INFO - .skeletons.PySkeletonRefresher - Skeleton for gnomeapplet 
2015-04-20 14:36:46,641 [ 144825]   INFO - .skeletons.PySkeletonGenerator - Skeleton for gnomeapplet had some minor errors on /usr/bin/python. stderr: --
/usr/lib64/python2.6/site-packages/gtk-2.0/gnome/applet.py:4: DeprecationWarning: Module gnome.applet is deprecated; please import gnomeapplet instead
  DeprecationWarning)
Failed to find imported module in sys.modules gnome.gobject
Failed to find imported module in sys.modules gnome.gnomeapplet
Failed to find imported module in sys.modules gnome.warnings
-- 
2015-04-20 14:36:46,642 [ 144826]   INFO - .skeletons.PySkeletonRefresher - Skeleton for gnomecanvas 
2015-04-20 14:36:48,140 [ 146324]   INFO - .skeletons.PySkeletonRefresher - Skeleton for gnomekeyring 
2015-04-20 14:36:48,530 [ 146714]   INFO - .skeletons.PySkeletonRefresher - Skeleton for gnomevfs._gnomevfs 
2015-04-20 14:36:49,587 [ 147771]   INFO - .skeletons.PySkeletonRefresher - Skeleton for gnomevfs.gnomevfsbonobo 
2015-04-20 14:36:50,614 [ 148798]   INFO - .skeletons.PySkeletonRefresher - Skeleton for gobject._gobject 
2015-04-20 14:36:51,235 [ 149419]   INFO - .skeletons.PySkeletonRefresher - Skeleton for gpgme._gpgme 
2015-04-20 14:36:51,612 [ 149796]   INFO - .skeletons.PySkeletonRefresher - Skeleton for grp 
2015-04-20 14:36:52,104 [ 150288]   INFO - .skeletons.PySkeletonRefresher - Skeleton for gst._gst 
2015-04-20 14:36:55,294 [ 153478]   INFO - .skeletons.PySkeletonRefresher - Skeleton for gst.audio 
2015-04-20 14:36:56,040 [ 154224]   INFO - .skeletons.PySkeletonRefresher - Skeleton for gst.interfaces 
2015-04-20 14:36:56,742 [ 154926]   INFO - .skeletons.PySkeletonRefresher - Skeleton for gst.pbutils 
2015-04-20 14:36:57,317 [ 155501]   INFO - .skeletons.PySkeletonRefresher - Skeleton for gst.tag 
2015-04-20 14:36:57,879 [ 156063]   INFO - .skeletons.PySkeletonRefresher - Skeleton for gst.video 
2015-04-20 14:36:58,493 [ 156677]   INFO - .skeletons.PySkeletonRefresher - Skeleton for gstoption 
2015-04-20 14:36:58,961 [ 157145]   INFO - .skeletons.PySkeletonRefresher - Skeleton for gtk._gtk 
2015-04-20 14:37:10,128 [ 168312]   INFO - .skeletons.PySkeletonRefresher - Skeleton for gtk.glade 
2015-04-20 14:37:11,642 [ 169826]   INFO - .skeletons.PySkeletonRefresher - Skeleton for gtksourceview2 
2015-04-20 14:37:13,190 [ 171374]   INFO - .skeletons.PySkeletonRefresher - Skeleton for gtkunixprint 
2015-04-20 14:37:14,692 [ 172876]   INFO - .skeletons.PySkeletonRefresher - Skeleton for gudev 
2015-04-20 14:37:15,164 [ 173348]   INFO - .skeletons.PySkeletonRefresher - Skeleton for hgext.inotify.linux._inotify 
2015-04-20 14:37:15,883 [ 174067]   INFO - .skeletons.PySkeletonRefresher - Skeleton for hpmudext 
2015-04-20 14:37:16,222 [ 174406]   INFO - .skeletons.PySkeletonRefresher - Skeleton for imageop 
2015-04-20 14:37:16,675 [ 174859]   INFO - .skeletons.PySkeletonRefresher - Skeleton for itertools 
2015-04-20 14:37:17,215 [ 175399]   INFO - .skeletons.PySkeletonRefresher - Skeleton for iwlib 
2015-04-20 14:37:17,725 [ 175909]   INFO - .skeletons.PySkeletonRefresher - Skeleton for ixf86config 
2015-04-20 14:37:18,314 [ 176498]   INFO - .skeletons.PySkeletonRefresher - Skeleton for libiscsi 
2015-04-20 14:37:18,776 [ 176960]   INFO - .skeletons.PySkeletonRefresher - Skeleton for libsvn._client 
2015-04-20 14:37:20,911 [ 179095]   INFO - .skeletons.PySkeletonRefresher - Skeleton for libsvn._core 
2015-04-20 14:37:23,543 [ 181727]   INFO - .skeletons.PySkeletonRefresher - Skeleton for libsvn._delta 
2015-04-20 14:37:24,504 [ 182688]   INFO - .skeletons.PySkeletonRefresher - Skeleton for libsvn._diff 
2015-04-20 14:37:25,349 [ 183533]   INFO - .skeletons.PySkeletonRefresher - Skeleton for libsvn._fs 
2015-04-20 14:37:26,322 [ 184506]   INFO - .skeletons.PySkeletonRefresher - Skeleton for libsvn._ra 
2015-04-20 14:37:27,646 [ 185830]   INFO - .skeletons.PySkeletonRefresher - Skeleton for libsvn._repos 
2015-04-20 14:37:28,991 [ 187175]   INFO - .skeletons.PySkeletonRefresher - Skeleton for libsvn._wc 
2015-04-20 14:37:31,621 [ 189805]   INFO - .skeletons.PySkeletonRefresher - Skeleton for libuser 
2015-04-20 14:37:32,037 [ 190221]   INFO - .skeletons.PySkeletonRefresher - Skeleton for libxml2mod 
2015-04-20 14:37:32,589 [ 190773]   INFO - .skeletons.PySkeletonRefresher - Skeleton for linuxaudiodev 
2015-04-20 14:37:32,946 [ 191130]   INFO - .skeletons.PySkeletonRefresher - Skeleton for lxml.etree 
2015-04-20 14:37:36,288 [ 194472]   INFO - .skeletons.PySkeletonRefresher - Skeleton for lxml.objectify 
2015-04-20 14:37:37,017 [ 195201]   INFO - .skeletons.PySkeletonRefresher - Skeleton for markupsafe._speedups 
2015-04-20 14:37:37,480 [ 195664]   INFO - .skeletons.PySkeletonRefresher - Skeleton for math 
2015-04-20 14:37:37,888 [ 196072]   INFO - .skeletons.PySkeletonRefresher - Skeleton for matplotlib._cntr 
2015-04-20 14:37:38,495 [ 196679]   INFO - .skeletons.PySkeletonRefresher - Skeleton for matplotlib._delaunay 
2015-04-20 14:37:39,205 [ 197389]   INFO - .skeletons.PySkeletonRefresher - Skeleton for matplotlib._image 
2015-04-20 14:37:39,921 [ 198105]   INFO - .skeletons.PySkeletonRefresher - Skeleton for matplotlib._path 
2015-04-20 14:37:40,599 [ 198783]   INFO - .skeletons.PySkeletonRefresher - Skeleton for matplotlib._png 
2015-04-20 14:37:41,165 [ 199349]   INFO - .skeletons.PySkeletonRefresher - Skeleton for matplotlib.backends._backend_agg 
2015-04-20 14:37:41,793 [ 199977]   INFO - .skeletons.PySkeletonRefresher - Skeleton for matplotlib.backends._backend_gdk 
2015-04-20 14:37:43,700 [ 201884]   INFO - .skeletons.PySkeletonRefresher - Skeleton for matplotlib.backends._gtkagg 
2015-04-20 14:37:45,169 [ 203353]   INFO - .skeletons.PySkeletonRefresher - Skeleton for matplotlib.ft2font 
2015-04-20 14:37:45,749 [ 203933]   INFO - .skeletons.PySkeletonRefresher - Skeleton for matplotlib.nxutils 
2015-04-20 14:37:46,339 [ 204523]   INFO - .skeletons.PySkeletonRefresher - Skeleton for matplotlib.ttconv 
2015-04-20 14:37:46,818 [ 205002]   INFO - .skeletons.PySkeletonRefresher - Skeleton for mercurial.base85 
2015-04-20 14:37:47,249 [ 205433]   INFO - .skeletons.PySkeletonRefresher - Skeleton for mercurial.bdiff 
2015-04-20 14:37:47,608 [ 205792]   INFO - .skeletons.PySkeletonRefresher - Skeleton for mercurial.diffhelpers 
2015-04-20 14:37:47,921 [ 206105]   INFO - .skeletons.PySkeletonRefresher - Skeleton for mercurial.mpatch 
2015-04-20 14:37:48,237 [ 206421]   INFO - .skeletons.PySkeletonRefresher - Skeleton for mercurial.osutil 
2015-04-20 14:37:48,546 [ 206730]   INFO - .skeletons.PySkeletonRefresher - Skeleton for mercurial.parsers 
2015-04-20 14:37:48,925 [ 207109]   INFO - .skeletons.PySkeletonRefresher - Skeleton for mmap 
2015-04-20 14:37:49,280 [ 207464]   INFO - .skeletons.PySkeletonRefresher - Skeleton for nis 
2015-04-20 14:37:49,689 [ 207873]   INFO - .skeletons.PySkeletonRefresher - Skeleton for nss.error 
2015-04-20 14:37:50,080 [ 208264]   INFO - .skeletons.PySkeletonRefresher - Skeleton for nss.io 
2015-04-20 14:37:50,684 [ 208868]   INFO - .skeletons.PySkeletonRefresher - Skeleton for nss.nss 
2015-04-20 14:37:52,319 [ 210503]   INFO - .skeletons.PySkeletonRefresher - Skeleton for nss.ssl 
2015-04-20 14:37:52,794 [ 210978]   INFO - .skeletons.PySkeletonRefresher - Skeleton for numpy.core._dotblas 
2015-04-20 14:37:53,265 [ 211449]   INFO - .skeletons.PySkeletonRefresher - Skeleton for numpy.core._sort 
2015-04-20 14:37:53,773 [ 211957]   INFO - .skeletons.PySkeletonRefresher - Skeleton for numpy.core.multiarray 
2015-04-20 14:37:54,903 [ 213087]   INFO - .skeletons.PySkeletonRefresher - Skeleton for numpy.core.multiarray_tests 
2015-04-20 14:37:55,421 [ 213605]   INFO - .skeletons.PySkeletonRefresher - Skeleton for numpy.core.scalarmath 
2015-04-20 14:37:55,870 [ 214054]   INFO - .skeletons.PySkeletonRefresher - Skeleton for numpy.core.umath 
2015-04-20 14:37:56,801 [ 214985]   INFO - .skeletons.PySkeletonRefresher - Skeleton for numpy.core.umath_tests 
2015-04-20 14:37:57,288 [ 215472]   INFO - .skeletons.PySkeletonRefresher - Skeleton for numpy.fft.fftpack_lite 
2015-04-20 14:37:57,774 [ 215958]   INFO - .skeletons.PySkeletonRefresher - Skeleton for numpy.lib._compiled_base 
2015-04-20 14:37:58,270 [ 216454]   INFO - .skeletons.PySkeletonRefresher - Skeleton for numpy.linalg.lapack_lite 
2015-04-20 14:37:58,825 [ 217009]   INFO - .skeletons.PySkeletonRefresher - Skeleton for numpy.numarray._capi 
2015-04-20 14:37:59,317 [ 217501]   INFO - .skeletons.PySkeletonRefresher - Skeleton for numpy.random.mtrand 
2015-04-20 14:38:00,198 [ 218382]   INFO - .skeletons.PySkeletonRefresher - Skeleton for opencv._cv 
2015-04-20 14:38:01,189 [ 219373]   INFO - .skeletons.PySkeletonRefresher - Skeleton for opencv._highgui 
2015-04-20 14:38:01,900 [ 220084]   INFO - .skeletons.PySkeletonRefresher - Skeleton for opencv._ml 
2015-04-20 14:38:02,456 [ 220640]   INFO - .skeletons.PySkeletonRefresher - Skeleton for operator 
2015-04-20 14:38:03,018 [ 221202]   INFO - .skeletons.PySkeletonRefresher - Skeleton for ossaudiodev 
2015-04-20 14:38:03,384 [ 221568]   INFO - .skeletons.PySkeletonRefresher - Skeleton for pango 
2015-04-20 14:38:04,517 [ 222701]   INFO - .skeletons.PySkeletonRefresher - Skeleton for pangocairo 
2015-04-20 14:38:04,930 [ 223114]   INFO - .skeletons.PySkeletonRefresher - Skeleton for parser 
2015-04-20 14:38:05,327 [ 223511]   INFO - .skeletons.PySkeletonRefresher - Skeleton for pcardext 
2015-04-20 14:38:05,781 [ 223965]   INFO - .skeletons.PySkeletonRefresher - Skeleton for policycoreutils.default_encoding_utf8 
2015-04-20 14:38:06,222 [ 224406]   INFO - .skeletons.PySkeletonRefresher - Skeleton for pycurl 
2015-04-20 14:38:06,671 [ 224855]   INFO - .skeletons.PySkeletonRefresher - Skeleton for pyexpat 
2015-04-20 14:38:07,022 [ 225206]   INFO - .skeletons.PySkeletonRefresher - Skeleton for pynotify._pynotify 
2015-04-20 14:38:08,463 [ 226647]   INFO - .skeletons.PySkeletonRefresher - Skeleton for readline 
2015-04-20 14:38:08,946 [ 227130]   INFO - .skeletons.PySkeletonRefresher - Skeleton for report._pyreport 
2015-04-20 14:38:09,357 [ 227541]   INFO - .skeletons.PySkeletonRefresher - Skeleton for reportclient._reportclient 
2015-04-20 14:38:09,739 [ 227923]   INFO - .skeletons.PySkeletonRefresher - Skeleton for resource 
2015-04-20 14:38:10,120 [ 228304]   INFO - .skeletons.PySkeletonRefresher - Skeleton for rhsm._certificate 
2015-04-20 14:38:10,542 [ 228726]   INFO - .skeletons.PySkeletonRefresher - Skeleton for rpm._rpm 
2015-04-20 14:38:11,374 [ 229558]   INFO - .skeletons.PySkeletonRefresher - Skeleton for rpm._rpmb 
2015-04-20 14:38:11,946 [ 230130]   INFO - .skeletons.PySkeletonRefresher - Skeleton for scanext 
2015-04-20 14:38:12,327 [ 230511]   INFO - .skeletons.PySkeletonRefresher - Skeleton for select 
2015-04-20 14:38:12,687 [ 230871]   INFO - .skeletons.PySkeletonRefresher - Skeleton for selinux._selinux 
2015-04-20 14:38:13,160 [ 231344]   INFO - .skeletons.PySkeletonRefresher - Skeleton for selinux.audit2why 
2015-04-20 14:38:13,503 [ 231687]   INFO - .skeletons.PySkeletonRefresher - Skeleton for setools._apol 
2015-04-20 14:38:13,920 [ 232104]   INFO - .skeletons.PySkeletonRefresher - Skeleton for setools._poldiff 
2015-04-20 14:38:14,352 [ 232536]   INFO - .skeletons.PySkeletonRefresher - Skeleton for setools._qpol 
2015-04-20 14:38:14,749 [ 232933]   INFO - .skeletons.PySkeletonRefresher - Skeleton for setools._seaudit 
2015-04-20 14:38:15,127 [ 233311]   INFO - .skeletons.PySkeletonRefresher - Skeleton for setools._sefs 
2015-04-20 14:38:15,498 [ 233682]   INFO - .skeletons.PySkeletonRefresher - Skeleton for setools._seinfo 
2015-04-20 14:38:15,918 [ 234102]   INFO - .skeletons.PySkeletonRefresher - Skeleton for setools._sesearch 
2015-04-20 14:38:16,229 [ 234413]   INFO - .skeletons.PySkeletonRefresher - Skeleton for simplejson._speedups 
2015-04-20 14:38:16,584 [ 234768]   INFO - .skeletons.PySkeletonRefresher - Skeleton for sip 
2015-04-20 14:38:16,887 [ 235071]   INFO - .skeletons.PySkeletonRefresher - Skeleton for smbc 
2015-04-20 14:38:17,249 [ 235433]   INFO - .skeletons.PySkeletonRefresher - Skeleton for spwd 
2015-04-20 14:38:17,635 [ 235819]   INFO - .skeletons.PySkeletonRefresher - Skeleton for strop 
2015-04-20 14:38:18,027 [ 236211]   INFO - .skeletons.PySkeletonRefresher - Skeleton for syslog 
2015-04-20 14:38:18,475 [ 236659]   INFO - .skeletons.PySkeletonRefresher - Skeleton for talloc 
2015-04-20 14:38:18,832 [ 237016]   INFO - .skeletons.PySkeletonRefresher - Skeleton for termios 
2015-04-20 14:38:19,211 [ 237395]   INFO - .skeletons.PySkeletonRefresher - Skeleton for time 
2015-04-20 14:38:19,573 [ 237757]   INFO - .skeletons.PySkeletonRefresher - Skeleton for timing 
2015-04-20 14:38:19,895 [ 238079]   INFO - .skeletons.PySkeletonRefresher - Skeleton for unicodedata 
2015-04-20 14:38:20,266 [ 238450]   INFO - .skeletons.PySkeletonRefresher - Skeleton for webkit 
2015-04-20 14:38:21,910 [ 240094]   INFO - .skeletons.PySkeletonRefresher - Skeleton for wnck 
2015-04-20 14:38:23,336 [ 241520]   INFO - .skeletons.PySkeletonGenerator - Skeleton for wnck had some minor errors on /usr/bin/python. stderr: --
** (generator3.py:30607): WARNING **: Trying to register gtype 'WnckWindowState' as flags when in fact it is of type 'GEnum'
** (generator3.py:30607): WARNING **: Trying to register gtype 'WnckWindowActions' as flags when in fact it is of type 'GEnum'
** (generator3.py:30607): WARNING **: Trying to register gtype 'WnckWindowMoveResizeMask' as flags when in fact it is of type 'GEnum'
-- 
2015-04-20 14:38:23,356 [ 241540]   INFO - .skeletons.PySkeletonRefresher - Skeleton for xxsubtype 
2015-04-20 14:38:23,809 [ 241993]   INFO - .skeletons.PySkeletonRefresher - Skeleton for zlib 
2015-04-20 14:38:24,155 [ 242339]   INFO - .skeletons.PySkeletonRefresher - Rebuilding skeletons for binaries took 184327 ms 
2015-04-20 14:38:26,055 [ 244239]   WARN - .skeletons.PySkeletonRefresher - Some skeletons failed to generate 
2015-04-20 14:38:26,055 [ 244239]   WARN - .skeletons.PySkeletonRefresher - 1 module failed in 1 interpreter. <a href="#">Details...</a> 
2015-04-20 14:38:26,055 [ 244239]   WARN - .skeletons.PySkeletonRefresher - Failed modules 
2015-04-20 14:38:26,055 [ 244239]   WARN - .skeletons.PySkeletonRefresher - dmidecodemod 
2015-04-20 14:38:26,129 [ 244313]   INFO - ns.python.sdk.PythonSdkUpdater - Updating sys.path took 74 ms 
2015-04-20 14:41:20,594 [ 418778]   INFO - packaging.PyPackageManagerImpl - Running packaging tool: /usr/bin/python /package/eda/pycharm/pycharm-community-4.0.4/helpers/packaging_tool.py list 
2015-04-20 14:41:20,594 [ 418778]   INFO - packaging.PyPackageManagerImpl - Running packaging tool: /usr/bin/python /package/eda/pycharm/pycharm-community-4.0.4/helpers/packaging_tool.py list 
2015-04-20 14:41:42,040 [ 440224]   INFO - rains.python.sdk.PythonSdkType - Bogus sys.path entry /opt/python3/current/lib/python34.zip 
2015-04-20 14:41:42,255 [ 440439]   INFO - .skeletons.PySkeletonRefresher - Refreshing skeletons for /usr/local/bin/python3 
2015-04-20 14:41:42,946 [ 441130]   INFO - .skeletons.PySkeletonGenerator - Retrieving binary module list took 687 ms 
2015-04-20 14:41:42,947 [ 441131]   INFO - .skeletons.PySkeletonRefresher - Home path is /package/eda/pycharm/pycharm-community-4.0.4 
2015-04-20 14:41:49,778 [ 447962]   INFO - .skeletons.PySkeletonGenerator - Rebuilding builtin skeletons took 6827 ms 
2015-04-20 14:41:49,781 [ 447965]   INFO - .skeletons.PySkeletonRefresher - Skeleton for Bio.Nexus.cnexus 
2015-04-20 14:41:50,275 [ 448459]   INFO - .skeletons.PySkeletonRefresher - Skeleton for Bio.cpairwise2 
2015-04-20 14:41:50,721 [ 448905]   INFO - .skeletons.PySkeletonRefresher - Skeleton for Bio.trie 
2015-04-20 14:41:51,183 [ 449367]   INFO - .skeletons.PySkeletonRefresher - Skeleton for PIL._imaging 
2015-04-20 14:41:51,729 [ 449913]   INFO - .skeletons.PySkeletonRefresher - Skeleton for PIL._imagingft 
2015-04-20 14:41:52,186 [ 450370]   INFO - .skeletons.PySkeletonRefresher - Skeleton for PIL._imagingmath 
2015-04-20 14:41:52,723 [ 450907]   INFO - .skeletons.PySkeletonRefresher - Skeleton for PIL._imagingmorph 
2015-04-20 14:41:53,169 [ 451353]   INFO - .skeletons.PySkeletonRefresher - Skeleton for PIL._imagingtk 
2015-04-20 14:41:53,733 [ 451917]   INFO - .skeletons.PySkeletonRefresher - Skeleton for PySide.QtCore 
2015-04-20 14:41:56,238 [ 454422]   INFO - .skeletons.PySkeletonRefresher - Skeleton for PySide.QtGui 
2015-04-20 14:41:56,292 [ 454476]   INFO - indexing.UnindexedFilesUpdater - Indexable files iterated in 1909 ms 
2015-04-20 14:41:56,292 [ 454476]   INFO - indexing.UnindexedFilesUpdater - Unindexed files update started: 9548 files to update 
2015-04-20 14:41:56,838 [ 455022]   INFO - ellij.concurrency.JobScheduler - 50 ms execution limit failed for: com.intellij.openapi.progress.impl.ProgressManagerImpl$1@34a51470; elapsed time was 52ms 
2015-04-20 14:41:56,861 [ 455045]   INFO - packaging.PyPackageManagerImpl - Running packaging tool: /usr/local/bin/python3 /package/eda/pycharm/pycharm-community-4.0.4/helpers/packaging_tool.py list 
2015-04-20 14:42:03,088 [ 461272]   INFO - .skeletons.PySkeletonRefresher - Skeleton for PySide.QtHelp 
2015-04-20 14:42:03,986 [ 462170]   INFO - .skeletons.PySkeletonRefresher - Skeleton for PySide.QtMultimedia 
2015-04-20 14:42:04,749 [ 462933]   INFO - .skeletons.PySkeletonRefresher - Skeleton for PySide.QtNetwork 
2015-04-20 14:42:06,389 [ 464573]   INFO - .skeletons.PySkeletonRefresher - Skeleton for PySide.QtOpenGL 
2015-04-20 14:42:07,186 [ 465370]   INFO - .skeletons.PySkeletonRefresher - Skeleton for PySide.QtScript 
2015-04-20 14:42:08,028 [ 466212]   INFO - .skeletons.PySkeletonRefresher - Skeleton for PySide.QtScriptTools 
2015-04-20 14:42:08,733 [ 466917]   INFO - .skeletons.PySkeletonRefresher - Skeleton for PySide.QtSql 
2015-04-20 14:42:09,508 [ 467692]   INFO - .skeletons.PySkeletonRefresher - Skeleton for PySide.QtSvg 
2015-04-20 14:42:10,362 [ 468546]   INFO - .skeletons.PySkeletonRefresher - Skeleton for PySide.QtTest 
2015-04-20 14:42:11,188 [ 469372]   INFO - .skeletons.PySkeletonRefresher - Skeleton for PySide.QtUiTools 
2015-04-20 14:42:11,997 [ 470181]   INFO - .skeletons.PySkeletonRefresher - Skeleton for PySide.QtXml 
2015-04-20 14:42:12,960 [ 471144]   INFO - .skeletons.PySkeletonRefresher - Skeleton for PySide.QtXmlPatterns 
2015-04-20 14:42:13,532 [ 471716]   INFO - .skeletons.PySkeletonRefresher - Skeleton for PySide.phonon 
2015-04-20 14:42:14,387 [ 472571]   INFO - .skeletons.PySkeletonRefresher - Skeleton for PySide.shiboken 
2015-04-20 14:42:15,002 [ 473186]   INFO - .skeletons.PySkeletonRefresher - Skeleton for _bisect 
2015-04-20 14:42:15,662 [ 473846]   INFO - .skeletons.PySkeletonRefresher - Skeleton for _bz2 
2015-04-20 14:42:16,177 [ 474361]   INFO - .skeletons.PySkeletonRefresher - Skeleton for _codecs_cn 
2015-04-20 14:42:16,754 [ 474938]   INFO - .skeletons.PySkeletonRefresher - Skeleton for _codecs_hk 
2015-04-20 14:42:17,340 [ 475524]   INFO - .skeletons.PySkeletonRefresher - Skeleton for _codecs_iso2022 
2015-04-20 14:42:17,899 [ 476083]   INFO - .skeletons.PySkeletonRefresher - Skeleton for _codecs_jp 
2015-04-20 14:42:18,435 [ 476619]   INFO - .skeletons.PySkeletonRefresher - Skeleton for _codecs_kr 
2015-04-20 14:42:18,987 [ 477171]   INFO - .skeletons.PySkeletonRefresher - Skeleton for _codecs_tw 
2015-04-20 14:42:19,769 [ 477953]   INFO - .skeletons.PySkeletonRefresher - Skeleton for _crypt 
2015-04-20 14:42:20,340 [ 478524]   INFO - .skeletons.PySkeletonRefresher - Skeleton for _csv 
2015-04-20 14:42:20,903 [ 479087]   INFO - .skeletons.PySkeletonRefresher - Skeleton for _ctypes 
2015-04-20 14:42:21,419 [ 479603]   INFO - .skeletons.PySkeletonRefresher - Skeleton for _ctypes_test 
2015-04-20 14:42:22,039 [ 480223]   INFO - .skeletons.PySkeletonRefresher - Skeleton for _curses 
2015-04-20 14:42:22,476 [ 480660]   INFO - .skeletons.PySkeletonRefresher - Skeleton for _curses_panel 
2015-04-20 14:42:22,965 [ 481149]   INFO - .skeletons.PySkeletonRefresher - Skeleton for _datetime 
2015-04-20 14:42:23,533 [ 481717]   INFO - .skeletons.PySkeletonRefresher - Skeleton for _dbm 
2015-04-20 14:42:24,043 [ 482227]   INFO - .skeletons.PySkeletonRefresher - Skeleton for _decimal 
2015-04-20 14:42:25,409 [ 483593]   INFO - .skeletons.PySkeletonRefresher - Skeleton for _elementtree 
2015-04-20 14:42:25,989 [ 484173]   INFO - .skeletons.PySkeletonRefresher - Skeleton for _gdbm 
2015-04-20 14:42:26,671 [ 484855]   INFO - .skeletons.PySkeletonRefresher - Skeleton for _hashlib 
2015-04-20 14:42:27,242 [ 485426]   INFO - .skeletons.PySkeletonRefresher - Skeleton for _heapq 
2015-04-20 14:42:27,744 [ 485928]   INFO - .skeletons.PySkeletonRefresher - Skeleton for _json 
2015-04-20 14:42:28,301 [ 486485]   INFO - .skeletons.PySkeletonRefresher - Skeleton for _lsprof 
2015-04-20 14:42:28,885 [ 487069]   INFO - .skeletons.PySkeletonRefresher - Skeleton for _md5 
2015-04-20 14:42:29,477 [ 487661]   INFO - .skeletons.PySkeletonRefresher - Skeleton for _multibytecodec 
2015-04-20 14:42:29,947 [ 488131]   INFO - .skeletons.PySkeletonRefresher - Skeleton for _multiprocessing 
2015-04-20 14:42:30,632 [ 488816]   INFO - .skeletons.PySkeletonRefresher - Skeleton for _opcode 
2015-04-20 14:42:31,129 [ 489313]   INFO - .skeletons.PySkeletonRefresher - Skeleton for _pickle 
2015-04-20 14:42:31,605 [ 489789]   INFO - .skeletons.PySkeletonRefresher - Skeleton for _posixsubprocess 
2015-04-20 14:42:32,064 [ 490248]   INFO - .skeletons.PySkeletonRefresher - Skeleton for _random 
2015-04-20 14:42:32,581 [ 490765]   INFO - .skeletons.PySkeletonRefresher - Skeleton for _sha1 
2015-04-20 14:42:33,058 [ 491242]   INFO - .skeletons.PySkeletonRefresher - Skeleton for _sha256 
2015-04-20 14:42:33,536 [ 491720]   INFO - .skeletons.PySkeletonRefresher - Skeleton for _sha512 
2015-04-20 14:42:34,688 [ 492872]   INFO - .skeletons.PySkeletonRefresher - Skeleton for _socket 
2015-04-20 14:42:35,615 [ 493799]   INFO - .skeletons.PySkeletonRefresher - Skeleton for _sqlite3 
2015-04-20 14:42:36,668 [ 494852]   INFO - .skeletons.PySkeletonRefresher - Skeleton for _ssl 
2015-04-20 14:42:37,510 [ 495694]   INFO - .skeletons.PySkeletonRefresher - Skeleton for _struct 
2015-04-20 14:42:38,057 [ 496241]   INFO - .skeletons.PySkeletonRefresher - Skeleton for _testbuffer 
2015-04-20 14:42:38,541 [ 496725]   INFO - .skeletons.PySkeletonRefresher - Skeleton for _testcapi 
2015-04-20 14:42:39,385 [ 497569]   INFO - .skeletons.PySkeletonRefresher - Skeleton for _testimportmultiple 
2015-04-20 14:42:39,875 [ 498059]   INFO - .skeletons.PySkeletonRefresher - Skeleton for _tkinter 
2015-04-20 14:42:40,404 [ 498588]   INFO - .skeletons.PySkeletonRefresher - Skeleton for array 
2015-04-20 14:42:41,033 [ 499217]   INFO - .skeletons.PySkeletonRefresher - Skeleton for audioop 
2015-04-20 14:42:41,609 [ 499793]   INFO - .skeletons.PySkeletonRefresher - Skeleton for binascii 
2015-04-20 14:42:42,061 [ 500245]   INFO - .skeletons.PySkeletonRefresher - Skeleton for cmath 
2015-04-20 14:42:42,270 [ 500454]   INFO - indexing.UnindexedFilesUpdater - Unindexed files update done in 45978 ms 
2015-04-20 14:42:42,894 [ 501078]   INFO - .skeletons.PySkeletonRefresher - Skeleton for fcntl 
2015-04-20 14:42:43,329 [ 501513]   INFO - ellij.concurrency.JobScheduler - 50 ms execution limit failed for: com.intellij.openapi.progress.impl.ProgressManagerImpl$1@34a51470; elapsed time was 56ms 
2015-04-20 14:42:43,551 [ 501735]   INFO - .skeletons.PySkeletonRefresher - Skeleton for grp 
2015-04-20 14:42:43,992 [ 502176]   INFO - .skeletons.PySkeletonRefresher - Skeleton for math 
2015-04-20 14:42:44,796 [ 502980]   INFO - .skeletons.PySkeletonRefresher - Skeleton for matplotlib._cntr 
2015-04-20 14:42:45,627 [ 503811]   INFO - .skeletons.PySkeletonRefresher - Skeleton for matplotlib._delaunay 
2015-04-20 14:42:46,444 [ 504628]   INFO - .skeletons.PySkeletonRefresher - Skeleton for matplotlib._image 
2015-04-20 14:42:47,238 [ 505422]   INFO - .skeletons.PySkeletonRefresher - Skeleton for matplotlib._path 
2015-04-20 14:42:48,082 [ 506266]   INFO - .skeletons.PySkeletonRefresher - Skeleton for matplotlib._png 
2015-04-20 14:42:48,921 [ 507105]   INFO - .skeletons.PySkeletonRefresher - Skeleton for matplotlib._qhull 
2015-04-20 14:42:49,733 [ 507917]   INFO - .skeletons.PySkeletonRefresher - Skeleton for matplotlib._tri 
2015-04-20 14:42:50,563 [ 508747]   INFO - .skeletons.PySkeletonRefresher - Skeleton for matplotlib.backends._backend_agg 
2015-04-20 14:42:51,416 [ 509600]   INFO - .skeletons.PySkeletonRefresher - Skeleton for matplotlib.backends._tkagg 
2015-04-20 14:42:52,334 [ 510518]   INFO - .skeletons.PySkeletonRefresher - Skeleton for matplotlib.ft2font 
2015-04-20 14:42:53,371 [ 511555]   INFO - .skeletons.PySkeletonRefresher - Skeleton for matplotlib.ttconv 
2015-04-20 14:42:54,243 [ 512427]   INFO - .skeletons.PySkeletonRefresher - Skeleton for mmap 
2015-04-20 14:42:54,730 [ 512914]   INFO - .skeletons.PySkeletonRefresher - Skeleton for nis 
2015-04-20 14:42:55,192 [ 513376]   INFO - .skeletons.PySkeletonRefresher - Skeleton for numpy.core._dummy 
2015-04-20 14:42:55,971 [ 514155]   INFO - .skeletons.PySkeletonRefresher - Skeleton for numpy.core.multiarray 
2015-04-20 14:42:57,813 [ 515997]   INFO - .skeletons.PySkeletonRefresher - Skeleton for numpy.core.multiarray_tests 
2015-04-20 14:42:58,393 [ 516577]   INFO - .skeletons.PySkeletonRefresher - Skeleton for numpy.core.operand_flag_tests 
2015-04-20 14:42:59,106 [ 517290]   INFO - .skeletons.PySkeletonRefresher - Skeleton for numpy.core.scalarmath 
2015-04-20 14:42:59,860 [ 518044]   INFO - .skeletons.PySkeletonRefresher - Skeleton for numpy.core.struct_ufunc_test 
2015-04-20 14:43:00,510 [ 518694]   INFO - .skeletons.PySkeletonRefresher - Skeleton for numpy.core.test_rational 
2015-04-20 14:43:01,195 [ 519379]   INFO - .skeletons.PySkeletonRefresher - Skeleton for numpy.core.umath 
2015-04-20 14:43:03,066 [ 521250]   INFO - .skeletons.PySkeletonRefresher - Skeleton for numpy.core.umath_tests 
2015-04-20 14:43:03,682 [ 521866]   INFO - .skeletons.PySkeletonRefresher - Skeleton for numpy.fft.fftpack_lite 
2015-04-20 14:43:04,330 [ 522514]   INFO - .skeletons.PySkeletonRefresher - Skeleton for numpy.lib._compiled_base 
2015-04-20 14:43:05,337 [ 523521]   INFO - .skeletons.PySkeletonRefresher - Skeleton for numpy.linalg._umath_linalg 
2015-04-20 14:43:06,223 [ 524407]   INFO - .skeletons.PySkeletonRefresher - Skeleton for numpy.linalg.lapack_lite 
2015-04-20 14:43:06,863 [ 525047]   INFO - .skeletons.PySkeletonRefresher - Skeleton for numpy.random.mtrand 
2015-04-20 14:43:08,002 [ 526186]   INFO - .skeletons.PySkeletonRefresher - Skeleton for ossaudiodev 
2015-04-20 14:43:08,481 [ 526665]   INFO - .skeletons.PySkeletonRefresher - Skeleton for parser 
2015-04-20 14:43:08,884 [ 527068]   INFO - .skeletons.PySkeletonRefresher - Skeleton for pyexpat 
2015-04-20 14:43:09,352 [ 527536]   INFO - .skeletons.PySkeletonRefresher - Skeleton for readline 
2015-04-20 14:43:09,945 [ 528129]   INFO - .skeletons.PySkeletonRefresher - Skeleton for resource 
2015-04-20 14:43:10,412 [ 528596]   INFO - .skeletons.PySkeletonRefresher - Skeleton for select 
2015-04-20 14:43:10,858 [ 529042]   INFO - .skeletons.PySkeletonRefresher - Skeleton for spwd 
2015-04-20 14:43:11,261 [ 529445]   INFO - .skeletons.PySkeletonRefresher - Skeleton for syslog 
2015-04-20 14:43:11,681 [ 529865]   INFO - .skeletons.PySkeletonRefresher - Skeleton for termios 
2015-04-20 14:43:12,265 [ 530449]   INFO - .skeletons.PySkeletonRefresher - Skeleton for time 
2015-04-20 14:43:12,751 [ 530935]   INFO - .skeletons.PySkeletonRefresher - Skeleton for unicodedata 
2015-04-20 14:43:13,270 [ 531454]   INFO - .skeletons.PySkeletonRefresher - Skeleton for xxlimited 
2015-04-20 14:43:13,729 [ 531913]   INFO - .skeletons.PySkeletonRefresher - Skeleton for zlib 
2015-04-20 14:43:14,185 [ 532369]   INFO - .skeletons.PySkeletonRefresher - Rebuilding skeletons for binaries took 84405 ms 
2015-04-20 14:43:14,652 [ 532836]   INFO - ns.python.sdk.PythonSdkUpdater - Updating sys.path took 85 ms 
2015-04-20 20:42:40,783 [22098967]   INFO - org.jetbrains.io.BuiltInServer - web server stopped 
2015-04-20 20:42:40,867 [22099051]   INFO - Types.impl.FileTypeManagerImpl - FileTypeManager: 6441 auto-detected files
Elapsed time on auto-detect: 4510 ms 
2015-04-20 20:42:41,066 [22099250]   INFO - il.indexing.FileBasedIndexImpl - START INDEX SHUTDOWN 
2015-04-20 20:42:41,416 [22099600]   INFO - il.indexing.FileBasedIndexImpl - END INDEX SHUTDOWN 
2015-04-20 20:42:41,417 [22099601]   INFO - stubs.SerializationManagerImpl - START StubSerializationManager SHUTDOWN 
2015-04-20 20:42:41,417 [22099601]   INFO - stubs.SerializationManagerImpl - END StubSerializationManager SHUTDOWN 
2015-04-20 20:42:41,428 [22099612]   INFO - .history.utils.LocalHistoryLog - Purging local history... 
2015-04-20 20:42:41,467 [22099651]   INFO - .history.utils.LocalHistoryLog - Local history storage successfully closed. 
2015-04-20 20:42:41,681 [22099865]   WARN - api.vfs.impl.local.FileWatcher - Watcher terminated with exit code 0 
2015-04-20 20:42:41,685 [22099869]   INFO - newvfs.persistent.PersistentFS - VFS dispose started 
2015-04-20 20:42:42,045 [22100229]   INFO - newvfs.persistent.PersistentFS - VFS dispose completed 
2015-04-20 20:42:42,075 [22100259]   INFO -        #com.intellij.idea.Main - ------------------------------------------------------ IDE SHUTDOWN ------------------------------------------------------ 
