Flow report for singlecycle
Fri Feb  5 13:45:56 2016
Quartus II 32-bit Version 13.0.1 Build 232 06/12/2013 Service Pack 1 SJ Full Version


---------------------
; Table of Contents ;
---------------------
  1. Legal Notice
  2. Flow Summary
  3. Flow Settings
  4. Flow Non-Default Global Settings
  5. Flow Elapsed Time
  6. Flow OS Summary
  7. Flow Log
  8. Flow Messages
  9. Flow Suppressed Messages



----------------
; Legal Notice ;
----------------
Copyright (C) 1991-2013 Altera Corporation
Your use of Altera Corporation's design tools, logic functions 
and other software and tools, and its AMPP partner logic 
functions, and any output files from any of the foregoing 
(including device programming or simulation files), and any 
associated documentation or information are expressly subject 
to the terms and conditions of the Altera Program License 
Subscription Agreement, Altera MegaCore Function License 
Agreement, or other applicable license agreement, including, 
without limitation, that your use is for the sole purpose of 
programming logic devices manufactured by Altera and sold by 
Altera or its authorized distributors.  Please refer to the 
applicable agreement for further details.



+---------------------------------------------------------------------------------------+
; Flow Summary                                                                          ;
+------------------------------------+--------------------------------------------------+
; Flow Status                        ; Successful - Fri Feb  5 13:45:28 2016            ;
; Quartus II 32-bit Version          ; 13.0.1 Build 232 06/12/2013 SP 1 SJ Full Version ;
; Revision Name                      ; singlecycle                                      ;
; Top-level Entity Name              ; system_fpga                                      ;
; Family                             ; Cyclone IV E                                     ;
; Device                             ; EP4CE115F29C7                                    ;
; Timing Models                      ; Final                                            ;
; Total logic elements               ; 4,059 / 114,480 ( 4 % )                          ;
;     Total combinational functions  ; 3,313 / 114,480 ( 3 % )                          ;
;     Dedicated logic registers      ; 2,419 / 114,480 ( 2 % )                          ;
; Total registers                    ; 2419                                             ;
; Total pins                         ; 106 / 529 ( 20 % )                               ;
; Total virtual pins                 ; 0                                                ;
; Total memory bits                  ; 594,944 / 3,981,312 ( 15 % )                     ;
; Embedded Multiplier 9-bit elements ; 0 / 532 ( 0 % )                                  ;
; Total PLLs                         ; 0 / 4 ( 0 % )                                    ;
+------------------------------------+--------------------------------------------------+


+-----------------------------------------+
; Flow Settings                           ;
+-------------------+---------------------+
; Option            ; Setting             ;
+-------------------+---------------------+
; Start date & time ; 02/05/2016 09:53:12 ;
; Main task         ; Compilation         ;
; Revision Name     ; singlecycle         ;
+-------------------+---------------------+


+---------------------------------------------------------------------------------------------------------------------------------------------+
; Flow Non-Default Global Settings                                                                                                            ;
+-------------------------------------+-------------------------------------------------+---------------+------------------------+------------+
; Assignment Name                     ; Value                                           ; Default Value ; Entity Name            ; Section Id ;
+-------------------------------------+-------------------------------------------------+---------------+------------------------+------------+
; COMPILER_SIGNATURE_ID               ; 0.145468399119641                               ; --            ; --                     ; --         ;
; MAX_CORE_JUNCTION_TEMP              ; 85                                              ; --            ; --                     ; --         ;
; MIN_CORE_JUNCTION_TEMP              ; 0                                               ; --            ; --                     ; --         ;
; NOMINAL_CORE_SUPPLY_VOLTAGE         ; 1.2V                                            ; --            ; --                     ; --         ;
; PARTITION_COLOR                     ; 16764057                                        ; --            ; DE2_115_Basic_Computer ; Top        ;
; PARTITION_COLOR                     ; 16764057                                        ; --            ; system_fpga            ; Top        ;
; PARTITION_FITTER_PRESERVATION_LEVEL ; PLACEMENT_AND_ROUTING                           ; --            ; DE2_115_Basic_Computer ; Top        ;
; PARTITION_FITTER_PRESERVATION_LEVEL ; PLACEMENT_AND_ROUTING                           ; --            ; system_fpga            ; Top        ;
; PARTITION_NETLIST_TYPE              ; SOURCE                                          ; --            ; DE2_115_Basic_Computer ; Top        ;
; PARTITION_NETLIST_TYPE              ; SOURCE                                          ; --            ; system_fpga            ; Top        ;
; PROJECT_OUTPUT_DIRECTORY            ; output_files                                    ; --            ; --                     ; --         ;
; SEARCH_PATH                         ; /home/ecegrid/a/mg232/ece437/processors/include ; --            ; --                     ; --         ;
; TOP_LEVEL_ENTITY                    ; system_fpga                                     ; singlecycle   ; --                     ; --         ;
+-------------------------------------+-------------------------------------------------+---------------+------------------------+------------+


+-------------------------------------------------------------------------------------------------------------------------------+
; Flow Elapsed Time                                                                                                             ;
+---------------------------+--------------+-------------------------+---------------------+------------------------------------+
; Module Name               ; Elapsed Time ; Average Processors Used ; Peak Virtual Memory ; Total CPU Time (on all processors) ;
+---------------------------+--------------+-------------------------+---------------------+------------------------------------+
; Analysis & Synthesis      ; 00:00:24     ; 1.0                     ; 430 MB              ; 00:00:11                           ;
; Fitter                    ; 00:00:27     ; 1.6                     ; 782 MB              ; 00:00:31                           ;
; Assembler                 ; 00:00:06     ; 1.0                     ; 349 MB              ; 00:00:05                           ;
; TimeQuest Timing Analyzer ; 00:00:17     ; 1.2                     ; 482 MB              ; 00:00:09                           ;
; Analysis & Synthesis      ; 00:00:46     ; 1.1                     ; 419 MB              ; 00:00:13                           ;
; Partition Merge           ; 00:00:04     ; 1.0                     ; 348 MB              ; 00:00:01                           ;
; Fitter                    ; 00:00:25     ; 1.3                     ; 823 MB              ; 00:00:27                           ;
; Assembler                 ; 00:00:07     ; 1.0                     ; 354 MB              ; 00:00:05                           ;
; TimeQuest Timing Analyzer ; 00:00:23     ; 1.1                     ; 485 MB              ; 00:00:10                           ;
; Analysis & Synthesis      ; 00:00:16     ; 1.0                     ; 400 MB              ; 00:00:05                           ;
; Partition Merge           ; 00:00:03     ; 1.0                     ; 352 MB              ; 00:00:01                           ;
; Fitter                    ; 00:00:25     ; 1.4                     ; 824 MB              ; 00:00:28                           ;
; Assembler                 ; 00:00:07     ; 1.0                     ; 358 MB              ; 00:00:05                           ;
; TimeQuest Timing Analyzer ; 00:00:21     ; 1.2                     ; 472 MB              ; 00:00:10                           ;
; Analysis & Synthesis      ; 00:00:37     ; 1.2                     ; 422 MB              ; 00:00:13                           ;
; Partition Merge           ; 00:00:04     ; 1.0                     ; 353 MB              ; 00:00:02                           ;
; Fitter                    ; 00:00:31     ; 1.6                     ; 822 MB              ; 00:00:34                           ;
; Assembler                 ; 00:00:07     ; 1.0                     ; 358 MB              ; 00:00:05                           ;
; TimeQuest Timing Analyzer ; 00:00:19     ; 1.2                     ; 499 MB              ; 00:00:10                           ;
; Analysis & Synthesis      ; 00:00:18     ; 1.0                     ; 400 MB              ; 00:00:05                           ;
; Partition Merge           ; 00:00:05     ; 1.0                     ; 354 MB              ; 00:00:02                           ;
; Fitter                    ; 00:00:28     ; 1.3                     ; 825 MB              ; 00:00:29                           ;
; Assembler                 ; 00:00:07     ; 1.0                     ; 358 MB              ; 00:00:06                           ;
; TimeQuest Timing Analyzer ; 00:00:23     ; 1.0                     ; 489 MB              ; 00:00:10                           ;
; Analysis & Synthesis      ; 00:00:37     ; 1.3                     ; 422 MB              ; 00:00:14                           ;
; Partition Merge           ; 00:00:04     ; 1.0                     ; 352 MB              ; 00:00:02                           ;
; Fitter                    ; 00:00:31     ; 1.3                     ; 819 MB              ; 00:00:30                           ;
; Assembler                 ; 00:00:07     ; 1.0                     ; 354 MB              ; 00:00:06                           ;
; TimeQuest Timing Analyzer ; 00:00:25     ; 1.0                     ; 497 MB              ; 00:00:10                           ;
; Analysis & Synthesis      ; 00:00:17     ; 1.0                     ; 408 MB              ; 00:00:05                           ;
; Partition Merge           ; 00:00:04     ; 1.0                     ; 354 MB              ; 00:00:02                           ;
; Fitter                    ; 00:00:28     ; 1.6                     ; 822 MB              ; 00:00:30                           ;
; Assembler                 ; 00:00:07     ; 1.0                     ; 358 MB              ; 00:00:06                           ;
; TimeQuest Timing Analyzer ; 00:00:25     ; 1.1                     ; 489 MB              ; 00:00:10                           ;
; Total                     ; 00:10:15     ; --                      ; --                  ; 00:06:32                           ;
+---------------------------+--------------+-------------------------+---------------------+------------------------------------+


+---------------------------------------------------------------------------------------------+
; Flow OS Summary                                                                             ;
+---------------------------+-------------------------+---------+------------+----------------+
; Module Name               ; Machine Hostname        ; OS Name ; OS Version ; Processor type ;
+---------------------------+-------------------------+---------+------------+----------------+
; Analysis & Synthesis      ; cparch17.ecn.purdue.edu ; Red Hat ; 6          ; x86_64         ;
; Fitter                    ; cparch17.ecn.purdue.edu ; Red Hat ; 6          ; x86_64         ;
; Assembler                 ; cparch17.ecn.purdue.edu ; Red Hat ; 6          ; x86_64         ;
; TimeQuest Timing Analyzer ; cparch17.ecn.purdue.edu ; Red Hat ; 6          ; x86_64         ;
; Analysis & Synthesis      ; cparch17.ecn.purdue.edu ; Red Hat ; 6          ; x86_64         ;
; Partition Merge           ; cparch17.ecn.purdue.edu ; Red Hat ; 6          ; x86_64         ;
; Fitter                    ; cparch17.ecn.purdue.edu ; Red Hat ; 6          ; x86_64         ;
; Assembler                 ; cparch17.ecn.purdue.edu ; Red Hat ; 6          ; x86_64         ;
; TimeQuest Timing Analyzer ; cparch17.ecn.purdue.edu ; Red Hat ; 6          ; x86_64         ;
; Analysis & Synthesis      ; cparch17.ecn.purdue.edu ; Red Hat ; 6          ; x86_64         ;
; Partition Merge           ; cparch17.ecn.purdue.edu ; Red Hat ; 6          ; x86_64         ;
; Fitter                    ; cparch17.ecn.purdue.edu ; Red Hat ; 6          ; x86_64         ;
; Assembler                 ; cparch17.ecn.purdue.edu ; Red Hat ; 6          ; x86_64         ;
; TimeQuest Timing Analyzer ; cparch17.ecn.purdue.edu ; Red Hat ; 6          ; x86_64         ;
; Analysis & Synthesis      ; cparch17.ecn.purdue.edu ; Red Hat ; 6          ; x86_64         ;
; Partition Merge           ; cparch17.ecn.purdue.edu ; Red Hat ; 6          ; x86_64         ;
; Fitter                    ; cparch17.ecn.purdue.edu ; Red Hat ; 6          ; x86_64         ;
; Assembler                 ; cparch17.ecn.purdue.edu ; Red Hat ; 6          ; x86_64         ;
; TimeQuest Timing Analyzer ; cparch17.ecn.purdue.edu ; Red Hat ; 6          ; x86_64         ;
; Analysis & Synthesis      ; cparch17.ecn.purdue.edu ; Red Hat ; 6          ; x86_64         ;
; Partition Merge           ; cparch17.ecn.purdue.edu ; Red Hat ; 6          ; x86_64         ;
; Fitter                    ; cparch17.ecn.purdue.edu ; Red Hat ; 6          ; x86_64         ;
; Assembler                 ; cparch17.ecn.purdue.edu ; Red Hat ; 6          ; x86_64         ;
; TimeQuest Timing Analyzer ; cparch17.ecn.purdue.edu ; Red Hat ; 6          ; x86_64         ;
; Analysis & Synthesis      ; cparch17.ecn.purdue.edu ; Red Hat ; 6          ; x86_64         ;
; Partition Merge           ; cparch17.ecn.purdue.edu ; Red Hat ; 6          ; x86_64         ;
; Fitter                    ; cparch17.ecn.purdue.edu ; Red Hat ; 6          ; x86_64         ;
; Assembler                 ; cparch17.ecn.purdue.edu ; Red Hat ; 6          ; x86_64         ;
; TimeQuest Timing Analyzer ; cparch17.ecn.purdue.edu ; Red Hat ; 6          ; x86_64         ;
; Analysis & Synthesis      ; cparch17.ecn.purdue.edu ; Red Hat ; 6          ; x86_64         ;
; Partition Merge           ; cparch17.ecn.purdue.edu ; Red Hat ; 6          ; x86_64         ;
; Fitter                    ; cparch17.ecn.purdue.edu ; Red Hat ; 6          ; x86_64         ;
; Assembler                 ; cparch17.ecn.purdue.edu ; Red Hat ; 6          ; x86_64         ;
; TimeQuest Timing Analyzer ; cparch17.ecn.purdue.edu ; Red Hat ; 6          ; x86_64         ;
+---------------------------+-------------------------+---------+------------+----------------+


------------
; Flow Log ;
------------
quartus_map --read_settings_files=on --write_settings_files=off singlecycle -c singlecycle
quartus_fit --read_settings_files=off --write_settings_files=off singlecycle -c singlecycle
quartus_asm --read_settings_files=off --write_settings_files=off singlecycle -c singlecycle
quartus_sta singlecycle -c singlecycle
quartus_map --read_settings_files=on --write_settings_files=off singlecycle -c singlecycle
quartus_cdb --read_settings_files=off --write_settings_files=off singlecycle -c singlecycle --merge=on
quartus_fit --read_settings_files=off --write_settings_files=off singlecycle -c singlecycle
quartus_asm --read_settings_files=off --write_settings_files=off singlecycle -c singlecycle
quartus_sta singlecycle -c singlecycle
quartus_map --read_settings_files=on --write_settings_files=off singlecycle -c singlecycle
quartus_cdb --read_settings_files=off --write_settings_files=off singlecycle -c singlecycle --merge=on
quartus_fit --read_settings_files=off --write_settings_files=off singlecycle -c singlecycle
quartus_asm --read_settings_files=off --write_settings_files=off singlecycle -c singlecycle
quartus_sta singlecycle -c singlecycle
quartus_map --read_settings_files=on --write_settings_files=off singlecycle -c singlecycle
quartus_cdb --read_settings_files=off --write_settings_files=off singlecycle -c singlecycle --merge=on
quartus_fit --read_settings_files=off --write_settings_files=off singlecycle -c singlecycle
quartus_asm --read_settings_files=off --write_settings_files=off singlecycle -c singlecycle
quartus_sta singlecycle -c singlecycle
quartus_map --read_settings_files=on --write_settings_files=off singlecycle -c singlecycle
quartus_cdb --read_settings_files=off --write_settings_files=off singlecycle -c singlecycle --merge=on
quartus_fit --read_settings_files=off --write_settings_files=off singlecycle -c singlecycle
quartus_asm --read_settings_files=off --write_settings_files=off singlecycle -c singlecycle
quartus_sta singlecycle -c singlecycle
quartus_map --read_settings_files=on --write_settings_files=off singlecycle -c singlecycle
quartus_cdb --read_settings_files=off --write_settings_files=off singlecycle -c singlecycle --merge=on
quartus_fit --read_settings_files=off --write_settings_files=off singlecycle -c singlecycle
quartus_asm --read_settings_files=off --write_settings_files=off singlecycle -c singlecycle
quartus_sta singlecycle -c singlecycle
quartus_map --read_settings_files=on --write_settings_files=off singlecycle -c singlecycle
quartus_cdb --read_settings_files=off --write_settings_files=off singlecycle -c singlecycle --merge=on
quartus_fit --read_settings_files=off --write_settings_files=off singlecycle -c singlecycle
quartus_asm --read_settings_files=off --write_settings_files=off singlecycle -c singlecycle
quartus_sta singlecycle -c singlecycle



