
                      Design Compiler Graphical
                            DC Ultra (TM)
                             DFTMAX (TM)
                         Power Compiler (TM)
                           DesignWare (R)
                           DC Expert (TM)
                         Design Vision (TM)
                          HDL Compiler (TM)
                         VHDL Compiler (TM)
                            DFT Compiler
                        Library Compiler (TM)
                         Design Compiler(R)

            Version G-2012.06 for RHEL64 -- May 30, 2012
               Copyright (c) 1988-2012 Synopsys, Inc.

This software and the associated documentation are confidential and 
proprietary to Synopsys, Inc. Your use or disclosure of this software 
is subject to the terms and conditions of a written license agreement 
between you, or your company, and Synopsys, Inc.

Initializing...
dc_shell> dc_shell> Running PRESTO HDLC
Searching for ./scl_edge.sv
Searching for /package/eda/synopsys/syn-G-2012.06/libraries/syn/scl_edge.sv
Searching for /package/eda/synopsys/syn-G-2012.06/dw/sim_ver/scl_edge.sv
Searching for ./source/scl_edge.sv
Searching for ./sda_sel.sv
Searching for /package/eda/synopsys/syn-G-2012.06/libraries/syn/sda_sel.sv
Searching for /package/eda/synopsys/syn-G-2012.06/dw/sim_ver/sda_sel.sv
Searching for ./source/sda_sel.sv
Searching for ./decode.sv
Searching for /package/eda/synopsys/syn-G-2012.06/libraries/syn/decode.sv
Searching for /package/eda/synopsys/syn-G-2012.06/dw/sim_ver/decode.sv
Searching for ./source/decode.sv
Searching for ./tx_fifo.sv
Searching for /package/eda/synopsys/syn-G-2012.06/libraries/syn/tx_fifo.sv
Searching for /package/eda/synopsys/syn-G-2012.06/dw/sim_ver/tx_fifo.sv
Searching for ./source/tx_fifo.sv
Searching for ./tx_sr.sv
Searching for /package/eda/synopsys/syn-G-2012.06/libraries/syn/tx_sr.sv
Searching for /package/eda/synopsys/syn-G-2012.06/dw/sim_ver/tx_sr.sv
Searching for ./source/tx_sr.sv
Searching for ./rx_sr.sv
Searching for /package/eda/synopsys/syn-G-2012.06/libraries/syn/rx_sr.sv
Searching for /package/eda/synopsys/syn-G-2012.06/dw/sim_ver/rx_sr.sv
Searching for ./source/rx_sr.sv
Searching for ./controller.sv
Searching for /package/eda/synopsys/syn-G-2012.06/libraries/syn/controller.sv
Searching for /package/eda/synopsys/syn-G-2012.06/dw/sim_ver/controller.sv
Searching for ./source/controller.sv
Searching for ./timer.sv
Searching for /package/eda/synopsys/syn-G-2012.06/libraries/syn/timer.sv
Searching for /package/eda/synopsys/syn-G-2012.06/dw/sim_ver/timer.sv
Searching for ./source/timer.sv
Searching for ./flex_counter.sv
Searching for /package/eda/synopsys/syn-G-2012.06/libraries/syn/flex_counter.sv
Searching for /package/eda/synopsys/syn-G-2012.06/dw/sim_ver/flex_counter.sv
Searching for ./source/flex_counter.sv
Searching for ./flex_stp_sr.sv
Searching for /package/eda/synopsys/syn-G-2012.06/libraries/syn/flex_stp_sr.sv
Searching for /package/eda/synopsys/syn-G-2012.06/dw/sim_ver/flex_stp_sr.sv
Searching for ./source/flex_stp_sr.sv
Searching for ./flex_pts_sr.sv
Searching for /package/eda/synopsys/syn-G-2012.06/libraries/syn/flex_pts_sr.sv
Searching for /package/eda/synopsys/syn-G-2012.06/dw/sim_ver/flex_pts_sr.sv
Searching for ./source/flex_pts_sr.sv
Searching for ./i2c_slave.sv
Searching for /package/eda/synopsys/syn-G-2012.06/libraries/syn/i2c_slave.sv
Searching for /package/eda/synopsys/syn-G-2012.06/dw/sim_ver/i2c_slave.sv
Searching for ./source/i2c_slave.sv
Compiling source file ./source/scl_edge.sv
Compiling source file ./source/sda_sel.sv
Compiling source file ./source/decode.sv
Compiling source file ./source/tx_fifo.sv
Compiling source file ./source/tx_sr.sv
Compiling source file ./source/rx_sr.sv
Compiling source file ./source/controller.sv
Compiling source file ./source/timer.sv
Compiling source file ./source/flex_counter.sv
Compiling source file ./source/flex_stp_sr.sv
Compiling source file ./source/flex_pts_sr.sv
Compiling source file ./source/i2c_slave.sv
Warning:  ./source/i2c_slave.sv:37: the undeclared symbol 'stoop_found' assumed to have the default net type, which is 'wire'. (VER-936)
Warning:  ./source/i2c_slave.sv:37: The delay specification for net declaration is ignored. (VER-976)
Presto compilation completed successfully.
Loading db file '/package/eda/cells/OSU/v2.7/synopsys/lib/ami05/osu05_stdcells.db'
Loading db file '/package/eda/synopsys/syn-G-2012.06/libraries/syn/dw_foundation.sldb'
1
dc_shell> Loading db file '/package/eda/synopsys/syn-G-2012.06/libraries/syn/gtech.db'
Loading db file '/package/eda/synopsys/syn-G-2012.06/libraries/syn/standard.sldb'
  Loading link library 'osu05_stdcells'
  Loading link library 'gtech'
Running PRESTO HDLC
Presto compilation completed successfully.
Elaborated 1 design.
Current design is now 'i2c_slave'.
Information: Building the design 'scl_edge'. (HDL-193)

Inferred memory devices in process
	in routine scl_edge line 12 in file
		'./source/scl_edge.sv'.
===============================================================================
|    Register Name    |   Type    | Width | Bus | MB | AR | AS | SR | SS | ST |
===============================================================================
|   nxt_state2_reg    | Flip-flop |   1   |  N  | N  | N  | Y  | N  | N  | N  |
|    nxt_state_reg    | Flip-flop |   1   |  N  | N  | N  | Y  | N  | N  | N  |
===============================================================================
Presto compilation completed successfully.
Information: Building the design 'decode'. (HDL-193)

Inferred memory devices in process
	in routine decode line 14 in file
		'./source/decode.sv'.
===============================================================================
|    Register Name    |   Type    | Width | Bus | MB | AR | AS | SR | SS | ST |
===============================================================================
|        d_reg        | Flip-flop |   1   |  N  | N  | N  | Y  | N  | N  | N  |
|    nxt_state_reg    | Flip-flop |   1   |  N  | N  | N  | Y  | N  | N  | N  |
|   nxt_state2_reg    | Flip-flop |   1   |  N  | N  | N  | Y  | N  | N  | N  |
|        b_reg        | Flip-flop |   1   |  N  | N  | N  | Y  | N  | N  | N  |
===============================================================================
Presto compilation completed successfully.
Information: Building the design 'rx_sr'. (HDL-193)
Presto compilation completed successfully.
Information: Building the design 'sda_sel'. (HDL-193)
Presto compilation completed successfully.
Information: Building the design 'tx_fifo'. (HDL-193)
Presto compilation completed successfully.
Information: Building the design 'tx_sr'. (HDL-193)
Presto compilation completed successfully.
Information: Building the design 'timer'. (HDL-193)

Statistics for case statements in always block at line 34 in file
	'./source/timer.sv'
===============================================
|           Line           |  full/ parallel  |
===============================================
|            40            |     no/auto      |
===============================================

Inferred memory devices in process
	in routine timer line 23 in file
		'./source/timer.sv'.
===============================================================================
|    Register Name    |   Type    | Width | Bus | MB | AR | AS | SR | SS | ST |
===============================================================================
|      state_reg      | Flip-flop |   3   |  Y  | N  | Y  | N  | N  | N  | N  |
===============================================================================
Presto compilation completed successfully.
Information: Building the design 'controller'. (HDL-193)

Statistics for case statements in always block at line 34 in file
	'./source/controller.sv'
===============================================
|           Line           |  full/ parallel  |
===============================================
|            41            |     no/auto      |
===============================================

Statistics for case statements in always block at line 78 in file
	'./source/controller.sv'
===============================================
|           Line           |  full/ parallel  |
===============================================
|            80            |     no/auto      |
===============================================

Inferred memory devices in process
	in routine controller line 23 in file
		'./source/controller.sv'.
===============================================================================
|    Register Name    |   Type    | Width | Bus | MB | AR | AS | SR | SS | ST |
===============================================================================
|      state_reg      | Flip-flop |   4   |  Y  | N  | Y  | N  | N  | N  | N  |
===============================================================================
Presto compilation completed successfully.
Information: Building the design 'flex_stp_sr' instantiated from design 'rx_sr' with
	the parameters "8,1". (HDL-193)

Inferred memory devices in process
	in routine flex_stp_sr_NUM_BITS8_SHIFT_MSB1 line 44 in file
		'./source/flex_stp_sr.sv'.
===============================================================================
|    Register Name    |   Type    | Width | Bus | MB | AR | AS | SR | SS | ST |
===============================================================================
|        f_reg        | Flip-flop |   8   |  Y  | N  | N  | Y  | N  | N  | N  |
===============================================================================
Presto compilation completed successfully.
Information: Building the design 'fifo'. (HDL-193)
Presto compilation completed successfully.
Information: Building the design 'flex_pts_sr' instantiated from design 'tx_sr' with
	the parameters "8,1". (HDL-193)

Inferred memory devices in process
	in routine flex_pts_sr_NUM_BITS8_SHIFT_MSB1 line 25 in file
		'./source/flex_pts_sr.sv'.
===============================================================================
|    Register Name    |   Type    | Width | Bus | MB | AR | AS | SR | SS | ST |
===============================================================================
|     ip_nxt_reg      | Flip-flop |   1   |  N  | N  | N  | Y  | N  | N  | N  |
===============================================================================

Inferred memory devices in process
	in routine flex_pts_sr_NUM_BITS8_SHIFT_MSB1 line 41 in file
		'./source/flex_pts_sr.sv'.
===============================================================================
|    Register Name    |   Type    | Width | Bus | MB | AR | AS | SR | SS | ST |
===============================================================================
|     ip_nxt_reg      | Flip-flop |   7   |  Y  | N  | N  | Y  | N  | N  | N  |
===============================================================================
Presto compilation completed successfully.
Information: Building the design 'flex_counter' instantiated from design 'timer' with
	the parameters "4". (HDL-193)

Inferred memory devices in process
	in routine flex_counter_NUM_CNT_BITS4 line 43 in file
		'./source/flex_counter.sv'.
===============================================================================
|    Register Name    |   Type    | Width | Bus | MB | AR | AS | SR | SS | ST |
===============================================================================
|  rollover_flag_reg  | Flip-flop |   1   |  N  | N  | Y  | N  | N  | N  | N  |
|        f_reg        | Flip-flop |   4   |  Y  | N  | Y  | N  | N  | N  | N  |
===============================================================================
Presto compilation completed successfully.
Information: Building the design 'fiforam'. (HDL-193)

Inferred memory devices in process
	in routine fiforam line 48 in file
		'./Course_IP_VHDL/Fifo/source/fiforam.vhd'.
===============================================================================
|    Register Name    |   Type    | Width | Bus | MB | AR | AS | SR | SS | ST |
===============================================================================
|     fiforeg_reg     | Flip-flop |  64   |  Y  | N  | N  | N  | N  | N  | N  |
===============================================================================
Presto compilation completed successfully.
Information: Building the design 'write_fifo_ctrl'. (HDL-193)

Inferred memory devices in process
	in routine write_fifo_ctrl line 76 in file
		'./Course_IP_VHDL/Fifo/source/write_fifo_ctrl.vhd'.
===============================================================================
|    Register Name    |   Type    | Width | Bus | MB | AR | AS | SR | SS | ST |
===============================================================================
|    wrptr_r1_reg     | Flip-flop |   4   |  Y  | N  | Y  | N  | N  | N  | N  |
|    wrptr_r2_reg     | Flip-flop |   4   |  Y  | N  | Y  | N  | N  | N  | N  |
===============================================================================

Inferred memory devices in process
	in routine write_fifo_ctrl line 102 in file
		'./Course_IP_VHDL/Fifo/source/write_fifo_ctrl.vhd'.
===============================================================================
|    Register Name    |   Type    | Width | Bus | MB | AR | AS | SR | SS | ST |
===============================================================================
|   full_flag_r_reg   | Flip-flop |   1   |  N  | N  | Y  | N  | N  | N  | N  |
===============================================================================

Inferred memory devices in process
	in routine write_fifo_ctrl line 115 in file
		'./Course_IP_VHDL/Fifo/source/write_fifo_ctrl.vhd'.
===============================================================================
|    Register Name    |   Type    | Width | Bus | MB | AR | AS | SR | SS | ST |
===============================================================================
|      waddr_reg      | Flip-flop |   3   |  Y  | N  | Y  | N  | N  | N  | N  |
===============================================================================
Presto compilation completed successfully.
Information: Building the design 'read_fifo_ctrl'. (HDL-193)

Inferred memory devices in process
	in routine read_fifo_ctrl line 75 in file
		'./Course_IP_VHDL/Fifo/source/read_fifo_ctrl.vhd'.
===============================================================================
|    Register Name    |   Type    | Width | Bus | MB | AR | AS | SR | SS | ST |
===============================================================================
|    rwptr_r1_reg     | Flip-flop |   4   |  Y  | N  | Y  | N  | N  | N  | N  |
|    rwptr_r2_reg     | Flip-flop |   4   |  Y  | N  | Y  | N  | N  | N  | N  |
===============================================================================

Inferred memory devices in process
	in routine read_fifo_ctrl line 100 in file
		'./Course_IP_VHDL/Fifo/source/read_fifo_ctrl.vhd'.
===============================================================================
|    Register Name    |   Type    | Width | Bus | MB | AR | AS | SR | SS | ST |
===============================================================================
|  empty_flag_r_reg   | Flip-flop |   1   |  N  | N  | N  | Y  | N  | N  | N  |
===============================================================================

Inferred memory devices in process
	in routine read_fifo_ctrl line 114 in file
		'./Course_IP_VHDL/Fifo/source/read_fifo_ctrl.vhd'.
===============================================================================
|    Register Name    |   Type    | Width | Bus | MB | AR | AS | SR | SS | ST |
===============================================================================
|      raddr_reg      | Flip-flop |   3   |  Y  | N  | Y  | N  | N  | N  | N  |
===============================================================================
Presto compilation completed successfully.
Information: Building the design 'write_ptr'. (HDL-193)

Inferred memory devices in process
	in routine write_ptr line 79 in file
		'./Course_IP_VHDL/Fifo/source/write_ptr.vhd'.
===============================================================================
|    Register Name    |   Type    | Width | Bus | MB | AR | AS | SR | SS | ST |
===============================================================================
|    binary_r_reg     | Flip-flop |   4   |  Y  | N  | Y  | N  | N  | N  | N  |
===============================================================================

Inferred memory devices in process
	in routine write_ptr line 89 in file
		'./Course_IP_VHDL/Fifo/source/write_ptr.vhd'.
===============================================================================
|    Register Name    |   Type    | Width | Bus | MB | AR | AS | SR | SS | ST |
===============================================================================
|     gray_r_reg      | Flip-flop |   4   |  Y  | N  | Y  | N  | N  | N  | N  |
===============================================================================
Presto compilation completed successfully.
Information: Building the design 'read_ptr'. (HDL-193)

Inferred memory devices in process
	in routine read_ptr line 79 in file
		'./Course_IP_VHDL/Fifo/source/read_ptr.vhd'.
===============================================================================
|    Register Name    |   Type    | Width | Bus | MB | AR | AS | SR | SS | ST |
===============================================================================
|    binary_r_reg     | Flip-flop |   4   |  Y  | N  | Y  | N  | N  | N  | N  |
===============================================================================

Inferred memory devices in process
	in routine read_ptr line 89 in file
		'./Course_IP_VHDL/Fifo/source/read_ptr.vhd'.
===============================================================================
|    Register Name    |   Type    | Width | Bus | MB | AR | AS | SR | SS | ST |
===============================================================================
|     gray_r_reg      | Flip-flop |   4   |  Y  | N  | Y  | N  | N  | N  | N  |
===============================================================================
Presto compilation completed successfully.
1
dc_shell> dc_shell> 1
dc_shell> dc_shell> dc_shell> dc_shell> dc_shell> dc_shell> 1
dc_shell> dc_shell> dc_shell> Information: Checking out the license 'DesignWare'. (SEC-104)
Information: Evaluating DesignWare library utilization. (UISN-27)

============================================================================
| DesignWare Building Block Library  |         Version         | Available |
============================================================================
| Basic DW Building Blocks           | G-2012.06-DWBB_201206.0 |     *     |
| Licensed DW Building Blocks        | G-2012.06-DWBB_201206.0 |     *     |
============================================================================


Information: There are 12 potential problems in your design. Please run 'check_design' for more information. (LINT-99)



  Beginning Pass 1 Mapping
  ------------------------
  Processing 'controller'
  Processing 'flex_counter_NUM_CNT_BITS4'
Information: Added key list 'DesignWare' to design 'flex_counter_NUM_CNT_BITS4'. (DDB-72)
  Processing 'timer'
  Processing 'flex_pts_sr_NUM_BITS8_SHIFT_MSB1'
  Processing 'tx_sr'
  Processing 'read_ptr'
  Processing 'read_fifo_ctrl'
Information: Added key list 'DesignWare' to design 'read_fifo_ctrl'. (DDB-72)
  Processing 'write_ptr'
  Processing 'write_fifo_ctrl'
Information: Added key list 'DesignWare' to design 'write_fifo_ctrl'. (DDB-72)
  Processing 'fiforam'
  Processing 'fifo'
  Processing 'tx_fifo'
  Processing 'sda_sel'
  Processing 'flex_stp_sr_NUM_BITS8_SHIFT_MSB1'
  Processing 'rx_sr'
  Processing 'decode'
  Processing 'scl_edge'
  Processing 'i2c_slave'

  Updating timing information
Information: Updating design information... (UID-85)

  Beginning Implementation Selection
  ----------------------------------
  Processing 'flex_counter_NUM_CNT_BITS4_DW01_dec_0'

  Beginning Mapping Optimizations  (Medium effort)
  -------------------------------

   ELAPSED            WORST NEG TOTAL NEG  DESIGN                            
    TIME      AREA      SLACK     SLACK   RULE COST         ENDPOINT         
  --------- --------- --------- --------- --------- -------------------------
    0:00:03  325773.0      0.00       0.0       0.0                          
    0:00:03  325773.0      0.00       0.0       0.0                          
    0:00:03  325773.0      0.00       0.0       0.0                          
    0:00:03  325773.0      0.00       0.0       0.0                          
    0:00:03  325773.0      0.00       0.0       0.0                          
    0:00:03  325773.0      0.00       0.0       0.0                          
    0:00:03  316701.0      0.00       0.0       0.0                          
    0:00:03  316701.0      0.00       0.0       0.0                          
    0:00:03  316701.0      0.00       0.0       0.0                          
    0:00:03  316701.0      0.00       0.0       0.0                          
    0:00:03  316701.0      0.00       0.0       0.0                          
    0:00:03  316701.0      0.00       0.0       0.0                          
    0:00:03  316701.0      0.00       0.0       0.0                          
    0:00:03  316701.0      0.00       0.0       0.0                          
    0:00:03  316701.0      0.00       0.0       0.0                          



  Beginning Delay Optimization Phase
  ----------------------------------

   ELAPSED            WORST NEG TOTAL NEG  DESIGN                            
    TIME      AREA      SLACK     SLACK   RULE COST         ENDPOINT         
  --------- --------- --------- --------- --------- -------------------------
    0:00:03  316701.0      0.00       0.0       0.0                          
    0:00:03  316701.0      0.00       0.0       0.0                          
    0:00:03  316701.0      0.00       0.0       0.0                          


  Beginning Area-Recovery Phase  (cleanup)
  -----------------------------

   ELAPSED            WORST NEG TOTAL NEG  DESIGN                            
    TIME      AREA      SLACK     SLACK   RULE COST         ENDPOINT         
  --------- --------- --------- --------- --------- -------------------------
    0:00:03  316701.0      0.00       0.0       0.0                          
    0:00:03  316701.0      0.00       0.0       0.0                          
    0:00:03  316701.0      0.00       0.0       0.0                          
    0:00:03  313101.0      0.00       0.0       0.0                          
    0:00:03  312381.0      0.00       0.0       0.0                          
    0:00:03  311805.0      0.00       0.0       0.0                          
    0:00:03  311805.0      0.00       0.0       0.0                          
    0:00:03  311805.0      0.00       0.0       0.0                          
    0:00:03  311805.0      0.00       0.0       0.0                          
    0:00:03  311805.0      0.00       0.0       0.0                          
    0:00:03  311805.0      0.00       0.0       0.0                          
    0:00:03  311805.0      0.00       0.0       0.0                          
    0:00:03  311805.0      0.00       0.0       0.0                          
    0:00:03  311805.0      0.00       0.0       0.0                          
    0:00:03  311805.0      0.00       0.0       0.0                          
    0:00:03  311805.0      0.00       0.0       0.0                          
    0:00:03  311805.0      0.00       0.0       0.0                          
    0:00:03  311805.0      0.00       0.0       0.0                          
Loading db file '/package/eda/cells/OSU/v2.7/synopsys/lib/ami05/osu05_stdcells.db'

  Optimization Complete
  ---------------------
1
dc_shell> dc_shell> dc_shell> dc_shell> dc_shell> dc_shell> dc_shell> dc_shell> Writing verilog file '/home/ecegrid/a/ece337/Submissions/Fall14/Lab6/Phase2/mg75/mapped/i2c_slave.v'.
Warning: Verilog 'assign' or 'tran' statements are written out. (VO-4)
1
dc_shell> 
Script Done

dc_shell> 
Checking Design

dc_shell>  
****************************************
check_design summary:
Version:     G-2012.06
Date:        Wed Oct 22 13:29:55 2014
****************************************

                   Name                                            Total
--------------------------------------------------------------------------------
Inputs/Outputs                                                      2
    Unconnected ports (LINT-28)                                     1
    Feedthrough (LINT-29)                                           1

Cells                                                               8
    Connected to power or ground (LINT-32)                          5
    Nets connected to multiple pins on same cell (LINT-33)          3
--------------------------------------------------------------------------------

Warning: In design 'timer', port 'stop_found' is not connected to any nets. (LINT-28)
Warning: In design 'decode', input port 'starting_byte[0]' is connected directly to output port 'rw_mode'. (LINT-29)
Warning: In design 'i2c_slave', a pin on submodule 'timer_block' is connected to logic 1 or logic 0. (LINT-32)
   Pin 'stop_found' is connected to logic 0. 
Warning: In design 'timer', a pin on submodule 'CTR' is connected to logic 1 or logic 0. (LINT-32)
   Pin 'rollover_val[3]' is connected to logic 1. 
Warning: In design 'timer', a pin on submodule 'CTR' is connected to logic 1 or logic 0. (LINT-32)
   Pin 'rollover_val[2]' is connected to logic 0. 
Warning: In design 'timer', a pin on submodule 'CTR' is connected to logic 1 or logic 0. (LINT-32)
   Pin 'rollover_val[1]' is connected to logic 0. 
Warning: In design 'timer', a pin on submodule 'CTR' is connected to logic 1 or logic 0. (LINT-32)
   Pin 'rollover_val[0]' is connected to logic 1. 
Warning: In design 'tx_fifo', the same net is connected to more than one pin on submodule 'WRAP'. (LINT-33)
   Net 'clk' is connected to pins 'r_clk', 'w_clk''.
Warning: In design 'timer', the same net is connected to more than one pin on submodule 'CTR'. (LINT-33)
   Net '*Logic1*' is connected to pins 'rollover_val[3]', 'rollover_val[0]''.
Warning: In design 'timer', the same net is connected to more than one pin on submodule 'CTR'. (LINT-33)
   Net '*Logic0*' is connected to pins 'rollover_val[2]', 'rollover_val[1]''.
1
dc_shell> 
Thank you...
