Synthesizing design: flex_counter_scaled.sv

                      Design Compiler Graphical
                            DC Ultra (TM)
                             DFTMAX (TM)
                         Power Compiler (TM)
                           DesignWare (R)
                           DC Expert (TM)
                         Design Vision (TM)
                          HDL Compiler (TM)
                         VHDL Compiler (TM)
                            DFT Compiler
                        Library Compiler (TM)
                         Design Compiler(R)

            Version G-2012.06 for RHEL64 -- May 30, 2012
               Copyright (c) 1988-2012 Synopsys, Inc.

This software and the associated documentation are confidential and 
proprietary to Synopsys, Inc. Your use or disclosure of this software 
is subject to the terms and conditions of a written license agreement 
between you, or your company, and Synopsys, Inc.

Initializing...
dc_shell> dc_shell> Running PRESTO HDLC
Searching for ./flex_counter.sv
Searching for /package/eda/synopsys/syn-G-2012.06/libraries/syn/flex_counter.sv
Searching for /package/eda/synopsys/syn-G-2012.06/dw/sim_ver/flex_counter.sv
Searching for ./source/flex_counter.sv
Searching for ./flex_counter_scaled.sv
Searching for /package/eda/synopsys/syn-G-2012.06/libraries/syn/flex_counter_scaled.sv
Searching for /package/eda/synopsys/syn-G-2012.06/dw/sim_ver/flex_counter_scaled.sv
Searching for ./source/flex_counter_scaled.sv
Compiling source file ./source/flex_counter.sv
Compiling source file ./source/flex_counter_scaled.sv
Presto compilation completed successfully.
Loading db file '/package/eda/cells/OSU/v2.7/synopsys/lib/ami05/osu05_stdcells.db'
Loading db file '/package/eda/synopsys/syn-G-2012.06/libraries/syn/dw_foundation.sldb'
1
dc_shell> Loading db file '/package/eda/synopsys/syn-G-2012.06/libraries/syn/gtech.db'
Loading db file '/package/eda/synopsys/syn-G-2012.06/libraries/syn/standard.sldb'
  Loading link library 'osu05_stdcells'
  Loading link library 'gtech'
Running PRESTO HDLC
Presto compilation completed successfully.
Elaborated 1 design.
Current design is now 'flex_counter_scaled'.
Information: Building the design 'flex_counter' instantiated from design 'flex_counter_scaled' with
	the parameters "NUM_CNT_BITS=9". (HDL-193)

Inferred memory devices in process
	in routine flex_counter_NUM_CNT_BITS9 line 43 in file
		'./source/flex_counter.sv'.
===============================================================================
|    Register Name    |   Type    | Width | Bus | MB | AR | AS | SR | SS | ST |
===============================================================================
|  rollover_flag_reg  | Flip-flop |   1   |  N  | N  | Y  | N  | N  | N  | N  |
|        f_reg        | Flip-flop |   9   |  Y  | N  | Y  | N  | N  | N  | N  |
===============================================================================
Presto compilation completed successfully.
1
dc_shell> dc_shell> 1
dc_shell> dc_shell> dc_shell> dc_shell> dc_shell> dc_shell> dc_shell> dc_shell> dc_shell> Information: Checking out the license 'DesignWare'. (SEC-104)
Information: Evaluating DesignWare library utilization. (UISN-27)

============================================================================
| DesignWare Building Block Library  |         Version         | Available |
============================================================================
| Basic DW Building Blocks           | G-2012.06-DWBB_201206.0 |     *     |
| Licensed DW Building Blocks        | G-2012.06-DWBB_201206.0 |     *     |
============================================================================


Information: There are 1 potential problems in your design. Please run 'check_design' for more information. (LINT-99)



  Beginning Pass 1 Mapping
  ------------------------
  Processing 'flex_counter_NUM_CNT_BITS9'
Information: Added key list 'DesignWare' to design 'flex_counter_NUM_CNT_BITS9'. (DDB-72)
  Processing 'flex_counter_scaled'

  Updating timing information
Information: Updating design information... (UID-85)
Information: Design 'flex_counter_scaled' has no optimization constraints set. (OPT-108)

  Beginning Implementation Selection
  ----------------------------------
  Processing 'flex_counter_NUM_CNT_BITS9_DW01_dec_0'
  Processing 'flex_counter_NUM_CNT_BITS9_DW01_inc_0'

  Beginning Mapping Optimizations  (Medium effort)
  -------------------------------
  Structuring 'flex_counter_NUM_CNT_BITS9'
  Mapping 'flex_counter_NUM_CNT_BITS9'

   ELAPSED            WORST NEG TOTAL NEG  DESIGN                            
    TIME      AREA      SLACK     SLACK   RULE COST         ENDPOINT         
  --------- --------- --------- --------- --------- -------------------------
    0:00:01   40869.0      0.00       0.0       0.0                          
    0:00:01   40869.0      0.00       0.0       0.0                          
    0:00:01   40869.0      0.00       0.0       0.0                          
    0:00:01   40869.0      0.00       0.0       0.0                          
    0:00:01   40869.0      0.00       0.0       0.0                          
    0:00:01   40869.0      0.00       0.0       0.0                          
    0:00:01   40869.0      0.00       0.0       0.0                          
    0:00:01   40869.0      0.00       0.0       0.0                          
    0:00:01   40869.0      0.00       0.0       0.0                          
    0:00:01   40869.0      0.00       0.0       0.0                          
    0:00:01   40869.0      0.00       0.0       0.0                          
    0:00:01   40869.0      0.00       0.0       0.0                          
    0:00:01   40869.0      0.00       0.0       0.0                          
    0:00:01   40869.0      0.00       0.0       0.0                          



  Beginning Delay Optimization Phase
  ----------------------------------

   ELAPSED            WORST NEG TOTAL NEG  DESIGN                            
    TIME      AREA      SLACK     SLACK   RULE COST         ENDPOINT         
  --------- --------- --------- --------- --------- -------------------------
    0:00:01   40869.0      0.00       0.0       0.0                          
    0:00:01   40869.0      0.00       0.0       0.0                          
    0:00:01   40869.0      0.00       0.0       0.0                          


  Beginning Area-Recovery Phase  (cleanup)
  -----------------------------

   ELAPSED            WORST NEG TOTAL NEG  DESIGN                            
    TIME      AREA      SLACK     SLACK   RULE COST         ENDPOINT         
  --------- --------- --------- --------- --------- -------------------------
    0:00:01   40869.0      0.00       0.0       0.0                          
    0:00:01   40869.0      0.00       0.0       0.0                          
    0:00:01   40869.0      0.00       0.0       0.0                          
    0:00:01   40869.0      0.00       0.0       0.0                          
    0:00:01   40869.0      0.00       0.0       0.0                          
    0:00:01   40869.0      0.00       0.0       0.0                          
    0:00:01   40869.0      0.00       0.0       0.0                          
    0:00:01   40869.0      0.00       0.0       0.0                          
    0:00:01   40869.0      0.00       0.0       0.0                          
    0:00:01   40869.0      0.00       0.0       0.0                          
    0:00:01   40869.0      0.00       0.0       0.0                          
    0:00:01   40869.0      0.00       0.0       0.0                          
    0:00:01   40869.0      0.00       0.0       0.0                          
    0:00:01   40869.0      0.00       0.0       0.0                          
    0:00:01   40869.0      0.00       0.0       0.0                          
Loading db file '/package/eda/cells/OSU/v2.7/synopsys/lib/ami05/osu05_stdcells.db'

  Optimization Complete
  ---------------------
1
dc_shell> dc_shell> dc_shell> dc_shell> dc_shell> dc_shell> dc_shell> dc_shell> Writing verilog file '/home/ecegrid/a/ece337/Submissions/Fall14/Lab3/Flex_Counter/mg75/mapped/flex_counter_scaled.v'.
1
dc_shell> 
Script Done

dc_shell> 
Checking Design

dc_shell> 1
dc_shell> 
Thank you...
Done


