 line   address	contents
    1                      ; Linked by DLX-LD.
    2                      ; MemSize 24576
    3                      ; Data size: 222
    4                      ; Text size: 4568
    5                      ; Stack size: 8192
    6  00000000          	.text 0x1000
    7  00001000          	.data 0x3000
    8                      ; Compiled by GCC
    9  00003000          	.text
   10  00001000          	.align 2
   11  00001000          	.proc _isspace
   12  00001000          	.global _isspace
   13  00001000          	_isspace:
   14                      ;  Function 'isspace'; 0 bytes of locals, 1 regs to save.
   15  00001000  afbefffc	sw	-4(r29),r30; push fp
   16  00001004  001df020	add	r30,r0,r29; fp = sp
   17  00001008  afbffff8	sw	-8(r29),r31; push ret addr
   18  0000100c  2fbd0010	subui	r29,r29,#16; alloc local storage
   19  00001010  afa20000	sw	0(r29),r2
   20  00001014  83c20003	lb	r2,3(r30)
   21  00001018  201f0000	addi	r31,r0,#0
   22  0000101c  304100ff	andi	r1,r2,#0x00ff
   23  00001020  60210020	seqi	r1,r1,#32
   24  00001024  14200018	bnez	r1,L6_LF0
   25  00001028  54000000	nop; not filled.
   26  0000102c  2041fff7	addi	r1,r2,#-9
   27  00001030  302100ff	andi	r1,r1,#0x00ff
   28  00001034  70210001	sleui	r1,r1,#1
   29  00001038  10200008	beqz	r1,L5_LF0
   30  0000103c  54000000	nop; not filled.
   31  00001040          	L6_LF0:
   32  00001040  201f0001	addi	r31,r0,#1
   33  00001044          	L5_LF0:
   34  00001044  001f0820	add	r1,r0,r31
   35  00001048  8fa20000	lw	r2,0(r29)
   36  0000104c  8fdffff8	lw	r31,-8(r30)
   37  00001050  001ee820	add	r29,r0,r30
   38  00001054  8fdefffc	lw	r30,-4(r30)
   39  00001058  4be00000	jr	r31
   40  0000105c  54000000	nop
   41  00001060          	.endproc _isspace
   42  00001060          	.align 2
   43  00001060          	.proc _isxdigit
   44  00001060          	.global _isxdigit
   45  00001060          	_isxdigit:
   46                      ;  Function 'isxdigit'; 0 bytes of locals, 1 regs to save.
   47  00001060  afbefffc	sw	-4(r29),r30; push fp
   48  00001064  001df020	add	r30,r0,r29; fp = sp
   49  00001068  afbffff8	sw	-8(r29),r31; push ret addr
   50  0000106c  2fbd0010	subui	r29,r29,#16; alloc local storage
   51  00001070  afa20000	sw	0(r29),r2
   52  00001074  83df0003	lb	r31,3(r30)
   53  00001078  20020000	addi	r2,r0,#0
   54  0000107c  23e1ffd0	addi	r1,r31,#-48
   55  00001080  302100ff	andi	r1,r1,#0x00ff
   56  00001084  70210009	sleui	r1,r1,#9
   57  00001088  14200028	bnez	r1,L12_LF0
   58  0000108c  54000000	nop; not filled.
   59  00001090  23e1ff9f	addi	r1,r31,#-97
   60  00001094  302100ff	andi	r1,r1,#0x00ff
   61  00001098  70210005	sleui	r1,r1,#5
   62  0000109c  14200014	bnez	r1,L12_LF0
   63  000010a0  54000000	nop; not filled.
   64  000010a4  33e100ff	andi	r1,r31,#0x00ff
   65  000010a8  64210041	snei	r1,r1,#65
   66  000010ac  14200008	bnez	r1,L11_LF0
   67  000010b0  54000000	nop; not filled.
   68  000010b4          	L12_LF0:
   69  000010b4  20020001	addi	r2,r0,#1
   70  000010b8          	L11_LF0:
   71  000010b8  00020820	add	r1,r0,r2
   72  000010bc  8fa20000	lw	r2,0(r29)
   73  000010c0  8fdffff8	lw	r31,-8(r30)
   74  000010c4  001ee820	add	r29,r0,r30
   75  000010c8  8fdefffc	lw	r30,-4(r30)
   76  000010cc  4be00000	jr	r31
   77  000010d0  54000000	nop
   78  000010d4          	.endproc _isxdigit
   79  000010d4          	.data
   80  00003000          	.align 2
   81  00003000          	LC0_LF0:
   82  00003000  62616420	.ascii "bad semwait in reactor3\n\000"
   82  00003004  73656d77	
   82  00003008  61697420	
   82  0000300c  696e2072	
   82  00003010  65616374	
   82  00003014  6f72330a	
   82  00003018  00      	
   83  00003019          	.align 2
   84  0000301c          	LC1_LF0:
   85  0000301c  62616420	.ascii "bad semwaitn in reactor2\n\000"
   85  00003020  73656d77	
   85  00003024  6169746e	
   85  00003028  20696e20	
   85  0000302c  72656163	
   85  00003030  746f7232	
   85  00003034  0a00    	
   86  00003036          	.align 2
   87  00003038          	LC2_LF0:
   88  00003038  4832534f	.ascii "H2SO4 created in reactor 3\n\000"
   88  0000303c  34206372	
   88  00003040  65617465	
   88  00003044  6420696e	
   88  00003048  20726561	
   88  0000304c  63746f72	
   88  00003050  20330a00	
   89  00003054          	.align 2
   90  00003054          	LC3_LF0:
   91  00003054  62616420	.ascii "bad semsignal in reactor3\n\000"
   91  00003058  73656d73	
   91  0000305c  69676e61	
   91  00003060  6c20696e	
   91  00003064  20726561	
   91  00003068  63746f72	
   91  0000306c  330a00  	
   92  0000306f          	.align 2
   93  00003070          	LC4_LF0:
   94  00003070  0a726561	.ascii "\nreactor_3 is terminated.\n we created %d H2SO4 \n\000"
   94  00003074  63746f72	
   94  00003078  5f332069	
   94  0000307c  73207465	
   94  00003080  726d696e	
   94  00003084  61746564	
   94  00003088  2e0a2077	
   94  0000308c  65206372	
   94  00003090  65617465	
   94  00003094  64202564	
   94  00003098  20483253	
   94  0000309c  4f34200a	
   94  000030a0  00      	
   95  000030a1          	.align 2
   96  000030a4          	LC5_LF0:
   97  000030a4  42616420	.ascii "Bad semaphore s_procs_completed (%d) in \000"
   97  000030a8  73656d61	
   97  000030ac  70686f72	
   97  000030b0  6520735f	
   97  000030b4  70726f63	
   97  000030b8  735f636f	
   97  000030bc  6d706c65	
   97  000030c0  74656420	
   97  000030c4  28256429	
   97  000030c8  20696e20	
   97  000030cc  00      	
   98  000030cd          	.align 2
   99  000030d0          	LC6_LF0:
  100  000030d0  2c206578	.ascii ", exiting...\n\000"
  100  000030d4  6974696e	
  100  000030d8  672e2e2e	
  100  000030dc  0a00    	
  101  000030de          	.text
  102  000010d4          	.align 2
  103  000010d4          	.proc _main
  104  000010d4          	.global _main
  105  000010d4          	_main:
  106                      ;  Function 'main'; 0 bytes of locals, 0 regs to save.
  107  000010d4  afbefffc	sw	-4(r29),r30; push fp
  108  000010d8  001df020	add	r30,r0,r29; fp = sp
  109  000010dc  afbffff8	sw	-8(r29),r31; push ret addr
  110  000010e0  2fbd0008	subui	r29,r29,#8; alloc local storage
  111  000010e4  8fc30004	lw	r3,4(r30)
  112  000010e8  0c0010e4	jal	___main
  113  000010ec  54000000	nop; not filled.
  114  000010f0  23bdfff0	addi	r29,r29,#-16
  115  000010f4  8c6a0004	lw	r10,4(r3)
  116  000010f8  afaa0000	sw	(r29),r10
  117  000010fc  200a0000	addi	r10,r0,#0
  118  00001100  afaa0004	sw	4(r29),r10
  119  00001104  200a000a	addi	r10,r0,#10
  120  00001108  afaa0008	sw	8(r29),r10
  121  0000110c  0c000c18	jal	_dstrtol
  122  00001110  54000000	nop; not filled.
  123  00001114  00014820	add	r9,r0,r1
  124  00001118  8c6a0008	lw	r10,8(r3)
  125  0000111c  afaa0000	sw	(r29),r10
  126  00001120  200a0000	addi	r10,r0,#0
  127  00001124  afaa0004	sw	4(r29),r10
  128  00001128  200a000a	addi	r10,r0,#10
  129  0000112c  afaa0008	sw	8(r29),r10
  130  00001130  0c000bf4	jal	_dstrtol
  131  00001134  54000000	nop; not filled.
  132  00001138  00014020	add	r8,r0,r1
  133  0000113c  8c6a000c	lw	r10,12(r3)
  134  00001140  afaa0000	sw	(r29),r10
  135  00001144  200a0000	addi	r10,r0,#0
  136  00001148  afaa0004	sw	4(r29),r10
  137  0000114c  200a000a	addi	r10,r0,#10
  138  00001150  afaa0008	sw	8(r29),r10
  139  00001154  0c000bd0	jal	_dstrtol
  140  00001158  54000000	nop; not filled.
  141  0000115c  00013820	add	r7,r0,r1
  142  00001160  8c6a0010	lw	r10,16(r3)
  143  00001164  afaa0000	sw	(r29),r10
  144  00001168  200a0000	addi	r10,r0,#0
  145  0000116c  afaa0004	sw	4(r29),r10
  146  00001170  200a000a	addi	r10,r0,#10
  147  00001174  afaa0008	sw	8(r29),r10
  148  00001178  0c000bac	jal	_dstrtol
  149  0000117c  54000000	nop; not filled.
  150  00001180  00012820	add	r5,r0,r1
  151  00001184  8c6a0014	lw	r10,20(r3)
  152  00001188  afaa0000	sw	(r29),r10
  153  0000118c  200a0000	addi	r10,r0,#0
  154  00001190  afaa0004	sw	4(r29),r10
  155  00001194  200a000a	addi	r10,r0,#10
  156  00001198  afaa0008	sw	8(r29),r10
  157  0000119c  0c000b88	jal	_dstrtol
  158  000011a0  54000000	nop; not filled.
  159  000011a4  00011020	add	r2,r0,r1
  160  000011a8  8c6a0018	lw	r10,24(r3)
  161  000011ac  afaa0000	sw	(r29),r10
  162  000011b0  200a0000	addi	r10,r0,#0
  163  000011b4  afaa0004	sw	4(r29),r10
  164  000011b8  200a000a	addi	r10,r0,#10
  165  000011bc  afaa0008	sw	8(r29),r10
  166  000011c0  0c000b64	jal	_dstrtol
  167  000011c4  54000000	nop; not filled.
  168  000011c8  00013020	add	r6,r0,r1
  169  000011cc  23bd0010	addi	r29,r29,#16
  170  000011d0  64410000	snei	r1,r2,#0
  171  000011d4  1020011c	beqz	r1,L15_LF0
  172  000011d8  54000000	nop; not filled.
  173  000011dc          	L16_LF0:
  174  000011dc  23bdfff8	addi	r29,r29,#-8
  175  000011e0  afa90000	sw	(r29),r9
  176  000011e4  0c000228	jal	_sem_wait
  177  000011e8  54000000	nop; not filled.
  178  000011ec  23bd0008	addi	r29,r29,#8
  179  000011f0  6021ffff	seqi	r1,r1,#-1
  180  000011f4  10200020	beqz	r1,L17_LF0
  181  000011f8  54000000	nop; not filled.
  182  000011fc  23bdfff8	addi	r29,r29,#-8
  183  00001200  3c0a0000	lhi	r10,((LC0_LF0)>>16)&0xffff
  184  00001204  254a3000	addui	r10,r10,(LC0_LF0)&0xffff
  185  00001208  afaa0000	sw	(r29),r10
  186  0000120c  0c0001b8	jal	_Printf
  187  00001210  54000000	nop; not filled.
  188  00001214  23bd0008	addi	r29,r29,#8
  189  00001218          	L17_LF0:
  190  00001218  23bdfff8	addi	r29,r29,#-8
  191  0000121c  afa80000	sw	(r29),r8
  192  00001220  0c0001ec	jal	_sem_wait
  193  00001224  54000000	nop; not filled.
  194  00001228  23bd0008	addi	r29,r29,#8
  195  0000122c  6021ffff	seqi	r1,r1,#-1
  196  00001230  10200020	beqz	r1,L18_LF0
  197  00001234  54000000	nop; not filled.
  198  00001238  23bdfff8	addi	r29,r29,#-8
  199  0000123c  3c0a0000	lhi	r10,((LC0_LF0)>>16)&0xffff
  200  00001240  254a3000	addui	r10,r10,(LC0_LF0)&0xffff
  201  00001244  afaa0000	sw	(r29),r10
  202  00001248  0c00017c	jal	_Printf
  203  0000124c  54000000	nop; not filled.
  204  00001250  23bd0008	addi	r29,r29,#8
  205  00001254          	L18_LF0:
  206  00001254  23bdfff8	addi	r29,r29,#-8
  207  00001258  afa70000	sw	(r29),r7
  208  0000125c  0c0001b0	jal	_sem_wait
  209  00001260  54000000	nop; not filled.
  210  00001264  23bd0008	addi	r29,r29,#8
  211  00001268  6021ffff	seqi	r1,r1,#-1
  212  0000126c  10200020	beqz	r1,L19_LF0
  213  00001270  54000000	nop; not filled.
  214  00001274  23bdfff8	addi	r29,r29,#-8
  215  00001278  3c0a0000	lhi	r10,((LC1_LF0)>>16)&0xffff
  216  0000127c  254a301c	addui	r10,r10,(LC1_LF0)&0xffff
  217  00001280  afaa0000	sw	(r29),r10
  218  00001284  0c000140	jal	_Printf
  219  00001288  54000000	nop; not filled.
  220  0000128c  23bd0008	addi	r29,r29,#8
  221  00001290          	L19_LF0:
  222  00001290  23bdfff8	addi	r29,r29,#-8
  223  00001294  3c0a0000	lhi	r10,((LC2_LF0)>>16)&0xffff
  224  00001298  254a3038	addui	r10,r10,(LC2_LF0)&0xffff
  225  0000129c  afaa0000	sw	(r29),r10
  226  000012a0  0c000124	jal	_Printf
  227  000012a4  54000000	nop; not filled.
  228  000012a8  afa50000	sw	(r29),r5
  229  000012ac  0c00016c	jal	_sem_signal
  230  000012b0  54000000	nop; not filled.
  231  000012b4  23bd0008	addi	r29,r29,#8
  232  000012b8  6021ffff	seqi	r1,r1,#-1
  233  000012bc  10200020	beqz	r1,L20_LF0
  234  000012c0  54000000	nop; not filled.
  235  000012c4  23bdfff8	addi	r29,r29,#-8
  236  000012c8  3c0a0000	lhi	r10,((LC3_LF0)>>16)&0xffff
  237  000012cc  254a3054	addui	r10,r10,(LC3_LF0)&0xffff
  238  000012d0  afaa0000	sw	(r29),r10
  239  000012d4  0c0000f0	jal	_Printf
  240  000012d8  54000000	nop; not filled.
  241  000012dc  23bd0008	addi	r29,r29,#8
  242  000012e0          	L20_LF0:
  243  000012e0  20840001	addi	r4,r4,#1
  244  000012e4  2042ffff	addi	r2,r2,#-1
  245  000012e8  64410000	snei	r1,r2,#0
  246  000012ec  1420feec	bnez	r1,L16_LF0
  247  000012f0  54000000	nop; not filled.
  248  000012f4          	L15_LF0:
  249  000012f4  23bdfff8	addi	r29,r29,#-8
  250  000012f8  3c0a0000	lhi	r10,((LC4_LF0)>>16)&0xffff
  251  000012fc  254a3070	addui	r10,r10,(LC4_LF0)&0xffff
  252  00001300  afaa0000	sw	(r29),r10
  253  00001304  afa40004	sw	4(r29),r4
  254  00001308  0c0000bc	jal	_Printf
  255  0000130c  54000000	nop; not filled.
  256  00001310  afa60000	sw	(r29),r6
  257  00001314  0c000104	jal	_sem_signal
  258  00001318  54000000	nop; not filled.
  259  0000131c  23bd0008	addi	r29,r29,#8
  260  00001320  64210001	snei	r1,r1,#1
  261  00001324  10200050	beqz	r1,L22_LF0
  262  00001328  54000000	nop; not filled.
  263  0000132c  23bdfff8	addi	r29,r29,#-8
  264  00001330  3c0a0000	lhi	r10,((LC5_LF0)>>16)&0xffff
  265  00001334  254a30a4	addui	r10,r10,(LC5_LF0)&0xffff
  266  00001338  afaa0000	sw	(r29),r10
  267  0000133c  afa60004	sw	4(r29),r6
  268  00001340  0c000084	jal	_Printf
  269  00001344  54000000	nop; not filled.
  270  00001348  8c630000	lw	r3,(r3)
  271  0000134c  afa30000	sw	(r29),r3
  272  00001350  0c000074	jal	_Printf
  273  00001354  54000000	nop; not filled.
  274  00001358  3c0a0000	lhi	r10,((LC6_LF0)>>16)&0xffff
  275  0000135c  254a30d0	addui	r10,r10,(LC6_LF0)&0xffff
  276  00001360  afaa0000	sw	(r29),r10
  277  00001364  0c000060	jal	_Printf
  278  00001368  54000000	nop; not filled.
  279  0000136c  0c00010c	jal	_Exit
  280  00001370  54000000	nop; not filled.
  281  00001374  23bd0008	addi	r29,r29,#8
  282  00001378          	L22_LF0:
  283  00001378  0c000e48	jal	_exit
  284  0000137c  54000000	nop
  285  00001380          	.endproc _main
  286                      ;;;
  287                      ;;; Stub functions for DLX traps.
  288                      ;;;
  289                      ;;; Ethan L. Miller, 1999.  Released to the public domain.
  290                      ;;;
  291                      ;;; The traps such as Open and Close
  292                      ;;; (note the capital letters) are for use by user programs.  The traps
  293                      ;;; with names such as open and close (lower case) are for use by the OS.
  294                      ;;;
  297  00001380          	.align 2
  299                      ;;; The following are the traps to be used by user-level programs
  300                      ;;;
  302  00001380          	.align 2
  303  00001380          	.proc _Open
  304  00001380          	.global _Open
  305  00001380          	_Open:
  306                      ;;; Note that trap #0x213 actually causes a trap vector in the OS of
  307                      ;;; 0x1213.  The same is true for other user traps.  Thus, a user trap
  308                      ;;; with trap #0x240 will result in a trap vector of 0x1240 in the OS.
  309  00001380  44000213	trap	#0x213
  310  00001384  4be00000	jr	r31
  311  00001388  54000000	nop
  312  0000138c          	.endproc _Open
  314  0000138c          	.proc _Close
  315  0000138c          	.global _Close
  316  0000138c          	_Close:
  317  0000138c  44000214	trap	#0x214
  318  00001390  4be00000	jr	r31
  319  00001394  54000000	nop
  320  00001398          	.endproc _Close
  322  00001398          	.proc _Read
  323  00001398          	.global _Read
  324  00001398          	_Read:
  325  00001398  44000210	trap	#0x210
  326  0000139c  4be00000	jr	r31
  327  000013a0  54000000	nop
  328  000013a4          	.endproc _Read
  330  000013a4          	.proc _Write
  331  000013a4          	.global _Write
  332  000013a4          	_Write:
  333  000013a4  44000211	trap	#0x211
  334  000013a8  4be00000	jr	r31
  335  000013ac  54000000	nop
  336  000013b0          	.endproc _Write
  338  000013b0          	.proc _Lseek
  339  000013b0          	.global _Lseek
  340  000013b0          	_Lseek:
  341  000013b0  44000212	trap	#0x212
  342  000013b4  4be00000	jr	r31
  343  000013b8  54000000	nop
  344  000013bc          	.endproc _Lseek
  346  000013bc          	.proc _Putchar
  347  000013bc          	.global _Putchar
  348  000013bc          	_Putchar:
  349  000013bc  44000280	trap	#0x280
  350  000013c0  4be00000	jr	r31
  351  000013c4  54000000	nop
  352  000013c8          	.endproc _Putchar
  354  000013c8          	.proc _Printf
  355  000013c8          	.global _Printf
  356  000013c8          	_Printf:
  357  000013c8  44000201	trap	#0x201
  358  000013cc  4be00000	jr	r31
  359  000013d0  54000000	nop
  360  000013d4          	.endproc _Printf
  362  000013d4          	.proc _getpid
  363  000013d4          	.global _getpid
  364  000013d4          	_getpid:
  365  000013d4  44000431	trap	#0x431
  366  000013d8  4be00000	jr	r31
  367  000013dc  54000000	nop
  368  000013e0          	.endproc _getpid
  370  000013e0          	.proc _process_create
  371  000013e0          	.global _process_create
  372  000013e0          	_process_create:
  373  000013e0  44000432	trap	#0x432
  374  000013e4  4be00000	jr	r31
  375  000013e8  54000000	nop
  376  000013ec          	.endproc _process_create
  378  000013ec          	.proc _shmget
  379  000013ec          	.global _shmget
  380  000013ec          	_shmget:
  381  000013ec  44000440	trap	#0x440
  382  000013f0  4be00000	jr	r31
  383  000013f4  54000000	nop
  384  000013f8          	.endproc _shmget
  386  000013f8          	.proc _shmat
  387  000013f8          	.global _shmat
  388  000013f8          	_shmat:
  389  000013f8  44000441	trap	#0x441
  390  000013fc  4be00000	jr	r31
  391  00001400  54000000	nop
  392  00001404          	.endproc _shmat
  394  00001404          	.proc _sem_create
  395  00001404          	.global _sem_create
  396  00001404          	_sem_create:
  397  00001404  44000450	trap	#0x450
  398  00001408  4be00000	jr	r31
  399  0000140c  54000000	nop
  400  00001410          	.endproc _sem_create
  402  00001410          	.proc _sem_wait
  403  00001410          	.global _sem_wait
  404  00001410          	_sem_wait:
  405  00001410  44000451	trap	#0x451
  406  00001414  4be00000	jr	r31
  407  00001418  54000000	nop
  408  0000141c          	.endproc _sem_wait
  410  0000141c          	.proc _sem_signal
  411  0000141c          	.global _sem_signal
  412  0000141c          	_sem_signal:
  413  0000141c  44000452	trap	#0x452
  414  00001420  4be00000	jr	r31
  415  00001424  54000000	nop
  416  00001428          	.endproc _sem_signal
  418  00001428          	.proc _lock_create
  419  00001428          	.global _lock_create
  420  00001428          	_lock_create:
  421  00001428  44000453	trap	#0x453
  422  0000142c  4be00000	jr	r31
  423  00001430  54000000	nop
  424  00001434          	.endproc _lock_create
  426  00001434          	.proc _lock_acquire
  427  00001434          	.global _lock_acquire
  428  00001434          	_lock_acquire:
  429  00001434  44000454	trap	#0x454
  430  00001438  4be00000	jr	r31
  431  0000143c  54000000	nop
  432  00001440          	.endproc _lock_acquire
  434  00001440          	.proc _lock_release
  435  00001440          	.global _lock_release
  436  00001440          	_lock_release:
  437  00001440  44000455	trap	#0x455
  438  00001444  4be00000	jr	r31
  439  00001448  54000000	nop
  440  0000144c          	.endproc _lock_release
  442  0000144c          	.proc _cond_create
  443  0000144c          	.global _cond_create
  444  0000144c          	_cond_create:
  445  0000144c  44000456	trap	#0x456
  446  00001450  4be00000	jr	r31
  447  00001454  54000000	nop
  448  00001458          	.endproc _cond_create
  450  00001458          	.proc _cond_wait
  451  00001458          	.global _cond_wait
  452  00001458          	_cond_wait:
  453  00001458  44000457	trap	#0x457
  454  0000145c  4be00000	jr	r31
  455  00001460  54000000	nop
  456  00001464          	.endproc _cond_wait
  458  00001464          	.proc _cond_signal
  459  00001464          	.global _cond_signal
  460  00001464          	_cond_signal:
  461  00001464  44000458	trap	#0x458
  462  00001468  4be00000	jr	r31
  463  0000146c  54000000	nop
  464  00001470          	.endproc _cond_signal
  466  00001470          	.proc _cond_broadcast
  467  00001470          	.global _cond_broadcast
  468  00001470          	_cond_broadcast:
  469  00001470  44000459	trap	#0x459
  470  00001474  4be00000	jr	r31
  471  00001478  54000000	nop
  472  0000147c          	.endproc _cond_broadcast
  474  0000147c          	.proc _Exit
  475  0000147c          	.global _Exit
  476  0000147c          	_Exit:
  477  0000147c  44000500	trap	#0x500
  478  00001480  4be00000	jr	r31
  479  00001484  54000000	nop
  480  00001488          	.endproc _Exit
  481                      ; Compiled by GCC
  483  00001488          	.align 2
  484  00001488          	.proc _isspace
  485  00001488          	.global _isspace
  486  00001488          	_isspace:
  487                      ;  Function 'isspace'; 0 bytes of locals, 3 regs to save.
  488  00001488  afbefffc	sw	-4(r29),r30; push fp
  489  0000148c  001df020	add	r30,r0,r29; fp = sp
  490  00001490  afbffff8	sw	-8(r29),r31; push ret addr
  491  00001494  2fbd0018	subui	r29,r29,#24; alloc local storage
  492  00001498  afa20000	sw	0(r29),r2
  493  0000149c  afa30004	sw	4(r29),r3
  494  000014a0  afa40008	sw	8(r29),r4
  495  000014a4  83c20003	lb	r2,3(r30)
  496  000014a8  20010000	addi	r1,r0,#0
  497  000014ac  304300ff	andi	r3,r2,#0x00ff
  498  000014b0  60640020	seqi	r4,r3,#32
  499  000014b4  1480002c	bnez	r4,L3_LF2
  500  000014b8  54000000	nop; delay slot nop
  501  000014bc  304300ff	andi	r3,r2,#0x00ff
  502  000014c0  60640009	seqi	r4,r3,#9
  503  000014c4  1480001c	bnez	r4,L3_LF2
  504  000014c8  54000000	nop; delay slot nop
  505  000014cc  304300ff	andi	r3,r2,#0x00ff
  506  000014d0  6064000a	seqi	r4,r3,#10
  507  000014d4  1480000c	bnez	r4,L3_LF2
  508  000014d8  54000000	nop; delay slot nop
  509  000014dc  08000008	j	L2_LF2
  510  000014e0  54000000	nop; delay slot nop
  511  000014e4          	L3_LF2:
  512  000014e4  20010001	addi	r1,r0,#1
  513  000014e8          	L2_LF2:
  514  000014e8  08000004	j	L1_LF2
  515  000014ec  54000000	nop; delay slot nop
  516  000014f0          	L1_LF2:
  517  000014f0  8fa20000	lw	r2,0(r29)
  518  000014f4  8fa30004	lw	r3,4(r29)
  519  000014f8  8fa40008	lw	r4,8(r29)
  520  000014fc  8fdffff8	lw	r31,-8(r30)
  521  00001500  001ee820	add	r29,r0,r30
  522  00001504  8fdefffc	lw	r30,-4(r30)
  523  00001508  4be00000	jr	r31
  524  0000150c  54000000	nop
  525  00001510          	.endproc _isspace
  526  00001510          	.align 2
  527  00001510          	.proc _isxdigit
  528  00001510          	.global _isxdigit
  529  00001510          	_isxdigit:
  530                      ;  Function 'isxdigit'; 0 bytes of locals, 3 regs to save.
  531  00001510  afbefffc	sw	-4(r29),r30; push fp
  532  00001514  001df020	add	r30,r0,r29; fp = sp
  533  00001518  afbffff8	sw	-8(r29),r31; push ret addr
  534  0000151c  2fbd0018	subui	r29,r29,#24; alloc local storage
  535  00001520  afa20000	sw	0(r29),r2
  536  00001524  afa30004	sw	4(r29),r3
  537  00001528  afa40008	sw	8(r29),r4
  538  0000152c  83c20003	lb	r2,3(r30)
  539  00001530  20010000	addi	r1,r0,#0
  540  00001534  304300ff	andi	r3,r2,#0x00ff
  541  00001538  6c64002f	sgtui	r4,r3,#47
  542  0000153c  1080001c	beqz	r4,L7_LF2
  543  00001540  54000000	nop; delay slot nop
  544  00001544  304300ff	andi	r3,r2,#0x00ff
  545  00001548  70640039	sleui	r4,r3,#57
  546  0000154c  1480005c	bnez	r4,L6_LF2
  547  00001550  54000000	nop; delay slot nop
  548  00001554  08000004	j	L7_LF2
  549  00001558  54000000	nop; delay slot nop
  550  0000155c          	L7_LF2:
  551  0000155c  304300ff	andi	r3,r2,#0x00ff
  552  00001560  6c640060	sgtui	r4,r3,#96
  553  00001564  1080001c	beqz	r4,L8_LF2
  554  00001568  54000000	nop; delay slot nop
  555  0000156c  304300ff	andi	r3,r2,#0x00ff
  556  00001570  70640066	sleui	r4,r3,#102
  557  00001574  14800034	bnez	r4,L6_LF2
  558  00001578  54000000	nop; delay slot nop
  559  0000157c  08000004	j	L8_LF2
  560  00001580  54000000	nop; delay slot nop
  561  00001584          	L8_LF2:
  562  00001584  304300ff	andi	r3,r2,#0x00ff
  563  00001588  6c640040	sgtui	r4,r3,#64
  564  0000158c  10800020	beqz	r4,L5_LF2
  565  00001590  54000000	nop; delay slot nop
  566  00001594  304300ff	andi	r3,r2,#0x00ff
  567  00001598  70640041	sleui	r4,r3,#65
  568  0000159c  1480000c	bnez	r4,L6_LF2
  569  000015a0  54000000	nop; delay slot nop
  570  000015a4  08000008	j	L5_LF2
  571  000015a8  54000000	nop; delay slot nop
  572  000015ac          	L6_LF2:
  573  000015ac  20010001	addi	r1,r0,#1
  574  000015b0          	L5_LF2:
  575  000015b0  08000004	j	L4_LF2
  576  000015b4  54000000	nop; delay slot nop
  577  000015b8          	L4_LF2:
  578  000015b8  8fa20000	lw	r2,0(r29)
  579  000015bc  8fa30004	lw	r3,4(r29)
  580  000015c0  8fa40008	lw	r4,8(r29)
  581  000015c4  8fdffff8	lw	r31,-8(r30)
  582  000015c8  001ee820	add	r29,r0,r30
  583  000015cc  8fdefffc	lw	r30,-4(r30)
  584  000015d0  4be00000	jr	r31
  585  000015d4  54000000	nop
  586  000015d8          	.endproc _isxdigit
  587  000015d8          	.align 2
  588  000015d8          	.proc _dstrcpy
  589  000015d8          	.global _dstrcpy
  590  000015d8          	_dstrcpy:
  591                      ;  Function 'dstrcpy'; 8 bytes of locals, 2 regs to save.
  592  000015d8  afbefffc	sw	-4(r29),r30; push fp
  593  000015dc  001df020	add	r30,r0,r29; fp = sp
  594  000015e0  afbffff8	sw	-8(r29),r31; push ret addr
  595  000015e4  2fbd0018	subui	r29,r29,#24; alloc local storage
  596  000015e8  afa20000	sw	0(r29),r2
  597  000015ec  afa30004	sw	4(r29),r3
  598  000015f0  8fc10000	lw	r1,(r30)
  599  000015f4  afc1fff4	sw	-12(r30),r1
  600  000015f8          	L10_LF2:
  601  000015f8  8fc10000	lw	r1,(r30)
  602  000015fc  20220001	addi	r2,r1,#1
  603  00001600  afc20000	sw	(r30),r2
  604  00001604  8fc20004	lw	r2,4(r30)
  605  00001608  20430001	addi	r3,r2,#1
  606  0000160c  afc30004	sw	4(r30),r3
  607  00001610  80420000	lb	r2,(r2)
  608  00001614  a0220000	sb	(r1),r2
  609  00001618  a3c2fff3	sb	-13(r30),r2
  610  0000161c          	L12_LF2:
  611  0000161c  93c1fff3	lbu	r1,-13(r30)
  612  00001620  64220000	snei	r2,r1,#0
  613  00001624  1440000c	bnez	r2,L13_LF2
  614  00001628  54000000	nop; delay slot nop
  615  0000162c  0800000c	j	L11_LF2
  616  00001630  54000000	nop; delay slot nop
  617  00001634          	L13_LF2:
  618  00001634  0bffffc0	j	L10_LF2
  619  00001638  54000000	nop; delay slot nop
  620  0000163c          	L11_LF2:
  621  0000163c  8fc1fff4	lw	r1,-12(r30)
  622  00001640  08000004	j	L9_LF2
  623  00001644  54000000	nop; delay slot nop
  624  00001648          	L9_LF2:
  625  00001648  8fa20000	lw	r2,0(r29)
  626  0000164c  8fa30004	lw	r3,4(r29)
  627  00001650  8fdffff8	lw	r31,-8(r30)
  628  00001654  001ee820	add	r29,r0,r30
  629  00001658  8fdefffc	lw	r30,-4(r30)
  630  0000165c  4be00000	jr	r31
  631  00001660  54000000	nop
  632  00001664          	.endproc _dstrcpy
  633  00001664          	.align 2
  634  00001664          	.proc _dstrncpy
  635  00001664          	.global _dstrncpy
  636  00001664          	_dstrncpy:
  637                      ;  Function 'dstrncpy'; 8 bytes of locals, 2 regs to save.
  638  00001664  afbefffc	sw	-4(r29),r30; push fp
  639  00001668  001df020	add	r30,r0,r29; fp = sp
  640  0000166c  afbffff8	sw	-8(r29),r31; push ret addr
  641  00001670  2fbd0018	subui	r29,r29,#24; alloc local storage
  642  00001674  afa20000	sw	0(r29),r2
  643  00001678  afa30004	sw	4(r29),r3
  644  0000167c  8fc10000	lw	r1,(r30)
  645  00001680  afc1fff4	sw	-12(r30),r1
  646  00001684          	L15_LF2:
  647  00001684  8fc10008	lw	r1,8(r30)
  648  00001688  2022ffff	addi	r2,r1,#-1
  649  0000168c  afc20008	sw	8(r30),r2
  650  00001690  70210000	slei	r1,r1,#0
  651  00001694  1020000c	beqz	r1,L18_LF2
  652  00001698  54000000	nop; delay slot nop
  653  0000169c  08000048	j	L16_LF2
  654  000016a0  54000000	nop; delay slot nop
  655  000016a4          	L18_LF2:
  656  000016a4  8fc10000	lw	r1,(r30)
  657  000016a8  20220001	addi	r2,r1,#1
  658  000016ac  afc20000	sw	(r30),r2
  659  000016b0  8fc20004	lw	r2,4(r30)
  660  000016b4  20430001	addi	r3,r2,#1
  661  000016b8  afc30004	sw	4(r30),r3
  662  000016bc  80420000	lb	r2,(r2)
  663  000016c0  a0220000	sb	(r1),r2
  664  000016c4  a3c2fff3	sb	-13(r30),r2
  665  000016c8          	L17_LF2:
  666  000016c8  93c1fff3	lbu	r1,-13(r30)
  667  000016cc  64220000	snei	r2,r1,#0
  668  000016d0  1440000c	bnez	r2,L19_LF2
  669  000016d4  54000000	nop; delay slot nop
  670  000016d8  0800000c	j	L16_LF2
  671  000016dc  54000000	nop; delay slot nop
  672  000016e0          	L19_LF2:
  673  000016e0  0bffffa0	j	L15_LF2
  674  000016e4  54000000	nop; delay slot nop
  675  000016e8          	L16_LF2:
  676  000016e8  8fc1fff4	lw	r1,-12(r30)
  677  000016ec  08000004	j	L14_LF2
  678  000016f0  54000000	nop; delay slot nop
  679  000016f4          	L14_LF2:
  680  000016f4  8fa20000	lw	r2,0(r29)
  681  000016f8  8fa30004	lw	r3,4(r29)
  682  000016fc  8fdffff8	lw	r31,-8(r30)
  683  00001700  001ee820	add	r29,r0,r30
  684  00001704  8fdefffc	lw	r30,-4(r30)
  685  00001708  4be00000	jr	r31
  686  0000170c  54000000	nop
  687  00001710          	.endproc _dstrncpy
  688  00001710          	.align 2
  689  00001710          	.proc _dstrcat
  690  00001710          	.global _dstrcat
  691  00001710          	_dstrcat:
  692                      ;  Function 'dstrcat'; 8 bytes of locals, 1 regs to save.
  693  00001710  afbefffc	sw	-4(r29),r30; push fp
  694  00001714  001df020	add	r30,r0,r29; fp = sp
  695  00001718  afbffff8	sw	-8(r29),r31; push ret addr
  696  0000171c  2fbd0018	subui	r29,r29,#24; alloc local storage
  697  00001720  afa20000	sw	0(r29),r2
  698  00001724  8fc10000	lw	r1,(r30)
  699  00001728  afc1fff4	sw	-12(r30),r1
  700  0000172c          	L21_LF2:
  701  0000172c  8fc10000	lw	r1,(r30)
  702  00001730  90220000	lbu	r2,(r1)
  703  00001734  64410000	snei	r1,r2,#0
  704  00001738  1420000c	bnez	r1,L23_LF2
  705  0000173c  54000000	nop; delay slot nop
  706  00001740  0800001c	j	L22_LF2
  707  00001744  54000000	nop; delay slot nop
  708  00001748          	L23_LF2:
  709  00001748  8fc20000	lw	r2,(r30)
  710  0000174c  20410001	addi	r1,r2,#1
  711  00001750  00011020	add	r2,r0,r1
  712  00001754  afc20000	sw	(r30),r2
  713  00001758  0bffffd0	j	L21_LF2
  714  0000175c  54000000	nop; delay slot nop
  715  00001760          	L22_LF2:
  716  00001760  23bdfff8	addi	r29,r29,#-8
  717  00001764  001d0820	add	r1,r0,r29
  718  00001768  8fc20000	lw	r2,(r30)
  719  0000176c  ac220000	sw	(r1),r2
  720  00001770  8fc20004	lw	r2,4(r30)
  721  00001774  ac220004	sw	4(r1),r2
  722  00001778  0ffffe5c	jal	_dstrcpy
  723  0000177c  54000000	nop; delay slot nop
  724  00001780  23bd0008	addi	r29,r29,#8
  725  00001784  8fc1fff4	lw	r1,-12(r30)
  726  00001788  08000004	j	L20_LF2
  727  0000178c  54000000	nop; delay slot nop
  728  00001790          	L20_LF2:
  729  00001790  8fa20000	lw	r2,0(r29)
  730  00001794  8fdffff8	lw	r31,-8(r30)
  731  00001798  001ee820	add	r29,r0,r30
  732  0000179c  8fdefffc	lw	r30,-4(r30)
  733  000017a0  4be00000	jr	r31
  734  000017a4  54000000	nop
  735  000017a8          	.endproc _dstrcat
  736  000017a8          	.align 2
  737  000017a8          	.proc _dstrncmp
  738  000017a8          	.global _dstrncmp
  739  000017a8          	_dstrncmp:
  740                      ;  Function 'dstrncmp'; 8 bytes of locals, 2 regs to save.
  741  000017a8  afbefffc	sw	-4(r29),r30; push fp
  742  000017ac  001df020	add	r30,r0,r29; fp = sp
  743  000017b0  afbffff8	sw	-8(r29),r31; push ret addr
  744  000017b4  2fbd0018	subui	r29,r29,#24; alloc local storage
  745  000017b8  afa20000	sw	0(r29),r2
  746  000017bc  afa30004	sw	4(r29),r3
  747  000017c0  54000000	nop
  748  000017c4  20010000	addi	r1,r0,#0
  749  000017c8  afc1fff4	sw	-12(r30),r1
  750  000017cc          	L25_LF2:
  751  000017cc  8fc1fff4	lw	r1,-12(r30)
  752  000017d0  8fc20008	lw	r2,8(r30)
  753  000017d4  0022082a	slt	r1,r1,r2
  754  000017d8  1420000c	bnez	r1,L28_LF2
  755  000017dc  54000000	nop; delay slot nop
  756  000017e0  08000088	j	L26_LF2
  757  000017e4  54000000	nop; delay slot nop
  758  000017e8          	L28_LF2:
  759  000017e8  8fc10004	lw	r1,4(r30)
  760  000017ec  90220000	lbu	r2,(r1)
  761  000017f0  64410000	snei	r1,r2,#0
  762  000017f4  14200018	bnez	r1,L29_LF2
  763  000017f8  54000000	nop; delay slot nop
  764  000017fc  20010000	addi	r1,r0,#0
  765  00001800  080000d8	j	L24_LF2
  766  00001804  54000000	nop; delay slot nop
  767  00001808  08000028	j	L30_LF2
  768  0000180c  54000000	nop; delay slot nop
  769  00001810          	L29_LF2:
  770  00001810  8fc10000	lw	r1,(r30)
  771  00001814  8fc20004	lw	r2,4(r30)
  772  00001818  90210000	lbu	r1,(r1)
  773  0000181c  90420000	lbu	r2,(r2)
  774  00001820  00220829	sne	r1,r1,r2
  775  00001824  1020000c	beqz	r1,L30_LF2
  776  00001828  54000000	nop; delay slot nop
  777  0000182c  0800003c	j	L26_LF2
  778  00001830  54000000	nop; delay slot nop
  779  00001834          	L31_LF2:
  780  00001834          	L30_LF2:
  781  00001834  8fc20000	lw	r2,(r30)
  782  00001838  20410001	addi	r1,r2,#1
  783  0000183c  00011020	add	r2,r0,r1
  784  00001840  afc20000	sw	(r30),r2
  785  00001844  8fc20004	lw	r2,4(r30)
  786  00001848  20410001	addi	r1,r2,#1
  787  0000184c  00011020	add	r2,r0,r1
  788  00001850  afc20004	sw	4(r30),r2
  789  00001854          	L27_LF2:
  790  00001854  8fc2fff4	lw	r2,-12(r30)
  791  00001858  20410001	addi	r1,r2,#1
  792  0000185c  00011020	add	r2,r0,r1
  793  00001860  afc2fff4	sw	-12(r30),r2
  794  00001864  0bffff64	j	L25_LF2
  795  00001868  54000000	nop; delay slot nop
  796  0000186c          	L26_LF2:
  797  0000186c  8fc1fff4	lw	r1,-12(r30)
  798  00001870  8fc20008	lw	r2,8(r30)
  799  00001874  00220828	seq	r1,r1,r2
  800  00001878  10200018	beqz	r1,L32_LF2
  801  0000187c  54000000	nop; delay slot nop
  802  00001880  20010000	addi	r1,r0,#0
  803  00001884  08000054	j	L24_LF2
  804  00001888  54000000	nop; delay slot nop
  805  0000188c  0800004c	j	L33_LF2
  806  00001890  54000000	nop; delay slot nop
  807  00001894          	L32_LF2:
  808  00001894  8fc20000	lw	r2,(r30)
  809  00001898  90410000	lbu	r1,(r2)
  810  0000189c  8fc20004	lw	r2,4(r30)
  811  000018a0  90430000	lbu	r3,(r2)
  812  000018a4  00230822	sub	r1,r1,r3
  813  000018a8  74220000	sgei	r2,r1,#0
  814  000018ac  10400020	beqz	r2,L34_LF2
  815  000018b0  54000000	nop; delay slot nop
  816  000018b4  8fc10000	lw	r1,(r30)
  817  000018b8  8fc20004	lw	r2,4(r30)
  818  000018bc  90210000	lbu	r1,(r1)
  819  000018c0  90420000	lbu	r2,(r2)
  820  000018c4  00220829	sne	r1,r1,r2
  821  000018c8  08000008	j	L35_LF2
  822  000018cc  54000000	nop; delay slot nop
  823  000018d0          	L34_LF2:
  824  000018d0  2001ffff	addi	r1,r0,#-1
  825  000018d4          	L35_LF2:
  826  000018d4  08000004	j	L24_LF2
  827  000018d8  54000000	nop; delay slot nop
  828  000018dc          	L33_LF2:
  829  000018dc          	L24_LF2:
  830  000018dc  8fa20000	lw	r2,0(r29)
  831  000018e0  8fa30004	lw	r3,4(r29)
  832  000018e4  8fdffff8	lw	r31,-8(r30)
  833  000018e8  001ee820	add	r29,r0,r30
  834  000018ec  8fdefffc	lw	r30,-4(r30)
  835  000018f0  4be00000	jr	r31
  836  000018f4  54000000	nop
  837  000018f8          	.endproc _dstrncmp
  838  000018f8          	.align 2
  839  000018f8          	.proc _dstrlen
  840  000018f8          	.global _dstrlen
  841  000018f8          	_dstrlen:
  842                      ;  Function 'dstrlen'; 8 bytes of locals, 1 regs to save.
  843  000018f8  afbefffc	sw	-4(r29),r30; push fp
  844  000018fc  001df020	add	r30,r0,r29; fp = sp
  845  00001900  afbffff8	sw	-8(r29),r31; push ret addr
  846  00001904  2fbd0018	subui	r29,r29,#24; alloc local storage
  847  00001908  afa20000	sw	0(r29),r2
  848  0000190c  20010000	addi	r1,r0,#0
  849  00001910  afc1fff4	sw	-12(r30),r1
  850  00001914          	L37_LF2:
  851  00001914  8fc10000	lw	r1,(r30)
  852  00001918  20220001	addi	r2,r1,#1
  853  0000191c  afc20000	sw	(r30),r2
  854  00001920  90210000	lbu	r1,(r1)
  855  00001924  64220000	snei	r2,r1,#0
  856  00001928  1440000c	bnez	r2,L39_LF2
  857  0000192c  54000000	nop; delay slot nop
  858  00001930  0800001c	j	L38_LF2
  859  00001934  54000000	nop; delay slot nop
  860  00001938          	L39_LF2:
  861  00001938  8fc2fff4	lw	r2,-12(r30)
  862  0000193c  20410001	addi	r1,r2,#1
  863  00001940  00011020	add	r2,r0,r1
  864  00001944  afc2fff4	sw	-12(r30),r2
  865  00001948  0bffffc8	j	L37_LF2
  866  0000194c  54000000	nop; delay slot nop
  867  00001950          	L38_LF2:
  868  00001950  8fc1fff4	lw	r1,-12(r30)
  869  00001954  08000004	j	L36_LF2
  870  00001958  54000000	nop; delay slot nop
  871  0000195c          	L36_LF2:
  872  0000195c  8fa20000	lw	r2,0(r29)
  873  00001960  8fdffff8	lw	r31,-8(r30)
  874  00001964  001ee820	add	r29,r0,r30
  875  00001968  8fdefffc	lw	r30,-4(r30)
  876  0000196c  4be00000	jr	r31
  877  00001970  54000000	nop
  878  00001974          	.endproc _dstrlen
  879  00001974          	.align 2
  880  00001974          	.proc _dstrstr
  881  00001974          	.global _dstrstr
  882  00001974          	_dstrstr:
  883                      ;  Function 'dstrstr'; 8 bytes of locals, 1 regs to save.
  884  00001974  afbefffc	sw	-4(r29),r30; push fp
  885  00001978  001df020	add	r30,r0,r29; fp = sp
  886  0000197c  afbffff8	sw	-8(r29),r31; push ret addr
  887  00001980  2fbd0018	subui	r29,r29,#24; alloc local storage
  888  00001984  afa20000	sw	0(r29),r2
  889  00001988  23bdfff8	addi	r29,r29,#-8
  890  0000198c  001d0820	add	r1,r0,r29
  891  00001990  8fc20004	lw	r2,4(r30)
  892  00001994  ac220000	sw	(r1),r2
  893  00001998  0fffff5c	jal	_dstrlen
  894  0000199c  54000000	nop; delay slot nop
  895  000019a0  23bd0008	addi	r29,r29,#8
  896  000019a4  afc1fff4	sw	-12(r30),r1
  897  000019a8          	L41_LF2:
  898  000019a8  8fc10000	lw	r1,(r30)
  899  000019ac  90220000	lbu	r2,(r1)
  900  000019b0  64410000	snei	r1,r2,#0
  901  000019b4  1420000c	bnez	r1,L43_LF2
  902  000019b8  54000000	nop; delay slot nop
  903  000019bc  08000060	j	L42_LF2
  904  000019c0  54000000	nop; delay slot nop
  905  000019c4          	L43_LF2:
  906  000019c4  23bdfff0	addi	r29,r29,#-16
  907  000019c8  001d0820	add	r1,r0,r29
  908  000019cc  8fc20000	lw	r2,(r30)
  909  000019d0  ac220000	sw	(r1),r2
  910  000019d4  8fc20004	lw	r2,4(r30)
  911  000019d8  ac220004	sw	4(r1),r2
  912  000019dc  8fc2fff4	lw	r2,-12(r30)
  913  000019e0  ac220008	sw	8(r1),r2
  914  000019e4  0ffffdc0	jal	_dstrncmp
  915  000019e8  54000000	nop; delay slot nop
  916  000019ec  23bd0010	addi	r29,r29,#16
  917  000019f0  64220000	snei	r2,r1,#0
  918  000019f4  14400010	bnez	r2,L44_LF2
  919  000019f8  54000000	nop; delay slot nop
  920  000019fc  8fc10000	lw	r1,(r30)
  921  00001a00  08000028	j	L40_LF2
  922  00001a04  54000000	nop; delay slot nop
  923  00001a08          	L44_LF2:
  924  00001a08  8fc20000	lw	r2,(r30)
  925  00001a0c  20410001	addi	r1,r2,#1
  926  00001a10  00011020	add	r2,r0,r1
  927  00001a14  afc20000	sw	(r30),r2
  928  00001a18  0bffff8c	j	L41_LF2
  929  00001a1c  54000000	nop; delay slot nop
  930  00001a20          	L42_LF2:
  931  00001a20  20010000	addi	r1,r0,#0
  932  00001a24  08000004	j	L40_LF2
  933  00001a28  54000000	nop; delay slot nop
  934  00001a2c          	L40_LF2:
  935  00001a2c  8fa20000	lw	r2,0(r29)
  936  00001a30  8fdffff8	lw	r31,-8(r30)
  937  00001a34  001ee820	add	r29,r0,r30
  938  00001a38  8fdefffc	lw	r30,-4(r30)
  939  00001a3c  4be00000	jr	r31
  940  00001a40  54000000	nop
  941  00001a44          	.endproc _dstrstr
  942  00001a44          	.align 2
  943  00001a44          	.proc _dmindex
  944  00001a44          	.global _dmindex
  945  00001a44          	_dmindex:
  946                      ;  Function 'dmindex'; 8 bytes of locals, 1 regs to save.
  947  00001a44  afbefffc	sw	-4(r29),r30; push fp
  948  00001a48  001df020	add	r30,r0,r29; fp = sp
  949  00001a4c  afbffff8	sw	-8(r29),r31; push ret addr
  950  00001a50  2fbd0018	subui	r29,r29,#24; alloc local storage
  951  00001a54  afa20000	sw	0(r29),r2
  952  00001a58  54000000	nop
  953  00001a5c          	L46_LF2:
  954  00001a5c  8fc10000	lw	r1,(r30)
  955  00001a60  90220000	lbu	r2,(r1)
  956  00001a64  64410000	snei	r1,r2,#0
  957  00001a68  1420000c	bnez	r1,L48_LF2
  958  00001a6c  54000000	nop; delay slot nop
  959  00001a70  08000070	j	L47_LF2
  960  00001a74  54000000	nop; delay slot nop
  961  00001a78          	L48_LF2:
  962  00001a78  8fc10004	lw	r1,4(r30)
  963  00001a7c  afc1fff4	sw	-12(r30),r1
  964  00001a80          	L49_LF2:
  965  00001a80  8fc1fff4	lw	r1,-12(r30)
  966  00001a84  90220000	lbu	r2,(r1)
  967  00001a88  64410000	snei	r1,r2,#0
  968  00001a8c  1420000c	bnez	r1,L52_LF2
  969  00001a90  54000000	nop; delay slot nop
  970  00001a94  08000044	j	L50_LF2
  971  00001a98  54000000	nop; delay slot nop
  972  00001a9c          	L52_LF2:
  973  00001a9c  8fc10000	lw	r1,(r30)
  974  00001aa0  8fc2fff4	lw	r2,-12(r30)
  975  00001aa4  90210000	lbu	r1,(r1)
  976  00001aa8  90420000	lbu	r2,(r2)
  977  00001aac  00220828	seq	r1,r1,r2
  978  00001ab0  10200010	beqz	r1,L51_LF2
  979  00001ab4  54000000	nop; delay slot nop
  980  00001ab8  8fc10000	lw	r1,(r30)
  981  00001abc  08000030	j	L45_LF2
  982  00001ac0  54000000	nop; delay slot nop
  983  00001ac4          	L53_LF2:
  984  00001ac4          	L51_LF2:
  985  00001ac4  8fc2fff4	lw	r2,-12(r30)
  986  00001ac8  20410001	addi	r1,r2,#1
  987  00001acc  00011020	add	r2,r0,r1
  988  00001ad0  afc2fff4	sw	-12(r30),r2
  989  00001ad4  0bffffa8	j	L49_LF2
  990  00001ad8  54000000	nop; delay slot nop
  991  00001adc          	L50_LF2:
  992  00001adc  0bffff7c	j	L46_LF2
  993  00001ae0  54000000	nop; delay slot nop
  994  00001ae4          	L47_LF2:
  995  00001ae4  20010000	addi	r1,r0,#0
  996  00001ae8  08000004	j	L45_LF2
  997  00001aec  54000000	nop; delay slot nop
  998  00001af0          	L45_LF2:
  999  00001af0  8fa20000	lw	r2,0(r29)
 1000  00001af4  8fdffff8	lw	r31,-8(r30)
 1001  00001af8  001ee820	add	r29,r0,r30
 1002  00001afc  8fdefffc	lw	r30,-4(r30)
 1003  00001b00  4be00000	jr	r31
 1004  00001b04  54000000	nop
 1005  00001b08          	.endproc _dmindex
 1006  00001b08          	.align 2
 1007  00001b08          	.proc _dindex
 1008  00001b08          	.global _dindex
 1009  00001b08          	_dindex:
 1010                      ;  Function 'dindex'; 0 bytes of locals, 1 regs to save.
 1011  00001b08  afbefffc	sw	-4(r29),r30; push fp
 1012  00001b0c  001df020	add	r30,r0,r29; fp = sp
 1013  00001b10  afbffff8	sw	-8(r29),r31; push ret addr
 1014  00001b14  2fbd0010	subui	r29,r29,#16; alloc local storage
 1015  00001b18  afa20000	sw	0(r29),r2
 1016  00001b1c  54000000	nop
 1017  00001b20          	L55_LF2:
 1018  00001b20  8fc10000	lw	r1,(r30)
 1019  00001b24  90220000	lbu	r2,(r1)
 1020  00001b28  64410000	snei	r1,r2,#0
 1021  00001b2c  1420000c	bnez	r1,L57_LF2
 1022  00001b30  54000000	nop; delay slot nop
 1023  00001b34  08000040	j	L56_LF2
 1024  00001b38  54000000	nop; delay slot nop
 1025  00001b3c          	L57_LF2:
 1026  00001b3c  8fc10000	lw	r1,(r30)
 1027  00001b40  90220000	lbu	r2,(r1)
 1028  00001b44  8fc10004	lw	r1,4(r30)
 1029  00001b48  00411028	seq	r2,r2,r1
 1030  00001b4c  10400010	beqz	r2,L58_LF2
 1031  00001b50  54000000	nop; delay slot nop
 1032  00001b54  8fc10000	lw	r1,(r30)
 1033  00001b58  08000028	j	L54_LF2
 1034  00001b5c  54000000	nop; delay slot nop
 1035  00001b60          	L58_LF2:
 1036  00001b60  8fc20000	lw	r2,(r30)
 1037  00001b64  20410001	addi	r1,r2,#1
 1038  00001b68  00011020	add	r2,r0,r1
 1039  00001b6c  afc20000	sw	(r30),r2
 1040  00001b70  0bffffac	j	L55_LF2
 1041  00001b74  54000000	nop; delay slot nop
 1042  00001b78          	L56_LF2:
 1043  00001b78  20010000	addi	r1,r0,#0
 1044  00001b7c  08000004	j	L54_LF2
 1045  00001b80  54000000	nop; delay slot nop
 1046  00001b84          	L54_LF2:
 1047  00001b84  8fa20000	lw	r2,0(r29)
 1048  00001b88  8fdffff8	lw	r31,-8(r30)
 1049  00001b8c  001ee820	add	r29,r0,r30
 1050  00001b90  8fdefffc	lw	r30,-4(r30)
 1051  00001b94  4be00000	jr	r31
 1052  00001b98  54000000	nop
 1053  00001b9c          	.endproc _dindex
 1054  00001b9c          	.align 2
 1055  00001b9c          	.proc _ditoa
 1056  00001b9c          	.global _ditoa
 1057  00001b9c          	_ditoa:
 1058                      ;  Function 'ditoa'; 8 bytes of locals, 2 regs to save.
 1059  00001b9c  afbefffc	sw	-4(r29),r30; push fp
 1060  00001ba0  001df020	add	r30,r0,r29; fp = sp
 1061  00001ba4  afbffff8	sw	-8(r29),r31; push ret addr
 1062  00001ba8  2fbd0018	subui	r29,r29,#24; alloc local storage
 1063  00001bac  afa20000	sw	0(r29),r2
 1064  00001bb0  afa30004	sw	4(r29),r3
 1065  00001bb4  8fc10000	lw	r1,(r30)
 1066  00001bb8  68220000	slti	r2,r1,#0
 1067  00001bbc  1040002c	beqz	r2,L60_LF2
 1068  00001bc0  54000000	nop; delay slot nop
 1069  00001bc4  8fc10004	lw	r1,4(r30)
 1070  00001bc8  20220001	addi	r2,r1,#1
 1071  00001bcc  afc20004	sw	4(r30),r2
 1072  00001bd0  2002002d	addi	r2,r0,(#0x2d)&0xff
 1073  00001bd4  a0220000	sb	(r1),r2
 1074  00001bd8  8fc10000	lw	r1,(r30)
 1075  00001bdc  00011022	sub	r2,r0,r1
 1076  00001be0  afc20000	sw	(r30),r2
 1077  00001be4  08000118	j	L61_LF2
 1078  00001be8  54000000	nop; delay slot nop
 1079  00001bec          	L60_LF2:
 1080  00001bec  8fc10000	lw	r1,(r30)
 1081  00001bf0  64220000	snei	r2,r1,#0
 1082  00001bf4  14400020	bnez	r2,L62_LF2
 1083  00001bf8  54000000	nop; delay slot nop
 1084  00001bfc  8fc10004	lw	r1,4(r30)
 1085  00001c00  20220001	addi	r2,r1,#1
 1086  00001c04  afc20004	sw	4(r30),r2
 1087  00001c08  20020030	addi	r2,r0,(#0x30)&0xff
 1088  00001c0c  a0220000	sb	(r1),r2
 1089  00001c10  080000ec	j	L61_LF2
 1090  00001c14  54000000	nop; delay slot nop
 1091  00001c18          	L62_LF2:
 1092  00001c18  20010001	addi	r1,r0,#1
 1093  00001c1c  afc1fff4	sw	-12(r30),r1
 1094  00001c20          	L64_LF2:
 1095  00001c20  8fc1fff4	lw	r1,-12(r30)
 1096  00001c24  8fc20000	lw	r2,(r30)
 1097  00001c28  0022082c	sle	r1,r1,r2
 1098  00001c2c  1420000c	bnez	r1,L66_LF2
 1099  00001c30  54000000	nop; delay slot nop
 1100  00001c34  08000024	j	L65_LF2
 1101  00001c38  54000000	nop; delay slot nop
 1102  00001c3c          	L67_LF2:
 1103  00001c3c          	L66_LF2:
 1104  00001c3c  8fc1fff4	lw	r1,-12(r30)
 1105  00001c40  00011820	add	r3,r0,r1
 1106  00001c44  50620002	slli	r2,r3,#0x2
 1107  00001c48  00411020	add	r2,r2,r1
 1108  00001c4c  50410001	slli	r1,r2,#0x1
 1109  00001c50  afc1fff4	sw	-12(r30),r1
 1110  00001c54  0bffffc8	j	L64_LF2
 1111  00001c58  54000000	nop; delay slot nop
 1112  00001c5c          	L65_LF2:
 1113  00001c5c  54000000	nop
 1114  00001c60          	L68_LF2:
 1115  00001c60  8fc1fff4	lw	r1,-12(r30)
 1116  00001c64  2002000a	addi	r2,r0,#10
 1117  00001c68  00200035	movi2fp	f0,r1
 1118  00001c6c  00400835	movi2fp	f1,r2
 1119  00001c70  0401000f	div	f0,f0,f1
 1120  00001c74  00000834	movfp2i	r1,f0
 1121  00001c78  afc1fff4	sw	-12(r30),r1
 1122  00001c7c  8fc10004	lw	r1,4(r30)
 1123  00001c80  20220001	addi	r2,r1,#1
 1124  00001c84  afc20004	sw	4(r30),r2
 1125  00001c88  8fc20000	lw	r2,(r30)
 1126  00001c8c  8fc3fff4	lw	r3,-12(r30)
 1127  00001c90  00400035	movi2fp	f0,r2
 1128  00001c94  00600835	movi2fp	f1,r3
 1129  00001c98  0401000f	div	f0,f0,f1
 1130  00001c9c  00001034	movfp2i	r2,f0
 1131  00001ca0  00021820	add	r3,r0,r2
 1132  00001ca4  20620030	addi	r2,r3,#48
 1133  00001ca8  a0220000	sb	(r1),r2
 1134  00001cac  8fc10000	lw	r1,(r30)
 1135  00001cb0  8fc3fff4	lw	r3,-12(r30)
 1136  00001cb4  00200035	movi2fp	f0,r1
 1137  00001cb8  00600835	movi2fp	f1,r3
 1138  00001cbc  0401000f	div	f0,f0,f1
 1139  00001cc0  00001034	movfp2i	r2,f0
 1140  00001cc4  8fc3fff4	lw	r3,-12(r30)
 1141  00001cc8  00400035	movi2fp	f0,r2
 1142  00001ccc  00600835	movi2fp	f1,r3
 1143  00001cd0  0401000e	mult	f0,f0,f1
 1144  00001cd4  00001034	movfp2i	r2,f0
 1145  00001cd8  00220822	sub	r1,r1,r2
 1146  00001cdc  afc10000	sw	(r30),r1
 1147  00001ce0          	L70_LF2:
 1148  00001ce0  8fc1fff4	lw	r1,-12(r30)
 1149  00001ce4  6c220001	sgti	r2,r1,#1
 1150  00001ce8  1440000c	bnez	r2,L71_LF2
 1151  00001cec  54000000	nop; delay slot nop
 1152  00001cf0  0800000c	j	L61_LF2
 1153  00001cf4  54000000	nop; delay slot nop
 1154  00001cf8          	L71_LF2:
 1155  00001cf8  0bffff64	j	L68_LF2
 1156  00001cfc  54000000	nop; delay slot nop
 1157  00001d00          	L69_LF2:
 1158  00001d00          	L63_LF2:
 1159  00001d00          	L61_LF2:
 1160  00001d00  8fc10004	lw	r1,4(r30)
 1161  00001d04  20020000	addi	r2,r0,(#0x0)&0xff
 1162  00001d08  a0220000	sb	(r1),r2
 1163  00001d0c          	L59_LF2:
 1164  00001d0c  8fa20000	lw	r2,0(r29)
 1165  00001d10  8fa30004	lw	r3,4(r29)
 1166  00001d14  8fdffff8	lw	r31,-8(r30)
 1167  00001d18  001ee820	add	r29,r0,r30
 1168  00001d1c  8fdefffc	lw	r30,-4(r30)
 1169  00001d20  4be00000	jr	r31
 1170  00001d24  54000000	nop
 1171  00001d28          	.endproc _ditoa
 1172  00001d28          	.align 2
 1173  00001d28          	.proc _dstrtol
 1174  00001d28          	.global _dstrtol
 1175  00001d28          	_dstrtol:
 1176                      ;  Function 'dstrtol'; 16 bytes of locals, 1 regs to save.
 1177  00001d28  afbefffc	sw	-4(r29),r30; push fp
 1178  00001d2c  001df020	add	r30,r0,r29; fp = sp
 1179  00001d30  afbffff8	sw	-8(r29),r31; push ret addr
 1180  00001d34  2fbd0020	subui	r29,r29,#32; alloc local storage
 1181  00001d38  afa20000	sw	0(r29),r2
 1182  00001d3c  20010000	addi	r1,r0,#0
 1183  00001d40  afc1fff4	sw	-12(r30),r1
 1184  00001d44          	L73_LF2:
 1185  00001d44  8fc10000	lw	r1,(r30)
 1186  00001d48  90220000	lbu	r2,(r1)
 1187  00001d4c  60410020	seqi	r1,r2,#32
 1188  00001d50  14200034	bnez	r1,L75_LF2
 1189  00001d54  54000000	nop; delay slot nop
 1190  00001d58  8fc10000	lw	r1,(r30)
 1191  00001d5c  90220000	lbu	r2,(r1)
 1192  00001d60  60410009	seqi	r1,r2,#9
 1193  00001d64  14200020	bnez	r1,L75_LF2
 1194  00001d68  54000000	nop; delay slot nop
 1195  00001d6c  8fc10000	lw	r1,(r30)
 1196  00001d70  90220000	lbu	r2,(r1)
 1197  00001d74  6041000a	seqi	r1,r2,#10
 1198  00001d78  1420000c	bnez	r1,L75_LF2
 1199  00001d7c  54000000	nop; delay slot nop
 1200  00001d80  0800001c	j	L74_LF2
 1201  00001d84  54000000	nop; delay slot nop
 1202  00001d88          	L75_LF2:
 1203  00001d88  8fc20000	lw	r2,(r30)
 1204  00001d8c  20410001	addi	r1,r2,#1
 1205  00001d90  00011020	add	r2,r0,r1
 1206  00001d94  afc20000	sw	(r30),r2
 1207  00001d98  0bffffa8	j	L73_LF2
 1208  00001d9c  54000000	nop; delay slot nop
 1209  00001da0          	L74_LF2:
 1210  00001da0  8fc10004	lw	r1,4(r30)
 1211  00001da4  64220000	snei	r2,r1,#0
 1212  00001da8  10400010	beqz	r2,L76_LF2
 1213  00001dac  54000000	nop; delay slot nop
 1214  00001db0  8fc10004	lw	r1,4(r30)
 1215  00001db4  8fc20000	lw	r2,(r30)
 1216  00001db8  ac220000	sw	(r1),r2
 1217  00001dbc          	L76_LF2:
 1218  00001dbc  8fc10000	lw	r1,(r30)
 1219  00001dc0  90220000	lbu	r2,(r1)
 1220  00001dc4  64410000	snei	r1,r2,#0
 1221  00001dc8  14200010	bnez	r1,L77_LF2
 1222  00001dcc  54000000	nop; delay slot nop
 1223  00001dd0  8fc1fff4	lw	r1,-12(r30)
 1224  00001dd4  08000294	j	L72_LF2
 1225  00001dd8  54000000	nop; delay slot nop
 1226  00001ddc          	L77_LF2:
 1227  00001ddc  8fc10000	lw	r1,(r30)
 1228  00001de0  90220000	lbu	r2,(r1)
 1229  00001de4  6041002d	seqi	r1,r2,#45
 1230  00001de8  10200024	beqz	r1,L78_LF2
 1231  00001dec  54000000	nop; delay slot nop
 1232  00001df0  2001ffff	addi	r1,r0,#-1
 1233  00001df4  afc1ffec	sw	-20(r30),r1
 1234  00001df8  8fc20000	lw	r2,(r30)
 1235  00001dfc  20410001	addi	r1,r2,#1
 1236  00001e00  00011020	add	r2,r0,r1
 1237  00001e04  afc20000	sw	(r30),r2
 1238  00001e08  0800000c	j	L79_LF2
 1239  00001e0c  54000000	nop; delay slot nop
 1240  00001e10          	L78_LF2:
 1241  00001e10  20010001	addi	r1,r0,#1
 1242  00001e14  afc1ffec	sw	-20(r30),r1
 1243  00001e18          	L79_LF2:
 1244  00001e18  8fc10008	lw	r1,8(r30)
 1245  00001e1c  64220000	snei	r2,r1,#0
 1246  00001e20  14400090	bnez	r2,L80_LF2
 1247  00001e24  54000000	nop; delay slot nop
 1248  00001e28  8fc10000	lw	r1,(r30)
 1249  00001e2c  90220000	lbu	r2,(r1)
 1250  00001e30  60410030	seqi	r1,r2,#48
 1251  00001e34  10200074	beqz	r1,L81_LF2
 1252  00001e38  54000000	nop; delay slot nop
 1253  00001e3c  8fc20000	lw	r2,(r30)
 1254  00001e40  20410001	addi	r1,r2,#1
 1255  00001e44  00011020	add	r2,r0,r1
 1256  00001e48  afc20000	sw	(r30),r2
 1257  00001e4c  8fc10000	lw	r1,(r30)
 1258  00001e50  90220000	lbu	r2,(r1)
 1259  00001e54  60410078	seqi	r1,r2,#120
 1260  00001e58  14200020	bnez	r1,L83_LF2
 1261  00001e5c  54000000	nop; delay slot nop
 1262  00001e60  8fc10000	lw	r1,(r30)
 1263  00001e64  90220000	lbu	r2,(r1)
 1264  00001e68  60410058	seqi	r1,r2,#88
 1265  00001e6c  1420000c	bnez	r1,L83_LF2
 1266  00001e70  54000000	nop; delay slot nop
 1267  00001e74  08000024	j	L82_LF2
 1268  00001e78  54000000	nop; delay slot nop
 1269  00001e7c          	L83_LF2:
 1270  00001e7c  20010010	addi	r1,r0,#16
 1271  00001e80  afc10008	sw	8(r30),r1
 1272  00001e84  8fc20000	lw	r2,(r30)
 1273  00001e88  20410001	addi	r1,r2,#1
 1274  00001e8c  00011020	add	r2,r0,r1
 1275  00001e90  afc20000	sw	(r30),r2
 1276  00001e94  0800000c	j	L84_LF2
 1277  00001e98  54000000	nop; delay slot nop
 1278  00001e9c          	L82_LF2:
 1279  00001e9c  20010008	addi	r1,r0,#8
 1280  00001ea0  afc10008	sw	8(r30),r1
 1281  00001ea4          	L84_LF2:
 1282  00001ea4  0800000c	j	L80_LF2
 1283  00001ea8  54000000	nop; delay slot nop
 1284  00001eac          	L81_LF2:
 1285  00001eac  2001000a	addi	r1,r0,#10
 1286  00001eb0  afc10008	sw	8(r30),r1
 1287  00001eb4          	L85_LF2:
 1288  00001eb4          	L80_LF2:
 1289  00001eb4  8fc10008	lw	r1,8(r30)
 1290  00001eb8  70220000	slei	r2,r1,#0
 1291  00001ebc  1440001c	bnez	r2,L87_LF2
 1292  00001ec0  54000000	nop; delay slot nop
 1293  00001ec4  8fc10008	lw	r1,8(r30)
 1294  00001ec8  6c220010	sgti	r2,r1,#16
 1295  00001ecc  1440000c	bnez	r2,L87_LF2
 1296  00001ed0  54000000	nop; delay slot nop
 1297  00001ed4  08000010	j	L86_LF2
 1298  00001ed8  54000000	nop; delay slot nop
 1299  00001edc          	L87_LF2:
 1300  00001edc  8fc1fff4	lw	r1,-12(r30)
 1301  00001ee0  08000188	j	L72_LF2
 1302  00001ee4  54000000	nop; delay slot nop
 1303  00001ee8          	L86_LF2:
 1304  00001ee8  54000000	nop
 1305  00001eec          	L88_LF2:
 1306  00001eec  8fc10000	lw	r1,(r30)
 1307  00001ef0  90220000	lbu	r2,(r1)
 1308  00001ef4  6c41002f	sgtui	r1,r2,#47
 1309  00001ef8  10200030	beqz	r1,L91_LF2
 1310  00001efc  54000000	nop; delay slot nop
 1311  00001f00  8fc10000	lw	r1,(r30)
 1312  00001f04  90220000	lbu	r2,(r1)
 1313  00001f08  70410039	sleui	r1,r2,#57
 1314  00001f0c  1020001c	beqz	r1,L91_LF2
 1315  00001f10  54000000	nop; delay slot nop
 1316  00001f14  8fc10000	lw	r1,(r30)
 1317  00001f18  90220000	lbu	r2,(r1)
 1318  00001f1c  2041ffd0	addi	r1,r2,#-48
 1319  00001f20  afc1fff0	sw	-16(r30),r1
 1320  00001f24  0800008c	j	L92_LF2
 1321  00001f28  54000000	nop; delay slot nop
 1322  00001f2c          	L91_LF2:
 1323  00001f2c  8fc10000	lw	r1,(r30)
 1324  00001f30  90220000	lbu	r2,(r1)
 1325  00001f34  6c410060	sgtui	r1,r2,#96
 1326  00001f38  10200030	beqz	r1,L93_LF2
 1327  00001f3c  54000000	nop; delay slot nop
 1328  00001f40  8fc10000	lw	r1,(r30)
 1329  00001f44  90220000	lbu	r2,(r1)
 1330  00001f48  7041007a	sleui	r1,r2,#122
 1331  00001f4c  1020001c	beqz	r1,L93_LF2
 1332  00001f50  54000000	nop; delay slot nop
 1333  00001f54  8fc10000	lw	r1,(r30)
 1334  00001f58  90220000	lbu	r2,(r1)
 1335  00001f5c  2041ffa9	addi	r1,r2,#-87
 1336  00001f60  afc1fff0	sw	-16(r30),r1
 1337  00001f64  0800004c	j	L92_LF2
 1338  00001f68  54000000	nop; delay slot nop
 1339  00001f6c          	L93_LF2:
 1340  00001f6c  8fc10000	lw	r1,(r30)
 1341  00001f70  90220000	lbu	r2,(r1)
 1342  00001f74  6c410040	sgtui	r1,r2,#64
 1343  00001f78  10200030	beqz	r1,L95_LF2
 1344  00001f7c  54000000	nop; delay slot nop
 1345  00001f80  8fc10000	lw	r1,(r30)
 1346  00001f84  90220000	lbu	r2,(r1)
 1347  00001f88  7041005a	sleui	r1,r2,#90
 1348  00001f8c  1020001c	beqz	r1,L95_LF2
 1349  00001f90  54000000	nop; delay slot nop
 1350  00001f94  8fc10000	lw	r1,(r30)
 1351  00001f98  90220000	lbu	r2,(r1)
 1352  00001f9c  2041ffc9	addi	r1,r2,#-55
 1353  00001fa0  afc1fff0	sw	-16(r30),r1
 1354  00001fa4  0800000c	j	L92_LF2
 1355  00001fa8  54000000	nop; delay slot nop
 1356  00001fac          	L95_LF2:
 1357  00001fac  200103e8	addi	r1,r0,#1000
 1358  00001fb0  afc1fff0	sw	-16(r30),r1
 1359  00001fb4          	L96_LF2:
 1360  00001fb4          	L94_LF2:
 1361  00001fb4          	L92_LF2:
 1362  00001fb4  8fc1fff0	lw	r1,-16(r30)
 1363  00001fb8  8fc20008	lw	r2,8(r30)
 1364  00001fbc  0022082a	slt	r1,r1,r2
 1365  00001fc0  10200040	beqz	r1,L90_LF2
 1366  00001fc4  54000000	nop; delay slot nop
 1367  00001fc8  8fc1fff4	lw	r1,-12(r30)
 1368  00001fcc  8fc20008	lw	r2,8(r30)
 1369  00001fd0  00200035	movi2fp	f0,r1
 1370  00001fd4  00400835	movi2fp	f1,r2
 1371  00001fd8  0401000e	mult	f0,f0,f1
 1372  00001fdc  00000834	movfp2i	r1,f0
 1373  00001fe0  afc1fff4	sw	-12(r30),r1
 1374  00001fe4  8fc1fff4	lw	r1,-12(r30)
 1375  00001fe8  8fc2fff0	lw	r2,-16(r30)
 1376  00001fec  00220820	add	r1,r1,r2
 1377  00001ff0  afc1fff4	sw	-12(r30),r1
 1378  00001ff4  8fc20000	lw	r2,(r30)
 1379  00001ff8  20410001	addi	r1,r2,#1
 1380  00001ffc  00011020	add	r2,r0,r1
 1381  00002000  afc20000	sw	(r30),r2
 1382  00002004          	L97_LF2:
 1383  00002004          	L90_LF2:
 1384  00002004  8fc1fff0	lw	r1,-16(r30)
 1385  00002008  8fc20008	lw	r2,8(r30)
 1386  0000200c  0022082a	slt	r1,r1,r2
 1387  00002010  1420000c	bnez	r1,L98_LF2
 1388  00002014  54000000	nop; delay slot nop
 1389  00002018  0800000c	j	L89_LF2
 1390  0000201c  54000000	nop; delay slot nop
 1391  00002020          	L98_LF2:
 1392  00002020  0bfffec8	j	L88_LF2
 1393  00002024  54000000	nop; delay slot nop
 1394  00002028          	L89_LF2:
 1395  00002028  8fc10004	lw	r1,4(r30)
 1396  0000202c  64220000	snei	r2,r1,#0
 1397  00002030  10400010	beqz	r2,L99_LF2
 1398  00002034  54000000	nop; delay slot nop
 1399  00002038  8fc10004	lw	r1,4(r30)
 1400  0000203c  8fc20000	lw	r2,(r30)
 1401  00002040  ac220000	sw	(r1),r2
 1402  00002044          	L99_LF2:
 1403  00002044  8fc1fff4	lw	r1,-12(r30)
 1404  00002048  8fc2ffec	lw	r2,-20(r30)
 1405  0000204c  00200035	movi2fp	f0,r1
 1406  00002050  00400835	movi2fp	f1,r2
 1407  00002054  0401000e	mult	f0,f0,f1
 1408  00002058  00000834	movfp2i	r1,f0
 1409  0000205c  afc1fff4	sw	-12(r30),r1
 1410  00002060  8fc1fff4	lw	r1,-12(r30)
 1411  00002064  08000004	j	L72_LF2
 1412  00002068  54000000	nop; delay slot nop
 1413  0000206c          	L72_LF2:
 1414  0000206c  8fa20000	lw	r2,0(r29)
 1415  00002070  8fdffff8	lw	r31,-8(r30)
 1416  00002074  001ee820	add	r29,r0,r30
 1417  00002078  8fdefffc	lw	r30,-4(r30)
 1418  0000207c  4be00000	jr	r31
 1419  00002080  54000000	nop
 1420  00002084          	.endproc _dstrtol
 1421  00002084          	.align 2
 1422  00002084          	.proc _bcopy
 1423  00002084          	.global _bcopy
 1424  00002084          	_bcopy:
 1425                      ;  Function 'bcopy'; 0 bytes of locals, 2 regs to save.
 1426  00002084  afbefffc	sw	-4(r29),r30; push fp
 1427  00002088  001df020	add	r30,r0,r29; fp = sp
 1428  0000208c  afbffff8	sw	-8(r29),r31; push ret addr
 1429  00002090  2fbd0010	subui	r29,r29,#16; alloc local storage
 1430  00002094  afa20000	sw	0(r29),r2
 1431  00002098  afa30004	sw	4(r29),r3
 1432  0000209c  54000000	nop
 1433  000020a0          	L101_LF2:
 1434  000020a0  8fc10008	lw	r1,8(r30)
 1435  000020a4  2022ffff	addi	r2,r1,#-1
 1436  000020a8  afc20008	sw	8(r30),r2
 1437  000020ac  6c210000	sgti	r1,r1,#0
 1438  000020b0  1420000c	bnez	r1,L103_LF2
 1439  000020b4  54000000	nop; delay slot nop
 1440  000020b8  0800002c	j	L102_LF2
 1441  000020bc  54000000	nop; delay slot nop
 1442  000020c0          	L103_LF2:
 1443  000020c0  8fc10004	lw	r1,4(r30)
 1444  000020c4  20220001	addi	r2,r1,#1
 1445  000020c8  afc20004	sw	4(r30),r2
 1446  000020cc  8fc20000	lw	r2,(r30)
 1447  000020d0  20430001	addi	r3,r2,#1
 1448  000020d4  afc30000	sw	(r30),r3
 1449  000020d8  80420000	lb	r2,(r2)
 1450  000020dc  a0220000	sb	(r1),r2
 1451  000020e0  0bffffbc	j	L101_LF2
 1452  000020e4  54000000	nop; delay slot nop
 1453  000020e8          	L102_LF2:
 1454  000020e8          	L100_LF2:
 1455  000020e8  8fa20000	lw	r2,0(r29)
 1456  000020ec  8fa30004	lw	r3,4(r29)
 1457  000020f0  8fdffff8	lw	r31,-8(r30)
 1458  000020f4  001ee820	add	r29,r0,r30
 1459  000020f8  8fdefffc	lw	r30,-4(r30)
 1460  000020fc  4be00000	jr	r31
 1461  00002100  54000000	nop
 1462  00002104          	.endproc _bcopy
 1463  00002104          	.align 2
 1464  00002104          	.proc _bzero
 1465  00002104          	.global _bzero
 1466  00002104          	_bzero:
 1467                      ;  Function 'bzero'; 0 bytes of locals, 1 regs to save.
 1468  00002104  afbefffc	sw	-4(r29),r30; push fp
 1469  00002108  001df020	add	r30,r0,r29; fp = sp
 1470  0000210c  afbffff8	sw	-8(r29),r31; push ret addr
 1471  00002110  2fbd0010	subui	r29,r29,#16; alloc local storage
 1472  00002114  afa20000	sw	0(r29),r2
 1473  00002118  54000000	nop
 1474  0000211c          	L105_LF2:
 1475  0000211c  8fc10004	lw	r1,4(r30)
 1476  00002120  2022ffff	addi	r2,r1,#-1
 1477  00002124  afc20004	sw	4(r30),r2
 1478  00002128  6c210000	sgti	r1,r1,#0
 1479  0000212c  1420000c	bnez	r1,L107_LF2
 1480  00002130  54000000	nop; delay slot nop
 1481  00002134  08000020	j	L106_LF2
 1482  00002138  54000000	nop; delay slot nop
 1483  0000213c          	L107_LF2:
 1484  0000213c  8fc10000	lw	r1,(r30)
 1485  00002140  20220001	addi	r2,r1,#1
 1486  00002144  afc20000	sw	(r30),r2
 1487  00002148  20020000	addi	r2,r0,(#0x0)&0xff
 1488  0000214c  a0220000	sb	(r1),r2
 1489  00002150  0bffffc8	j	L105_LF2
 1490  00002154  54000000	nop; delay slot nop
 1491  00002158          	L106_LF2:
 1492  00002158          	L104_LF2:
 1493  00002158  8fa20000	lw	r2,0(r29)
 1494  0000215c  8fdffff8	lw	r31,-8(r30)
 1495  00002160  001ee820	add	r29,r0,r30
 1496  00002164  8fdefffc	lw	r30,-4(r30)
 1497  00002168  4be00000	jr	r31
 1498  0000216c  54000000	nop
 1499  00002170          	.endproc _bzero
 1500  00002170          	.align 2
 1501  00002170          	.proc _min
 1502  00002170          	.global _min
 1503  00002170          	_min:
 1504                      ;  Function 'min'; 0 bytes of locals, 2 regs to save.
 1505  00002170  afbefffc	sw	-4(r29),r30; push fp
 1506  00002174  001df020	add	r30,r0,r29; fp = sp
 1507  00002178  afbffff8	sw	-8(r29),r31; push ret addr
 1508  0000217c  2fbd0010	subui	r29,r29,#16; alloc local storage
 1509  00002180  afa20000	sw	0(r29),r2
 1510  00002184  afa30004	sw	4(r29),r3
 1511  00002188  8fc10000	lw	r1,(r30)
 1512  0000218c  8fc20004	lw	r2,4(r30)
 1513  00002190  0022182c	sle	r3,r1,r2
 1514  00002194  14600008	bnez	r3,L109_LF2
 1515  00002198  54000000	nop; delay slot nop
 1516  0000219c  8fc10004	lw	r1,4(r30)
 1517  000021a0          	L109_LF2:
 1518  000021a0  08000004	j	L108_LF2
 1519  000021a4  54000000	nop; delay slot nop
 1520  000021a8          	L108_LF2:
 1521  000021a8  8fa20000	lw	r2,0(r29)
 1522  000021ac  8fa30004	lw	r3,4(r29)
 1523  000021b0  8fdffff8	lw	r31,-8(r30)
 1524  000021b4  001ee820	add	r29,r0,r30
 1525  000021b8  8fdefffc	lw	r30,-4(r30)
 1526  000021bc  4be00000	jr	r31
 1527  000021c0  54000000	nop
 1528  000021c4          	.endproc _min
 1529                      ;;; Ethan L. Miller, 1999.  Released to the public domain
 1530                      ;;;
 1531                      ;;; Most of the traps are called in files from libtraps.
 1534  000021c4          	.align 2
 1535  000021c4          	.proc _exit
 1536  000021c4          	.global _exit
 1537  000021c4          	_exit:
 1538  000021c4  44000300	trap	#0x300
 1539  000021c8  4be00000	jr	r31
 1540  000021cc  54000000	nop
 1541  000021d0          	.endproc _exit
 1543                      ; for the benefit of gcc.
 1544  000021d0          	.proc ___main
 1545  000021d0          	.global ___main
 1546  000021d0          	___main:
 1547  000021d0  4be00000	jr	r31
 1548  000021d4  54000000	nop
 1549  000021d8          	.endproc ___main
 1550  000021d8          	.text
 1551  000021d8          	.global _etext
 1552  000021d8          	_etext:
 1553  000021d8          	.align 3
 1554  000021d8          	.data
 1555  000030de          	.global _edata
 1556  000030de          	_edata:
