 line   address	contents
    1                      ; Linked by DLX-LD.
    2                      ; MemSize 24576
    3                      ; Data size: 250
    4                      ; Text size: 4520
    5                      ; Stack size: 8192
    6  00000000          	.text 0x1000
    7  00001000          	.data 0x3000
    8                      ; Compiled by GCC
    9  00003000          	.text
   10  00001000          	.align 2
   11  00001000          	.proc _isspace
   12  00001000          	.global _isspace
   13  00001000          	_isspace:
   14                      ;  Function 'isspace'; 0 bytes of locals, 1 regs to save.
   15  00001000  afbefffc	sw	-4(r29),r30; push fp
   16  00001004  001df020	add	r30,r0,r29; fp = sp
   17  00001008  afbffff8	sw	-8(r29),r31; push ret addr
   18  0000100c  2fbd0010	subui	r29,r29,#16; alloc local storage
   19  00001010  afa20000	sw	0(r29),r2
   20  00001014  83c20003	lb	r2,3(r30)
   21  00001018  201f0000	addi	r31,r0,#0
   22  0000101c  304100ff	andi	r1,r2,#0x00ff
   23  00001020  60210020	seqi	r1,r1,#32
   24  00001024  14200018	bnez	r1,L6_LF0
   25  00001028  54000000	nop; not filled.
   26  0000102c  2041fff7	addi	r1,r2,#-9
   27  00001030  302100ff	andi	r1,r1,#0x00ff
   28  00001034  70210001	sleui	r1,r1,#1
   29  00001038  10200008	beqz	r1,L5_LF0
   30  0000103c  54000000	nop; not filled.
   31  00001040          	L6_LF0:
   32  00001040  201f0001	addi	r31,r0,#1
   33  00001044          	L5_LF0:
   34  00001044  001f0820	add	r1,r0,r31
   35  00001048  8fa20000	lw	r2,0(r29)
   36  0000104c  8fdffff8	lw	r31,-8(r30)
   37  00001050  001ee820	add	r29,r0,r30
   38  00001054  8fdefffc	lw	r30,-4(r30)
   39  00001058  4be00000	jr	r31
   40  0000105c  54000000	nop
   41  00001060          	.endproc _isspace
   42  00001060          	.align 2
   43  00001060          	.proc _isxdigit
   44  00001060          	.global _isxdigit
   45  00001060          	_isxdigit:
   46                      ;  Function 'isxdigit'; 0 bytes of locals, 1 regs to save.
   47  00001060  afbefffc	sw	-4(r29),r30; push fp
   48  00001064  001df020	add	r30,r0,r29; fp = sp
   49  00001068  afbffff8	sw	-8(r29),r31; push ret addr
   50  0000106c  2fbd0010	subui	r29,r29,#16; alloc local storage
   51  00001070  afa20000	sw	0(r29),r2
   52  00001074  83df0003	lb	r31,3(r30)
   53  00001078  20020000	addi	r2,r0,#0
   54  0000107c  23e1ffd0	addi	r1,r31,#-48
   55  00001080  302100ff	andi	r1,r1,#0x00ff
   56  00001084  70210009	sleui	r1,r1,#9
   57  00001088  14200028	bnez	r1,L12_LF0
   58  0000108c  54000000	nop; not filled.
   59  00001090  23e1ff9f	addi	r1,r31,#-97
   60  00001094  302100ff	andi	r1,r1,#0x00ff
   61  00001098  70210005	sleui	r1,r1,#5
   62  0000109c  14200014	bnez	r1,L12_LF0
   63  000010a0  54000000	nop; not filled.
   64  000010a4  33e100ff	andi	r1,r31,#0x00ff
   65  000010a8  64210041	snei	r1,r1,#65
   66  000010ac  14200008	bnez	r1,L11_LF0
   67  000010b0  54000000	nop; not filled.
   68  000010b4          	L12_LF0:
   69  000010b4  20020001	addi	r2,r0,#1
   70  000010b8          	L11_LF0:
   71  000010b8  00020820	add	r1,r0,r2
   72  000010bc  8fa20000	lw	r2,0(r29)
   73  000010c0  8fdffff8	lw	r31,-8(r30)
   74  000010c4  001ee820	add	r29,r0,r30
   75  000010c8  8fdefffc	lw	r30,-4(r30)
   76  000010cc  4be00000	jr	r31
   77  000010d0  54000000	nop
   78  000010d4          	.endproc _isxdigit
   79  000010d4          	.data
   80  00003000          	.align 2
   81  00003000          	LC0_LF0:
   82  00003000  62616420	.ascii "bad semn_wait in REactor_2\n\000"
   82  00003004  73656d6e	
   82  00003008  5f776169	
   82  0000300c  7420696e	
   82  00003010  20524561	
   82  00003014  63746f72	
   82  00003018  5f320a00	
   83  0000301c          	.align 2
   84  0000301c          	LC1_LF0:
   85  0000301c  534f3220	.ascii "SO2 created in reactor 2\n\000"
   85  00003020  63726561	
   85  00003024  74656420	
   85  00003028  696e2072	
   85  0000302c  65616374	
   85  00003030  6f722032	
   85  00003034  0a00    	
   86  00003036          	.align 2
   87  00003038          	LC2_LF0:
   88  00003038  4f322063	.ascii "O2 created in reactor 2\n\000"
   88  0000303c  72656174	
   88  00003040  65642069	
   88  00003044  6e207265	
   88  00003048  6163746f	
   88  0000304c  7220320a	
   88  00003050  00      	
   89  00003051          	.align 2
   90  00003054          	LC3_LF0:
   91  00003054  62616420	.ascii "bad sem_signal in reactor2\n\000"
   91  00003058  73656d5f	
   91  0000305c  7369676e	
   91  00003060  616c2069	
   91  00003064  6e207265	
   91  00003068  6163746f	
   91  0000306c  72320a00	
   92  00003070          	.align 2
   93  00003070          	LC4_LF0:
   94  00003070  496e2072	.ascii "In reactor 2, %d SO2 created, and %d O2 created\n\000"
   94  00003074  65616374	
   94  00003078  6f722032	
   94  0000307c  2c202564	
   94  00003080  20534f32	
   94  00003084  20637265	
   94  00003088  61746564	
   94  0000308c  2c20616e	
   94  00003090  64202564	
   94  00003094  204f3220	
   94  00003098  63726561	
   94  0000309c  7465640a	
   94  000030a0  00      	
   95  000030a1          	.align 2
   96  000030a4          	LC5_LF0:
   97  000030a4  0a726561	.ascii "\nreactor_2 is terminated.\n\000"
   97  000030a8  63746f72	
   97  000030ac  5f322069	
   97  000030b0  73207465	
   97  000030b4  726d696e	
   97  000030b8  61746564	
   97  000030bc  2e0a00  	
   98  000030bf          	.align 2
   99  000030c0          	LC6_LF0:
  100  000030c0  42616420	.ascii "Bad semaphore s_procs_completed (%d) in \000"
  100  000030c4  73656d61	
  100  000030c8  70686f72	
  100  000030cc  6520735f	
  100  000030d0  70726f63	
  100  000030d4  735f636f	
  100  000030d8  6d706c65	
  100  000030dc  74656420	
  100  000030e0  28256429	
  100  000030e4  20696e20	
  100  000030e8  00      	
  101  000030e9          	.align 2
  102  000030ec          	LC7_LF0:
  103  000030ec  2c206578	.ascii ", exiting...\n\000"
  103  000030f0  6974696e	
  103  000030f4  672e2e2e	
  103  000030f8  0a00    	
  104  000030fa          	.text
  105  000010d4          	.align 2
  106  000010d4          	.proc _main
  107  000010d4          	.global _main
  108  000010d4          	_main:
  109                      ;  Function 'main'; 0 bytes of locals, 0 regs to save.
  110  000010d4  afbefffc	sw	-4(r29),r30; push fp
  111  000010d8  001df020	add	r30,r0,r29; fp = sp
  112  000010dc  afbffff8	sw	-8(r29),r31; push ret addr
  113  000010e0  2fbd0008	subui	r29,r29,#8; alloc local storage
  114  000010e4  8fc50004	lw	r5,4(r30)
  115  000010e8  0c0010b4	jal	___main
  116  000010ec  54000000	nop; not filled.
  117  000010f0  23bdfff0	addi	r29,r29,#-16
  118  000010f4  8caa0004	lw	r10,4(r5)
  119  000010f8  afaa0000	sw	(r29),r10
  120  000010fc  200a0000	addi	r10,r0,#0
  121  00001100  afaa0004	sw	4(r29),r10
  122  00001104  200a000a	addi	r10,r0,#10
  123  00001108  afaa0008	sw	8(r29),r10
  124  0000110c  0c000be8	jal	_dstrtol
  125  00001110  54000000	nop; not filled.
  126  00001114  00014820	add	r9,r0,r1
  127  00001118  8caa0008	lw	r10,8(r5)
  128  0000111c  afaa0000	sw	(r29),r10
  129  00001120  200a0000	addi	r10,r0,#0
  130  00001124  afaa0004	sw	4(r29),r10
  131  00001128  200a000a	addi	r10,r0,#10
  132  0000112c  afaa0008	sw	8(r29),r10
  133  00001130  0c000bc4	jal	_dstrtol
  134  00001134  54000000	nop; not filled.
  135  00001138  00013820	add	r7,r0,r1
  136  0000113c  8caa000c	lw	r10,12(r5)
  137  00001140  afaa0000	sw	(r29),r10
  138  00001144  200a0000	addi	r10,r0,#0
  139  00001148  afaa0004	sw	4(r29),r10
  140  0000114c  200a000a	addi	r10,r0,#10
  141  00001150  afaa0008	sw	8(r29),r10
  142  00001154  0c000ba0	jal	_dstrtol
  143  00001158  54000000	nop; not filled.
  144  0000115c  00013020	add	r6,r0,r1
  145  00001160  8caa0010	lw	r10,16(r5)
  146  00001164  afaa0000	sw	(r29),r10
  147  00001168  200a0000	addi	r10,r0,#0
  148  0000116c  afaa0004	sw	4(r29),r10
  149  00001170  200a000a	addi	r10,r0,#10
  150  00001174  afaa0008	sw	8(r29),r10
  151  00001178  0c000b7c	jal	_dstrtol
  152  0000117c  54000000	nop; not filled.
  153  00001180  00011020	add	r2,r0,r1
  154  00001184  8caa0014	lw	r10,20(r5)
  155  00001188  afaa0000	sw	(r29),r10
  156  0000118c  200a0000	addi	r10,r0,#0
  157  00001190  afaa0004	sw	4(r29),r10
  158  00001194  200a000a	addi	r10,r0,#10
  159  00001198  afaa0008	sw	8(r29),r10
  160  0000119c  0c000b58	jal	_dstrtol
  161  000011a0  54000000	nop; not filled.
  162  000011a4  00014020	add	r8,r0,r1
  163  000011a8  23bd0010	addi	r29,r29,#16
  164  000011ac  64410000	snei	r1,r2,#0
  165  000011b0  102000f8	beqz	r1,L15_LF0
  166  000011b4  54000000	nop; not filled.
  167  000011b8          	L16_LF0:
  168  000011b8  23bdfff8	addi	r29,r29,#-8
  169  000011bc  afa90000	sw	(r29),r9
  170  000011c0  0c00021c	jal	_sem_wait
  171  000011c4  54000000	nop; not filled.
  172  000011c8  23bd0008	addi	r29,r29,#8
  173  000011cc  6021ffff	seqi	r1,r1,#-1
  174  000011d0  10200020	beqz	r1,L17_LF0
  175  000011d4  54000000	nop; not filled.
  176  000011d8  23bdfff8	addi	r29,r29,#-8
  177  000011dc  3c0a0000	lhi	r10,((LC0_LF0)>>16)&0xffff
  178  000011e0  254a3000	addui	r10,r10,(LC0_LF0)&0xffff
  179  000011e4  afaa0000	sw	(r29),r10
  180  000011e8  0c0001ac	jal	_Printf
  181  000011ec  54000000	nop; not filled.
  182  000011f0  23bd0008	addi	r29,r29,#8
  183  000011f4          	L17_LF0:
  184  000011f4  23bdfff8	addi	r29,r29,#-8
  185  000011f8  3c0a0000	lhi	r10,((LC1_LF0)>>16)&0xffff
  186  000011fc  254a301c	addui	r10,r10,(LC1_LF0)&0xffff
  187  00001200  afaa0000	sw	(r29),r10
  188  00001204  0c000190	jal	_Printf
  189  00001208  54000000	nop; not filled.
  190  0000120c  20630001	addi	r3,r3,#1
  191  00001210  20840001	addi	r4,r4,#1
  192  00001214  3c0a0000	lhi	r10,((LC2_LF0)>>16)&0xffff
  193  00001218  254a3038	addui	r10,r10,(LC2_LF0)&0xffff
  194  0000121c  afaa0000	sw	(r29),r10
  195  00001220  0c000174	jal	_Printf
  196  00001224  54000000	nop; not filled.
  197  00001228  afa70000	sw	(r29),r7
  198  0000122c  0c0001bc	jal	_sem_signal
  199  00001230  54000000	nop; not filled.
  200  00001234  23bd0008	addi	r29,r29,#8
  201  00001238  6021ffff	seqi	r1,r1,#-1
  202  0000123c  10200020	beqz	r1,L18_LF0
  203  00001240  54000000	nop; not filled.
  204  00001244  23bdfff8	addi	r29,r29,#-8
  205  00001248  3c0a0000	lhi	r10,((LC3_LF0)>>16)&0xffff
  206  0000124c  254a3054	addui	r10,r10,(LC3_LF0)&0xffff
  207  00001250  afaa0000	sw	(r29),r10
  208  00001254  0c000140	jal	_Printf
  209  00001258  54000000	nop; not filled.
  210  0000125c  23bd0008	addi	r29,r29,#8
  211  00001260          	L18_LF0:
  212  00001260  23bdfff8	addi	r29,r29,#-8
  213  00001264  afa60000	sw	(r29),r6
  214  00001268  0c000180	jal	_sem_signal
  215  0000126c  54000000	nop; not filled.
  216  00001270  23bd0008	addi	r29,r29,#8
  217  00001274  6021ffff	seqi	r1,r1,#-1
  218  00001278  10200020	beqz	r1,L19_LF0
  219  0000127c  54000000	nop; not filled.
  220  00001280  23bdfff8	addi	r29,r29,#-8
  221  00001284  3c0a0000	lhi	r10,((LC3_LF0)>>16)&0xffff
  222  00001288  254a3054	addui	r10,r10,(LC3_LF0)&0xffff
  223  0000128c  afaa0000	sw	(r29),r10
  224  00001290  0c000104	jal	_Printf
  225  00001294  54000000	nop; not filled.
  226  00001298  23bd0008	addi	r29,r29,#8
  227  0000129c          	L19_LF0:
  228  0000129c  2042ffff	addi	r2,r2,#-1
  229  000012a0  64410000	snei	r1,r2,#0
  230  000012a4  1420ff10	bnez	r1,L16_LF0
  231  000012a8  54000000	nop; not filled.
  232  000012ac          	L15_LF0:
  233  000012ac  23bdfff0	addi	r29,r29,#-16
  234  000012b0  3c0a0000	lhi	r10,((LC4_LF0)>>16)&0xffff
  235  000012b4  254a3070	addui	r10,r10,(LC4_LF0)&0xffff
  236  000012b8  afaa0000	sw	(r29),r10
  237  000012bc  afa30004	sw	4(r29),r3
  238  000012c0  afa40008	sw	8(r29),r4
  239  000012c4  0c0000d0	jal	_Printf
  240  000012c8  54000000	nop; not filled.
  241  000012cc  3c0a0000	lhi	r10,((LC5_LF0)>>16)&0xffff
  242  000012d0  254a30a4	addui	r10,r10,(LC5_LF0)&0xffff
  243  000012d4  afaa0000	sw	(r29),r10
  244  000012d8  0c0000bc	jal	_Printf
  245  000012dc  54000000	nop; not filled.
  246  000012e0  afa80000	sw	(r29),r8
  247  000012e4  0c000104	jal	_sem_signal
  248  000012e8  54000000	nop; not filled.
  249  000012ec  23bd0010	addi	r29,r29,#16
  250  000012f0  64210001	snei	r1,r1,#1
  251  000012f4  10200050	beqz	r1,L21_LF0
  252  000012f8  54000000	nop; not filled.
  253  000012fc  23bdfff8	addi	r29,r29,#-8
  254  00001300  3c0a0000	lhi	r10,((LC6_LF0)>>16)&0xffff
  255  00001304  254a30c0	addui	r10,r10,(LC6_LF0)&0xffff
  256  00001308  afaa0000	sw	(r29),r10
  257  0000130c  afa80004	sw	4(r29),r8
  258  00001310  0c000084	jal	_Printf
  259  00001314  54000000	nop; not filled.
  260  00001318  8ca50000	lw	r5,(r5)
  261  0000131c  afa50000	sw	(r29),r5
  262  00001320  0c000074	jal	_Printf
  263  00001324  54000000	nop; not filled.
  264  00001328  3c0a0000	lhi	r10,((LC7_LF0)>>16)&0xffff
  265  0000132c  254a30ec	addui	r10,r10,(LC7_LF0)&0xffff
  266  00001330  afaa0000	sw	(r29),r10
  267  00001334  0c000060	jal	_Printf
  268  00001338  54000000	nop; not filled.
  269  0000133c  0c00010c	jal	_Exit
  270  00001340  54000000	nop; not filled.
  271  00001344  23bd0008	addi	r29,r29,#8
  272  00001348          	L21_LF0:
  273  00001348  0c000e48	jal	_exit
  274  0000134c  54000000	nop
  275  00001350          	.endproc _main
  276                      ;;;
  277                      ;;; Stub functions for DLX traps.
  278                      ;;;
  279                      ;;; Ethan L. Miller, 1999.  Released to the public domain.
  280                      ;;;
  281                      ;;; The traps such as Open and Close
  282                      ;;; (note the capital letters) are for use by user programs.  The traps
  283                      ;;; with names such as open and close (lower case) are for use by the OS.
  284                      ;;;
  287  00001350          	.align 2
  289                      ;;; The following are the traps to be used by user-level programs
  290                      ;;;
  292  00001350          	.align 2
  293  00001350          	.proc _Open
  294  00001350          	.global _Open
  295  00001350          	_Open:
  296                      ;;; Note that trap #0x213 actually causes a trap vector in the OS of
  297                      ;;; 0x1213.  The same is true for other user traps.  Thus, a user trap
  298                      ;;; with trap #0x240 will result in a trap vector of 0x1240 in the OS.
  299  00001350  44000213	trap	#0x213
  300  00001354  4be00000	jr	r31
  301  00001358  54000000	nop
  302  0000135c          	.endproc _Open
  304  0000135c          	.proc _Close
  305  0000135c          	.global _Close
  306  0000135c          	_Close:
  307  0000135c  44000214	trap	#0x214
  308  00001360  4be00000	jr	r31
  309  00001364  54000000	nop
  310  00001368          	.endproc _Close
  312  00001368          	.proc _Read
  313  00001368          	.global _Read
  314  00001368          	_Read:
  315  00001368  44000210	trap	#0x210
  316  0000136c  4be00000	jr	r31
  317  00001370  54000000	nop
  318  00001374          	.endproc _Read
  320  00001374          	.proc _Write
  321  00001374          	.global _Write
  322  00001374          	_Write:
  323  00001374  44000211	trap	#0x211
  324  00001378  4be00000	jr	r31
  325  0000137c  54000000	nop
  326  00001380          	.endproc _Write
  328  00001380          	.proc _Lseek
  329  00001380          	.global _Lseek
  330  00001380          	_Lseek:
  331  00001380  44000212	trap	#0x212
  332  00001384  4be00000	jr	r31
  333  00001388  54000000	nop
  334  0000138c          	.endproc _Lseek
  336  0000138c          	.proc _Putchar
  337  0000138c          	.global _Putchar
  338  0000138c          	_Putchar:
  339  0000138c  44000280	trap	#0x280
  340  00001390  4be00000	jr	r31
  341  00001394  54000000	nop
  342  00001398          	.endproc _Putchar
  344  00001398          	.proc _Printf
  345  00001398          	.global _Printf
  346  00001398          	_Printf:
  347  00001398  44000201	trap	#0x201
  348  0000139c  4be00000	jr	r31
  349  000013a0  54000000	nop
  350  000013a4          	.endproc _Printf
  352  000013a4          	.proc _getpid
  353  000013a4          	.global _getpid
  354  000013a4          	_getpid:
  355  000013a4  44000431	trap	#0x431
  356  000013a8  4be00000	jr	r31
  357  000013ac  54000000	nop
  358  000013b0          	.endproc _getpid
  360  000013b0          	.proc _process_create
  361  000013b0          	.global _process_create
  362  000013b0          	_process_create:
  363  000013b0  44000432	trap	#0x432
  364  000013b4  4be00000	jr	r31
  365  000013b8  54000000	nop
  366  000013bc          	.endproc _process_create
  368  000013bc          	.proc _shmget
  369  000013bc          	.global _shmget
  370  000013bc          	_shmget:
  371  000013bc  44000440	trap	#0x440
  372  000013c0  4be00000	jr	r31
  373  000013c4  54000000	nop
  374  000013c8          	.endproc _shmget
  376  000013c8          	.proc _shmat
  377  000013c8          	.global _shmat
  378  000013c8          	_shmat:
  379  000013c8  44000441	trap	#0x441
  380  000013cc  4be00000	jr	r31
  381  000013d0  54000000	nop
  382  000013d4          	.endproc _shmat
  384  000013d4          	.proc _sem_create
  385  000013d4          	.global _sem_create
  386  000013d4          	_sem_create:
  387  000013d4  44000450	trap	#0x450
  388  000013d8  4be00000	jr	r31
  389  000013dc  54000000	nop
  390  000013e0          	.endproc _sem_create
  392  000013e0          	.proc _sem_wait
  393  000013e0          	.global _sem_wait
  394  000013e0          	_sem_wait:
  395  000013e0  44000451	trap	#0x451
  396  000013e4  4be00000	jr	r31
  397  000013e8  54000000	nop
  398  000013ec          	.endproc _sem_wait
  400  000013ec          	.proc _sem_signal
  401  000013ec          	.global _sem_signal
  402  000013ec          	_sem_signal:
  403  000013ec  44000452	trap	#0x452
  404  000013f0  4be00000	jr	r31
  405  000013f4  54000000	nop
  406  000013f8          	.endproc _sem_signal
  408  000013f8          	.proc _lock_create
  409  000013f8          	.global _lock_create
  410  000013f8          	_lock_create:
  411  000013f8  44000453	trap	#0x453
  412  000013fc  4be00000	jr	r31
  413  00001400  54000000	nop
  414  00001404          	.endproc _lock_create
  416  00001404          	.proc _lock_acquire
  417  00001404          	.global _lock_acquire
  418  00001404          	_lock_acquire:
  419  00001404  44000454	trap	#0x454
  420  00001408  4be00000	jr	r31
  421  0000140c  54000000	nop
  422  00001410          	.endproc _lock_acquire
  424  00001410          	.proc _lock_release
  425  00001410          	.global _lock_release
  426  00001410          	_lock_release:
  427  00001410  44000455	trap	#0x455
  428  00001414  4be00000	jr	r31
  429  00001418  54000000	nop
  430  0000141c          	.endproc _lock_release
  432  0000141c          	.proc _cond_create
  433  0000141c          	.global _cond_create
  434  0000141c          	_cond_create:
  435  0000141c  44000456	trap	#0x456
  436  00001420  4be00000	jr	r31
  437  00001424  54000000	nop
  438  00001428          	.endproc _cond_create
  440  00001428          	.proc _cond_wait
  441  00001428          	.global _cond_wait
  442  00001428          	_cond_wait:
  443  00001428  44000457	trap	#0x457
  444  0000142c  4be00000	jr	r31
  445  00001430  54000000	nop
  446  00001434          	.endproc _cond_wait
  448  00001434          	.proc _cond_signal
  449  00001434          	.global _cond_signal
  450  00001434          	_cond_signal:
  451  00001434  44000458	trap	#0x458
  452  00001438  4be00000	jr	r31
  453  0000143c  54000000	nop
  454  00001440          	.endproc _cond_signal
  456  00001440          	.proc _cond_broadcast
  457  00001440          	.global _cond_broadcast
  458  00001440          	_cond_broadcast:
  459  00001440  44000459	trap	#0x459
  460  00001444  4be00000	jr	r31
  461  00001448  54000000	nop
  462  0000144c          	.endproc _cond_broadcast
  464  0000144c          	.proc _Exit
  465  0000144c          	.global _Exit
  466  0000144c          	_Exit:
  467  0000144c  44000500	trap	#0x500
  468  00001450  4be00000	jr	r31
  469  00001454  54000000	nop
  470  00001458          	.endproc _Exit
  471                      ; Compiled by GCC
  473  00001458          	.align 2
  474  00001458          	.proc _isspace
  475  00001458          	.global _isspace
  476  00001458          	_isspace:
  477                      ;  Function 'isspace'; 0 bytes of locals, 3 regs to save.
  478  00001458  afbefffc	sw	-4(r29),r30; push fp
  479  0000145c  001df020	add	r30,r0,r29; fp = sp
  480  00001460  afbffff8	sw	-8(r29),r31; push ret addr
  481  00001464  2fbd0018	subui	r29,r29,#24; alloc local storage
  482  00001468  afa20000	sw	0(r29),r2
  483  0000146c  afa30004	sw	4(r29),r3
  484  00001470  afa40008	sw	8(r29),r4
  485  00001474  83c20003	lb	r2,3(r30)
  486  00001478  20010000	addi	r1,r0,#0
  487  0000147c  304300ff	andi	r3,r2,#0x00ff
  488  00001480  60640020	seqi	r4,r3,#32
  489  00001484  1480002c	bnez	r4,L3_LF2
  490  00001488  54000000	nop; delay slot nop
  491  0000148c  304300ff	andi	r3,r2,#0x00ff
  492  00001490  60640009	seqi	r4,r3,#9
  493  00001494  1480001c	bnez	r4,L3_LF2
  494  00001498  54000000	nop; delay slot nop
  495  0000149c  304300ff	andi	r3,r2,#0x00ff
  496  000014a0  6064000a	seqi	r4,r3,#10
  497  000014a4  1480000c	bnez	r4,L3_LF2
  498  000014a8  54000000	nop; delay slot nop
  499  000014ac  08000008	j	L2_LF2
  500  000014b0  54000000	nop; delay slot nop
  501  000014b4          	L3_LF2:
  502  000014b4  20010001	addi	r1,r0,#1
  503  000014b8          	L2_LF2:
  504  000014b8  08000004	j	L1_LF2
  505  000014bc  54000000	nop; delay slot nop
  506  000014c0          	L1_LF2:
  507  000014c0  8fa20000	lw	r2,0(r29)
  508  000014c4  8fa30004	lw	r3,4(r29)
  509  000014c8  8fa40008	lw	r4,8(r29)
  510  000014cc  8fdffff8	lw	r31,-8(r30)
  511  000014d0  001ee820	add	r29,r0,r30
  512  000014d4  8fdefffc	lw	r30,-4(r30)
  513  000014d8  4be00000	jr	r31
  514  000014dc  54000000	nop
  515  000014e0          	.endproc _isspace
  516  000014e0          	.align 2
  517  000014e0          	.proc _isxdigit
  518  000014e0          	.global _isxdigit
  519  000014e0          	_isxdigit:
  520                      ;  Function 'isxdigit'; 0 bytes of locals, 3 regs to save.
  521  000014e0  afbefffc	sw	-4(r29),r30; push fp
  522  000014e4  001df020	add	r30,r0,r29; fp = sp
  523  000014e8  afbffff8	sw	-8(r29),r31; push ret addr
  524  000014ec  2fbd0018	subui	r29,r29,#24; alloc local storage
  525  000014f0  afa20000	sw	0(r29),r2
  526  000014f4  afa30004	sw	4(r29),r3
  527  000014f8  afa40008	sw	8(r29),r4
  528  000014fc  83c20003	lb	r2,3(r30)
  529  00001500  20010000	addi	r1,r0,#0
  530  00001504  304300ff	andi	r3,r2,#0x00ff
  531  00001508  6c64002f	sgtui	r4,r3,#47
  532  0000150c  1080001c	beqz	r4,L7_LF2
  533  00001510  54000000	nop; delay slot nop
  534  00001514  304300ff	andi	r3,r2,#0x00ff
  535  00001518  70640039	sleui	r4,r3,#57
  536  0000151c  1480005c	bnez	r4,L6_LF2
  537  00001520  54000000	nop; delay slot nop
  538  00001524  08000004	j	L7_LF2
  539  00001528  54000000	nop; delay slot nop
  540  0000152c          	L7_LF2:
  541  0000152c  304300ff	andi	r3,r2,#0x00ff
  542  00001530  6c640060	sgtui	r4,r3,#96
  543  00001534  1080001c	beqz	r4,L8_LF2
  544  00001538  54000000	nop; delay slot nop
  545  0000153c  304300ff	andi	r3,r2,#0x00ff
  546  00001540  70640066	sleui	r4,r3,#102
  547  00001544  14800034	bnez	r4,L6_LF2
  548  00001548  54000000	nop; delay slot nop
  549  0000154c  08000004	j	L8_LF2
  550  00001550  54000000	nop; delay slot nop
  551  00001554          	L8_LF2:
  552  00001554  304300ff	andi	r3,r2,#0x00ff
  553  00001558  6c640040	sgtui	r4,r3,#64
  554  0000155c  10800020	beqz	r4,L5_LF2
  555  00001560  54000000	nop; delay slot nop
  556  00001564  304300ff	andi	r3,r2,#0x00ff
  557  00001568  70640041	sleui	r4,r3,#65
  558  0000156c  1480000c	bnez	r4,L6_LF2
  559  00001570  54000000	nop; delay slot nop
  560  00001574  08000008	j	L5_LF2
  561  00001578  54000000	nop; delay slot nop
  562  0000157c          	L6_LF2:
  563  0000157c  20010001	addi	r1,r0,#1
  564  00001580          	L5_LF2:
  565  00001580  08000004	j	L4_LF2
  566  00001584  54000000	nop; delay slot nop
  567  00001588          	L4_LF2:
  568  00001588  8fa20000	lw	r2,0(r29)
  569  0000158c  8fa30004	lw	r3,4(r29)
  570  00001590  8fa40008	lw	r4,8(r29)
  571  00001594  8fdffff8	lw	r31,-8(r30)
  572  00001598  001ee820	add	r29,r0,r30
  573  0000159c  8fdefffc	lw	r30,-4(r30)
  574  000015a0  4be00000	jr	r31
  575  000015a4  54000000	nop
  576  000015a8          	.endproc _isxdigit
  577  000015a8          	.align 2
  578  000015a8          	.proc _dstrcpy
  579  000015a8          	.global _dstrcpy
  580  000015a8          	_dstrcpy:
  581                      ;  Function 'dstrcpy'; 8 bytes of locals, 2 regs to save.
  582  000015a8  afbefffc	sw	-4(r29),r30; push fp
  583  000015ac  001df020	add	r30,r0,r29; fp = sp
  584  000015b0  afbffff8	sw	-8(r29),r31; push ret addr
  585  000015b4  2fbd0018	subui	r29,r29,#24; alloc local storage
  586  000015b8  afa20000	sw	0(r29),r2
  587  000015bc  afa30004	sw	4(r29),r3
  588  000015c0  8fc10000	lw	r1,(r30)
  589  000015c4  afc1fff4	sw	-12(r30),r1
  590  000015c8          	L10_LF2:
  591  000015c8  8fc10000	lw	r1,(r30)
  592  000015cc  20220001	addi	r2,r1,#1
  593  000015d0  afc20000	sw	(r30),r2
  594  000015d4  8fc20004	lw	r2,4(r30)
  595  000015d8  20430001	addi	r3,r2,#1
  596  000015dc  afc30004	sw	4(r30),r3
  597  000015e0  80420000	lb	r2,(r2)
  598  000015e4  a0220000	sb	(r1),r2
  599  000015e8  a3c2fff3	sb	-13(r30),r2
  600  000015ec          	L12_LF2:
  601  000015ec  93c1fff3	lbu	r1,-13(r30)
  602  000015f0  64220000	snei	r2,r1,#0
  603  000015f4  1440000c	bnez	r2,L13_LF2
  604  000015f8  54000000	nop; delay slot nop
  605  000015fc  0800000c	j	L11_LF2
  606  00001600  54000000	nop; delay slot nop
  607  00001604          	L13_LF2:
  608  00001604  0bffffc0	j	L10_LF2
  609  00001608  54000000	nop; delay slot nop
  610  0000160c          	L11_LF2:
  611  0000160c  8fc1fff4	lw	r1,-12(r30)
  612  00001610  08000004	j	L9_LF2
  613  00001614  54000000	nop; delay slot nop
  614  00001618          	L9_LF2:
  615  00001618  8fa20000	lw	r2,0(r29)
  616  0000161c  8fa30004	lw	r3,4(r29)
  617  00001620  8fdffff8	lw	r31,-8(r30)
  618  00001624  001ee820	add	r29,r0,r30
  619  00001628  8fdefffc	lw	r30,-4(r30)
  620  0000162c  4be00000	jr	r31
  621  00001630  54000000	nop
  622  00001634          	.endproc _dstrcpy
  623  00001634          	.align 2
  624  00001634          	.proc _dstrncpy
  625  00001634          	.global _dstrncpy
  626  00001634          	_dstrncpy:
  627                      ;  Function 'dstrncpy'; 8 bytes of locals, 2 regs to save.
  628  00001634  afbefffc	sw	-4(r29),r30; push fp
  629  00001638  001df020	add	r30,r0,r29; fp = sp
  630  0000163c  afbffff8	sw	-8(r29),r31; push ret addr
  631  00001640  2fbd0018	subui	r29,r29,#24; alloc local storage
  632  00001644  afa20000	sw	0(r29),r2
  633  00001648  afa30004	sw	4(r29),r3
  634  0000164c  8fc10000	lw	r1,(r30)
  635  00001650  afc1fff4	sw	-12(r30),r1
  636  00001654          	L15_LF2:
  637  00001654  8fc10008	lw	r1,8(r30)
  638  00001658  2022ffff	addi	r2,r1,#-1
  639  0000165c  afc20008	sw	8(r30),r2
  640  00001660  70210000	slei	r1,r1,#0
  641  00001664  1020000c	beqz	r1,L18_LF2
  642  00001668  54000000	nop; delay slot nop
  643  0000166c  08000048	j	L16_LF2
  644  00001670  54000000	nop; delay slot nop
  645  00001674          	L18_LF2:
  646  00001674  8fc10000	lw	r1,(r30)
  647  00001678  20220001	addi	r2,r1,#1
  648  0000167c  afc20000	sw	(r30),r2
  649  00001680  8fc20004	lw	r2,4(r30)
  650  00001684  20430001	addi	r3,r2,#1
  651  00001688  afc30004	sw	4(r30),r3
  652  0000168c  80420000	lb	r2,(r2)
  653  00001690  a0220000	sb	(r1),r2
  654  00001694  a3c2fff3	sb	-13(r30),r2
  655  00001698          	L17_LF2:
  656  00001698  93c1fff3	lbu	r1,-13(r30)
  657  0000169c  64220000	snei	r2,r1,#0
  658  000016a0  1440000c	bnez	r2,L19_LF2
  659  000016a4  54000000	nop; delay slot nop
  660  000016a8  0800000c	j	L16_LF2
  661  000016ac  54000000	nop; delay slot nop
  662  000016b0          	L19_LF2:
  663  000016b0  0bffffa0	j	L15_LF2
  664  000016b4  54000000	nop; delay slot nop
  665  000016b8          	L16_LF2:
  666  000016b8  8fc1fff4	lw	r1,-12(r30)
  667  000016bc  08000004	j	L14_LF2
  668  000016c0  54000000	nop; delay slot nop
  669  000016c4          	L14_LF2:
  670  000016c4  8fa20000	lw	r2,0(r29)
  671  000016c8  8fa30004	lw	r3,4(r29)
  672  000016cc  8fdffff8	lw	r31,-8(r30)
  673  000016d0  001ee820	add	r29,r0,r30
  674  000016d4  8fdefffc	lw	r30,-4(r30)
  675  000016d8  4be00000	jr	r31
  676  000016dc  54000000	nop
  677  000016e0          	.endproc _dstrncpy
  678  000016e0          	.align 2
  679  000016e0          	.proc _dstrcat
  680  000016e0          	.global _dstrcat
  681  000016e0          	_dstrcat:
  682                      ;  Function 'dstrcat'; 8 bytes of locals, 1 regs to save.
  683  000016e0  afbefffc	sw	-4(r29),r30; push fp
  684  000016e4  001df020	add	r30,r0,r29; fp = sp
  685  000016e8  afbffff8	sw	-8(r29),r31; push ret addr
  686  000016ec  2fbd0018	subui	r29,r29,#24; alloc local storage
  687  000016f0  afa20000	sw	0(r29),r2
  688  000016f4  8fc10000	lw	r1,(r30)
  689  000016f8  afc1fff4	sw	-12(r30),r1
  690  000016fc          	L21_LF2:
  691  000016fc  8fc10000	lw	r1,(r30)
  692  00001700  90220000	lbu	r2,(r1)
  693  00001704  64410000	snei	r1,r2,#0
  694  00001708  1420000c	bnez	r1,L23_LF2
  695  0000170c  54000000	nop; delay slot nop
  696  00001710  0800001c	j	L22_LF2
  697  00001714  54000000	nop; delay slot nop
  698  00001718          	L23_LF2:
  699  00001718  8fc20000	lw	r2,(r30)
  700  0000171c  20410001	addi	r1,r2,#1
  701  00001720  00011020	add	r2,r0,r1
  702  00001724  afc20000	sw	(r30),r2
  703  00001728  0bffffd0	j	L21_LF2
  704  0000172c  54000000	nop; delay slot nop
  705  00001730          	L22_LF2:
  706  00001730  23bdfff8	addi	r29,r29,#-8
  707  00001734  001d0820	add	r1,r0,r29
  708  00001738  8fc20000	lw	r2,(r30)
  709  0000173c  ac220000	sw	(r1),r2
  710  00001740  8fc20004	lw	r2,4(r30)
  711  00001744  ac220004	sw	4(r1),r2
  712  00001748  0ffffe5c	jal	_dstrcpy
  713  0000174c  54000000	nop; delay slot nop
  714  00001750  23bd0008	addi	r29,r29,#8
  715  00001754  8fc1fff4	lw	r1,-12(r30)
  716  00001758  08000004	j	L20_LF2
  717  0000175c  54000000	nop; delay slot nop
  718  00001760          	L20_LF2:
  719  00001760  8fa20000	lw	r2,0(r29)
  720  00001764  8fdffff8	lw	r31,-8(r30)
  721  00001768  001ee820	add	r29,r0,r30
  722  0000176c  8fdefffc	lw	r30,-4(r30)
  723  00001770  4be00000	jr	r31
  724  00001774  54000000	nop
  725  00001778          	.endproc _dstrcat
  726  00001778          	.align 2
  727  00001778          	.proc _dstrncmp
  728  00001778          	.global _dstrncmp
  729  00001778          	_dstrncmp:
  730                      ;  Function 'dstrncmp'; 8 bytes of locals, 2 regs to save.
  731  00001778  afbefffc	sw	-4(r29),r30; push fp
  732  0000177c  001df020	add	r30,r0,r29; fp = sp
  733  00001780  afbffff8	sw	-8(r29),r31; push ret addr
  734  00001784  2fbd0018	subui	r29,r29,#24; alloc local storage
  735  00001788  afa20000	sw	0(r29),r2
  736  0000178c  afa30004	sw	4(r29),r3
  737  00001790  54000000	nop
  738  00001794  20010000	addi	r1,r0,#0
  739  00001798  afc1fff4	sw	-12(r30),r1
  740  0000179c          	L25_LF2:
  741  0000179c  8fc1fff4	lw	r1,-12(r30)
  742  000017a0  8fc20008	lw	r2,8(r30)
  743  000017a4  0022082a	slt	r1,r1,r2
  744  000017a8  1420000c	bnez	r1,L28_LF2
  745  000017ac  54000000	nop; delay slot nop
  746  000017b0  08000088	j	L26_LF2
  747  000017b4  54000000	nop; delay slot nop
  748  000017b8          	L28_LF2:
  749  000017b8  8fc10004	lw	r1,4(r30)
  750  000017bc  90220000	lbu	r2,(r1)
  751  000017c0  64410000	snei	r1,r2,#0
  752  000017c4  14200018	bnez	r1,L29_LF2
  753  000017c8  54000000	nop; delay slot nop
  754  000017cc  20010000	addi	r1,r0,#0
  755  000017d0  080000d8	j	L24_LF2
  756  000017d4  54000000	nop; delay slot nop
  757  000017d8  08000028	j	L30_LF2
  758  000017dc  54000000	nop; delay slot nop
  759  000017e0          	L29_LF2:
  760  000017e0  8fc10000	lw	r1,(r30)
  761  000017e4  8fc20004	lw	r2,4(r30)
  762  000017e8  90210000	lbu	r1,(r1)
  763  000017ec  90420000	lbu	r2,(r2)
  764  000017f0  00220829	sne	r1,r1,r2
  765  000017f4  1020000c	beqz	r1,L30_LF2
  766  000017f8  54000000	nop; delay slot nop
  767  000017fc  0800003c	j	L26_LF2
  768  00001800  54000000	nop; delay slot nop
  769  00001804          	L31_LF2:
  770  00001804          	L30_LF2:
  771  00001804  8fc20000	lw	r2,(r30)
  772  00001808  20410001	addi	r1,r2,#1
  773  0000180c  00011020	add	r2,r0,r1
  774  00001810  afc20000	sw	(r30),r2
  775  00001814  8fc20004	lw	r2,4(r30)
  776  00001818  20410001	addi	r1,r2,#1
  777  0000181c  00011020	add	r2,r0,r1
  778  00001820  afc20004	sw	4(r30),r2
  779  00001824          	L27_LF2:
  780  00001824  8fc2fff4	lw	r2,-12(r30)
  781  00001828  20410001	addi	r1,r2,#1
  782  0000182c  00011020	add	r2,r0,r1
  783  00001830  afc2fff4	sw	-12(r30),r2
  784  00001834  0bffff64	j	L25_LF2
  785  00001838  54000000	nop; delay slot nop
  786  0000183c          	L26_LF2:
  787  0000183c  8fc1fff4	lw	r1,-12(r30)
  788  00001840  8fc20008	lw	r2,8(r30)
  789  00001844  00220828	seq	r1,r1,r2
  790  00001848  10200018	beqz	r1,L32_LF2
  791  0000184c  54000000	nop; delay slot nop
  792  00001850  20010000	addi	r1,r0,#0
  793  00001854  08000054	j	L24_LF2
  794  00001858  54000000	nop; delay slot nop
  795  0000185c  0800004c	j	L33_LF2
  796  00001860  54000000	nop; delay slot nop
  797  00001864          	L32_LF2:
  798  00001864  8fc20000	lw	r2,(r30)
  799  00001868  90410000	lbu	r1,(r2)
  800  0000186c  8fc20004	lw	r2,4(r30)
  801  00001870  90430000	lbu	r3,(r2)
  802  00001874  00230822	sub	r1,r1,r3
  803  00001878  74220000	sgei	r2,r1,#0
  804  0000187c  10400020	beqz	r2,L34_LF2
  805  00001880  54000000	nop; delay slot nop
  806  00001884  8fc10000	lw	r1,(r30)
  807  00001888  8fc20004	lw	r2,4(r30)
  808  0000188c  90210000	lbu	r1,(r1)
  809  00001890  90420000	lbu	r2,(r2)
  810  00001894  00220829	sne	r1,r1,r2
  811  00001898  08000008	j	L35_LF2
  812  0000189c  54000000	nop; delay slot nop
  813  000018a0          	L34_LF2:
  814  000018a0  2001ffff	addi	r1,r0,#-1
  815  000018a4          	L35_LF2:
  816  000018a4  08000004	j	L24_LF2
  817  000018a8  54000000	nop; delay slot nop
  818  000018ac          	L33_LF2:
  819  000018ac          	L24_LF2:
  820  000018ac  8fa20000	lw	r2,0(r29)
  821  000018b0  8fa30004	lw	r3,4(r29)
  822  000018b4  8fdffff8	lw	r31,-8(r30)
  823  000018b8  001ee820	add	r29,r0,r30
  824  000018bc  8fdefffc	lw	r30,-4(r30)
  825  000018c0  4be00000	jr	r31
  826  000018c4  54000000	nop
  827  000018c8          	.endproc _dstrncmp
  828  000018c8          	.align 2
  829  000018c8          	.proc _dstrlen
  830  000018c8          	.global _dstrlen
  831  000018c8          	_dstrlen:
  832                      ;  Function 'dstrlen'; 8 bytes of locals, 1 regs to save.
  833  000018c8  afbefffc	sw	-4(r29),r30; push fp
  834  000018cc  001df020	add	r30,r0,r29; fp = sp
  835  000018d0  afbffff8	sw	-8(r29),r31; push ret addr
  836  000018d4  2fbd0018	subui	r29,r29,#24; alloc local storage
  837  000018d8  afa20000	sw	0(r29),r2
  838  000018dc  20010000	addi	r1,r0,#0
  839  000018e0  afc1fff4	sw	-12(r30),r1
  840  000018e4          	L37_LF2:
  841  000018e4  8fc10000	lw	r1,(r30)
  842  000018e8  20220001	addi	r2,r1,#1
  843  000018ec  afc20000	sw	(r30),r2
  844  000018f0  90210000	lbu	r1,(r1)
  845  000018f4  64220000	snei	r2,r1,#0
  846  000018f8  1440000c	bnez	r2,L39_LF2
  847  000018fc  54000000	nop; delay slot nop
  848  00001900  0800001c	j	L38_LF2
  849  00001904  54000000	nop; delay slot nop
  850  00001908          	L39_LF2:
  851  00001908  8fc2fff4	lw	r2,-12(r30)
  852  0000190c  20410001	addi	r1,r2,#1
  853  00001910  00011020	add	r2,r0,r1
  854  00001914  afc2fff4	sw	-12(r30),r2
  855  00001918  0bffffc8	j	L37_LF2
  856  0000191c  54000000	nop; delay slot nop
  857  00001920          	L38_LF2:
  858  00001920  8fc1fff4	lw	r1,-12(r30)
  859  00001924  08000004	j	L36_LF2
  860  00001928  54000000	nop; delay slot nop
  861  0000192c          	L36_LF2:
  862  0000192c  8fa20000	lw	r2,0(r29)
  863  00001930  8fdffff8	lw	r31,-8(r30)
  864  00001934  001ee820	add	r29,r0,r30
  865  00001938  8fdefffc	lw	r30,-4(r30)
  866  0000193c  4be00000	jr	r31
  867  00001940  54000000	nop
  868  00001944          	.endproc _dstrlen
  869  00001944          	.align 2
  870  00001944          	.proc _dstrstr
  871  00001944          	.global _dstrstr
  872  00001944          	_dstrstr:
  873                      ;  Function 'dstrstr'; 8 bytes of locals, 1 regs to save.
  874  00001944  afbefffc	sw	-4(r29),r30; push fp
  875  00001948  001df020	add	r30,r0,r29; fp = sp
  876  0000194c  afbffff8	sw	-8(r29),r31; push ret addr
  877  00001950  2fbd0018	subui	r29,r29,#24; alloc local storage
  878  00001954  afa20000	sw	0(r29),r2
  879  00001958  23bdfff8	addi	r29,r29,#-8
  880  0000195c  001d0820	add	r1,r0,r29
  881  00001960  8fc20004	lw	r2,4(r30)
  882  00001964  ac220000	sw	(r1),r2
  883  00001968  0fffff5c	jal	_dstrlen
  884  0000196c  54000000	nop; delay slot nop
  885  00001970  23bd0008	addi	r29,r29,#8
  886  00001974  afc1fff4	sw	-12(r30),r1
  887  00001978          	L41_LF2:
  888  00001978  8fc10000	lw	r1,(r30)
  889  0000197c  90220000	lbu	r2,(r1)
  890  00001980  64410000	snei	r1,r2,#0
  891  00001984  1420000c	bnez	r1,L43_LF2
  892  00001988  54000000	nop; delay slot nop
  893  0000198c  08000060	j	L42_LF2
  894  00001990  54000000	nop; delay slot nop
  895  00001994          	L43_LF2:
  896  00001994  23bdfff0	addi	r29,r29,#-16
  897  00001998  001d0820	add	r1,r0,r29
  898  0000199c  8fc20000	lw	r2,(r30)
  899  000019a0  ac220000	sw	(r1),r2
  900  000019a4  8fc20004	lw	r2,4(r30)
  901  000019a8  ac220004	sw	4(r1),r2
  902  000019ac  8fc2fff4	lw	r2,-12(r30)
  903  000019b0  ac220008	sw	8(r1),r2
  904  000019b4  0ffffdc0	jal	_dstrncmp
  905  000019b8  54000000	nop; delay slot nop
  906  000019bc  23bd0010	addi	r29,r29,#16
  907  000019c0  64220000	snei	r2,r1,#0
  908  000019c4  14400010	bnez	r2,L44_LF2
  909  000019c8  54000000	nop; delay slot nop
  910  000019cc  8fc10000	lw	r1,(r30)
  911  000019d0  08000028	j	L40_LF2
  912  000019d4  54000000	nop; delay slot nop
  913  000019d8          	L44_LF2:
  914  000019d8  8fc20000	lw	r2,(r30)
  915  000019dc  20410001	addi	r1,r2,#1
  916  000019e0  00011020	add	r2,r0,r1
  917  000019e4  afc20000	sw	(r30),r2
  918  000019e8  0bffff8c	j	L41_LF2
  919  000019ec  54000000	nop; delay slot nop
  920  000019f0          	L42_LF2:
  921  000019f0  20010000	addi	r1,r0,#0
  922  000019f4  08000004	j	L40_LF2
  923  000019f8  54000000	nop; delay slot nop
  924  000019fc          	L40_LF2:
  925  000019fc  8fa20000	lw	r2,0(r29)
  926  00001a00  8fdffff8	lw	r31,-8(r30)
  927  00001a04  001ee820	add	r29,r0,r30
  928  00001a08  8fdefffc	lw	r30,-4(r30)
  929  00001a0c  4be00000	jr	r31
  930  00001a10  54000000	nop
  931  00001a14          	.endproc _dstrstr
  932  00001a14          	.align 2
  933  00001a14          	.proc _dmindex
  934  00001a14          	.global _dmindex
  935  00001a14          	_dmindex:
  936                      ;  Function 'dmindex'; 8 bytes of locals, 1 regs to save.
  937  00001a14  afbefffc	sw	-4(r29),r30; push fp
  938  00001a18  001df020	add	r30,r0,r29; fp = sp
  939  00001a1c  afbffff8	sw	-8(r29),r31; push ret addr
  940  00001a20  2fbd0018	subui	r29,r29,#24; alloc local storage
  941  00001a24  afa20000	sw	0(r29),r2
  942  00001a28  54000000	nop
  943  00001a2c          	L46_LF2:
  944  00001a2c  8fc10000	lw	r1,(r30)
  945  00001a30  90220000	lbu	r2,(r1)
  946  00001a34  64410000	snei	r1,r2,#0
  947  00001a38  1420000c	bnez	r1,L48_LF2
  948  00001a3c  54000000	nop; delay slot nop
  949  00001a40  08000070	j	L47_LF2
  950  00001a44  54000000	nop; delay slot nop
  951  00001a48          	L48_LF2:
  952  00001a48  8fc10004	lw	r1,4(r30)
  953  00001a4c  afc1fff4	sw	-12(r30),r1
  954  00001a50          	L49_LF2:
  955  00001a50  8fc1fff4	lw	r1,-12(r30)
  956  00001a54  90220000	lbu	r2,(r1)
  957  00001a58  64410000	snei	r1,r2,#0
  958  00001a5c  1420000c	bnez	r1,L52_LF2
  959  00001a60  54000000	nop; delay slot nop
  960  00001a64  08000044	j	L50_LF2
  961  00001a68  54000000	nop; delay slot nop
  962  00001a6c          	L52_LF2:
  963  00001a6c  8fc10000	lw	r1,(r30)
  964  00001a70  8fc2fff4	lw	r2,-12(r30)
  965  00001a74  90210000	lbu	r1,(r1)
  966  00001a78  90420000	lbu	r2,(r2)
  967  00001a7c  00220828	seq	r1,r1,r2
  968  00001a80  10200010	beqz	r1,L51_LF2
  969  00001a84  54000000	nop; delay slot nop
  970  00001a88  8fc10000	lw	r1,(r30)
  971  00001a8c  08000030	j	L45_LF2
  972  00001a90  54000000	nop; delay slot nop
  973  00001a94          	L53_LF2:
  974  00001a94          	L51_LF2:
  975  00001a94  8fc2fff4	lw	r2,-12(r30)
  976  00001a98  20410001	addi	r1,r2,#1
  977  00001a9c  00011020	add	r2,r0,r1
  978  00001aa0  afc2fff4	sw	-12(r30),r2
  979  00001aa4  0bffffa8	j	L49_LF2
  980  00001aa8  54000000	nop; delay slot nop
  981  00001aac          	L50_LF2:
  982  00001aac  0bffff7c	j	L46_LF2
  983  00001ab0  54000000	nop; delay slot nop
  984  00001ab4          	L47_LF2:
  985  00001ab4  20010000	addi	r1,r0,#0
  986  00001ab8  08000004	j	L45_LF2
  987  00001abc  54000000	nop; delay slot nop
  988  00001ac0          	L45_LF2:
  989  00001ac0  8fa20000	lw	r2,0(r29)
  990  00001ac4  8fdffff8	lw	r31,-8(r30)
  991  00001ac8  001ee820	add	r29,r0,r30
  992  00001acc  8fdefffc	lw	r30,-4(r30)
  993  00001ad0  4be00000	jr	r31
  994  00001ad4  54000000	nop
  995  00001ad8          	.endproc _dmindex
  996  00001ad8          	.align 2
  997  00001ad8          	.proc _dindex
  998  00001ad8          	.global _dindex
  999  00001ad8          	_dindex:
 1000                      ;  Function 'dindex'; 0 bytes of locals, 1 regs to save.
 1001  00001ad8  afbefffc	sw	-4(r29),r30; push fp
 1002  00001adc  001df020	add	r30,r0,r29; fp = sp
 1003  00001ae0  afbffff8	sw	-8(r29),r31; push ret addr
 1004  00001ae4  2fbd0010	subui	r29,r29,#16; alloc local storage
 1005  00001ae8  afa20000	sw	0(r29),r2
 1006  00001aec  54000000	nop
 1007  00001af0          	L55_LF2:
 1008  00001af0  8fc10000	lw	r1,(r30)
 1009  00001af4  90220000	lbu	r2,(r1)
 1010  00001af8  64410000	snei	r1,r2,#0
 1011  00001afc  1420000c	bnez	r1,L57_LF2
 1012  00001b00  54000000	nop; delay slot nop
 1013  00001b04  08000040	j	L56_LF2
 1014  00001b08  54000000	nop; delay slot nop
 1015  00001b0c          	L57_LF2:
 1016  00001b0c  8fc10000	lw	r1,(r30)
 1017  00001b10  90220000	lbu	r2,(r1)
 1018  00001b14  8fc10004	lw	r1,4(r30)
 1019  00001b18  00411028	seq	r2,r2,r1
 1020  00001b1c  10400010	beqz	r2,L58_LF2
 1021  00001b20  54000000	nop; delay slot nop
 1022  00001b24  8fc10000	lw	r1,(r30)
 1023  00001b28  08000028	j	L54_LF2
 1024  00001b2c  54000000	nop; delay slot nop
 1025  00001b30          	L58_LF2:
 1026  00001b30  8fc20000	lw	r2,(r30)
 1027  00001b34  20410001	addi	r1,r2,#1
 1028  00001b38  00011020	add	r2,r0,r1
 1029  00001b3c  afc20000	sw	(r30),r2
 1030  00001b40  0bffffac	j	L55_LF2
 1031  00001b44  54000000	nop; delay slot nop
 1032  00001b48          	L56_LF2:
 1033  00001b48  20010000	addi	r1,r0,#0
 1034  00001b4c  08000004	j	L54_LF2
 1035  00001b50  54000000	nop; delay slot nop
 1036  00001b54          	L54_LF2:
 1037  00001b54  8fa20000	lw	r2,0(r29)
 1038  00001b58  8fdffff8	lw	r31,-8(r30)
 1039  00001b5c  001ee820	add	r29,r0,r30
 1040  00001b60  8fdefffc	lw	r30,-4(r30)
 1041  00001b64  4be00000	jr	r31
 1042  00001b68  54000000	nop
 1043  00001b6c          	.endproc _dindex
 1044  00001b6c          	.align 2
 1045  00001b6c          	.proc _ditoa
 1046  00001b6c          	.global _ditoa
 1047  00001b6c          	_ditoa:
 1048                      ;  Function 'ditoa'; 8 bytes of locals, 2 regs to save.
 1049  00001b6c  afbefffc	sw	-4(r29),r30; push fp
 1050  00001b70  001df020	add	r30,r0,r29; fp = sp
 1051  00001b74  afbffff8	sw	-8(r29),r31; push ret addr
 1052  00001b78  2fbd0018	subui	r29,r29,#24; alloc local storage
 1053  00001b7c  afa20000	sw	0(r29),r2
 1054  00001b80  afa30004	sw	4(r29),r3
 1055  00001b84  8fc10000	lw	r1,(r30)
 1056  00001b88  68220000	slti	r2,r1,#0
 1057  00001b8c  1040002c	beqz	r2,L60_LF2
 1058  00001b90  54000000	nop; delay slot nop
 1059  00001b94  8fc10004	lw	r1,4(r30)
 1060  00001b98  20220001	addi	r2,r1,#1
 1061  00001b9c  afc20004	sw	4(r30),r2
 1062  00001ba0  2002002d	addi	r2,r0,(#0x2d)&0xff
 1063  00001ba4  a0220000	sb	(r1),r2
 1064  00001ba8  8fc10000	lw	r1,(r30)
 1065  00001bac  00011022	sub	r2,r0,r1
 1066  00001bb0  afc20000	sw	(r30),r2
 1067  00001bb4  08000118	j	L61_LF2
 1068  00001bb8  54000000	nop; delay slot nop
 1069  00001bbc          	L60_LF2:
 1070  00001bbc  8fc10000	lw	r1,(r30)
 1071  00001bc0  64220000	snei	r2,r1,#0
 1072  00001bc4  14400020	bnez	r2,L62_LF2
 1073  00001bc8  54000000	nop; delay slot nop
 1074  00001bcc  8fc10004	lw	r1,4(r30)
 1075  00001bd0  20220001	addi	r2,r1,#1
 1076  00001bd4  afc20004	sw	4(r30),r2
 1077  00001bd8  20020030	addi	r2,r0,(#0x30)&0xff
 1078  00001bdc  a0220000	sb	(r1),r2
 1079  00001be0  080000ec	j	L61_LF2
 1080  00001be4  54000000	nop; delay slot nop
 1081  00001be8          	L62_LF2:
 1082  00001be8  20010001	addi	r1,r0,#1
 1083  00001bec  afc1fff4	sw	-12(r30),r1
 1084  00001bf0          	L64_LF2:
 1085  00001bf0  8fc1fff4	lw	r1,-12(r30)
 1086  00001bf4  8fc20000	lw	r2,(r30)
 1087  00001bf8  0022082c	sle	r1,r1,r2
 1088  00001bfc  1420000c	bnez	r1,L66_LF2
 1089  00001c00  54000000	nop; delay slot nop
 1090  00001c04  08000024	j	L65_LF2
 1091  00001c08  54000000	nop; delay slot nop
 1092  00001c0c          	L67_LF2:
 1093  00001c0c          	L66_LF2:
 1094  00001c0c  8fc1fff4	lw	r1,-12(r30)
 1095  00001c10  00011820	add	r3,r0,r1
 1096  00001c14  50620002	slli	r2,r3,#0x2
 1097  00001c18  00411020	add	r2,r2,r1
 1098  00001c1c  50410001	slli	r1,r2,#0x1
 1099  00001c20  afc1fff4	sw	-12(r30),r1
 1100  00001c24  0bffffc8	j	L64_LF2
 1101  00001c28  54000000	nop; delay slot nop
 1102  00001c2c          	L65_LF2:
 1103  00001c2c  54000000	nop
 1104  00001c30          	L68_LF2:
 1105  00001c30  8fc1fff4	lw	r1,-12(r30)
 1106  00001c34  2002000a	addi	r2,r0,#10
 1107  00001c38  00200035	movi2fp	f0,r1
 1108  00001c3c  00400835	movi2fp	f1,r2
 1109  00001c40  0401000f	div	f0,f0,f1
 1110  00001c44  00000834	movfp2i	r1,f0
 1111  00001c48  afc1fff4	sw	-12(r30),r1
 1112  00001c4c  8fc10004	lw	r1,4(r30)
 1113  00001c50  20220001	addi	r2,r1,#1
 1114  00001c54  afc20004	sw	4(r30),r2
 1115  00001c58  8fc20000	lw	r2,(r30)
 1116  00001c5c  8fc3fff4	lw	r3,-12(r30)
 1117  00001c60  00400035	movi2fp	f0,r2
 1118  00001c64  00600835	movi2fp	f1,r3
 1119  00001c68  0401000f	div	f0,f0,f1
 1120  00001c6c  00001034	movfp2i	r2,f0
 1121  00001c70  00021820	add	r3,r0,r2
 1122  00001c74  20620030	addi	r2,r3,#48
 1123  00001c78  a0220000	sb	(r1),r2
 1124  00001c7c  8fc10000	lw	r1,(r30)
 1125  00001c80  8fc3fff4	lw	r3,-12(r30)
 1126  00001c84  00200035	movi2fp	f0,r1
 1127  00001c88  00600835	movi2fp	f1,r3
 1128  00001c8c  0401000f	div	f0,f0,f1
 1129  00001c90  00001034	movfp2i	r2,f0
 1130  00001c94  8fc3fff4	lw	r3,-12(r30)
 1131  00001c98  00400035	movi2fp	f0,r2
 1132  00001c9c  00600835	movi2fp	f1,r3
 1133  00001ca0  0401000e	mult	f0,f0,f1
 1134  00001ca4  00001034	movfp2i	r2,f0
 1135  00001ca8  00220822	sub	r1,r1,r2
 1136  00001cac  afc10000	sw	(r30),r1
 1137  00001cb0          	L70_LF2:
 1138  00001cb0  8fc1fff4	lw	r1,-12(r30)
 1139  00001cb4  6c220001	sgti	r2,r1,#1
 1140  00001cb8  1440000c	bnez	r2,L71_LF2
 1141  00001cbc  54000000	nop; delay slot nop
 1142  00001cc0  0800000c	j	L61_LF2
 1143  00001cc4  54000000	nop; delay slot nop
 1144  00001cc8          	L71_LF2:
 1145  00001cc8  0bffff64	j	L68_LF2
 1146  00001ccc  54000000	nop; delay slot nop
 1147  00001cd0          	L69_LF2:
 1148  00001cd0          	L63_LF2:
 1149  00001cd0          	L61_LF2:
 1150  00001cd0  8fc10004	lw	r1,4(r30)
 1151  00001cd4  20020000	addi	r2,r0,(#0x0)&0xff
 1152  00001cd8  a0220000	sb	(r1),r2
 1153  00001cdc          	L59_LF2:
 1154  00001cdc  8fa20000	lw	r2,0(r29)
 1155  00001ce0  8fa30004	lw	r3,4(r29)
 1156  00001ce4  8fdffff8	lw	r31,-8(r30)
 1157  00001ce8  001ee820	add	r29,r0,r30
 1158  00001cec  8fdefffc	lw	r30,-4(r30)
 1159  00001cf0  4be00000	jr	r31
 1160  00001cf4  54000000	nop
 1161  00001cf8          	.endproc _ditoa
 1162  00001cf8          	.align 2
 1163  00001cf8          	.proc _dstrtol
 1164  00001cf8          	.global _dstrtol
 1165  00001cf8          	_dstrtol:
 1166                      ;  Function 'dstrtol'; 16 bytes of locals, 1 regs to save.
 1167  00001cf8  afbefffc	sw	-4(r29),r30; push fp
 1168  00001cfc  001df020	add	r30,r0,r29; fp = sp
 1169  00001d00  afbffff8	sw	-8(r29),r31; push ret addr
 1170  00001d04  2fbd0020	subui	r29,r29,#32; alloc local storage
 1171  00001d08  afa20000	sw	0(r29),r2
 1172  00001d0c  20010000	addi	r1,r0,#0
 1173  00001d10  afc1fff4	sw	-12(r30),r1
 1174  00001d14          	L73_LF2:
 1175  00001d14  8fc10000	lw	r1,(r30)
 1176  00001d18  90220000	lbu	r2,(r1)
 1177  00001d1c  60410020	seqi	r1,r2,#32
 1178  00001d20  14200034	bnez	r1,L75_LF2
 1179  00001d24  54000000	nop; delay slot nop
 1180  00001d28  8fc10000	lw	r1,(r30)
 1181  00001d2c  90220000	lbu	r2,(r1)
 1182  00001d30  60410009	seqi	r1,r2,#9
 1183  00001d34  14200020	bnez	r1,L75_LF2
 1184  00001d38  54000000	nop; delay slot nop
 1185  00001d3c  8fc10000	lw	r1,(r30)
 1186  00001d40  90220000	lbu	r2,(r1)
 1187  00001d44  6041000a	seqi	r1,r2,#10
 1188  00001d48  1420000c	bnez	r1,L75_LF2
 1189  00001d4c  54000000	nop; delay slot nop
 1190  00001d50  0800001c	j	L74_LF2
 1191  00001d54  54000000	nop; delay slot nop
 1192  00001d58          	L75_LF2:
 1193  00001d58  8fc20000	lw	r2,(r30)
 1194  00001d5c  20410001	addi	r1,r2,#1
 1195  00001d60  00011020	add	r2,r0,r1
 1196  00001d64  afc20000	sw	(r30),r2
 1197  00001d68  0bffffa8	j	L73_LF2
 1198  00001d6c  54000000	nop; delay slot nop
 1199  00001d70          	L74_LF2:
 1200  00001d70  8fc10004	lw	r1,4(r30)
 1201  00001d74  64220000	snei	r2,r1,#0
 1202  00001d78  10400010	beqz	r2,L76_LF2
 1203  00001d7c  54000000	nop; delay slot nop
 1204  00001d80  8fc10004	lw	r1,4(r30)
 1205  00001d84  8fc20000	lw	r2,(r30)
 1206  00001d88  ac220000	sw	(r1),r2
 1207  00001d8c          	L76_LF2:
 1208  00001d8c  8fc10000	lw	r1,(r30)
 1209  00001d90  90220000	lbu	r2,(r1)
 1210  00001d94  64410000	snei	r1,r2,#0
 1211  00001d98  14200010	bnez	r1,L77_LF2
 1212  00001d9c  54000000	nop; delay slot nop
 1213  00001da0  8fc1fff4	lw	r1,-12(r30)
 1214  00001da4  08000294	j	L72_LF2
 1215  00001da8  54000000	nop; delay slot nop
 1216  00001dac          	L77_LF2:
 1217  00001dac  8fc10000	lw	r1,(r30)
 1218  00001db0  90220000	lbu	r2,(r1)
 1219  00001db4  6041002d	seqi	r1,r2,#45
 1220  00001db8  10200024	beqz	r1,L78_LF2
 1221  00001dbc  54000000	nop; delay slot nop
 1222  00001dc0  2001ffff	addi	r1,r0,#-1
 1223  00001dc4  afc1ffec	sw	-20(r30),r1
 1224  00001dc8  8fc20000	lw	r2,(r30)
 1225  00001dcc  20410001	addi	r1,r2,#1
 1226  00001dd0  00011020	add	r2,r0,r1
 1227  00001dd4  afc20000	sw	(r30),r2
 1228  00001dd8  0800000c	j	L79_LF2
 1229  00001ddc  54000000	nop; delay slot nop
 1230  00001de0          	L78_LF2:
 1231  00001de0  20010001	addi	r1,r0,#1
 1232  00001de4  afc1ffec	sw	-20(r30),r1
 1233  00001de8          	L79_LF2:
 1234  00001de8  8fc10008	lw	r1,8(r30)
 1235  00001dec  64220000	snei	r2,r1,#0
 1236  00001df0  14400090	bnez	r2,L80_LF2
 1237  00001df4  54000000	nop; delay slot nop
 1238  00001df8  8fc10000	lw	r1,(r30)
 1239  00001dfc  90220000	lbu	r2,(r1)
 1240  00001e00  60410030	seqi	r1,r2,#48
 1241  00001e04  10200074	beqz	r1,L81_LF2
 1242  00001e08  54000000	nop; delay slot nop
 1243  00001e0c  8fc20000	lw	r2,(r30)
 1244  00001e10  20410001	addi	r1,r2,#1
 1245  00001e14  00011020	add	r2,r0,r1
 1246  00001e18  afc20000	sw	(r30),r2
 1247  00001e1c  8fc10000	lw	r1,(r30)
 1248  00001e20  90220000	lbu	r2,(r1)
 1249  00001e24  60410078	seqi	r1,r2,#120
 1250  00001e28  14200020	bnez	r1,L83_LF2
 1251  00001e2c  54000000	nop; delay slot nop
 1252  00001e30  8fc10000	lw	r1,(r30)
 1253  00001e34  90220000	lbu	r2,(r1)
 1254  00001e38  60410058	seqi	r1,r2,#88
 1255  00001e3c  1420000c	bnez	r1,L83_LF2
 1256  00001e40  54000000	nop; delay slot nop
 1257  00001e44  08000024	j	L82_LF2
 1258  00001e48  54000000	nop; delay slot nop
 1259  00001e4c          	L83_LF2:
 1260  00001e4c  20010010	addi	r1,r0,#16
 1261  00001e50  afc10008	sw	8(r30),r1
 1262  00001e54  8fc20000	lw	r2,(r30)
 1263  00001e58  20410001	addi	r1,r2,#1
 1264  00001e5c  00011020	add	r2,r0,r1
 1265  00001e60  afc20000	sw	(r30),r2
 1266  00001e64  0800000c	j	L84_LF2
 1267  00001e68  54000000	nop; delay slot nop
 1268  00001e6c          	L82_LF2:
 1269  00001e6c  20010008	addi	r1,r0,#8
 1270  00001e70  afc10008	sw	8(r30),r1
 1271  00001e74          	L84_LF2:
 1272  00001e74  0800000c	j	L80_LF2
 1273  00001e78  54000000	nop; delay slot nop
 1274  00001e7c          	L81_LF2:
 1275  00001e7c  2001000a	addi	r1,r0,#10
 1276  00001e80  afc10008	sw	8(r30),r1
 1277  00001e84          	L85_LF2:
 1278  00001e84          	L80_LF2:
 1279  00001e84  8fc10008	lw	r1,8(r30)
 1280  00001e88  70220000	slei	r2,r1,#0
 1281  00001e8c  1440001c	bnez	r2,L87_LF2
 1282  00001e90  54000000	nop; delay slot nop
 1283  00001e94  8fc10008	lw	r1,8(r30)
 1284  00001e98  6c220010	sgti	r2,r1,#16
 1285  00001e9c  1440000c	bnez	r2,L87_LF2
 1286  00001ea0  54000000	nop; delay slot nop
 1287  00001ea4  08000010	j	L86_LF2
 1288  00001ea8  54000000	nop; delay slot nop
 1289  00001eac          	L87_LF2:
 1290  00001eac  8fc1fff4	lw	r1,-12(r30)
 1291  00001eb0  08000188	j	L72_LF2
 1292  00001eb4  54000000	nop; delay slot nop
 1293  00001eb8          	L86_LF2:
 1294  00001eb8  54000000	nop
 1295  00001ebc          	L88_LF2:
 1296  00001ebc  8fc10000	lw	r1,(r30)
 1297  00001ec0  90220000	lbu	r2,(r1)
 1298  00001ec4  6c41002f	sgtui	r1,r2,#47
 1299  00001ec8  10200030	beqz	r1,L91_LF2
 1300  00001ecc  54000000	nop; delay slot nop
 1301  00001ed0  8fc10000	lw	r1,(r30)
 1302  00001ed4  90220000	lbu	r2,(r1)
 1303  00001ed8  70410039	sleui	r1,r2,#57
 1304  00001edc  1020001c	beqz	r1,L91_LF2
 1305  00001ee0  54000000	nop; delay slot nop
 1306  00001ee4  8fc10000	lw	r1,(r30)
 1307  00001ee8  90220000	lbu	r2,(r1)
 1308  00001eec  2041ffd0	addi	r1,r2,#-48
 1309  00001ef0  afc1fff0	sw	-16(r30),r1
 1310  00001ef4  0800008c	j	L92_LF2
 1311  00001ef8  54000000	nop; delay slot nop
 1312  00001efc          	L91_LF2:
 1313  00001efc  8fc10000	lw	r1,(r30)
 1314  00001f00  90220000	lbu	r2,(r1)
 1315  00001f04  6c410060	sgtui	r1,r2,#96
 1316  00001f08  10200030	beqz	r1,L93_LF2
 1317  00001f0c  54000000	nop; delay slot nop
 1318  00001f10  8fc10000	lw	r1,(r30)
 1319  00001f14  90220000	lbu	r2,(r1)
 1320  00001f18  7041007a	sleui	r1,r2,#122
 1321  00001f1c  1020001c	beqz	r1,L93_LF2
 1322  00001f20  54000000	nop; delay slot nop
 1323  00001f24  8fc10000	lw	r1,(r30)
 1324  00001f28  90220000	lbu	r2,(r1)
 1325  00001f2c  2041ffa9	addi	r1,r2,#-87
 1326  00001f30  afc1fff0	sw	-16(r30),r1
 1327  00001f34  0800004c	j	L92_LF2
 1328  00001f38  54000000	nop; delay slot nop
 1329  00001f3c          	L93_LF2:
 1330  00001f3c  8fc10000	lw	r1,(r30)
 1331  00001f40  90220000	lbu	r2,(r1)
 1332  00001f44  6c410040	sgtui	r1,r2,#64
 1333  00001f48  10200030	beqz	r1,L95_LF2
 1334  00001f4c  54000000	nop; delay slot nop
 1335  00001f50  8fc10000	lw	r1,(r30)
 1336  00001f54  90220000	lbu	r2,(r1)
 1337  00001f58  7041005a	sleui	r1,r2,#90
 1338  00001f5c  1020001c	beqz	r1,L95_LF2
 1339  00001f60  54000000	nop; delay slot nop
 1340  00001f64  8fc10000	lw	r1,(r30)
 1341  00001f68  90220000	lbu	r2,(r1)
 1342  00001f6c  2041ffc9	addi	r1,r2,#-55
 1343  00001f70  afc1fff0	sw	-16(r30),r1
 1344  00001f74  0800000c	j	L92_LF2
 1345  00001f78  54000000	nop; delay slot nop
 1346  00001f7c          	L95_LF2:
 1347  00001f7c  200103e8	addi	r1,r0,#1000
 1348  00001f80  afc1fff0	sw	-16(r30),r1
 1349  00001f84          	L96_LF2:
 1350  00001f84          	L94_LF2:
 1351  00001f84          	L92_LF2:
 1352  00001f84  8fc1fff0	lw	r1,-16(r30)
 1353  00001f88  8fc20008	lw	r2,8(r30)
 1354  00001f8c  0022082a	slt	r1,r1,r2
 1355  00001f90  10200040	beqz	r1,L90_LF2
 1356  00001f94  54000000	nop; delay slot nop
 1357  00001f98  8fc1fff4	lw	r1,-12(r30)
 1358  00001f9c  8fc20008	lw	r2,8(r30)
 1359  00001fa0  00200035	movi2fp	f0,r1
 1360  00001fa4  00400835	movi2fp	f1,r2
 1361  00001fa8  0401000e	mult	f0,f0,f1
 1362  00001fac  00000834	movfp2i	r1,f0
 1363  00001fb0  afc1fff4	sw	-12(r30),r1
 1364  00001fb4  8fc1fff4	lw	r1,-12(r30)
 1365  00001fb8  8fc2fff0	lw	r2,-16(r30)
 1366  00001fbc  00220820	add	r1,r1,r2
 1367  00001fc0  afc1fff4	sw	-12(r30),r1
 1368  00001fc4  8fc20000	lw	r2,(r30)
 1369  00001fc8  20410001	addi	r1,r2,#1
 1370  00001fcc  00011020	add	r2,r0,r1
 1371  00001fd0  afc20000	sw	(r30),r2
 1372  00001fd4          	L97_LF2:
 1373  00001fd4          	L90_LF2:
 1374  00001fd4  8fc1fff0	lw	r1,-16(r30)
 1375  00001fd8  8fc20008	lw	r2,8(r30)
 1376  00001fdc  0022082a	slt	r1,r1,r2
 1377  00001fe0  1420000c	bnez	r1,L98_LF2
 1378  00001fe4  54000000	nop; delay slot nop
 1379  00001fe8  0800000c	j	L89_LF2
 1380  00001fec  54000000	nop; delay slot nop
 1381  00001ff0          	L98_LF2:
 1382  00001ff0  0bfffec8	j	L88_LF2
 1383  00001ff4  54000000	nop; delay slot nop
 1384  00001ff8          	L89_LF2:
 1385  00001ff8  8fc10004	lw	r1,4(r30)
 1386  00001ffc  64220000	snei	r2,r1,#0
 1387  00002000  10400010	beqz	r2,L99_LF2
 1388  00002004  54000000	nop; delay slot nop
 1389  00002008  8fc10004	lw	r1,4(r30)
 1390  0000200c  8fc20000	lw	r2,(r30)
 1391  00002010  ac220000	sw	(r1),r2
 1392  00002014          	L99_LF2:
 1393  00002014  8fc1fff4	lw	r1,-12(r30)
 1394  00002018  8fc2ffec	lw	r2,-20(r30)
 1395  0000201c  00200035	movi2fp	f0,r1
 1396  00002020  00400835	movi2fp	f1,r2
 1397  00002024  0401000e	mult	f0,f0,f1
 1398  00002028  00000834	movfp2i	r1,f0
 1399  0000202c  afc1fff4	sw	-12(r30),r1
 1400  00002030  8fc1fff4	lw	r1,-12(r30)
 1401  00002034  08000004	j	L72_LF2
 1402  00002038  54000000	nop; delay slot nop
 1403  0000203c          	L72_LF2:
 1404  0000203c  8fa20000	lw	r2,0(r29)
 1405  00002040  8fdffff8	lw	r31,-8(r30)
 1406  00002044  001ee820	add	r29,r0,r30
 1407  00002048  8fdefffc	lw	r30,-4(r30)
 1408  0000204c  4be00000	jr	r31
 1409  00002050  54000000	nop
 1410  00002054          	.endproc _dstrtol
 1411  00002054          	.align 2
 1412  00002054          	.proc _bcopy
 1413  00002054          	.global _bcopy
 1414  00002054          	_bcopy:
 1415                      ;  Function 'bcopy'; 0 bytes of locals, 2 regs to save.
 1416  00002054  afbefffc	sw	-4(r29),r30; push fp
 1417  00002058  001df020	add	r30,r0,r29; fp = sp
 1418  0000205c  afbffff8	sw	-8(r29),r31; push ret addr
 1419  00002060  2fbd0010	subui	r29,r29,#16; alloc local storage
 1420  00002064  afa20000	sw	0(r29),r2
 1421  00002068  afa30004	sw	4(r29),r3
 1422  0000206c  54000000	nop
 1423  00002070          	L101_LF2:
 1424  00002070  8fc10008	lw	r1,8(r30)
 1425  00002074  2022ffff	addi	r2,r1,#-1
 1426  00002078  afc20008	sw	8(r30),r2
 1427  0000207c  6c210000	sgti	r1,r1,#0
 1428  00002080  1420000c	bnez	r1,L103_LF2
 1429  00002084  54000000	nop; delay slot nop
 1430  00002088  0800002c	j	L102_LF2
 1431  0000208c  54000000	nop; delay slot nop
 1432  00002090          	L103_LF2:
 1433  00002090  8fc10004	lw	r1,4(r30)
 1434  00002094  20220001	addi	r2,r1,#1
 1435  00002098  afc20004	sw	4(r30),r2
 1436  0000209c  8fc20000	lw	r2,(r30)
 1437  000020a0  20430001	addi	r3,r2,#1
 1438  000020a4  afc30000	sw	(r30),r3
 1439  000020a8  80420000	lb	r2,(r2)
 1440  000020ac  a0220000	sb	(r1),r2
 1441  000020b0  0bffffbc	j	L101_LF2
 1442  000020b4  54000000	nop; delay slot nop
 1443  000020b8          	L102_LF2:
 1444  000020b8          	L100_LF2:
 1445  000020b8  8fa20000	lw	r2,0(r29)
 1446  000020bc  8fa30004	lw	r3,4(r29)
 1447  000020c0  8fdffff8	lw	r31,-8(r30)
 1448  000020c4  001ee820	add	r29,r0,r30
 1449  000020c8  8fdefffc	lw	r30,-4(r30)
 1450  000020cc  4be00000	jr	r31
 1451  000020d0  54000000	nop
 1452  000020d4          	.endproc _bcopy
 1453  000020d4          	.align 2
 1454  000020d4          	.proc _bzero
 1455  000020d4          	.global _bzero
 1456  000020d4          	_bzero:
 1457                      ;  Function 'bzero'; 0 bytes of locals, 1 regs to save.
 1458  000020d4  afbefffc	sw	-4(r29),r30; push fp
 1459  000020d8  001df020	add	r30,r0,r29; fp = sp
 1460  000020dc  afbffff8	sw	-8(r29),r31; push ret addr
 1461  000020e0  2fbd0010	subui	r29,r29,#16; alloc local storage
 1462  000020e4  afa20000	sw	0(r29),r2
 1463  000020e8  54000000	nop
 1464  000020ec          	L105_LF2:
 1465  000020ec  8fc10004	lw	r1,4(r30)
 1466  000020f0  2022ffff	addi	r2,r1,#-1
 1467  000020f4  afc20004	sw	4(r30),r2
 1468  000020f8  6c210000	sgti	r1,r1,#0
 1469  000020fc  1420000c	bnez	r1,L107_LF2
 1470  00002100  54000000	nop; delay slot nop
 1471  00002104  08000020	j	L106_LF2
 1472  00002108  54000000	nop; delay slot nop
 1473  0000210c          	L107_LF2:
 1474  0000210c  8fc10000	lw	r1,(r30)
 1475  00002110  20220001	addi	r2,r1,#1
 1476  00002114  afc20000	sw	(r30),r2
 1477  00002118  20020000	addi	r2,r0,(#0x0)&0xff
 1478  0000211c  a0220000	sb	(r1),r2
 1479  00002120  0bffffc8	j	L105_LF2
 1480  00002124  54000000	nop; delay slot nop
 1481  00002128          	L106_LF2:
 1482  00002128          	L104_LF2:
 1483  00002128  8fa20000	lw	r2,0(r29)
 1484  0000212c  8fdffff8	lw	r31,-8(r30)
 1485  00002130  001ee820	add	r29,r0,r30
 1486  00002134  8fdefffc	lw	r30,-4(r30)
 1487  00002138  4be00000	jr	r31
 1488  0000213c  54000000	nop
 1489  00002140          	.endproc _bzero
 1490  00002140          	.align 2
 1491  00002140          	.proc _min
 1492  00002140          	.global _min
 1493  00002140          	_min:
 1494                      ;  Function 'min'; 0 bytes of locals, 2 regs to save.
 1495  00002140  afbefffc	sw	-4(r29),r30; push fp
 1496  00002144  001df020	add	r30,r0,r29; fp = sp
 1497  00002148  afbffff8	sw	-8(r29),r31; push ret addr
 1498  0000214c  2fbd0010	subui	r29,r29,#16; alloc local storage
 1499  00002150  afa20000	sw	0(r29),r2
 1500  00002154  afa30004	sw	4(r29),r3
 1501  00002158  8fc10000	lw	r1,(r30)
 1502  0000215c  8fc20004	lw	r2,4(r30)
 1503  00002160  0022182c	sle	r3,r1,r2
 1504  00002164  14600008	bnez	r3,L109_LF2
 1505  00002168  54000000	nop; delay slot nop
 1506  0000216c  8fc10004	lw	r1,4(r30)
 1507  00002170          	L109_LF2:
 1508  00002170  08000004	j	L108_LF2
 1509  00002174  54000000	nop; delay slot nop
 1510  00002178          	L108_LF2:
 1511  00002178  8fa20000	lw	r2,0(r29)
 1512  0000217c  8fa30004	lw	r3,4(r29)
 1513  00002180  8fdffff8	lw	r31,-8(r30)
 1514  00002184  001ee820	add	r29,r0,r30
 1515  00002188  8fdefffc	lw	r30,-4(r30)
 1516  0000218c  4be00000	jr	r31
 1517  00002190  54000000	nop
 1518  00002194          	.endproc _min
 1519                      ;;; Ethan L. Miller, 1999.  Released to the public domain
 1520                      ;;;
 1521                      ;;; Most of the traps are called in files from libtraps.
 1524  00002194          	.align 2
 1525  00002194          	.proc _exit
 1526  00002194          	.global _exit
 1527  00002194          	_exit:
 1528  00002194  44000300	trap	#0x300
 1529  00002198  4be00000	jr	r31
 1530  0000219c  54000000	nop
 1531  000021a0          	.endproc _exit
 1533                      ; for the benefit of gcc.
 1534  000021a0          	.proc ___main
 1535  000021a0          	.global ___main
 1536  000021a0          	___main:
 1537  000021a0  4be00000	jr	r31
 1538  000021a4  54000000	nop
 1539  000021a8          	.endproc ___main
 1540  000021a8          	.text
 1541  000021a8          	.global _etext
 1542  000021a8          	_etext:
 1543  000021a8          	.align 3
 1544  000021a8          	.data
 1545  000030fa          	.global _edata
 1546  000030fa          	_edata:
