 line   address	contents
    1                      ; Linked by DLX-LD.
    2                      ; MemSize 24576
    3                      ; Data size: 418
    4                      ; Text size: 4860
    5                      ; Stack size: 8192
    6  00000000          	.text 0x1000
    7  00001000          	.data 0x3000
    8                      ; Compiled by GCC
    9  00003000          	.text
   10  00001000          	.align 2
   11  00001000          	.proc _isspace
   12  00001000          	.global _isspace
   13  00001000          	_isspace:
   14                      ;  Function 'isspace'; 0 bytes of locals, 1 regs to save.
   15  00001000  afbefffc	sw	-4(r29),r30; push fp
   16  00001004  001df020	add	r30,r0,r29; fp = sp
   17  00001008  afbffff8	sw	-8(r29),r31; push ret addr
   18  0000100c  2fbd0010	subui	r29,r29,#16; alloc local storage
   19  00001010  afa20000	sw	0(r29),r2
   20  00001014  83c20003	lb	r2,3(r30)
   21  00001018  201f0000	addi	r31,r0,#0
   22  0000101c  304100ff	andi	r1,r2,#0x00ff
   23  00001020  60210020	seqi	r1,r1,#32
   24  00001024  14200018	bnez	r1,L6_LF0
   25  00001028  54000000	nop; not filled.
   26  0000102c  2041fff7	addi	r1,r2,#-9
   27  00001030  302100ff	andi	r1,r1,#0x00ff
   28  00001034  70210001	sleui	r1,r1,#1
   29  00001038  10200008	beqz	r1,L5_LF0
   30  0000103c  54000000	nop; not filled.
   31  00001040          	L6_LF0:
   32  00001040  201f0001	addi	r31,r0,#1
   33  00001044          	L5_LF0:
   34  00001044  001f0820	add	r1,r0,r31
   35  00001048  8fa20000	lw	r2,0(r29)
   36  0000104c  8fdffff8	lw	r31,-8(r30)
   37  00001050  001ee820	add	r29,r0,r30
   38  00001054  8fdefffc	lw	r30,-4(r30)
   39  00001058  4be00000	jr	r31
   40  0000105c  54000000	nop
   41  00001060          	.endproc _isspace
   42  00001060          	.align 2
   43  00001060          	.proc _isxdigit
   44  00001060          	.global _isxdigit
   45  00001060          	_isxdigit:
   46                      ;  Function 'isxdigit'; 0 bytes of locals, 1 regs to save.
   47  00001060  afbefffc	sw	-4(r29),r30; push fp
   48  00001064  001df020	add	r30,r0,r29; fp = sp
   49  00001068  afbffff8	sw	-8(r29),r31; push ret addr
   50  0000106c  2fbd0010	subui	r29,r29,#16; alloc local storage
   51  00001070  afa20000	sw	0(r29),r2
   52  00001074  83df0003	lb	r31,3(r30)
   53  00001078  20020000	addi	r2,r0,#0
   54  0000107c  23e1ffd0	addi	r1,r31,#-48
   55  00001080  302100ff	andi	r1,r1,#0x00ff
   56  00001084  70210009	sleui	r1,r1,#9
   57  00001088  14200028	bnez	r1,L12_LF0
   58  0000108c  54000000	nop; not filled.
   59  00001090  23e1ff9f	addi	r1,r31,#-97
   60  00001094  302100ff	andi	r1,r1,#0x00ff
   61  00001098  70210005	sleui	r1,r1,#5
   62  0000109c  14200014	bnez	r1,L12_LF0
   63  000010a0  54000000	nop; not filled.
   64  000010a4  33e100ff	andi	r1,r31,#0x00ff
   65  000010a8  64210041	snei	r1,r1,#65
   66  000010ac  14200008	bnez	r1,L11_LF0
   67  000010b0  54000000	nop; not filled.
   68  000010b4          	L12_LF0:
   69  000010b4  20020001	addi	r2,r0,#1
   70  000010b8          	L11_LF0:
   71  000010b8  00020820	add	r1,r0,r2
   72  000010bc  8fa20000	lw	r2,0(r29)
   73  000010c0  8fdffff8	lw	r31,-8(r30)
   74  000010c4  001ee820	add	r29,r0,r30
   75  000010c8  8fdefffc	lw	r30,-4(r30)
   76  000010cc  4be00000	jr	r31
   77  000010d0  54000000	nop
   78  000010d4          	.endproc _isxdigit
   79  000010d4          	.data
   80  00003000          	.align 2
   81  00003000          	LC0_LF0:
   82  00003000  55736167	.ascii "Usage: \000"
   82  00003004  653a2000	
   83  00003008          	.align 2
   84  00003008          	LC1_LF0:
   85  00003008  203c6e75	.ascii " <number of processes to create>\n\000"
   85  0000300c  6d626572	
   85  00003010  206f6620	
   85  00003014  70726f63	
   85  00003018  65737365	
   85  0000301c  7320746f	
   85  00003020  20637265	
   85  00003024  6174653e	
   85  00003028  0a00    	
   86  0000302a          	.align 2
   87  0000302c          	LC2_LF0:
   88  0000302c  43726561	.ascii "Creating %d processes\n\000"
   88  00003030  74696e67	
   88  00003034  20256420	
   88  00003038  70726f63	
   88  0000303c  65737365	
   88  00003040  730a00  	
   89  00003043          	.align 2
   90  00003044          	LC3_LF0:
   91  00003044  4552524f	.ascii "ERROR: could not allocate shared memory page in \000"
   91  00003048  523a2063	
   91  0000304c  6f756c64	
   91  00003050  206e6f74	
   91  00003054  20616c6c	
   91  00003058  6f636174	
   91  0000305c  65207368	
   91  00003060  61726564	
   91  00003064  206d656d	
   91  00003068  6f727920	
   91  0000306c  70616765	
   91  00003070  20696e20	
   91  00003074  00      	
   92  00003075          	.align 2
   93  00003078          	LC4_LF0:
   94  00003078  2c206578	.ascii ", exiting...\n\000"
   94  0000307c  6974696e	
   94  00003080  672e2e2e	
   94  00003084  0a00    	
   95  00003086          	.align 2
   96  00003088          	LC5_LF0:
   97  00003088  436f756c	.ascii "Could not map the shared page to virtual address in \000"
   97  0000308c  64206e6f	
   97  00003090  74206d61	
   97  00003094  70207468	
   97  00003098  65207368	
   97  0000309c  61726564	
   97  000030a0  20706167	
   97  000030a4  6520746f	
   97  000030a8  20766972	
   97  000030ac  7475616c	
   97  000030b0  20616464	
   97  000030b4  72657373	
   97  000030b8  20696e20	
   97  000030bc  00      	
   98  000030bd          	.align 2
   99  000030c0          	LC6_LF0:
  100  000030c0  2c206578	.ascii ", exiting..\n\000"
  100  000030c4  6974696e	
  100  000030c8  672e2e0a	
  100  000030cc  00      	
  101  000030cd          	.align 2
  102  000030d0          	LC7_LF0:
  103  000030d0  42616420	.ascii "Bad sem_create in \000"
  103  000030d4  73656d5f	
  103  000030d8  63726561	
  103  000030dc  74652069	
  103  000030e0  6e2000  	
  104  000030e3          	.align 2
  105  000030e4          	LC8_LF0:
  106  000030e4  0a00    	.ascii "\n\000"
  107  000030e6          	.align 2
  108  000030e8          	LC9_LF0:
  109  000030e8  70726f64	.ascii "producer.dlx.obj\000"
  109  000030ec  75636572	
  109  000030f0  2e646c78	
  109  000030f4  2e6f626a	
  109  000030f8  00      	
  110  000030f9          	.align 2
  111  000030fc          	LC10_LF0:
  112  000030fc  50726f64	.ascii "Producer %d created\n\000"
  112  00003100  75636572	
  112  00003104  20256420	
  112  00003108  63726561	
  112  0000310c  7465640a	
  112  00003110  00      	
  113  00003111          	.align 2
  114  00003114          	LC11_LF0:
  115  00003114  636f6e73	.ascii "consumer.dlx.obj\000"
  115  00003118  756d6572	
  115  0000311c  2e646c78	
  115  00003120  2e6f626a	
  115  00003124  00      	
  116  00003125          	.align 2
  117  00003128          	LC12_LF0:
  118  00003128  436f6e73	.ascii "Consumer %d created\n\000"
  118  0000312c  756d6572	
  118  00003130  20256420	
  118  00003134  63726561	
  118  00003138  7465640a	
  118  0000313c  00      	
  119  0000313d          	.align 2
  120  00003140          	LC13_LF0:
  121  00003140  42616420	.ascii "Bad semaphore s_procs_completed (%d) in \000"
  121  00003144  73656d61	
  121  00003148  70686f72	
  121  0000314c  6520735f	
  121  00003150  70726f63	
  121  00003154  735f636f	
  121  00003158  6d706c65	
  121  0000315c  74656420	
  121  00003160  28256429	
  121  00003164  20696e20	
  121  00003168  00      	
  122  00003169          	.align 2
  123  0000316c          	LC14_LF0:
  124  0000316c  416c6c20	.ascii "All other processes completed, exiting main process.\n\000"
  124  00003170  6f746865	
  124  00003174  72207072	
  124  00003178  6f636573	
  124  0000317c  73657320	
  124  00003180  636f6d70	
  124  00003184  6c657465	
  124  00003188  642c2065	
  124  0000318c  78697469	
  124  00003190  6e67206d	
  124  00003194  61696e20	
  124  00003198  70726f63	
  124  0000319c  6573732e	
  124  000031a0  0a00    	
  125  000031a2          	.text
  126  000010d4          	.align 2
  127  000010d4          	.proc _main
  128  000010d4          	.global _main
  129  000010d4          	_main:
  130                      ;  Function 'main'; 48 bytes of locals, 0 regs to save.
  131  000010d4  afbefffc	sw	-4(r29),r30; push fp
  132  000010d8  001df020	add	r30,r0,r29; fp = sp
  133  000010dc  afbffff8	sw	-8(r29),r31; push ret addr
  134  000010e0  2fbd0038	subui	r29,r29,#56; alloc local storage
  135  000010e4  8fc20000	lw	r2,(r30)
  136  000010e8  8fc80004	lw	r8,4(r30)
  137  000010ec  0c001204	jal	___main
  138  000010f0  54000000	nop; not filled.
  139  000010f4  64420002	snei	r2,r2,#2
  140  000010f8  1040008c	beqz	r2,L15_LF0
  141  000010fc  54000000	nop; not filled.
  142  00001100  23bdfff8	addi	r29,r29,#-8
  143  00001104  3c040000	lhi	r4,((LC0_LF0)>>16)&0xffff
  144  00001108  24843000	addui	r4,r4,(LC0_LF0)&0xffff
  145  0000110c  afa40000	sw	(r29),r4
  146  00001110  0c0003d8	jal	_Printf
  147  00001114  54000000	nop; not filled.
  148  00001118  8d0a0000	lw	r10,(r8)
  149  0000111c  afaa0000	sw	(r29),r10
  150  00001120  0c0003c8	jal	_Printf
  151  00001124  54000000	nop; not filled.
  152  00001128  3c030000	lhi	r3,((LC1_LF0)>>16)&0xffff
  153  0000112c  24633008	addui	r3,r3,(LC1_LF0)&0xffff
  154  00001130  afa30000	sw	(r29),r3
  155  00001134  0c0003b4	jal	_Printf
  156  00001138  54000000	nop; not filled.
  157  0000113c  0c000460	jal	_Exit
  158  00001140  54000000	nop; not filled.
  159  00001144  23bd0008	addi	r29,r29,#8
  160  00001148  1040003c	beqz	r2,L15_LF0
  161  0000114c  54000000	nop; not filled.
  162  00001150  23bdfff8	addi	r29,r29,#-8
  163  00001154  afa40000	sw	(r29),r4
  164  00001158  0c000390	jal	_Printf
  165  0000115c  54000000	nop; not filled.
  166  00001160  8d0a0000	lw	r10,(r8)
  167  00001164  afaa0000	sw	(r29),r10
  168  00001168  0c000380	jal	_Printf
  169  0000116c  54000000	nop; not filled.
  170  00001170  afa30000	sw	(r29),r3
  171  00001174  0c000374	jal	_Printf
  172  00001178  54000000	nop; not filled.
  173  0000117c  0c000420	jal	_Exit
  174  00001180  54000000	nop; not filled.
  175  00001184  23bd0008	addi	r29,r29,#8
  176  00001188          	L15_LF0:
  177  00001188  23bdfff0	addi	r29,r29,#-16
  178  0000118c  8d0a0004	lw	r10,4(r8)
  179  00001190  afaa0000	sw	(r29),r10
  180  00001194  200a0000	addi	r10,r0,#0
  181  00001198  afaa0004	sw	4(r29),r10
  182  0000119c  200a000a	addi	r10,r0,#10
  183  000011a0  afaa0008	sw	8(r29),r10
  184  000011a4  0c000ca4	jal	_dstrtol
  185  000011a8  54000000	nop; not filled.
  186  000011ac  00013820	add	r7,r0,r1
  187  000011b0  3c0a0000	lhi	r10,((LC2_LF0)>>16)&0xffff
  188  000011b4  254a302c	addui	r10,r10,(LC2_LF0)&0xffff
  189  000011b8  afaa0000	sw	(r29),r10
  190  000011bc  afa70004	sw	4(r29),r7
  191  000011c0  0c000328	jal	_Printf
  192  000011c4  54000000	nop; not filled.
  193  000011c8  0c000344	jal	_shmget
  194  000011cc  54000000	nop; not filled.
  195  000011d0  00011820	add	r3,r0,r1
  196  000011d4  23bd0010	addi	r29,r29,#16
  197  000011d8  64610000	snei	r1,r3,#0
  198  000011dc  1420004c	bnez	r1,L16_LF0
  199  000011e0  54000000	nop; not filled.
  200  000011e4  23bdfff8	addi	r29,r29,#-8
  201  000011e8  3c0a0000	lhi	r10,((LC3_LF0)>>16)&0xffff
  202  000011ec  254a3044	addui	r10,r10,(LC3_LF0)&0xffff
  203  000011f0  afaa0000	sw	(r29),r10
  204  000011f4  0c0002f4	jal	_Printf
  205  000011f8  54000000	nop; not filled.
  206  000011fc  8d0a0000	lw	r10,(r8)
  207  00001200  afaa0000	sw	(r29),r10
  208  00001204  0c0002e4	jal	_Printf
  209  00001208  54000000	nop; not filled.
  210  0000120c  3c0a0000	lhi	r10,((LC4_LF0)>>16)&0xffff
  211  00001210  254a3078	addui	r10,r10,(LC4_LF0)&0xffff
  212  00001214  afaa0000	sw	(r29),r10
  213  00001218  0c0002d0	jal	_Printf
  214  0000121c  54000000	nop; not filled.
  215  00001220  0c00037c	jal	_Exit
  216  00001224  54000000	nop; not filled.
  217  00001228  23bd0008	addi	r29,r29,#8
  218  0000122c          	L16_LF0:
  219  0000122c  23bdfff8	addi	r29,r29,#-8
  220  00001230  afa30000	sw	(r29),r3
  221  00001234  0c0002e4	jal	_shmat
  222  00001238  54000000	nop; not filled.
  223  0000123c  00011020	add	r2,r0,r1
  224  00001240  23bd0008	addi	r29,r29,#8
  225  00001244  64410000	snei	r1,r2,#0
  226  00001248  1420004c	bnez	r1,L17_LF0
  227  0000124c  54000000	nop; not filled.
  228  00001250  23bdfff8	addi	r29,r29,#-8
  229  00001254  3c0a0000	lhi	r10,((LC5_LF0)>>16)&0xffff
  230  00001258  254a3088	addui	r10,r10,(LC5_LF0)&0xffff
  231  0000125c  afaa0000	sw	(r29),r10
  232  00001260  0c000288	jal	_Printf
  233  00001264  54000000	nop; not filled.
  234  00001268  8d0a0000	lw	r10,(r8)
  235  0000126c  afaa0000	sw	(r29),r10
  236  00001270  0c000278	jal	_Printf
  237  00001274  54000000	nop; not filled.
  238  00001278  3c0a0000	lhi	r10,((LC6_LF0)>>16)&0xffff
  239  0000127c  254a30c0	addui	r10,r10,(LC6_LF0)&0xffff
  240  00001280  afaa0000	sw	(r29),r10
  241  00001284  0c000264	jal	_Printf
  242  00001288  54000000	nop; not filled.
  243  0000128c  0c000310	jal	_Exit
  244  00001290  54000000	nop; not filled.
  245  00001294  23bd0008	addi	r29,r29,#8
  246  00001298          	L17_LF0:
  247  00001298  0c0002b0	jal	_lock_create
  248  0000129c  54000000	nop; not filled.
  249  000012a0  00014820	add	r9,r0,r1
  250  000012a4  ac470058	sw	88(r2),r7
  251  000012a8  23bdfff8	addi	r29,r29,#-8
  252  000012ac  20010001	addi	r1,r0,#1
  253  000012b0  00270822	sub	r1,r1,r7
  254  000012b4  afa10000	sw	(r29),r1
  255  000012b8  0c00026c	jal	_sem_create
  256  000012bc  54000000	nop; not filled.
  257  000012c0  00013020	add	r6,r0,r1
  258  000012c4  23bd0008	addi	r29,r29,#8
  259  000012c8  60c1ffff	seqi	r1,r6,#-1
  260  000012cc  1020004c	beqz	r1,L18_LF0
  261  000012d0  54000000	nop; not filled.
  262  000012d4  23bdfff8	addi	r29,r29,#-8
  263  000012d8  3c0a0000	lhi	r10,((LC7_LF0)>>16)&0xffff
  264  000012dc  254a30d0	addui	r10,r10,(LC7_LF0)&0xffff
  265  000012e0  afaa0000	sw	(r29),r10
  266  000012e4  0c000204	jal	_Printf
  267  000012e8  54000000	nop; not filled.
  268  000012ec  8d0a0000	lw	r10,(r8)
  269  000012f0  afaa0000	sw	(r29),r10
  270  000012f4  0c0001f4	jal	_Printf
  271  000012f8  54000000	nop; not filled.
  272  000012fc  3c0a0000	lhi	r10,((LC8_LF0)>>16)&0xffff
  273  00001300  254a30e4	addui	r10,r10,(LC8_LF0)&0xffff
  274  00001304  afaa0000	sw	(r29),r10
  275  00001308  0c0001e0	jal	_Printf
  276  0000130c  54000000	nop; not filled.
  277  00001310  0c00028c	jal	_Exit
  278  00001314  54000000	nop; not filled.
  279  00001318  23bd0008	addi	r29,r29,#8
  280  0000131c          	L18_LF0:
  281  0000131c  23bdfff8	addi	r29,r29,#-8
  282  00001320  afa30000	sw	(r29),r3
  283  00001324  23c5ffe8	addi	r5,r30,#-24
  284  00001328  afa50004	sw	4(r29),r5
  285  0000132c  0c000990	jal	_ditoa
  286  00001330  54000000	nop; not filled.
  287  00001334  afa60000	sw	(r29),r6
  288  00001338  23c4ffd8	addi	r4,r30,#-40
  289  0000133c  afa40004	sw	4(r29),r4
  290  00001340  0c00097c	jal	_ditoa
  291  00001344  54000000	nop; not filled.
  292  00001348  afa90000	sw	(r29),r9
  293  0000134c  23c3ffc8	addi	r3,r30,#-56
  294  00001350  afa30004	sw	4(r29),r3
  295  00001354  0c000968	jal	_ditoa
  296  00001358  54000000	nop; not filled.
  297  0000135c  200a0000	addi	r10,r0,#0
  298  00001360  ac4a0000	sw	(r2),r10
  299  00001364  ac4a0004	sw	4(r2),r10
  300  00001368  20020000	addi	r2,r0,#0
  301  0000136c  23bd0008	addi	r29,r29,#8
  302  00001370  0047082a	slt	r1,r2,r7
  303  00001374  1020009c	beqz	r1,L20_LF0
  304  00001378  54000000	nop; not filled.
  305  0000137c          	L22_LF0:
  306  0000137c  23bdffe8	addi	r29,r29,#-24
  307  00001380  3c0a0000	lhi	r10,((LC9_LF0)>>16)&0xffff
  308  00001384  254a30e8	addui	r10,r10,(LC9_LF0)&0xffff
  309  00001388  afaa0000	sw	(r29),r10
  310  0000138c  afa50004	sw	4(r29),r5
  311  00001390  afa40008	sw	8(r29),r4
  312  00001394  afa3000c	sw	12(r29),r3
  313  00001398  200a0000	addi	r10,r0,#0
  314  0000139c  afaa0010	sw	16(r29),r10
  315  000013a0  0c000160	jal	_process_create
  316  000013a4  54000000	nop; not filled.
  317  000013a8  3c0a0000	lhi	r10,((LC10_LF0)>>16)&0xffff
  318  000013ac  254a30fc	addui	r10,r10,(LC10_LF0)&0xffff
  319  000013b0  afaa0000	sw	(r29),r10
  320  000013b4  afa20004	sw	4(r29),r2
  321  000013b8  0c000130	jal	_Printf
  322  000013bc  54000000	nop; not filled.
  323  000013c0  3c0a0000	lhi	r10,((LC11_LF0)>>16)&0xffff
  324  000013c4  254a3114	addui	r10,r10,(LC11_LF0)&0xffff
  325  000013c8  afaa0000	sw	(r29),r10
  326  000013cc  afa50004	sw	4(r29),r5
  327  000013d0  afa40008	sw	8(r29),r4
  328  000013d4  afa3000c	sw	12(r29),r3
  329  000013d8  200a0000	addi	r10,r0,#0
  330  000013dc  afaa0010	sw	16(r29),r10
  331  000013e0  0c000120	jal	_process_create
  332  000013e4  54000000	nop; not filled.
  333  000013e8  3c0a0000	lhi	r10,((LC12_LF0)>>16)&0xffff
  334  000013ec  254a3128	addui	r10,r10,(LC12_LF0)&0xffff
  335  000013f0  afaa0000	sw	(r29),r10
  336  000013f4  afa20004	sw	4(r29),r2
  337  000013f8  0c0000f0	jal	_Printf
  338  000013fc  54000000	nop; not filled.
  339  00001400  23bd0018	addi	r29,r29,#24
  340  00001404  20420001	addi	r2,r2,#1
  341  00001408  0047082a	slt	r1,r2,r7
  342  0000140c  1420ff6c	bnez	r1,L22_LF0
  343  00001410  54000000	nop; not filled.
  344  00001414          	L20_LF0:
  345  00001414  23bdfff8	addi	r29,r29,#-8
  346  00001418  afa60000	sw	(r29),r6
  347  0000141c  0c000114	jal	_sem_wait
  348  00001420  54000000	nop; not filled.
  349  00001424  23bd0008	addi	r29,r29,#8
  350  00001428  64210001	snei	r1,r1,#1
  351  0000142c  10200050	beqz	r1,L24_LF0
  352  00001430  54000000	nop; not filled.
  353  00001434  23bdfff8	addi	r29,r29,#-8
  354  00001438  3c0a0000	lhi	r10,((LC13_LF0)>>16)&0xffff
  355  0000143c  254a3140	addui	r10,r10,(LC13_LF0)&0xffff
  356  00001440  afaa0000	sw	(r29),r10
  357  00001444  afa60004	sw	4(r29),r6
  358  00001448  0c0000a0	jal	_Printf
  359  0000144c  54000000	nop; not filled.
  360  00001450  8d080000	lw	r8,(r8)
  361  00001454  afa80000	sw	(r29),r8
  362  00001458  0c000090	jal	_Printf
  363  0000145c  54000000	nop; not filled.
  364  00001460  3c0a0000	lhi	r10,((LC8_LF0)>>16)&0xffff
  365  00001464  254a30e4	addui	r10,r10,(LC8_LF0)&0xffff
  366  00001468  afaa0000	sw	(r29),r10
  367  0000146c  0c00007c	jal	_Printf
  368  00001470  54000000	nop; not filled.
  369  00001474  0c000128	jal	_Exit
  370  00001478  54000000	nop; not filled.
  371  0000147c  23bd0008	addi	r29,r29,#8
  372  00001480          	L24_LF0:
  373  00001480  23bdfff8	addi	r29,r29,#-8
  374  00001484  3c0a0000	lhi	r10,((LC14_LF0)>>16)&0xffff
  375  00001488  254a316c	addui	r10,r10,(LC14_LF0)&0xffff
  376  0000148c  afaa0000	sw	(r29),r10
  377  00001490  0c000058	jal	_Printf
  378  00001494  54000000	nop; not filled.
  379  00001498  23bd0008	addi	r29,r29,#8
  380  0000149c  0c000e48	jal	_exit
  381  000014a0  54000000	nop
  382  000014a4          	.endproc _main
  383                      ;;;
  384                      ;;; Stub functions for DLX traps.
  385                      ;;;
  386                      ;;; Ethan L. Miller, 1999.  Released to the public domain.
  387                      ;;;
  388                      ;;; The traps such as Open and Close
  389                      ;;; (note the capital letters) are for use by user programs.  The traps
  390                      ;;; with names such as open and close (lower case) are for use by the OS.
  391                      ;;;
  394  000014a4          	.align 2
  396                      ;;; The following are the traps to be used by user-level programs
  397                      ;;;
  399  000014a4          	.align 2
  400  000014a4          	.proc _Open
  401  000014a4          	.global _Open
  402  000014a4          	_Open:
  403                      ;;; Note that trap #0x213 actually causes a trap vector in the OS of
  404                      ;;; 0x1213.  The same is true for other user traps.  Thus, a user trap
  405                      ;;; with trap #0x240 will result in a trap vector of 0x1240 in the OS.
  406  000014a4  44000213	trap	#0x213
  407  000014a8  4be00000	jr	r31
  408  000014ac  54000000	nop
  409  000014b0          	.endproc _Open
  411  000014b0          	.proc _Close
  412  000014b0          	.global _Close
  413  000014b0          	_Close:
  414  000014b0  44000214	trap	#0x214
  415  000014b4  4be00000	jr	r31
  416  000014b8  54000000	nop
  417  000014bc          	.endproc _Close
  419  000014bc          	.proc _Read
  420  000014bc          	.global _Read
  421  000014bc          	_Read:
  422  000014bc  44000210	trap	#0x210
  423  000014c0  4be00000	jr	r31
  424  000014c4  54000000	nop
  425  000014c8          	.endproc _Read
  427  000014c8          	.proc _Write
  428  000014c8          	.global _Write
  429  000014c8          	_Write:
  430  000014c8  44000211	trap	#0x211
  431  000014cc  4be00000	jr	r31
  432  000014d0  54000000	nop
  433  000014d4          	.endproc _Write
  435  000014d4          	.proc _Lseek
  436  000014d4          	.global _Lseek
  437  000014d4          	_Lseek:
  438  000014d4  44000212	trap	#0x212
  439  000014d8  4be00000	jr	r31
  440  000014dc  54000000	nop
  441  000014e0          	.endproc _Lseek
  443  000014e0          	.proc _Putchar
  444  000014e0          	.global _Putchar
  445  000014e0          	_Putchar:
  446  000014e0  44000280	trap	#0x280
  447  000014e4  4be00000	jr	r31
  448  000014e8  54000000	nop
  449  000014ec          	.endproc _Putchar
  451  000014ec          	.proc _Printf
  452  000014ec          	.global _Printf
  453  000014ec          	_Printf:
  454  000014ec  44000201	trap	#0x201
  455  000014f0  4be00000	jr	r31
  456  000014f4  54000000	nop
  457  000014f8          	.endproc _Printf
  459  000014f8          	.proc _getpid
  460  000014f8          	.global _getpid
  461  000014f8          	_getpid:
  462  000014f8  44000431	trap	#0x431
  463  000014fc  4be00000	jr	r31
  464  00001500  54000000	nop
  465  00001504          	.endproc _getpid
  467  00001504          	.proc _process_create
  468  00001504          	.global _process_create
  469  00001504          	_process_create:
  470  00001504  44000432	trap	#0x432
  471  00001508  4be00000	jr	r31
  472  0000150c  54000000	nop
  473  00001510          	.endproc _process_create
  475  00001510          	.proc _shmget
  476  00001510          	.global _shmget
  477  00001510          	_shmget:
  478  00001510  44000440	trap	#0x440
  479  00001514  4be00000	jr	r31
  480  00001518  54000000	nop
  481  0000151c          	.endproc _shmget
  483  0000151c          	.proc _shmat
  484  0000151c          	.global _shmat
  485  0000151c          	_shmat:
  486  0000151c  44000441	trap	#0x441
  487  00001520  4be00000	jr	r31
  488  00001524  54000000	nop
  489  00001528          	.endproc _shmat
  491  00001528          	.proc _sem_create
  492  00001528          	.global _sem_create
  493  00001528          	_sem_create:
  494  00001528  44000450	trap	#0x450
  495  0000152c  4be00000	jr	r31
  496  00001530  54000000	nop
  497  00001534          	.endproc _sem_create
  499  00001534          	.proc _sem_wait
  500  00001534          	.global _sem_wait
  501  00001534          	_sem_wait:
  502  00001534  44000451	trap	#0x451
  503  00001538  4be00000	jr	r31
  504  0000153c  54000000	nop
  505  00001540          	.endproc _sem_wait
  507  00001540          	.proc _sem_signal
  508  00001540          	.global _sem_signal
  509  00001540          	_sem_signal:
  510  00001540  44000452	trap	#0x452
  511  00001544  4be00000	jr	r31
  512  00001548  54000000	nop
  513  0000154c          	.endproc _sem_signal
  515  0000154c          	.proc _lock_create
  516  0000154c          	.global _lock_create
  517  0000154c          	_lock_create:
  518  0000154c  44000453	trap	#0x453
  519  00001550  4be00000	jr	r31
  520  00001554  54000000	nop
  521  00001558          	.endproc _lock_create
  523  00001558          	.proc _lock_acquire
  524  00001558          	.global _lock_acquire
  525  00001558          	_lock_acquire:
  526  00001558  44000454	trap	#0x454
  527  0000155c  4be00000	jr	r31
  528  00001560  54000000	nop
  529  00001564          	.endproc _lock_acquire
  531  00001564          	.proc _lock_release
  532  00001564          	.global _lock_release
  533  00001564          	_lock_release:
  534  00001564  44000455	trap	#0x455
  535  00001568  4be00000	jr	r31
  536  0000156c  54000000	nop
  537  00001570          	.endproc _lock_release
  539  00001570          	.proc _cond_create
  540  00001570          	.global _cond_create
  541  00001570          	_cond_create:
  542  00001570  44000456	trap	#0x456
  543  00001574  4be00000	jr	r31
  544  00001578  54000000	nop
  545  0000157c          	.endproc _cond_create
  547  0000157c          	.proc _cond_wait
  548  0000157c          	.global _cond_wait
  549  0000157c          	_cond_wait:
  550  0000157c  44000457	trap	#0x457
  551  00001580  4be00000	jr	r31
  552  00001584  54000000	nop
  553  00001588          	.endproc _cond_wait
  555  00001588          	.proc _cond_signal
  556  00001588          	.global _cond_signal
  557  00001588          	_cond_signal:
  558  00001588  44000458	trap	#0x458
  559  0000158c  4be00000	jr	r31
  560  00001590  54000000	nop
  561  00001594          	.endproc _cond_signal
  563  00001594          	.proc _cond_broadcast
  564  00001594          	.global _cond_broadcast
  565  00001594          	_cond_broadcast:
  566  00001594  44000459	trap	#0x459
  567  00001598  4be00000	jr	r31
  568  0000159c  54000000	nop
  569  000015a0          	.endproc _cond_broadcast
  571  000015a0          	.proc _Exit
  572  000015a0          	.global _Exit
  573  000015a0          	_Exit:
  574  000015a0  44000500	trap	#0x500
  575  000015a4  4be00000	jr	r31
  576  000015a8  54000000	nop
  577  000015ac          	.endproc _Exit
  578                      ; Compiled by GCC
  580  000015ac          	.align 2
  581  000015ac          	.proc _isspace
  582  000015ac          	.global _isspace
  583  000015ac          	_isspace:
  584                      ;  Function 'isspace'; 0 bytes of locals, 3 regs to save.
  585  000015ac  afbefffc	sw	-4(r29),r30; push fp
  586  000015b0  001df020	add	r30,r0,r29; fp = sp
  587  000015b4  afbffff8	sw	-8(r29),r31; push ret addr
  588  000015b8  2fbd0018	subui	r29,r29,#24; alloc local storage
  589  000015bc  afa20000	sw	0(r29),r2
  590  000015c0  afa30004	sw	4(r29),r3
  591  000015c4  afa40008	sw	8(r29),r4
  592  000015c8  83c20003	lb	r2,3(r30)
  593  000015cc  20010000	addi	r1,r0,#0
  594  000015d0  304300ff	andi	r3,r2,#0x00ff
  595  000015d4  60640020	seqi	r4,r3,#32
  596  000015d8  1480002c	bnez	r4,L3_LF2
  597  000015dc  54000000	nop; delay slot nop
  598  000015e0  304300ff	andi	r3,r2,#0x00ff
  599  000015e4  60640009	seqi	r4,r3,#9
  600  000015e8  1480001c	bnez	r4,L3_LF2
  601  000015ec  54000000	nop; delay slot nop
  602  000015f0  304300ff	andi	r3,r2,#0x00ff
  603  000015f4  6064000a	seqi	r4,r3,#10
  604  000015f8  1480000c	bnez	r4,L3_LF2
  605  000015fc  54000000	nop; delay slot nop
  606  00001600  08000008	j	L2_LF2
  607  00001604  54000000	nop; delay slot nop
  608  00001608          	L3_LF2:
  609  00001608  20010001	addi	r1,r0,#1
  610  0000160c          	L2_LF2:
  611  0000160c  08000004	j	L1_LF2
  612  00001610  54000000	nop; delay slot nop
  613  00001614          	L1_LF2:
  614  00001614  8fa20000	lw	r2,0(r29)
  615  00001618  8fa30004	lw	r3,4(r29)
  616  0000161c  8fa40008	lw	r4,8(r29)
  617  00001620  8fdffff8	lw	r31,-8(r30)
  618  00001624  001ee820	add	r29,r0,r30
  619  00001628  8fdefffc	lw	r30,-4(r30)
  620  0000162c  4be00000	jr	r31
  621  00001630  54000000	nop
  622  00001634          	.endproc _isspace
  623  00001634          	.align 2
  624  00001634          	.proc _isxdigit
  625  00001634          	.global _isxdigit
  626  00001634          	_isxdigit:
  627                      ;  Function 'isxdigit'; 0 bytes of locals, 3 regs to save.
  628  00001634  afbefffc	sw	-4(r29),r30; push fp
  629  00001638  001df020	add	r30,r0,r29; fp = sp
  630  0000163c  afbffff8	sw	-8(r29),r31; push ret addr
  631  00001640  2fbd0018	subui	r29,r29,#24; alloc local storage
  632  00001644  afa20000	sw	0(r29),r2
  633  00001648  afa30004	sw	4(r29),r3
  634  0000164c  afa40008	sw	8(r29),r4
  635  00001650  83c20003	lb	r2,3(r30)
  636  00001654  20010000	addi	r1,r0,#0
  637  00001658  304300ff	andi	r3,r2,#0x00ff
  638  0000165c  6c64002f	sgtui	r4,r3,#47
  639  00001660  1080001c	beqz	r4,L7_LF2
  640  00001664  54000000	nop; delay slot nop
  641  00001668  304300ff	andi	r3,r2,#0x00ff
  642  0000166c  70640039	sleui	r4,r3,#57
  643  00001670  1480005c	bnez	r4,L6_LF2
  644  00001674  54000000	nop; delay slot nop
  645  00001678  08000004	j	L7_LF2
  646  0000167c  54000000	nop; delay slot nop
  647  00001680          	L7_LF2:
  648  00001680  304300ff	andi	r3,r2,#0x00ff
  649  00001684  6c640060	sgtui	r4,r3,#96
  650  00001688  1080001c	beqz	r4,L8_LF2
  651  0000168c  54000000	nop; delay slot nop
  652  00001690  304300ff	andi	r3,r2,#0x00ff
  653  00001694  70640066	sleui	r4,r3,#102
  654  00001698  14800034	bnez	r4,L6_LF2
  655  0000169c  54000000	nop; delay slot nop
  656  000016a0  08000004	j	L8_LF2
  657  000016a4  54000000	nop; delay slot nop
  658  000016a8          	L8_LF2:
  659  000016a8  304300ff	andi	r3,r2,#0x00ff
  660  000016ac  6c640040	sgtui	r4,r3,#64
  661  000016b0  10800020	beqz	r4,L5_LF2
  662  000016b4  54000000	nop; delay slot nop
  663  000016b8  304300ff	andi	r3,r2,#0x00ff
  664  000016bc  70640041	sleui	r4,r3,#65
  665  000016c0  1480000c	bnez	r4,L6_LF2
  666  000016c4  54000000	nop; delay slot nop
  667  000016c8  08000008	j	L5_LF2
  668  000016cc  54000000	nop; delay slot nop
  669  000016d0          	L6_LF2:
  670  000016d0  20010001	addi	r1,r0,#1
  671  000016d4          	L5_LF2:
  672  000016d4  08000004	j	L4_LF2
  673  000016d8  54000000	nop; delay slot nop
  674  000016dc          	L4_LF2:
  675  000016dc  8fa20000	lw	r2,0(r29)
  676  000016e0  8fa30004	lw	r3,4(r29)
  677  000016e4  8fa40008	lw	r4,8(r29)
  678  000016e8  8fdffff8	lw	r31,-8(r30)
  679  000016ec  001ee820	add	r29,r0,r30
  680  000016f0  8fdefffc	lw	r30,-4(r30)
  681  000016f4  4be00000	jr	r31
  682  000016f8  54000000	nop
  683  000016fc          	.endproc _isxdigit
  684  000016fc          	.align 2
  685  000016fc          	.proc _dstrcpy
  686  000016fc          	.global _dstrcpy
  687  000016fc          	_dstrcpy:
  688                      ;  Function 'dstrcpy'; 8 bytes of locals, 2 regs to save.
  689  000016fc  afbefffc	sw	-4(r29),r30; push fp
  690  00001700  001df020	add	r30,r0,r29; fp = sp
  691  00001704  afbffff8	sw	-8(r29),r31; push ret addr
  692  00001708  2fbd0018	subui	r29,r29,#24; alloc local storage
  693  0000170c  afa20000	sw	0(r29),r2
  694  00001710  afa30004	sw	4(r29),r3
  695  00001714  8fc10000	lw	r1,(r30)
  696  00001718  afc1fff4	sw	-12(r30),r1
  697  0000171c          	L10_LF2:
  698  0000171c  8fc10000	lw	r1,(r30)
  699  00001720  20220001	addi	r2,r1,#1
  700  00001724  afc20000	sw	(r30),r2
  701  00001728  8fc20004	lw	r2,4(r30)
  702  0000172c  20430001	addi	r3,r2,#1
  703  00001730  afc30004	sw	4(r30),r3
  704  00001734  80420000	lb	r2,(r2)
  705  00001738  a0220000	sb	(r1),r2
  706  0000173c  a3c2fff3	sb	-13(r30),r2
  707  00001740          	L12_LF2:
  708  00001740  93c1fff3	lbu	r1,-13(r30)
  709  00001744  64220000	snei	r2,r1,#0
  710  00001748  1440000c	bnez	r2,L13_LF2
  711  0000174c  54000000	nop; delay slot nop
  712  00001750  0800000c	j	L11_LF2
  713  00001754  54000000	nop; delay slot nop
  714  00001758          	L13_LF2:
  715  00001758  0bffffc0	j	L10_LF2
  716  0000175c  54000000	nop; delay slot nop
  717  00001760          	L11_LF2:
  718  00001760  8fc1fff4	lw	r1,-12(r30)
  719  00001764  08000004	j	L9_LF2
  720  00001768  54000000	nop; delay slot nop
  721  0000176c          	L9_LF2:
  722  0000176c  8fa20000	lw	r2,0(r29)
  723  00001770  8fa30004	lw	r3,4(r29)
  724  00001774  8fdffff8	lw	r31,-8(r30)
  725  00001778  001ee820	add	r29,r0,r30
  726  0000177c  8fdefffc	lw	r30,-4(r30)
  727  00001780  4be00000	jr	r31
  728  00001784  54000000	nop
  729  00001788          	.endproc _dstrcpy
  730  00001788          	.align 2
  731  00001788          	.proc _dstrncpy
  732  00001788          	.global _dstrncpy
  733  00001788          	_dstrncpy:
  734                      ;  Function 'dstrncpy'; 8 bytes of locals, 2 regs to save.
  735  00001788  afbefffc	sw	-4(r29),r30; push fp
  736  0000178c  001df020	add	r30,r0,r29; fp = sp
  737  00001790  afbffff8	sw	-8(r29),r31; push ret addr
  738  00001794  2fbd0018	subui	r29,r29,#24; alloc local storage
  739  00001798  afa20000	sw	0(r29),r2
  740  0000179c  afa30004	sw	4(r29),r3
  741  000017a0  8fc10000	lw	r1,(r30)
  742  000017a4  afc1fff4	sw	-12(r30),r1
  743  000017a8          	L15_LF2:
  744  000017a8  8fc10008	lw	r1,8(r30)
  745  000017ac  2022ffff	addi	r2,r1,#-1
  746  000017b0  afc20008	sw	8(r30),r2
  747  000017b4  70210000	slei	r1,r1,#0
  748  000017b8  1020000c	beqz	r1,L18_LF2
  749  000017bc  54000000	nop; delay slot nop
  750  000017c0  08000048	j	L16_LF2
  751  000017c4  54000000	nop; delay slot nop
  752  000017c8          	L18_LF2:
  753  000017c8  8fc10000	lw	r1,(r30)
  754  000017cc  20220001	addi	r2,r1,#1
  755  000017d0  afc20000	sw	(r30),r2
  756  000017d4  8fc20004	lw	r2,4(r30)
  757  000017d8  20430001	addi	r3,r2,#1
  758  000017dc  afc30004	sw	4(r30),r3
  759  000017e0  80420000	lb	r2,(r2)
  760  000017e4  a0220000	sb	(r1),r2
  761  000017e8  a3c2fff3	sb	-13(r30),r2
  762  000017ec          	L17_LF2:
  763  000017ec  93c1fff3	lbu	r1,-13(r30)
  764  000017f0  64220000	snei	r2,r1,#0
  765  000017f4  1440000c	bnez	r2,L19_LF2
  766  000017f8  54000000	nop; delay slot nop
  767  000017fc  0800000c	j	L16_LF2
  768  00001800  54000000	nop; delay slot nop
  769  00001804          	L19_LF2:
  770  00001804  0bffffa0	j	L15_LF2
  771  00001808  54000000	nop; delay slot nop
  772  0000180c          	L16_LF2:
  773  0000180c  8fc1fff4	lw	r1,-12(r30)
  774  00001810  08000004	j	L14_LF2
  775  00001814  54000000	nop; delay slot nop
  776  00001818          	L14_LF2:
  777  00001818  8fa20000	lw	r2,0(r29)
  778  0000181c  8fa30004	lw	r3,4(r29)
  779  00001820  8fdffff8	lw	r31,-8(r30)
  780  00001824  001ee820	add	r29,r0,r30
  781  00001828  8fdefffc	lw	r30,-4(r30)
  782  0000182c  4be00000	jr	r31
  783  00001830  54000000	nop
  784  00001834          	.endproc _dstrncpy
  785  00001834          	.align 2
  786  00001834          	.proc _dstrcat
  787  00001834          	.global _dstrcat
  788  00001834          	_dstrcat:
  789                      ;  Function 'dstrcat'; 8 bytes of locals, 1 regs to save.
  790  00001834  afbefffc	sw	-4(r29),r30; push fp
  791  00001838  001df020	add	r30,r0,r29; fp = sp
  792  0000183c  afbffff8	sw	-8(r29),r31; push ret addr
  793  00001840  2fbd0018	subui	r29,r29,#24; alloc local storage
  794  00001844  afa20000	sw	0(r29),r2
  795  00001848  8fc10000	lw	r1,(r30)
  796  0000184c  afc1fff4	sw	-12(r30),r1
  797  00001850          	L21_LF2:
  798  00001850  8fc10000	lw	r1,(r30)
  799  00001854  90220000	lbu	r2,(r1)
  800  00001858  64410000	snei	r1,r2,#0
  801  0000185c  1420000c	bnez	r1,L23_LF2
  802  00001860  54000000	nop; delay slot nop
  803  00001864  0800001c	j	L22_LF2
  804  00001868  54000000	nop; delay slot nop
  805  0000186c          	L23_LF2:
  806  0000186c  8fc20000	lw	r2,(r30)
  807  00001870  20410001	addi	r1,r2,#1
  808  00001874  00011020	add	r2,r0,r1
  809  00001878  afc20000	sw	(r30),r2
  810  0000187c  0bffffd0	j	L21_LF2
  811  00001880  54000000	nop; delay slot nop
  812  00001884          	L22_LF2:
  813  00001884  23bdfff8	addi	r29,r29,#-8
  814  00001888  001d0820	add	r1,r0,r29
  815  0000188c  8fc20000	lw	r2,(r30)
  816  00001890  ac220000	sw	(r1),r2
  817  00001894  8fc20004	lw	r2,4(r30)
  818  00001898  ac220004	sw	4(r1),r2
  819  0000189c  0ffffe5c	jal	_dstrcpy
  820  000018a0  54000000	nop; delay slot nop
  821  000018a4  23bd0008	addi	r29,r29,#8
  822  000018a8  8fc1fff4	lw	r1,-12(r30)
  823  000018ac  08000004	j	L20_LF2
  824  000018b0  54000000	nop; delay slot nop
  825  000018b4          	L20_LF2:
  826  000018b4  8fa20000	lw	r2,0(r29)
  827  000018b8  8fdffff8	lw	r31,-8(r30)
  828  000018bc  001ee820	add	r29,r0,r30
  829  000018c0  8fdefffc	lw	r30,-4(r30)
  830  000018c4  4be00000	jr	r31
  831  000018c8  54000000	nop
  832  000018cc          	.endproc _dstrcat
  833  000018cc          	.align 2
  834  000018cc          	.proc _dstrncmp
  835  000018cc          	.global _dstrncmp
  836  000018cc          	_dstrncmp:
  837                      ;  Function 'dstrncmp'; 8 bytes of locals, 2 regs to save.
  838  000018cc  afbefffc	sw	-4(r29),r30; push fp
  839  000018d0  001df020	add	r30,r0,r29; fp = sp
  840  000018d4  afbffff8	sw	-8(r29),r31; push ret addr
  841  000018d8  2fbd0018	subui	r29,r29,#24; alloc local storage
  842  000018dc  afa20000	sw	0(r29),r2
  843  000018e0  afa30004	sw	4(r29),r3
  844  000018e4  54000000	nop
  845  000018e8  20010000	addi	r1,r0,#0
  846  000018ec  afc1fff4	sw	-12(r30),r1
  847  000018f0          	L25_LF2:
  848  000018f0  8fc1fff4	lw	r1,-12(r30)
  849  000018f4  8fc20008	lw	r2,8(r30)
  850  000018f8  0022082a	slt	r1,r1,r2
  851  000018fc  1420000c	bnez	r1,L28_LF2
  852  00001900  54000000	nop; delay slot nop
  853  00001904  08000088	j	L26_LF2
  854  00001908  54000000	nop; delay slot nop
  855  0000190c          	L28_LF2:
  856  0000190c  8fc10004	lw	r1,4(r30)
  857  00001910  90220000	lbu	r2,(r1)
  858  00001914  64410000	snei	r1,r2,#0
  859  00001918  14200018	bnez	r1,L29_LF2
  860  0000191c  54000000	nop; delay slot nop
  861  00001920  20010000	addi	r1,r0,#0
  862  00001924  080000d8	j	L24_LF2
  863  00001928  54000000	nop; delay slot nop
  864  0000192c  08000028	j	L30_LF2
  865  00001930  54000000	nop; delay slot nop
  866  00001934          	L29_LF2:
  867  00001934  8fc10000	lw	r1,(r30)
  868  00001938  8fc20004	lw	r2,4(r30)
  869  0000193c  90210000	lbu	r1,(r1)
  870  00001940  90420000	lbu	r2,(r2)
  871  00001944  00220829	sne	r1,r1,r2
  872  00001948  1020000c	beqz	r1,L30_LF2
  873  0000194c  54000000	nop; delay slot nop
  874  00001950  0800003c	j	L26_LF2
  875  00001954  54000000	nop; delay slot nop
  876  00001958          	L31_LF2:
  877  00001958          	L30_LF2:
  878  00001958  8fc20000	lw	r2,(r30)
  879  0000195c  20410001	addi	r1,r2,#1
  880  00001960  00011020	add	r2,r0,r1
  881  00001964  afc20000	sw	(r30),r2
  882  00001968  8fc20004	lw	r2,4(r30)
  883  0000196c  20410001	addi	r1,r2,#1
  884  00001970  00011020	add	r2,r0,r1
  885  00001974  afc20004	sw	4(r30),r2
  886  00001978          	L27_LF2:
  887  00001978  8fc2fff4	lw	r2,-12(r30)
  888  0000197c  20410001	addi	r1,r2,#1
  889  00001980  00011020	add	r2,r0,r1
  890  00001984  afc2fff4	sw	-12(r30),r2
  891  00001988  0bffff64	j	L25_LF2
  892  0000198c  54000000	nop; delay slot nop
  893  00001990          	L26_LF2:
  894  00001990  8fc1fff4	lw	r1,-12(r30)
  895  00001994  8fc20008	lw	r2,8(r30)
  896  00001998  00220828	seq	r1,r1,r2
  897  0000199c  10200018	beqz	r1,L32_LF2
  898  000019a0  54000000	nop; delay slot nop
  899  000019a4  20010000	addi	r1,r0,#0
  900  000019a8  08000054	j	L24_LF2
  901  000019ac  54000000	nop; delay slot nop
  902  000019b0  0800004c	j	L33_LF2
  903  000019b4  54000000	nop; delay slot nop
  904  000019b8          	L32_LF2:
  905  000019b8  8fc20000	lw	r2,(r30)
  906  000019bc  90410000	lbu	r1,(r2)
  907  000019c0  8fc20004	lw	r2,4(r30)
  908  000019c4  90430000	lbu	r3,(r2)
  909  000019c8  00230822	sub	r1,r1,r3
  910  000019cc  74220000	sgei	r2,r1,#0
  911  000019d0  10400020	beqz	r2,L34_LF2
  912  000019d4  54000000	nop; delay slot nop
  913  000019d8  8fc10000	lw	r1,(r30)
  914  000019dc  8fc20004	lw	r2,4(r30)
  915  000019e0  90210000	lbu	r1,(r1)
  916  000019e4  90420000	lbu	r2,(r2)
  917  000019e8  00220829	sne	r1,r1,r2
  918  000019ec  08000008	j	L35_LF2
  919  000019f0  54000000	nop; delay slot nop
  920  000019f4          	L34_LF2:
  921  000019f4  2001ffff	addi	r1,r0,#-1
  922  000019f8          	L35_LF2:
  923  000019f8  08000004	j	L24_LF2
  924  000019fc  54000000	nop; delay slot nop
  925  00001a00          	L33_LF2:
  926  00001a00          	L24_LF2:
  927  00001a00  8fa20000	lw	r2,0(r29)
  928  00001a04  8fa30004	lw	r3,4(r29)
  929  00001a08  8fdffff8	lw	r31,-8(r30)
  930  00001a0c  001ee820	add	r29,r0,r30
  931  00001a10  8fdefffc	lw	r30,-4(r30)
  932  00001a14  4be00000	jr	r31
  933  00001a18  54000000	nop
  934  00001a1c          	.endproc _dstrncmp
  935  00001a1c          	.align 2
  936  00001a1c          	.proc _dstrlen
  937  00001a1c          	.global _dstrlen
  938  00001a1c          	_dstrlen:
  939                      ;  Function 'dstrlen'; 8 bytes of locals, 1 regs to save.
  940  00001a1c  afbefffc	sw	-4(r29),r30; push fp
  941  00001a20  001df020	add	r30,r0,r29; fp = sp
  942  00001a24  afbffff8	sw	-8(r29),r31; push ret addr
  943  00001a28  2fbd0018	subui	r29,r29,#24; alloc local storage
  944  00001a2c  afa20000	sw	0(r29),r2
  945  00001a30  20010000	addi	r1,r0,#0
  946  00001a34  afc1fff4	sw	-12(r30),r1
  947  00001a38          	L37_LF2:
  948  00001a38  8fc10000	lw	r1,(r30)
  949  00001a3c  20220001	addi	r2,r1,#1
  950  00001a40  afc20000	sw	(r30),r2
  951  00001a44  90210000	lbu	r1,(r1)
  952  00001a48  64220000	snei	r2,r1,#0
  953  00001a4c  1440000c	bnez	r2,L39_LF2
  954  00001a50  54000000	nop; delay slot nop
  955  00001a54  0800001c	j	L38_LF2
  956  00001a58  54000000	nop; delay slot nop
  957  00001a5c          	L39_LF2:
  958  00001a5c  8fc2fff4	lw	r2,-12(r30)
  959  00001a60  20410001	addi	r1,r2,#1
  960  00001a64  00011020	add	r2,r0,r1
  961  00001a68  afc2fff4	sw	-12(r30),r2
  962  00001a6c  0bffffc8	j	L37_LF2
  963  00001a70  54000000	nop; delay slot nop
  964  00001a74          	L38_LF2:
  965  00001a74  8fc1fff4	lw	r1,-12(r30)
  966  00001a78  08000004	j	L36_LF2
  967  00001a7c  54000000	nop; delay slot nop
  968  00001a80          	L36_LF2:
  969  00001a80  8fa20000	lw	r2,0(r29)
  970  00001a84  8fdffff8	lw	r31,-8(r30)
  971  00001a88  001ee820	add	r29,r0,r30
  972  00001a8c  8fdefffc	lw	r30,-4(r30)
  973  00001a90  4be00000	jr	r31
  974  00001a94  54000000	nop
  975  00001a98          	.endproc _dstrlen
  976  00001a98          	.align 2
  977  00001a98          	.proc _dstrstr
  978  00001a98          	.global _dstrstr
  979  00001a98          	_dstrstr:
  980                      ;  Function 'dstrstr'; 8 bytes of locals, 1 regs to save.
  981  00001a98  afbefffc	sw	-4(r29),r30; push fp
  982  00001a9c  001df020	add	r30,r0,r29; fp = sp
  983  00001aa0  afbffff8	sw	-8(r29),r31; push ret addr
  984  00001aa4  2fbd0018	subui	r29,r29,#24; alloc local storage
  985  00001aa8  afa20000	sw	0(r29),r2
  986  00001aac  23bdfff8	addi	r29,r29,#-8
  987  00001ab0  001d0820	add	r1,r0,r29
  988  00001ab4  8fc20004	lw	r2,4(r30)
  989  00001ab8  ac220000	sw	(r1),r2
  990  00001abc  0fffff5c	jal	_dstrlen
  991  00001ac0  54000000	nop; delay slot nop
  992  00001ac4  23bd0008	addi	r29,r29,#8
  993  00001ac8  afc1fff4	sw	-12(r30),r1
  994  00001acc          	L41_LF2:
  995  00001acc  8fc10000	lw	r1,(r30)
  996  00001ad0  90220000	lbu	r2,(r1)
  997  00001ad4  64410000	snei	r1,r2,#0
  998  00001ad8  1420000c	bnez	r1,L43_LF2
  999  00001adc  54000000	nop; delay slot nop
 1000  00001ae0  08000060	j	L42_LF2
 1001  00001ae4  54000000	nop; delay slot nop
 1002  00001ae8          	L43_LF2:
 1003  00001ae8  23bdfff0	addi	r29,r29,#-16
 1004  00001aec  001d0820	add	r1,r0,r29
 1005  00001af0  8fc20000	lw	r2,(r30)
 1006  00001af4  ac220000	sw	(r1),r2
 1007  00001af8  8fc20004	lw	r2,4(r30)
 1008  00001afc  ac220004	sw	4(r1),r2
 1009  00001b00  8fc2fff4	lw	r2,-12(r30)
 1010  00001b04  ac220008	sw	8(r1),r2
 1011  00001b08  0ffffdc0	jal	_dstrncmp
 1012  00001b0c  54000000	nop; delay slot nop
 1013  00001b10  23bd0010	addi	r29,r29,#16
 1014  00001b14  64220000	snei	r2,r1,#0
 1015  00001b18  14400010	bnez	r2,L44_LF2
 1016  00001b1c  54000000	nop; delay slot nop
 1017  00001b20  8fc10000	lw	r1,(r30)
 1018  00001b24  08000028	j	L40_LF2
 1019  00001b28  54000000	nop; delay slot nop
 1020  00001b2c          	L44_LF2:
 1021  00001b2c  8fc20000	lw	r2,(r30)
 1022  00001b30  20410001	addi	r1,r2,#1
 1023  00001b34  00011020	add	r2,r0,r1
 1024  00001b38  afc20000	sw	(r30),r2
 1025  00001b3c  0bffff8c	j	L41_LF2
 1026  00001b40  54000000	nop; delay slot nop
 1027  00001b44          	L42_LF2:
 1028  00001b44  20010000	addi	r1,r0,#0
 1029  00001b48  08000004	j	L40_LF2
 1030  00001b4c  54000000	nop; delay slot nop
 1031  00001b50          	L40_LF2:
 1032  00001b50  8fa20000	lw	r2,0(r29)
 1033  00001b54  8fdffff8	lw	r31,-8(r30)
 1034  00001b58  001ee820	add	r29,r0,r30
 1035  00001b5c  8fdefffc	lw	r30,-4(r30)
 1036  00001b60  4be00000	jr	r31
 1037  00001b64  54000000	nop
 1038  00001b68          	.endproc _dstrstr
 1039  00001b68          	.align 2
 1040  00001b68          	.proc _dmindex
 1041  00001b68          	.global _dmindex
 1042  00001b68          	_dmindex:
 1043                      ;  Function 'dmindex'; 8 bytes of locals, 1 regs to save.
 1044  00001b68  afbefffc	sw	-4(r29),r30; push fp
 1045  00001b6c  001df020	add	r30,r0,r29; fp = sp
 1046  00001b70  afbffff8	sw	-8(r29),r31; push ret addr
 1047  00001b74  2fbd0018	subui	r29,r29,#24; alloc local storage
 1048  00001b78  afa20000	sw	0(r29),r2
 1049  00001b7c  54000000	nop
 1050  00001b80          	L46_LF2:
 1051  00001b80  8fc10000	lw	r1,(r30)
 1052  00001b84  90220000	lbu	r2,(r1)
 1053  00001b88  64410000	snei	r1,r2,#0
 1054  00001b8c  1420000c	bnez	r1,L48_LF2
 1055  00001b90  54000000	nop; delay slot nop
 1056  00001b94  08000070	j	L47_LF2
 1057  00001b98  54000000	nop; delay slot nop
 1058  00001b9c          	L48_LF2:
 1059  00001b9c  8fc10004	lw	r1,4(r30)
 1060  00001ba0  afc1fff4	sw	-12(r30),r1
 1061  00001ba4          	L49_LF2:
 1062  00001ba4  8fc1fff4	lw	r1,-12(r30)
 1063  00001ba8  90220000	lbu	r2,(r1)
 1064  00001bac  64410000	snei	r1,r2,#0
 1065  00001bb0  1420000c	bnez	r1,L52_LF2
 1066  00001bb4  54000000	nop; delay slot nop
 1067  00001bb8  08000044	j	L50_LF2
 1068  00001bbc  54000000	nop; delay slot nop
 1069  00001bc0          	L52_LF2:
 1070  00001bc0  8fc10000	lw	r1,(r30)
 1071  00001bc4  8fc2fff4	lw	r2,-12(r30)
 1072  00001bc8  90210000	lbu	r1,(r1)
 1073  00001bcc  90420000	lbu	r2,(r2)
 1074  00001bd0  00220828	seq	r1,r1,r2
 1075  00001bd4  10200010	beqz	r1,L51_LF2
 1076  00001bd8  54000000	nop; delay slot nop
 1077  00001bdc  8fc10000	lw	r1,(r30)
 1078  00001be0  08000030	j	L45_LF2
 1079  00001be4  54000000	nop; delay slot nop
 1080  00001be8          	L53_LF2:
 1081  00001be8          	L51_LF2:
 1082  00001be8  8fc2fff4	lw	r2,-12(r30)
 1083  00001bec  20410001	addi	r1,r2,#1
 1084  00001bf0  00011020	add	r2,r0,r1
 1085  00001bf4  afc2fff4	sw	-12(r30),r2
 1086  00001bf8  0bffffa8	j	L49_LF2
 1087  00001bfc  54000000	nop; delay slot nop
 1088  00001c00          	L50_LF2:
 1089  00001c00  0bffff7c	j	L46_LF2
 1090  00001c04  54000000	nop; delay slot nop
 1091  00001c08          	L47_LF2:
 1092  00001c08  20010000	addi	r1,r0,#0
 1093  00001c0c  08000004	j	L45_LF2
 1094  00001c10  54000000	nop; delay slot nop
 1095  00001c14          	L45_LF2:
 1096  00001c14  8fa20000	lw	r2,0(r29)
 1097  00001c18  8fdffff8	lw	r31,-8(r30)
 1098  00001c1c  001ee820	add	r29,r0,r30
 1099  00001c20  8fdefffc	lw	r30,-4(r30)
 1100  00001c24  4be00000	jr	r31
 1101  00001c28  54000000	nop
 1102  00001c2c          	.endproc _dmindex
 1103  00001c2c          	.align 2
 1104  00001c2c          	.proc _dindex
 1105  00001c2c          	.global _dindex
 1106  00001c2c          	_dindex:
 1107                      ;  Function 'dindex'; 0 bytes of locals, 1 regs to save.
 1108  00001c2c  afbefffc	sw	-4(r29),r30; push fp
 1109  00001c30  001df020	add	r30,r0,r29; fp = sp
 1110  00001c34  afbffff8	sw	-8(r29),r31; push ret addr
 1111  00001c38  2fbd0010	subui	r29,r29,#16; alloc local storage
 1112  00001c3c  afa20000	sw	0(r29),r2
 1113  00001c40  54000000	nop
 1114  00001c44          	L55_LF2:
 1115  00001c44  8fc10000	lw	r1,(r30)
 1116  00001c48  90220000	lbu	r2,(r1)
 1117  00001c4c  64410000	snei	r1,r2,#0
 1118  00001c50  1420000c	bnez	r1,L57_LF2
 1119  00001c54  54000000	nop; delay slot nop
 1120  00001c58  08000040	j	L56_LF2
 1121  00001c5c  54000000	nop; delay slot nop
 1122  00001c60          	L57_LF2:
 1123  00001c60  8fc10000	lw	r1,(r30)
 1124  00001c64  90220000	lbu	r2,(r1)
 1125  00001c68  8fc10004	lw	r1,4(r30)
 1126  00001c6c  00411028	seq	r2,r2,r1
 1127  00001c70  10400010	beqz	r2,L58_LF2
 1128  00001c74  54000000	nop; delay slot nop
 1129  00001c78  8fc10000	lw	r1,(r30)
 1130  00001c7c  08000028	j	L54_LF2
 1131  00001c80  54000000	nop; delay slot nop
 1132  00001c84          	L58_LF2:
 1133  00001c84  8fc20000	lw	r2,(r30)
 1134  00001c88  20410001	addi	r1,r2,#1
 1135  00001c8c  00011020	add	r2,r0,r1
 1136  00001c90  afc20000	sw	(r30),r2
 1137  00001c94  0bffffac	j	L55_LF2
 1138  00001c98  54000000	nop; delay slot nop
 1139  00001c9c          	L56_LF2:
 1140  00001c9c  20010000	addi	r1,r0,#0
 1141  00001ca0  08000004	j	L54_LF2
 1142  00001ca4  54000000	nop; delay slot nop
 1143  00001ca8          	L54_LF2:
 1144  00001ca8  8fa20000	lw	r2,0(r29)
 1145  00001cac  8fdffff8	lw	r31,-8(r30)
 1146  00001cb0  001ee820	add	r29,r0,r30
 1147  00001cb4  8fdefffc	lw	r30,-4(r30)
 1148  00001cb8  4be00000	jr	r31
 1149  00001cbc  54000000	nop
 1150  00001cc0          	.endproc _dindex
 1151  00001cc0          	.align 2
 1152  00001cc0          	.proc _ditoa
 1153  00001cc0          	.global _ditoa
 1154  00001cc0          	_ditoa:
 1155                      ;  Function 'ditoa'; 8 bytes of locals, 2 regs to save.
 1156  00001cc0  afbefffc	sw	-4(r29),r30; push fp
 1157  00001cc4  001df020	add	r30,r0,r29; fp = sp
 1158  00001cc8  afbffff8	sw	-8(r29),r31; push ret addr
 1159  00001ccc  2fbd0018	subui	r29,r29,#24; alloc local storage
 1160  00001cd0  afa20000	sw	0(r29),r2
 1161  00001cd4  afa30004	sw	4(r29),r3
 1162  00001cd8  8fc10000	lw	r1,(r30)
 1163  00001cdc  68220000	slti	r2,r1,#0
 1164  00001ce0  1040002c	beqz	r2,L60_LF2
 1165  00001ce4  54000000	nop; delay slot nop
 1166  00001ce8  8fc10004	lw	r1,4(r30)
 1167  00001cec  20220001	addi	r2,r1,#1
 1168  00001cf0  afc20004	sw	4(r30),r2
 1169  00001cf4  2002002d	addi	r2,r0,(#0x2d)&0xff
 1170  00001cf8  a0220000	sb	(r1),r2
 1171  00001cfc  8fc10000	lw	r1,(r30)
 1172  00001d00  00011022	sub	r2,r0,r1
 1173  00001d04  afc20000	sw	(r30),r2
 1174  00001d08  08000118	j	L61_LF2
 1175  00001d0c  54000000	nop; delay slot nop
 1176  00001d10          	L60_LF2:
 1177  00001d10  8fc10000	lw	r1,(r30)
 1178  00001d14  64220000	snei	r2,r1,#0
 1179  00001d18  14400020	bnez	r2,L62_LF2
 1180  00001d1c  54000000	nop; delay slot nop
 1181  00001d20  8fc10004	lw	r1,4(r30)
 1182  00001d24  20220001	addi	r2,r1,#1
 1183  00001d28  afc20004	sw	4(r30),r2
 1184  00001d2c  20020030	addi	r2,r0,(#0x30)&0xff
 1185  00001d30  a0220000	sb	(r1),r2
 1186  00001d34  080000ec	j	L61_LF2
 1187  00001d38  54000000	nop; delay slot nop
 1188  00001d3c          	L62_LF2:
 1189  00001d3c  20010001	addi	r1,r0,#1
 1190  00001d40  afc1fff4	sw	-12(r30),r1
 1191  00001d44          	L64_LF2:
 1192  00001d44  8fc1fff4	lw	r1,-12(r30)
 1193  00001d48  8fc20000	lw	r2,(r30)
 1194  00001d4c  0022082c	sle	r1,r1,r2
 1195  00001d50  1420000c	bnez	r1,L66_LF2
 1196  00001d54  54000000	nop; delay slot nop
 1197  00001d58  08000024	j	L65_LF2
 1198  00001d5c  54000000	nop; delay slot nop
 1199  00001d60          	L67_LF2:
 1200  00001d60          	L66_LF2:
 1201  00001d60  8fc1fff4	lw	r1,-12(r30)
 1202  00001d64  00011820	add	r3,r0,r1
 1203  00001d68  50620002	slli	r2,r3,#0x2
 1204  00001d6c  00411020	add	r2,r2,r1
 1205  00001d70  50410001	slli	r1,r2,#0x1
 1206  00001d74  afc1fff4	sw	-12(r30),r1
 1207  00001d78  0bffffc8	j	L64_LF2
 1208  00001d7c  54000000	nop; delay slot nop
 1209  00001d80          	L65_LF2:
 1210  00001d80  54000000	nop
 1211  00001d84          	L68_LF2:
 1212  00001d84  8fc1fff4	lw	r1,-12(r30)
 1213  00001d88  2002000a	addi	r2,r0,#10
 1214  00001d8c  00200035	movi2fp	f0,r1
 1215  00001d90  00400835	movi2fp	f1,r2
 1216  00001d94  0401000f	div	f0,f0,f1
 1217  00001d98  00000834	movfp2i	r1,f0
 1218  00001d9c  afc1fff4	sw	-12(r30),r1
 1219  00001da0  8fc10004	lw	r1,4(r30)
 1220  00001da4  20220001	addi	r2,r1,#1
 1221  00001da8  afc20004	sw	4(r30),r2
 1222  00001dac  8fc20000	lw	r2,(r30)
 1223  00001db0  8fc3fff4	lw	r3,-12(r30)
 1224  00001db4  00400035	movi2fp	f0,r2
 1225  00001db8  00600835	movi2fp	f1,r3
 1226  00001dbc  0401000f	div	f0,f0,f1
 1227  00001dc0  00001034	movfp2i	r2,f0
 1228  00001dc4  00021820	add	r3,r0,r2
 1229  00001dc8  20620030	addi	r2,r3,#48
 1230  00001dcc  a0220000	sb	(r1),r2
 1231  00001dd0  8fc10000	lw	r1,(r30)
 1232  00001dd4  8fc3fff4	lw	r3,-12(r30)
 1233  00001dd8  00200035	movi2fp	f0,r1
 1234  00001ddc  00600835	movi2fp	f1,r3
 1235  00001de0  0401000f	div	f0,f0,f1
 1236  00001de4  00001034	movfp2i	r2,f0
 1237  00001de8  8fc3fff4	lw	r3,-12(r30)
 1238  00001dec  00400035	movi2fp	f0,r2
 1239  00001df0  00600835	movi2fp	f1,r3
 1240  00001df4  0401000e	mult	f0,f0,f1
 1241  00001df8  00001034	movfp2i	r2,f0
 1242  00001dfc  00220822	sub	r1,r1,r2
 1243  00001e00  afc10000	sw	(r30),r1
 1244  00001e04          	L70_LF2:
 1245  00001e04  8fc1fff4	lw	r1,-12(r30)
 1246  00001e08  6c220001	sgti	r2,r1,#1
 1247  00001e0c  1440000c	bnez	r2,L71_LF2
 1248  00001e10  54000000	nop; delay slot nop
 1249  00001e14  0800000c	j	L61_LF2
 1250  00001e18  54000000	nop; delay slot nop
 1251  00001e1c          	L71_LF2:
 1252  00001e1c  0bffff64	j	L68_LF2
 1253  00001e20  54000000	nop; delay slot nop
 1254  00001e24          	L69_LF2:
 1255  00001e24          	L63_LF2:
 1256  00001e24          	L61_LF2:
 1257  00001e24  8fc10004	lw	r1,4(r30)
 1258  00001e28  20020000	addi	r2,r0,(#0x0)&0xff
 1259  00001e2c  a0220000	sb	(r1),r2
 1260  00001e30          	L59_LF2:
 1261  00001e30  8fa20000	lw	r2,0(r29)
 1262  00001e34  8fa30004	lw	r3,4(r29)
 1263  00001e38  8fdffff8	lw	r31,-8(r30)
 1264  00001e3c  001ee820	add	r29,r0,r30
 1265  00001e40  8fdefffc	lw	r30,-4(r30)
 1266  00001e44  4be00000	jr	r31
 1267  00001e48  54000000	nop
 1268  00001e4c          	.endproc _ditoa
 1269  00001e4c          	.align 2
 1270  00001e4c          	.proc _dstrtol
 1271  00001e4c          	.global _dstrtol
 1272  00001e4c          	_dstrtol:
 1273                      ;  Function 'dstrtol'; 16 bytes of locals, 1 regs to save.
 1274  00001e4c  afbefffc	sw	-4(r29),r30; push fp
 1275  00001e50  001df020	add	r30,r0,r29; fp = sp
 1276  00001e54  afbffff8	sw	-8(r29),r31; push ret addr
 1277  00001e58  2fbd0020	subui	r29,r29,#32; alloc local storage
 1278  00001e5c  afa20000	sw	0(r29),r2
 1279  00001e60  20010000	addi	r1,r0,#0
 1280  00001e64  afc1fff4	sw	-12(r30),r1
 1281  00001e68          	L73_LF2:
 1282  00001e68  8fc10000	lw	r1,(r30)
 1283  00001e6c  90220000	lbu	r2,(r1)
 1284  00001e70  60410020	seqi	r1,r2,#32
 1285  00001e74  14200034	bnez	r1,L75_LF2
 1286  00001e78  54000000	nop; delay slot nop
 1287  00001e7c  8fc10000	lw	r1,(r30)
 1288  00001e80  90220000	lbu	r2,(r1)
 1289  00001e84  60410009	seqi	r1,r2,#9
 1290  00001e88  14200020	bnez	r1,L75_LF2
 1291  00001e8c  54000000	nop; delay slot nop
 1292  00001e90  8fc10000	lw	r1,(r30)
 1293  00001e94  90220000	lbu	r2,(r1)
 1294  00001e98  6041000a	seqi	r1,r2,#10
 1295  00001e9c  1420000c	bnez	r1,L75_LF2
 1296  00001ea0  54000000	nop; delay slot nop
 1297  00001ea4  0800001c	j	L74_LF2
 1298  00001ea8  54000000	nop; delay slot nop
 1299  00001eac          	L75_LF2:
 1300  00001eac  8fc20000	lw	r2,(r30)
 1301  00001eb0  20410001	addi	r1,r2,#1
 1302  00001eb4  00011020	add	r2,r0,r1
 1303  00001eb8  afc20000	sw	(r30),r2
 1304  00001ebc  0bffffa8	j	L73_LF2
 1305  00001ec0  54000000	nop; delay slot nop
 1306  00001ec4          	L74_LF2:
 1307  00001ec4  8fc10004	lw	r1,4(r30)
 1308  00001ec8  64220000	snei	r2,r1,#0
 1309  00001ecc  10400010	beqz	r2,L76_LF2
 1310  00001ed0  54000000	nop; delay slot nop
 1311  00001ed4  8fc10004	lw	r1,4(r30)
 1312  00001ed8  8fc20000	lw	r2,(r30)
 1313  00001edc  ac220000	sw	(r1),r2
 1314  00001ee0          	L76_LF2:
 1315  00001ee0  8fc10000	lw	r1,(r30)
 1316  00001ee4  90220000	lbu	r2,(r1)
 1317  00001ee8  64410000	snei	r1,r2,#0
 1318  00001eec  14200010	bnez	r1,L77_LF2
 1319  00001ef0  54000000	nop; delay slot nop
 1320  00001ef4  8fc1fff4	lw	r1,-12(r30)
 1321  00001ef8  08000294	j	L72_LF2
 1322  00001efc  54000000	nop; delay slot nop
 1323  00001f00          	L77_LF2:
 1324  00001f00  8fc10000	lw	r1,(r30)
 1325  00001f04  90220000	lbu	r2,(r1)
 1326  00001f08  6041002d	seqi	r1,r2,#45
 1327  00001f0c  10200024	beqz	r1,L78_LF2
 1328  00001f10  54000000	nop; delay slot nop
 1329  00001f14  2001ffff	addi	r1,r0,#-1
 1330  00001f18  afc1ffec	sw	-20(r30),r1
 1331  00001f1c  8fc20000	lw	r2,(r30)
 1332  00001f20  20410001	addi	r1,r2,#1
 1333  00001f24  00011020	add	r2,r0,r1
 1334  00001f28  afc20000	sw	(r30),r2
 1335  00001f2c  0800000c	j	L79_LF2
 1336  00001f30  54000000	nop; delay slot nop
 1337  00001f34          	L78_LF2:
 1338  00001f34  20010001	addi	r1,r0,#1
 1339  00001f38  afc1ffec	sw	-20(r30),r1
 1340  00001f3c          	L79_LF2:
 1341  00001f3c  8fc10008	lw	r1,8(r30)
 1342  00001f40  64220000	snei	r2,r1,#0
 1343  00001f44  14400090	bnez	r2,L80_LF2
 1344  00001f48  54000000	nop; delay slot nop
 1345  00001f4c  8fc10000	lw	r1,(r30)
 1346  00001f50  90220000	lbu	r2,(r1)
 1347  00001f54  60410030	seqi	r1,r2,#48
 1348  00001f58  10200074	beqz	r1,L81_LF2
 1349  00001f5c  54000000	nop; delay slot nop
 1350  00001f60  8fc20000	lw	r2,(r30)
 1351  00001f64  20410001	addi	r1,r2,#1
 1352  00001f68  00011020	add	r2,r0,r1
 1353  00001f6c  afc20000	sw	(r30),r2
 1354  00001f70  8fc10000	lw	r1,(r30)
 1355  00001f74  90220000	lbu	r2,(r1)
 1356  00001f78  60410078	seqi	r1,r2,#120
 1357  00001f7c  14200020	bnez	r1,L83_LF2
 1358  00001f80  54000000	nop; delay slot nop
 1359  00001f84  8fc10000	lw	r1,(r30)
 1360  00001f88  90220000	lbu	r2,(r1)
 1361  00001f8c  60410058	seqi	r1,r2,#88
 1362  00001f90  1420000c	bnez	r1,L83_LF2
 1363  00001f94  54000000	nop; delay slot nop
 1364  00001f98  08000024	j	L82_LF2
 1365  00001f9c  54000000	nop; delay slot nop
 1366  00001fa0          	L83_LF2:
 1367  00001fa0  20010010	addi	r1,r0,#16
 1368  00001fa4  afc10008	sw	8(r30),r1
 1369  00001fa8  8fc20000	lw	r2,(r30)
 1370  00001fac  20410001	addi	r1,r2,#1
 1371  00001fb0  00011020	add	r2,r0,r1
 1372  00001fb4  afc20000	sw	(r30),r2
 1373  00001fb8  0800000c	j	L84_LF2
 1374  00001fbc  54000000	nop; delay slot nop
 1375  00001fc0          	L82_LF2:
 1376  00001fc0  20010008	addi	r1,r0,#8
 1377  00001fc4  afc10008	sw	8(r30),r1
 1378  00001fc8          	L84_LF2:
 1379  00001fc8  0800000c	j	L80_LF2
 1380  00001fcc  54000000	nop; delay slot nop
 1381  00001fd0          	L81_LF2:
 1382  00001fd0  2001000a	addi	r1,r0,#10
 1383  00001fd4  afc10008	sw	8(r30),r1
 1384  00001fd8          	L85_LF2:
 1385  00001fd8          	L80_LF2:
 1386  00001fd8  8fc10008	lw	r1,8(r30)
 1387  00001fdc  70220000	slei	r2,r1,#0
 1388  00001fe0  1440001c	bnez	r2,L87_LF2
 1389  00001fe4  54000000	nop; delay slot nop
 1390  00001fe8  8fc10008	lw	r1,8(r30)
 1391  00001fec  6c220010	sgti	r2,r1,#16
 1392  00001ff0  1440000c	bnez	r2,L87_LF2
 1393  00001ff4  54000000	nop; delay slot nop
 1394  00001ff8  08000010	j	L86_LF2
 1395  00001ffc  54000000	nop; delay slot nop
 1396  00002000          	L87_LF2:
 1397  00002000  8fc1fff4	lw	r1,-12(r30)
 1398  00002004  08000188	j	L72_LF2
 1399  00002008  54000000	nop; delay slot nop
 1400  0000200c          	L86_LF2:
 1401  0000200c  54000000	nop
 1402  00002010          	L88_LF2:
 1403  00002010  8fc10000	lw	r1,(r30)
 1404  00002014  90220000	lbu	r2,(r1)
 1405  00002018  6c41002f	sgtui	r1,r2,#47
 1406  0000201c  10200030	beqz	r1,L91_LF2
 1407  00002020  54000000	nop; delay slot nop
 1408  00002024  8fc10000	lw	r1,(r30)
 1409  00002028  90220000	lbu	r2,(r1)
 1410  0000202c  70410039	sleui	r1,r2,#57
 1411  00002030  1020001c	beqz	r1,L91_LF2
 1412  00002034  54000000	nop; delay slot nop
 1413  00002038  8fc10000	lw	r1,(r30)
 1414  0000203c  90220000	lbu	r2,(r1)
 1415  00002040  2041ffd0	addi	r1,r2,#-48
 1416  00002044  afc1fff0	sw	-16(r30),r1
 1417  00002048  0800008c	j	L92_LF2
 1418  0000204c  54000000	nop; delay slot nop
 1419  00002050          	L91_LF2:
 1420  00002050  8fc10000	lw	r1,(r30)
 1421  00002054  90220000	lbu	r2,(r1)
 1422  00002058  6c410060	sgtui	r1,r2,#96
 1423  0000205c  10200030	beqz	r1,L93_LF2
 1424  00002060  54000000	nop; delay slot nop
 1425  00002064  8fc10000	lw	r1,(r30)
 1426  00002068  90220000	lbu	r2,(r1)
 1427  0000206c  7041007a	sleui	r1,r2,#122
 1428  00002070  1020001c	beqz	r1,L93_LF2
 1429  00002074  54000000	nop; delay slot nop
 1430  00002078  8fc10000	lw	r1,(r30)
 1431  0000207c  90220000	lbu	r2,(r1)
 1432  00002080  2041ffa9	addi	r1,r2,#-87
 1433  00002084  afc1fff0	sw	-16(r30),r1
 1434  00002088  0800004c	j	L92_LF2
 1435  0000208c  54000000	nop; delay slot nop
 1436  00002090          	L93_LF2:
 1437  00002090  8fc10000	lw	r1,(r30)
 1438  00002094  90220000	lbu	r2,(r1)
 1439  00002098  6c410040	sgtui	r1,r2,#64
 1440  0000209c  10200030	beqz	r1,L95_LF2
 1441  000020a0  54000000	nop; delay slot nop
 1442  000020a4  8fc10000	lw	r1,(r30)
 1443  000020a8  90220000	lbu	r2,(r1)
 1444  000020ac  7041005a	sleui	r1,r2,#90
 1445  000020b0  1020001c	beqz	r1,L95_LF2
 1446  000020b4  54000000	nop; delay slot nop
 1447  000020b8  8fc10000	lw	r1,(r30)
 1448  000020bc  90220000	lbu	r2,(r1)
 1449  000020c0  2041ffc9	addi	r1,r2,#-55
 1450  000020c4  afc1fff0	sw	-16(r30),r1
 1451  000020c8  0800000c	j	L92_LF2
 1452  000020cc  54000000	nop; delay slot nop
 1453  000020d0          	L95_LF2:
 1454  000020d0  200103e8	addi	r1,r0,#1000
 1455  000020d4  afc1fff0	sw	-16(r30),r1
 1456  000020d8          	L96_LF2:
 1457  000020d8          	L94_LF2:
 1458  000020d8          	L92_LF2:
 1459  000020d8  8fc1fff0	lw	r1,-16(r30)
 1460  000020dc  8fc20008	lw	r2,8(r30)
 1461  000020e0  0022082a	slt	r1,r1,r2
 1462  000020e4  10200040	beqz	r1,L90_LF2
 1463  000020e8  54000000	nop; delay slot nop
 1464  000020ec  8fc1fff4	lw	r1,-12(r30)
 1465  000020f0  8fc20008	lw	r2,8(r30)
 1466  000020f4  00200035	movi2fp	f0,r1
 1467  000020f8  00400835	movi2fp	f1,r2
 1468  000020fc  0401000e	mult	f0,f0,f1
 1469  00002100  00000834	movfp2i	r1,f0
 1470  00002104  afc1fff4	sw	-12(r30),r1
 1471  00002108  8fc1fff4	lw	r1,-12(r30)
 1472  0000210c  8fc2fff0	lw	r2,-16(r30)
 1473  00002110  00220820	add	r1,r1,r2
 1474  00002114  afc1fff4	sw	-12(r30),r1
 1475  00002118  8fc20000	lw	r2,(r30)
 1476  0000211c  20410001	addi	r1,r2,#1
 1477  00002120  00011020	add	r2,r0,r1
 1478  00002124  afc20000	sw	(r30),r2
 1479  00002128          	L97_LF2:
 1480  00002128          	L90_LF2:
 1481  00002128  8fc1fff0	lw	r1,-16(r30)
 1482  0000212c  8fc20008	lw	r2,8(r30)
 1483  00002130  0022082a	slt	r1,r1,r2
 1484  00002134  1420000c	bnez	r1,L98_LF2
 1485  00002138  54000000	nop; delay slot nop
 1486  0000213c  0800000c	j	L89_LF2
 1487  00002140  54000000	nop; delay slot nop
 1488  00002144          	L98_LF2:
 1489  00002144  0bfffec8	j	L88_LF2
 1490  00002148  54000000	nop; delay slot nop
 1491  0000214c          	L89_LF2:
 1492  0000214c  8fc10004	lw	r1,4(r30)
 1493  00002150  64220000	snei	r2,r1,#0
 1494  00002154  10400010	beqz	r2,L99_LF2
 1495  00002158  54000000	nop; delay slot nop
 1496  0000215c  8fc10004	lw	r1,4(r30)
 1497  00002160  8fc20000	lw	r2,(r30)
 1498  00002164  ac220000	sw	(r1),r2
 1499  00002168          	L99_LF2:
 1500  00002168  8fc1fff4	lw	r1,-12(r30)
 1501  0000216c  8fc2ffec	lw	r2,-20(r30)
 1502  00002170  00200035	movi2fp	f0,r1
 1503  00002174  00400835	movi2fp	f1,r2
 1504  00002178  0401000e	mult	f0,f0,f1
 1505  0000217c  00000834	movfp2i	r1,f0
 1506  00002180  afc1fff4	sw	-12(r30),r1
 1507  00002184  8fc1fff4	lw	r1,-12(r30)
 1508  00002188  08000004	j	L72_LF2
 1509  0000218c  54000000	nop; delay slot nop
 1510  00002190          	L72_LF2:
 1511  00002190  8fa20000	lw	r2,0(r29)
 1512  00002194  8fdffff8	lw	r31,-8(r30)
 1513  00002198  001ee820	add	r29,r0,r30
 1514  0000219c  8fdefffc	lw	r30,-4(r30)
 1515  000021a0  4be00000	jr	r31
 1516  000021a4  54000000	nop
 1517  000021a8          	.endproc _dstrtol
 1518  000021a8          	.align 2
 1519  000021a8          	.proc _bcopy
 1520  000021a8          	.global _bcopy
 1521  000021a8          	_bcopy:
 1522                      ;  Function 'bcopy'; 0 bytes of locals, 2 regs to save.
 1523  000021a8  afbefffc	sw	-4(r29),r30; push fp
 1524  000021ac  001df020	add	r30,r0,r29; fp = sp
 1525  000021b0  afbffff8	sw	-8(r29),r31; push ret addr
 1526  000021b4  2fbd0010	subui	r29,r29,#16; alloc local storage
 1527  000021b8  afa20000	sw	0(r29),r2
 1528  000021bc  afa30004	sw	4(r29),r3
 1529  000021c0  54000000	nop
 1530  000021c4          	L101_LF2:
 1531  000021c4  8fc10008	lw	r1,8(r30)
 1532  000021c8  2022ffff	addi	r2,r1,#-1
 1533  000021cc  afc20008	sw	8(r30),r2
 1534  000021d0  6c210000	sgti	r1,r1,#0
 1535  000021d4  1420000c	bnez	r1,L103_LF2
 1536  000021d8  54000000	nop; delay slot nop
 1537  000021dc  0800002c	j	L102_LF2
 1538  000021e0  54000000	nop; delay slot nop
 1539  000021e4          	L103_LF2:
 1540  000021e4  8fc10004	lw	r1,4(r30)
 1541  000021e8  20220001	addi	r2,r1,#1
 1542  000021ec  afc20004	sw	4(r30),r2
 1543  000021f0  8fc20000	lw	r2,(r30)
 1544  000021f4  20430001	addi	r3,r2,#1
 1545  000021f8  afc30000	sw	(r30),r3
 1546  000021fc  80420000	lb	r2,(r2)
 1547  00002200  a0220000	sb	(r1),r2
 1548  00002204  0bffffbc	j	L101_LF2
 1549  00002208  54000000	nop; delay slot nop
 1550  0000220c          	L102_LF2:
 1551  0000220c          	L100_LF2:
 1552  0000220c  8fa20000	lw	r2,0(r29)
 1553  00002210  8fa30004	lw	r3,4(r29)
 1554  00002214  8fdffff8	lw	r31,-8(r30)
 1555  00002218  001ee820	add	r29,r0,r30
 1556  0000221c  8fdefffc	lw	r30,-4(r30)
 1557  00002220  4be00000	jr	r31
 1558  00002224  54000000	nop
 1559  00002228          	.endproc _bcopy
 1560  00002228          	.align 2
 1561  00002228          	.proc _bzero
 1562  00002228          	.global _bzero
 1563  00002228          	_bzero:
 1564                      ;  Function 'bzero'; 0 bytes of locals, 1 regs to save.
 1565  00002228  afbefffc	sw	-4(r29),r30; push fp
 1566  0000222c  001df020	add	r30,r0,r29; fp = sp
 1567  00002230  afbffff8	sw	-8(r29),r31; push ret addr
 1568  00002234  2fbd0010	subui	r29,r29,#16; alloc local storage
 1569  00002238  afa20000	sw	0(r29),r2
 1570  0000223c  54000000	nop
 1571  00002240          	L105_LF2:
 1572  00002240  8fc10004	lw	r1,4(r30)
 1573  00002244  2022ffff	addi	r2,r1,#-1
 1574  00002248  afc20004	sw	4(r30),r2
 1575  0000224c  6c210000	sgti	r1,r1,#0
 1576  00002250  1420000c	bnez	r1,L107_LF2
 1577  00002254  54000000	nop; delay slot nop
 1578  00002258  08000020	j	L106_LF2
 1579  0000225c  54000000	nop; delay slot nop
 1580  00002260          	L107_LF2:
 1581  00002260  8fc10000	lw	r1,(r30)
 1582  00002264  20220001	addi	r2,r1,#1
 1583  00002268  afc20000	sw	(r30),r2
 1584  0000226c  20020000	addi	r2,r0,(#0x0)&0xff
 1585  00002270  a0220000	sb	(r1),r2
 1586  00002274  0bffffc8	j	L105_LF2
 1587  00002278  54000000	nop; delay slot nop
 1588  0000227c          	L106_LF2:
 1589  0000227c          	L104_LF2:
 1590  0000227c  8fa20000	lw	r2,0(r29)
 1591  00002280  8fdffff8	lw	r31,-8(r30)
 1592  00002284  001ee820	add	r29,r0,r30
 1593  00002288  8fdefffc	lw	r30,-4(r30)
 1594  0000228c  4be00000	jr	r31
 1595  00002290  54000000	nop
 1596  00002294          	.endproc _bzero
 1597  00002294          	.align 2
 1598  00002294          	.proc _min
 1599  00002294          	.global _min
 1600  00002294          	_min:
 1601                      ;  Function 'min'; 0 bytes of locals, 2 regs to save.
 1602  00002294  afbefffc	sw	-4(r29),r30; push fp
 1603  00002298  001df020	add	r30,r0,r29; fp = sp
 1604  0000229c  afbffff8	sw	-8(r29),r31; push ret addr
 1605  000022a0  2fbd0010	subui	r29,r29,#16; alloc local storage
 1606  000022a4  afa20000	sw	0(r29),r2
 1607  000022a8  afa30004	sw	4(r29),r3
 1608  000022ac  8fc10000	lw	r1,(r30)
 1609  000022b0  8fc20004	lw	r2,4(r30)
 1610  000022b4  0022182c	sle	r3,r1,r2
 1611  000022b8  14600008	bnez	r3,L109_LF2
 1612  000022bc  54000000	nop; delay slot nop
 1613  000022c0  8fc10004	lw	r1,4(r30)
 1614  000022c4          	L109_LF2:
 1615  000022c4  08000004	j	L108_LF2
 1616  000022c8  54000000	nop; delay slot nop
 1617  000022cc          	L108_LF2:
 1618  000022cc  8fa20000	lw	r2,0(r29)
 1619  000022d0  8fa30004	lw	r3,4(r29)
 1620  000022d4  8fdffff8	lw	r31,-8(r30)
 1621  000022d8  001ee820	add	r29,r0,r30
 1622  000022dc  8fdefffc	lw	r30,-4(r30)
 1623  000022e0  4be00000	jr	r31
 1624  000022e4  54000000	nop
 1625  000022e8          	.endproc _min
 1626                      ;;; Ethan L. Miller, 1999.  Released to the public domain
 1627                      ;;;
 1628                      ;;; Most of the traps are called in files from libtraps.
 1631  000022e8          	.align 2
 1632  000022e8          	.proc _exit
 1633  000022e8          	.global _exit
 1634  000022e8          	_exit:
 1635  000022e8  44000300	trap	#0x300
 1636  000022ec  4be00000	jr	r31
 1637  000022f0  54000000	nop
 1638  000022f4          	.endproc _exit
 1640                      ; for the benefit of gcc.
 1641  000022f4          	.proc ___main
 1642  000022f4          	.global ___main
 1643  000022f4          	___main:
 1644  000022f4  4be00000	jr	r31
 1645  000022f8  54000000	nop
 1646  000022fc          	.endproc ___main
 1647  000022fc          	.text
 1648  000022fc          	.global _etext
 1649  000022fc          	_etext:
 1650  000022fc          	.align 3
 1651  00002300          	.data
 1652  000031a2          	.global _edata
 1653  000031a2          	_edata:
