 line   address	contents
    1                      ; Linked by DLX-LD.
    2                      ; MemSize 24576
    3                      ; Data size: 642
    4                      ; Text size: 5552
    5                      ; Stack size: 8192
    6  00000000          	.text 0x1000
    7  00001000          	.data 0x3000
    8                      ; Compiled by GCC
    9  00003000          	.text
   10  00001000          	.align 2
   11  00001000          	.proc _isspace
   12  00001000          	.global _isspace
   13  00001000          	_isspace:
   14                      ;  Function 'isspace'; 0 bytes of locals, 1 regs to save.
   15  00001000  afbefffc	sw	-4(r29),r30; push fp
   16  00001004  001df020	add	r30,r0,r29; fp = sp
   17  00001008  afbffff8	sw	-8(r29),r31; push ret addr
   18  0000100c  2fbd0010	subui	r29,r29,#16; alloc local storage
   19  00001010  afa20000	sw	0(r29),r2
   20  00001014  83c20003	lb	r2,3(r30)
   21  00001018  201f0000	addi	r31,r0,#0
   22  0000101c  304100ff	andi	r1,r2,#0x00ff
   23  00001020  60210020	seqi	r1,r1,#32
   24  00001024  14200018	bnez	r1,L6_LF0
   25  00001028  54000000	nop; not filled.
   26  0000102c  2041fff7	addi	r1,r2,#-9
   27  00001030  302100ff	andi	r1,r1,#0x00ff
   28  00001034  70210001	sleui	r1,r1,#1
   29  00001038  10200008	beqz	r1,L5_LF0
   30  0000103c  54000000	nop; not filled.
   31  00001040          	L6_LF0:
   32  00001040  201f0001	addi	r31,r0,#1
   33  00001044          	L5_LF0:
   34  00001044  001f0820	add	r1,r0,r31
   35  00001048  8fa20000	lw	r2,0(r29)
   36  0000104c  8fdffff8	lw	r31,-8(r30)
   37  00001050  001ee820	add	r29,r0,r30
   38  00001054  8fdefffc	lw	r30,-4(r30)
   39  00001058  4be00000	jr	r31
   40  0000105c  54000000	nop
   41  00001060          	.endproc _isspace
   42  00001060          	.align 2
   43  00001060          	.proc _isxdigit
   44  00001060          	.global _isxdigit
   45  00001060          	_isxdigit:
   46                      ;  Function 'isxdigit'; 0 bytes of locals, 1 regs to save.
   47  00001060  afbefffc	sw	-4(r29),r30; push fp
   48  00001064  001df020	add	r30,r0,r29; fp = sp
   49  00001068  afbffff8	sw	-8(r29),r31; push ret addr
   50  0000106c  2fbd0010	subui	r29,r29,#16; alloc local storage
   51  00001070  afa20000	sw	0(r29),r2
   52  00001074  83df0003	lb	r31,3(r30)
   53  00001078  20020000	addi	r2,r0,#0
   54  0000107c  23e1ffd0	addi	r1,r31,#-48
   55  00001080  302100ff	andi	r1,r1,#0x00ff
   56  00001084  70210009	sleui	r1,r1,#9
   57  00001088  14200028	bnez	r1,L12_LF0
   58  0000108c  54000000	nop; not filled.
   59  00001090  23e1ff9f	addi	r1,r31,#-97
   60  00001094  302100ff	andi	r1,r1,#0x00ff
   61  00001098  70210005	sleui	r1,r1,#5
   62  0000109c  14200014	bnez	r1,L12_LF0
   63  000010a0  54000000	nop; not filled.
   64  000010a4  33e100ff	andi	r1,r31,#0x00ff
   65  000010a8  64210041	snei	r1,r1,#65
   66  000010ac  14200008	bnez	r1,L11_LF0
   67  000010b0  54000000	nop; not filled.
   68  000010b4          	L12_LF0:
   69  000010b4  20020001	addi	r2,r0,#1
   70  000010b8          	L11_LF0:
   71  000010b8  00020820	add	r1,r0,r2
   72  000010bc  8fa20000	lw	r2,0(r29)
   73  000010c0  8fdffff8	lw	r31,-8(r30)
   74  000010c4  001ee820	add	r29,r0,r30
   75  000010c8  8fdefffc	lw	r30,-4(r30)
   76  000010cc  4be00000	jr	r31
   77  000010d0  54000000	nop
   78  000010d4          	.endproc _isxdigit
   79  000010d4          	.data
   80  00003000          	.align 2
   81  00003000          	LC0_LF0:
   82  00003000  55736167	.ascii "Usage: \000"
   82  00003004  653a2000	
   83  00003008          	.align 2
   84  00003008          	LC1_LF0:
   85  00003008  203c7368	.ascii " <should control 5 procs with a semaphore for each molecule>\n\000"
   85  0000300c  6f756c64	
   85  00003010  20636f6e	
   85  00003014  74726f6c	
   85  00003018  20352070	
   85  0000301c  726f6373	
   85  00003020  20776974	
   85  00003024  68206120	
   85  00003028  73656d61	
   85  0000302c  70686f72	
   85  00003030  6520666f	
   85  00003034  72206561	
   85  00003038  6368206d	
   85  0000303c  6f6c6563	
   85  00003040  756c653e	
   85  00003044  0a00    	
   86  00003046          	.align 2
   87  00003048          	LC2_LF0:
   88  00003048  0a546f74	.ascii "\nTotal number of hydrogen produced: %d\000"
   88  0000304c  616c206e	
   88  00003050  756d6265	
   88  00003054  72206f66	
   88  00003058  20687964	
   88  0000305c  726f6765	
   88  00003060  6e207072	
   88  00003064  6f647563	
   88  00003068  65643a20	
   88  0000306c  256400  	
   89  0000306f          	.align 2
   90  00003070          	LC3_LF0:
   91  00003070  0a546f74	.ascii "\nTotal number of oxygen produced: %d\000"
   91  00003074  616c206e	
   91  00003078  756d6265	
   91  0000307c  72206f66	
   91  00003080  206f7879	
   91  00003084  67656e20	
   91  00003088  70726f64	
   91  0000308c  75636564	
   91  00003090  3a202564	
   91  00003094  00      	
   92  00003095          	.align 2
   93  00003098          	LC4_LF0:
   94  00003098  0a546f74	.ascii "\nTotal number of SO2 produced: %d\000"
   94  0000309c  616c206e	
   94  000030a0  756d6265	
   94  000030a4  72206f66	
   94  000030a8  20534f32	
   94  000030ac  2070726f	
   94  000030b0  64756365	
   94  000030b4  643a2025	
   94  000030b8  6400    	
   95  000030ba          	.align 2
   96  000030bc          	LC5_LF0:
   97  000030bc  0a546f74	.ascii "\nTotal number of H2So4 to be produced: %d\000"
   97  000030c0  616c206e	
   97  000030c4  756d6265	
   97  000030c8  72206f66	
   97  000030cc  20483253	
   97  000030d0  6f342074	
   97  000030d4  6f206265	
   97  000030d8  2070726f	
   97  000030dc  64756365	
   97  000030e0  643a2025	
   97  000030e4  6400    	
   98  000030e6          	.align 2
   99  000030e8          	LC6_LF0:
  100  000030e8  42616420	.ascii "Bad sem_create in h2o \n\000"
  100  000030ec  73656d5f	
  100  000030f0  63726561	
  100  000030f4  74652069	
  100  000030f8  6e206832	
  100  000030fc  6f200a00	
  101  00003100          	.align 2
  102  00003100          	LC7_LF0:
  103  00003100  42616420	.ascii "Bad sem_create in so4 \n\000"
  103  00003104  73656d5f	
  103  00003108  63726561	
  103  0000310c  74652069	
  103  00003110  6e20736f	
  103  00003114  34200a00	
  104  00003118          	.align 2
  105  00003118          	LC8_LF0:
  106  00003118  42616420	.ascii "Bad sem_create in h2 \n\000"
  106  0000311c  73656d5f	
  106  00003120  63726561	
  106  00003124  74652069	
  106  00003128  6e206832	
  106  0000312c  200a00  	
  107  0000312f          	.align 2
  108  00003130          	LC9_LF0:
  109  00003130  42616420	.ascii "Bad sem_Create in o2 \n\000"
  109  00003134  73656d5f	
  109  00003138  43726561	
  109  0000313c  74652069	
  109  00003140  6e206f32	
  109  00003144  200a00  	
  110  00003147          	.align 2
  111  00003148          	LC10_LF0:
  112  00003148  42616420	.ascii "Bad sem_create in s02 \n\000"
  112  0000314c  73656d5f	
  112  00003150  63726561	
  112  00003154  74652069	
  112  00003158  6e207330	
  112  0000315c  32200a00	
  113  00003160          	.align 2
  114  00003160          	LC11_LF0:
  115  00003160  42616420	.ascii "Bad sem_create in h2so4 \n\000"
  115  00003164  73656d5f	
  115  00003168  63726561	
  115  0000316c  74652069	
  115  00003170  6e206832	
  115  00003174  736f3420	
  115  00003178  0a00    	
  116  0000317a          	.align 2
  117  0000317c          	LC12_LF0:
  118  0000317c  42616420	.ascii "Bad sem_create in \000"
  118  00003180  73656d5f	
  118  00003184  63726561	
  118  00003188  74652069	
  118  0000318c  6e2000  	
  119  0000318f          	.align 2
  120  00003190          	LC13_LF0:
  121  00003190  0a00    	.ascii "\n\000"
  122  00003192          	.align 2
  123  00003194          	LC14_LF0:
  124  00003194  73746172	.ascii "starting injector processes...\n\000"
  124  00003198  74696e67	
  124  0000319c  20696e6a	
  124  000031a0  6563746f	
  124  000031a4  72207072	
  124  000031a8  6f636573	
  124  000031ac  7365732e	
  124  000031b0  2e2e0a00	
  125  000031b4          	.align 2
  126  000031b4          	LC15_LF0:
  127  000031b4  696e6a65	.ascii "injector_h2o.dlx.obj\000"
  127  000031b8  63746f72	
  127  000031bc  5f68326f	
  127  000031c0  2e646c78	
  127  000031c4  2e6f626a	
  127  000031c8  00      	
  128  000031c9          	.align 2
  129  000031cc          	LC16_LF0:
  130  000031cc  696e6a65	.ascii "injector_so4.dlx.obj\000"
  130  000031d0  63746f72	
  130  000031d4  5f736f34	
  130  000031d8  2e646c78	
  130  000031dc  2e6f626a	
  130  000031e0  00      	
  131  000031e1          	.align 2
  132  000031e4          	LC17_LF0:
  133  000031e4  72656163	.ascii "reactor_1.dlx.obj\000"
  133  000031e8  746f725f	
  133  000031ec  312e646c	
  133  000031f0  782e6f62	
  133  000031f4  6a00    	
  134  000031f6          	.align 2
  135  000031f8          	LC18_LF0:
  136  000031f8  72656163	.ascii "reactor_2.dlx.obj\000"
  136  000031fc  746f725f	
  136  00003200  322e646c	
  136  00003204  782e6f62	
  136  00003208  6a00    	
  137  0000320a          	.align 2
  138  0000320c          	LC19_LF0:
  139  0000320c  72656163	.ascii "reactor_3.dlx.obj\000"
  139  00003210  746f725f	
  139  00003214  332e646c	
  139  00003218  782e6f62	
  139  0000321c  6a00    	
  140  0000321e          	.align 2
  141  00003220          	LC20_LF0:
  142  00003220  42616420	.ascii "Bad semaphore s_procs_completed (%d) in \000"
  142  00003224  73656d61	
  142  00003228  70686f72	
  142  0000322c  6520735f	
  142  00003230  70726f63	
  142  00003234  735f636f	
  142  00003238  6d706c65	
  142  0000323c  74656420	
  142  00003240  28256429	
  142  00003244  20696e20	
  142  00003248  00      	
  143  00003249          	.align 2
  144  0000324c          	LC21_LF0:
  145  0000324c  416c6c20	.ascii "All other processes completed, exiting main process.\n\000"
  145  00003250  6f746865	
  145  00003254  72207072	
  145  00003258  6f636573	
  145  0000325c  73657320	
  145  00003260  636f6d70	
  145  00003264  6c657465	
  145  00003268  642c2065	
  145  0000326c  78697469	
  145  00003270  6e67206d	
  145  00003274  61696e20	
  145  00003278  70726f63	
  145  0000327c  6573732e	
  145  00003280  0a00    	
  146  00003282          	.text
  147  000010d4          	.align 2
  148  000010d4          	.proc _main
  149  000010d4          	.global _main
  150  000010d4          	_main:
  151                      ;  Function 'main'; 192 bytes of locals, 0 regs to save.
  152  000010d4  afbefffc	sw	-4(r29),r30; push fp
  153  000010d8  001df020	add	r30,r0,r29; fp = sp
  154  000010dc  afbffff8	sw	-8(r29),r31; push ret addr
  155  000010e0  2fbd00c8	subui	r29,r29,#200; alloc local storage
  156  000010e4  8fc40000	lw	r4,(r30)
  157  000010e8  8fcd0004	lw	r13,4(r30)
  158  000010ec  0c0014b8	jal	___main
  159  000010f0  54000000	nop; not filled.
  160  000010f4  23bdfff0	addi	r29,r29,#-16
  161  000010f8  8daf0004	lw	r15,4(r13)
  162  000010fc  afaf0000	sw	(r29),r15
  163  00001100  200f0000	addi	r15,r0,#0
  164  00001104  afaf0004	sw	4(r29),r15
  165  00001108  200f000a	addi	r15,r0,#10
  166  0000110c  afaf0008	sw	8(r29),r15
  167  00001110  0c000fec	jal	_dstrtol
  168  00001114  54000000	nop; not filled.
  169  00001118  00011820	add	r3,r0,r1
  170  0000111c  8daf0008	lw	r15,8(r13)
  171  00001120  afaf0000	sw	(r29),r15
  172  00001124  200f0000	addi	r15,r0,#0
  173  00001128  afaf0004	sw	4(r29),r15
  174  0000112c  200f000a	addi	r15,r0,#10
  175  00001130  afaf0008	sw	8(r29),r15
  176  00001134  0c000fc8	jal	_dstrtol
  177  00001138  54000000	nop; not filled.
  178  0000113c  00011020	add	r2,r0,r1
  179  00001140  afa30000	sw	(r29),r3
  180  00001144  23c1ff48	addi	r1,r30,#-184
  181  00001148  afa10004	sw	4(r29),r1
  182  0000114c  0c000e24	jal	_ditoa
  183  00001150  54000000	nop; not filled.
  184  00001154  afa20000	sw	(r29),r2
  185  00001158  23c1ff38	addi	r1,r30,#-200
  186  0000115c  afa10004	sw	4(r29),r1
  187  00001160  0c000e10	jal	_ditoa
  188  00001164  54000000	nop; not filled.
  189  00001168  23bd0010	addi	r29,r29,#16
  190  0000116c  64810003	snei	r1,r4,#3
  191  00001170  1020004c	beqz	r1,L14_LF0
  192  00001174  54000000	nop; not filled.
  193  00001178  23bdfff8	addi	r29,r29,#-8
  194  0000117c  3c0f0000	lhi	r15,((LC0_LF0)>>16)&0xffff
  195  00001180  25ef3000	addui	r15,r15,(LC0_LF0)&0xffff
  196  00001184  afaf0000	sw	(r29),r15
  197  00001188  0c000614	jal	_Printf
  198  0000118c  54000000	nop; not filled.
  199  00001190  8daf0000	lw	r15,(r13)
  200  00001194  afaf0000	sw	(r29),r15
  201  00001198  0c000604	jal	_Printf
  202  0000119c  54000000	nop; not filled.
  203  000011a0  3c0f0000	lhi	r15,((LC1_LF0)>>16)&0xffff
  204  000011a4  25ef3008	addui	r15,r15,(LC1_LF0)&0xffff
  205  000011a8  afaf0000	sw	(r29),r15
  206  000011ac  0c0005f0	jal	_Printf
  207  000011b0  54000000	nop; not filled.
  208  000011b4  0c00069c	jal	_Exit
  209  000011b8  54000000	nop; not filled.
  210  000011bc  23bd0008	addi	r29,r29,#8
  211  000011c0          	L14_LF0:
  212  000011c0  23bdfff0	addi	r29,r29,#-16
  213  000011c4  8daf0004	lw	r15,4(r13)
  214  000011c8  afaf0000	sw	(r29),r15
  215  000011cc  200f0000	addi	r15,r0,#0
  216  000011d0  afaf0004	sw	4(r29),r15
  217  000011d4  200f000a	addi	r15,r0,#10
  218  000011d8  afaf0008	sw	8(r29),r15
  219  000011dc  0c000f20	jal	_dstrtol
  220  000011e0  54000000	nop; not filled.
  221  000011e4  00011820	add	r3,r0,r1
  222  000011e8  8daf0008	lw	r15,8(r13)
  223  000011ec  afaf0000	sw	(r29),r15
  224  000011f0  200f0000	addi	r15,r0,#0
  225  000011f4  afaf0004	sw	4(r29),r15
  226  000011f8  200f000a	addi	r15,r0,#10
  227  000011fc  afaf0008	sw	8(r29),r15
  228  00001200  0c000efc	jal	_dstrtol
  229  00001204  54000000	nop; not filled.
  230  00001208  00017020	add	r14,r0,r1
  231  0000120c  5861001f	srli	r1,r3,#0x1f
  232  00001210  00610820	add	r1,r3,r1
  233  00001214  5c290001	srai	r9,r1,#0x1
  234  00001218  000e2020	add	r4,r0,r14
  235  0000121c  01241020	add	r2,r9,r4
  236  00001220  3c0f0000	lhi	r15,((LC2_LF0)>>16)&0xffff
  237  00001224  25ef3048	addui	r15,r15,(LC2_LF0)&0xffff
  238  00001228  afaf0000	sw	(r29),r15
  239  0000122c  afa30004	sw	4(r29),r3
  240  00001230  0c00056c	jal	_Printf
  241  00001234  54000000	nop; not filled.
  242  00001238  3c0f0000	lhi	r15,((LC3_LF0)>>16)&0xffff
  243  0000123c  25ef3070	addui	r15,r15,(LC3_LF0)&0xffff
  244  00001240  afaf0000	sw	(r29),r15
  245  00001244  afa20004	sw	4(r29),r2
  246  00001248  0c000554	jal	_Printf
  247  0000124c  54000000	nop; not filled.
  248  00001250  3c0f0000	lhi	r15,((LC4_LF0)>>16)&0xffff
  249  00001254  25ef3098	addui	r15,r15,(LC4_LF0)&0xffff
  250  00001258  afaf0000	sw	(r29),r15
  251  0000125c  afa40004	sw	4(r29),r4
  252  00001260  0c00053c	jal	_Printf
  253  00001264  54000000	nop; not filled.
  254  00001268  23bd0010	addi	r29,r29,#16
  255  0000126c  0062082a	slt	r1,r3,r2
  256  00001270  00025020	add	r10,r0,r2
  257  00001274  10200008	beqz	r1,L15_LF0
  258  00001278  54000000	nop; not filled.
  259  0000127c  512a0001	slli	r10,r9,#0x1
  260  00001280          	L15_LF0:
  261  00001280  0144082b	sgt	r1,r10,r4
  262  00001284  10200008	beqz	r1,L17_LF0
  263  00001288  54000000	nop; not filled.
  264  0000128c  00045020	add	r10,r0,r4
  265  00001290          	L17_LF0:
  266  00001290  23bdfff8	addi	r29,r29,#-8
  267  00001294  3c0f0000	lhi	r15,((LC5_LF0)>>16)&0xffff
  268  00001298  25ef30bc	addui	r15,r15,(LC5_LF0)&0xffff
  269  0000129c  afaf0000	sw	(r29),r15
  270  000012a0  afaa0004	sw	4(r29),r10
  271  000012a4  0c0004f8	jal	_Printf
  272  000012a8  54000000	nop; not filled.
  273  000012ac  200f0000	addi	r15,r0,#0
  274  000012b0  afaf0000	sw	(r29),r15
  275  000012b4  0c000524	jal	_sem_create
  276  000012b8  54000000	nop; not filled.
  277  000012bc  00012020	add	r4,r0,r1
  278  000012c0  23bd0008	addi	r29,r29,#8
  279  000012c4  6081ffff	seqi	r1,r4,#-1
  280  000012c8  10200028	beqz	r1,L18_LF0
  281  000012cc  54000000	nop; not filled.
  282  000012d0  23bdfff8	addi	r29,r29,#-8
  283  000012d4  3c0f0000	lhi	r15,((LC6_LF0)>>16)&0xffff
  284  000012d8  25ef30e8	addui	r15,r15,(LC6_LF0)&0xffff
  285  000012dc  afaf0000	sw	(r29),r15
  286  000012e0  0c0004bc	jal	_Printf
  287  000012e4  54000000	nop; not filled.
  288  000012e8  0c000568	jal	_Exit
  289  000012ec  54000000	nop; not filled.
  290  000012f0  23bd0008	addi	r29,r29,#8
  291  000012f4          	L18_LF0:
  292  000012f4  23bdfff8	addi	r29,r29,#-8
  293  000012f8  200f0000	addi	r15,r0,#0
  294  000012fc  afaf0000	sw	(r29),r15
  295  00001300  0c0004d8	jal	_sem_create
  296  00001304  54000000	nop; not filled.
  297  00001308  00012820	add	r5,r0,r1
  298  0000130c  23bd0008	addi	r29,r29,#8
  299  00001310  60a1ffff	seqi	r1,r5,#-1
  300  00001314  10200028	beqz	r1,L19_LF0
  301  00001318  54000000	nop; not filled.
  302  0000131c  23bdfff8	addi	r29,r29,#-8
  303  00001320  3c0f0000	lhi	r15,((LC7_LF0)>>16)&0xffff
  304  00001324  25ef3100	addui	r15,r15,(LC7_LF0)&0xffff
  305  00001328  afaf0000	sw	(r29),r15
  306  0000132c  0c000470	jal	_Printf
  307  00001330  54000000	nop; not filled.
  308  00001334  0c00051c	jal	_Exit
  309  00001338  54000000	nop; not filled.
  310  0000133c  23bd0008	addi	r29,r29,#8
  311  00001340          	L19_LF0:
  312  00001340  23bdfff8	addi	r29,r29,#-8
  313  00001344  200f0000	addi	r15,r0,#0
  314  00001348  afaf0000	sw	(r29),r15
  315  0000134c  0c00048c	jal	_sem_create
  316  00001350  54000000	nop; not filled.
  317  00001354  00013820	add	r7,r0,r1
  318  00001358  23bd0008	addi	r29,r29,#8
  319  0000135c  60e1ffff	seqi	r1,r7,#-1
  320  00001360  10200028	beqz	r1,L20_LF0
  321  00001364  54000000	nop; not filled.
  322  00001368  23bdfff8	addi	r29,r29,#-8
  323  0000136c  3c0f0000	lhi	r15,((LC8_LF0)>>16)&0xffff
  324  00001370  25ef3118	addui	r15,r15,(LC8_LF0)&0xffff
  325  00001374  afaf0000	sw	(r29),r15
  326  00001378  0c000424	jal	_Printf
  327  0000137c  54000000	nop; not filled.
  328  00001380  0c0004d0	jal	_Exit
  329  00001384  54000000	nop; not filled.
  330  00001388  23bd0008	addi	r29,r29,#8
  331  0000138c          	L20_LF0:
  332  0000138c  23bdfff8	addi	r29,r29,#-8
  333  00001390  200f0000	addi	r15,r0,#0
  334  00001394  afaf0000	sw	(r29),r15
  335  00001398  0c000440	jal	_sem_create
  336  0000139c  54000000	nop; not filled.
  337  000013a0  00011820	add	r3,r0,r1
  338  000013a4  23bd0008	addi	r29,r29,#8
  339  000013a8  6061ffff	seqi	r1,r3,#-1
  340  000013ac  10200028	beqz	r1,L21_LF0
  341  000013b0  54000000	nop; not filled.
  342  000013b4  23bdfff8	addi	r29,r29,#-8
  343  000013b8  3c0f0000	lhi	r15,((LC9_LF0)>>16)&0xffff
  344  000013bc  25ef3130	addui	r15,r15,(LC9_LF0)&0xffff
  345  000013c0  afaf0000	sw	(r29),r15
  346  000013c4  0c0003d8	jal	_Printf
  347  000013c8  54000000	nop; not filled.
  348  000013cc  0c000484	jal	_Exit
  349  000013d0  54000000	nop; not filled.
  350  000013d4  23bd0008	addi	r29,r29,#8
  351  000013d8          	L21_LF0:
  352  000013d8  23bdfff8	addi	r29,r29,#-8
  353  000013dc  200f0000	addi	r15,r0,#0
  354  000013e0  afaf0000	sw	(r29),r15
  355  000013e4  0c0003f4	jal	_sem_create
  356  000013e8  54000000	nop; not filled.
  357  000013ec  00013020	add	r6,r0,r1
  358  000013f0  23bd0008	addi	r29,r29,#8
  359  000013f4  60c1ffff	seqi	r1,r6,#-1
  360  000013f8  10200028	beqz	r1,L22_LF0
  361  000013fc  54000000	nop; not filled.
  362  00001400  23bdfff8	addi	r29,r29,#-8
  363  00001404  3c0f0000	lhi	r15,((LC10_LF0)>>16)&0xffff
  364  00001408  25ef3148	addui	r15,r15,(LC10_LF0)&0xffff
  365  0000140c  afaf0000	sw	(r29),r15
  366  00001410  0c00038c	jal	_Printf
  367  00001414  54000000	nop; not filled.
  368  00001418  0c000438	jal	_Exit
  369  0000141c  54000000	nop; not filled.
  370  00001420  23bd0008	addi	r29,r29,#8
  371  00001424          	L22_LF0:
  372  00001424  23bdfff8	addi	r29,r29,#-8
  373  00001428  200f0000	addi	r15,r0,#0
  374  0000142c  afaf0000	sw	(r29),r15
  375  00001430  0c0003a8	jal	_sem_create
  376  00001434  54000000	nop; not filled.
  377  00001438  00014020	add	r8,r0,r1
  378  0000143c  23bd0008	addi	r29,r29,#8
  379  00001440  6101ffff	seqi	r1,r8,#-1
  380  00001444  10200028	beqz	r1,L23_LF0
  381  00001448  54000000	nop; not filled.
  382  0000144c  23bdfff8	addi	r29,r29,#-8
  383  00001450  3c0f0000	lhi	r15,((LC11_LF0)>>16)&0xffff
  384  00001454  25ef3160	addui	r15,r15,(LC11_LF0)&0xffff
  385  00001458  afaf0000	sw	(r29),r15
  386  0000145c  0c000340	jal	_Printf
  387  00001460  54000000	nop; not filled.
  388  00001464  0c0003ec	jal	_Exit
  389  00001468  54000000	nop; not filled.
  390  0000146c  23bd0008	addi	r29,r29,#8
  391  00001470          	L23_LF0:
  392  00001470  23bdfff8	addi	r29,r29,#-8
  393  00001474  200ffffc	addi	r15,r0,#-4
  394  00001478  afaf0000	sw	(r29),r15
  395  0000147c  0c00035c	jal	_sem_create
  396  00001480  54000000	nop; not filled.
  397  00001484  00016020	add	r12,r0,r1
  398  00001488  23bd0008	addi	r29,r29,#8
  399  0000148c  6181ffff	seqi	r1,r12,#-1
  400  00001490  1020004c	beqz	r1,L24_LF0
  401  00001494  54000000	nop; not filled.
  402  00001498  23bdfff8	addi	r29,r29,#-8
  403  0000149c  3c0f0000	lhi	r15,((LC12_LF0)>>16)&0xffff
  404  000014a0  25ef317c	addui	r15,r15,(LC12_LF0)&0xffff
  405  000014a4  afaf0000	sw	(r29),r15
  406  000014a8  0c0002f4	jal	_Printf
  407  000014ac  54000000	nop; not filled.
  408  000014b0  8daf0000	lw	r15,(r13)
  409  000014b4  afaf0000	sw	(r29),r15
  410  000014b8  0c0002e4	jal	_Printf
  411  000014bc  54000000	nop; not filled.
  412  000014c0  3c0f0000	lhi	r15,((LC13_LF0)>>16)&0xffff
  413  000014c4  25ef3190	addui	r15,r15,(LC13_LF0)&0xffff
  414  000014c8  afaf0000	sw	(r29),r15
  415  000014cc  0c0002d0	jal	_Printf
  416  000014d0  54000000	nop; not filled.
  417  000014d4  0c00037c	jal	_Exit
  418  000014d8  54000000	nop; not filled.
  419  000014dc  23bd0008	addi	r29,r29,#8
  420  000014e0          	L24_LF0:
  421  000014e0  23bdfff8	addi	r29,r29,#-8
  422  000014e4  afac0000	sw	(r29),r12
  423  000014e8  23c2ff58	addi	r2,r30,#-168
  424  000014ec  afa20004	sw	4(r29),r2
  425  000014f0  0c000a80	jal	_ditoa
  426  000014f4  54000000	nop; not filled.
  427  000014f8  afa40000	sw	(r29),r4
  428  000014fc  23c4ffb8	addi	r4,r30,#-72
  429  00001500  afa40004	sw	4(r29),r4
  430  00001504  0c000a6c	jal	_ditoa
  431  00001508  54000000	nop; not filled.
  432  0000150c  afa50000	sw	(r29),r5
  433  00001510  23c5ffa8	addi	r5,r30,#-88
  434  00001514  afa50004	sw	4(r29),r5
  435  00001518  0c000a58	jal	_ditoa
  436  0000151c  54000000	nop; not filled.
  437  00001520  afa70000	sw	(r29),r7
  438  00001524  23c7ff98	addi	r7,r30,#-104
  439  00001528  afa70004	sw	4(r29),r7
  440  0000152c  0c000a44	jal	_ditoa
  441  00001530  54000000	nop; not filled.
  442  00001534  afa30000	sw	(r29),r3
  443  00001538  23c3ff88	addi	r3,r30,#-120
  444  0000153c  afa30004	sw	4(r29),r3
  445  00001540  0c000a30	jal	_ditoa
  446  00001544  54000000	nop; not filled.
  447  00001548  afa60000	sw	(r29),r6
  448  0000154c  23c6ff78	addi	r6,r30,#-136
  449  00001550  afa60004	sw	4(r29),r6
  450  00001554  0c000a1c	jal	_ditoa
  451  00001558  54000000	nop; not filled.
  452  0000155c  afa80000	sw	(r29),r8
  453  00001560  23cbff68	addi	r11,r30,#-152
  454  00001564  afab0004	sw	4(r29),r11
  455  00001568  0c000a08	jal	_ditoa
  456  0000156c  54000000	nop; not filled.
  457  00001570  afa90000	sw	(r29),r9
  458  00001574  23c8ffe8	addi	r8,r30,#-24
  459  00001578  afa80004	sw	4(r29),r8
  460  0000157c  0c0009f4	jal	_ditoa
  461  00001580  54000000	nop; not filled.
  462  00001584  afae0000	sw	(r29),r14
  463  00001588  23c9ffd8	addi	r9,r30,#-40
  464  0000158c  afa90004	sw	4(r29),r9
  465  00001590  0c0009e0	jal	_ditoa
  466  00001594  54000000	nop; not filled.
  467  00001598  afaa0000	sw	(r29),r10
  468  0000159c  23caffc8	addi	r10,r30,#-56
  469  000015a0  afaa0004	sw	4(r29),r10
  470  000015a4  0c0009cc	jal	_ditoa
  471  000015a8  54000000	nop; not filled.
  472  000015ac  3c0f0000	lhi	r15,((LC14_LF0)>>16)&0xffff
  473  000015b0  25ef3194	addui	r15,r15,(LC14_LF0)&0xffff
  474  000015b4  afaf0000	sw	(r29),r15
  475  000015b8  0c0001e4	jal	_Printf
  476  000015bc  54000000	nop; not filled.
  477  000015c0  23bdfff0	addi	r29,r29,#-16
  478  000015c4  3c0f0000	lhi	r15,((LC15_LF0)>>16)&0xffff
  479  000015c8  25ef31b4	addui	r15,r15,(LC15_LF0)&0xffff
  480  000015cc  afaf0000	sw	(r29),r15
  481  000015d0  23c1ff48	addi	r1,r30,#-184
  482  000015d4  afa10004	sw	4(r29),r1
  483  000015d8  afa40008	sw	8(r29),r4
  484  000015dc  afa2000c	sw	12(r29),r2
  485  000015e0  200f0000	addi	r15,r0,#0
  486  000015e4  afaf0010	sw	16(r29),r15
  487  000015e8  0c0001cc	jal	_process_create
  488  000015ec  54000000	nop; not filled.
  489  000015f0  3c0f0000	lhi	r15,((LC16_LF0)>>16)&0xffff
  490  000015f4  25ef31cc	addui	r15,r15,(LC16_LF0)&0xffff
  491  000015f8  afaf0000	sw	(r29),r15
  492  000015fc  23c1ff38	addi	r1,r30,#-200
  493  00001600  afa10004	sw	4(r29),r1
  494  00001604  afa50008	sw	8(r29),r5
  495  00001608  afa2000c	sw	12(r29),r2
  496  0000160c  200f0000	addi	r15,r0,#0
  497  00001610  afaf0010	sw	16(r29),r15
  498  00001614  0c0001a0	jal	_process_create
  499  00001618  54000000	nop; not filled.
  500  0000161c  23bdfff8	addi	r29,r29,#-8
  501  00001620  3c0f0000	lhi	r15,((LC17_LF0)>>16)&0xffff
  502  00001624  25ef31e4	addui	r15,r15,(LC17_LF0)&0xffff
  503  00001628  afaf0000	sw	(r29),r15
  504  0000162c  afa40004	sw	4(r29),r4
  505  00001630  afa70008	sw	8(r29),r7
  506  00001634  afa3000c	sw	12(r29),r3
  507  00001638  afa80010	sw	16(r29),r8
  508  0000163c  afa20014	sw	20(r29),r2
  509  00001640  200f0000	addi	r15,r0,#0
  510  00001644  afaf0018	sw	24(r29),r15
  511  00001648  0c00016c	jal	_process_create
  512  0000164c  54000000	nop; not filled.
  513  00001650  23bd0020	addi	r29,r29,#32
  514  00001654  23bdffe0	addi	r29,r29,#-32
  515  00001658  3c0f0000	lhi	r15,((LC18_LF0)>>16)&0xffff
  516  0000165c  25ef31f8	addui	r15,r15,(LC18_LF0)&0xffff
  517  00001660  afaf0000	sw	(r29),r15
  518  00001664  afa50004	sw	4(r29),r5
  519  00001668  afa60008	sw	8(r29),r6
  520  0000166c  afa3000c	sw	12(r29),r3
  521  00001670  afa90010	sw	16(r29),r9
  522  00001674  afa20014	sw	20(r29),r2
  523  00001678  200f0000	addi	r15,r0,#0
  524  0000167c  afaf0018	sw	24(r29),r15
  525  00001680  0c000134	jal	_process_create
  526  00001684  54000000	nop; not filled.
  527  00001688  23bd0020	addi	r29,r29,#32
  528  0000168c  23bdffe0	addi	r29,r29,#-32
  529  00001690  3c0f0000	lhi	r15,((LC19_LF0)>>16)&0xffff
  530  00001694  25ef320c	addui	r15,r15,(LC19_LF0)&0xffff
  531  00001698  afaf0000	sw	(r29),r15
  532  0000169c  afa70004	sw	4(r29),r7
  533  000016a0  afa30008	sw	8(r29),r3
  534  000016a4  afa6000c	sw	12(r29),r6
  535  000016a8  afab0010	sw	16(r29),r11
  536  000016ac  afaa0014	sw	20(r29),r10
  537  000016b0  afa20018	sw	24(r29),r2
  538  000016b4  200f0000	addi	r15,r0,#0
  539  000016b8  afaf001c	sw	28(r29),r15
  540  000016bc  0c0000f8	jal	_process_create
  541  000016c0  54000000	nop; not filled.
  542  000016c4  23bd0020	addi	r29,r29,#32
  543  000016c8  23bdfff8	addi	r29,r29,#-8
  544  000016cc  afac0000	sw	(r29),r12
  545  000016d0  0c000114	jal	_sem_wait
  546  000016d4  54000000	nop; not filled.
  547  000016d8  23bd0008	addi	r29,r29,#8
  548  000016dc  64210001	snei	r1,r1,#1
  549  000016e0  10200050	beqz	r1,L25_LF0
  550  000016e4  54000000	nop; not filled.
  551  000016e8  23bdfff8	addi	r29,r29,#-8
  552  000016ec  3c0f0000	lhi	r15,((LC20_LF0)>>16)&0xffff
  553  000016f0  25ef3220	addui	r15,r15,(LC20_LF0)&0xffff
  554  000016f4  afaf0000	sw	(r29),r15
  555  000016f8  afac0004	sw	4(r29),r12
  556  000016fc  0c0000a0	jal	_Printf
  557  00001700  54000000	nop; not filled.
  558  00001704  8dad0000	lw	r13,(r13)
  559  00001708  afad0000	sw	(r29),r13
  560  0000170c  0c000090	jal	_Printf
  561  00001710  54000000	nop; not filled.
  562  00001714  3c0f0000	lhi	r15,((LC13_LF0)>>16)&0xffff
  563  00001718  25ef3190	addui	r15,r15,(LC13_LF0)&0xffff
  564  0000171c  afaf0000	sw	(r29),r15
  565  00001720  0c00007c	jal	_Printf
  566  00001724  54000000	nop; not filled.
  567  00001728  0c000128	jal	_Exit
  568  0000172c  54000000	nop; not filled.
  569  00001730  23bd0008	addi	r29,r29,#8
  570  00001734          	L25_LF0:
  571  00001734  23bdfff8	addi	r29,r29,#-8
  572  00001738  3c0f0000	lhi	r15,((LC21_LF0)>>16)&0xffff
  573  0000173c  25ef324c	addui	r15,r15,(LC21_LF0)&0xffff
  574  00001740  afaf0000	sw	(r29),r15
  575  00001744  0c000058	jal	_Printf
  576  00001748  54000000	nop; not filled.
  577  0000174c  23bd0008	addi	r29,r29,#8
  578  00001750  0c000e48	jal	_exit
  579  00001754  54000000	nop
  580  00001758          	.endproc _main
  581                      ;;;
  582                      ;;; Stub functions for DLX traps.
  583                      ;;;
  584                      ;;; Ethan L. Miller, 1999.  Released to the public domain.
  585                      ;;;
  586                      ;;; The traps such as Open and Close
  587                      ;;; (note the capital letters) are for use by user programs.  The traps
  588                      ;;; with names such as open and close (lower case) are for use by the OS.
  589                      ;;;
  592  00001758          	.align 2
  594                      ;;; The following are the traps to be used by user-level programs
  595                      ;;;
  597  00001758          	.align 2
  598  00001758          	.proc _Open
  599  00001758          	.global _Open
  600  00001758          	_Open:
  601                      ;;; Note that trap #0x213 actually causes a trap vector in the OS of
  602                      ;;; 0x1213.  The same is true for other user traps.  Thus, a user trap
  603                      ;;; with trap #0x240 will result in a trap vector of 0x1240 in the OS.
  604  00001758  44000213	trap	#0x213
  605  0000175c  4be00000	jr	r31
  606  00001760  54000000	nop
  607  00001764          	.endproc _Open
  609  00001764          	.proc _Close
  610  00001764          	.global _Close
  611  00001764          	_Close:
  612  00001764  44000214	trap	#0x214
  613  00001768  4be00000	jr	r31
  614  0000176c  54000000	nop
  615  00001770          	.endproc _Close
  617  00001770          	.proc _Read
  618  00001770          	.global _Read
  619  00001770          	_Read:
  620  00001770  44000210	trap	#0x210
  621  00001774  4be00000	jr	r31
  622  00001778  54000000	nop
  623  0000177c          	.endproc _Read
  625  0000177c          	.proc _Write
  626  0000177c          	.global _Write
  627  0000177c          	_Write:
  628  0000177c  44000211	trap	#0x211
  629  00001780  4be00000	jr	r31
  630  00001784  54000000	nop
  631  00001788          	.endproc _Write
  633  00001788          	.proc _Lseek
  634  00001788          	.global _Lseek
  635  00001788          	_Lseek:
  636  00001788  44000212	trap	#0x212
  637  0000178c  4be00000	jr	r31
  638  00001790  54000000	nop
  639  00001794          	.endproc _Lseek
  641  00001794          	.proc _Putchar
  642  00001794          	.global _Putchar
  643  00001794          	_Putchar:
  644  00001794  44000280	trap	#0x280
  645  00001798  4be00000	jr	r31
  646  0000179c  54000000	nop
  647  000017a0          	.endproc _Putchar
  649  000017a0          	.proc _Printf
  650  000017a0          	.global _Printf
  651  000017a0          	_Printf:
  652  000017a0  44000201	trap	#0x201
  653  000017a4  4be00000	jr	r31
  654  000017a8  54000000	nop
  655  000017ac          	.endproc _Printf
  657  000017ac          	.proc _getpid
  658  000017ac          	.global _getpid
  659  000017ac          	_getpid:
  660  000017ac  44000431	trap	#0x431
  661  000017b0  4be00000	jr	r31
  662  000017b4  54000000	nop
  663  000017b8          	.endproc _getpid
  665  000017b8          	.proc _process_create
  666  000017b8          	.global _process_create
  667  000017b8          	_process_create:
  668  000017b8  44000432	trap	#0x432
  669  000017bc  4be00000	jr	r31
  670  000017c0  54000000	nop
  671  000017c4          	.endproc _process_create
  673  000017c4          	.proc _shmget
  674  000017c4          	.global _shmget
  675  000017c4          	_shmget:
  676  000017c4  44000440	trap	#0x440
  677  000017c8  4be00000	jr	r31
  678  000017cc  54000000	nop
  679  000017d0          	.endproc _shmget
  681  000017d0          	.proc _shmat
  682  000017d0          	.global _shmat
  683  000017d0          	_shmat:
  684  000017d0  44000441	trap	#0x441
  685  000017d4  4be00000	jr	r31
  686  000017d8  54000000	nop
  687  000017dc          	.endproc _shmat
  689  000017dc          	.proc _sem_create
  690  000017dc          	.global _sem_create
  691  000017dc          	_sem_create:
  692  000017dc  44000450	trap	#0x450
  693  000017e0  4be00000	jr	r31
  694  000017e4  54000000	nop
  695  000017e8          	.endproc _sem_create
  697  000017e8          	.proc _sem_wait
  698  000017e8          	.global _sem_wait
  699  000017e8          	_sem_wait:
  700  000017e8  44000451	trap	#0x451
  701  000017ec  4be00000	jr	r31
  702  000017f0  54000000	nop
  703  000017f4          	.endproc _sem_wait
  705  000017f4          	.proc _sem_signal
  706  000017f4          	.global _sem_signal
  707  000017f4          	_sem_signal:
  708  000017f4  44000452	trap	#0x452
  709  000017f8  4be00000	jr	r31
  710  000017fc  54000000	nop
  711  00001800          	.endproc _sem_signal
  713  00001800          	.proc _lock_create
  714  00001800          	.global _lock_create
  715  00001800          	_lock_create:
  716  00001800  44000453	trap	#0x453
  717  00001804  4be00000	jr	r31
  718  00001808  54000000	nop
  719  0000180c          	.endproc _lock_create
  721  0000180c          	.proc _lock_acquire
  722  0000180c          	.global _lock_acquire
  723  0000180c          	_lock_acquire:
  724  0000180c  44000454	trap	#0x454
  725  00001810  4be00000	jr	r31
  726  00001814  54000000	nop
  727  00001818          	.endproc _lock_acquire
  729  00001818          	.proc _lock_release
  730  00001818          	.global _lock_release
  731  00001818          	_lock_release:
  732  00001818  44000455	trap	#0x455
  733  0000181c  4be00000	jr	r31
  734  00001820  54000000	nop
  735  00001824          	.endproc _lock_release
  737  00001824          	.proc _cond_create
  738  00001824          	.global _cond_create
  739  00001824          	_cond_create:
  740  00001824  44000456	trap	#0x456
  741  00001828  4be00000	jr	r31
  742  0000182c  54000000	nop
  743  00001830          	.endproc _cond_create
  745  00001830          	.proc _cond_wait
  746  00001830          	.global _cond_wait
  747  00001830          	_cond_wait:
  748  00001830  44000457	trap	#0x457
  749  00001834  4be00000	jr	r31
  750  00001838  54000000	nop
  751  0000183c          	.endproc _cond_wait
  753  0000183c          	.proc _cond_signal
  754  0000183c          	.global _cond_signal
  755  0000183c          	_cond_signal:
  756  0000183c  44000458	trap	#0x458
  757  00001840  4be00000	jr	r31
  758  00001844  54000000	nop
  759  00001848          	.endproc _cond_signal
  761  00001848          	.proc _cond_broadcast
  762  00001848          	.global _cond_broadcast
  763  00001848          	_cond_broadcast:
  764  00001848  44000459	trap	#0x459
  765  0000184c  4be00000	jr	r31
  766  00001850  54000000	nop
  767  00001854          	.endproc _cond_broadcast
  769  00001854          	.proc _Exit
  770  00001854          	.global _Exit
  771  00001854          	_Exit:
  772  00001854  44000500	trap	#0x500
  773  00001858  4be00000	jr	r31
  774  0000185c  54000000	nop
  775  00001860          	.endproc _Exit
  776                      ; Compiled by GCC
  778  00001860          	.align 2
  779  00001860          	.proc _isspace
  780  00001860          	.global _isspace
  781  00001860          	_isspace:
  782                      ;  Function 'isspace'; 0 bytes of locals, 3 regs to save.
  783  00001860  afbefffc	sw	-4(r29),r30; push fp
  784  00001864  001df020	add	r30,r0,r29; fp = sp
  785  00001868  afbffff8	sw	-8(r29),r31; push ret addr
  786  0000186c  2fbd0018	subui	r29,r29,#24; alloc local storage
  787  00001870  afa20000	sw	0(r29),r2
  788  00001874  afa30004	sw	4(r29),r3
  789  00001878  afa40008	sw	8(r29),r4
  790  0000187c  83c20003	lb	r2,3(r30)
  791  00001880  20010000	addi	r1,r0,#0
  792  00001884  304300ff	andi	r3,r2,#0x00ff
  793  00001888  60640020	seqi	r4,r3,#32
  794  0000188c  1480002c	bnez	r4,L3_LF2
  795  00001890  54000000	nop; delay slot nop
  796  00001894  304300ff	andi	r3,r2,#0x00ff
  797  00001898  60640009	seqi	r4,r3,#9
  798  0000189c  1480001c	bnez	r4,L3_LF2
  799  000018a0  54000000	nop; delay slot nop
  800  000018a4  304300ff	andi	r3,r2,#0x00ff
  801  000018a8  6064000a	seqi	r4,r3,#10
  802  000018ac  1480000c	bnez	r4,L3_LF2
  803  000018b0  54000000	nop; delay slot nop
  804  000018b4  08000008	j	L2_LF2
  805  000018b8  54000000	nop; delay slot nop
  806  000018bc          	L3_LF2:
  807  000018bc  20010001	addi	r1,r0,#1
  808  000018c0          	L2_LF2:
  809  000018c0  08000004	j	L1_LF2
  810  000018c4  54000000	nop; delay slot nop
  811  000018c8          	L1_LF2:
  812  000018c8  8fa20000	lw	r2,0(r29)
  813  000018cc  8fa30004	lw	r3,4(r29)
  814  000018d0  8fa40008	lw	r4,8(r29)
  815  000018d4  8fdffff8	lw	r31,-8(r30)
  816  000018d8  001ee820	add	r29,r0,r30
  817  000018dc  8fdefffc	lw	r30,-4(r30)
  818  000018e0  4be00000	jr	r31
  819  000018e4  54000000	nop
  820  000018e8          	.endproc _isspace
  821  000018e8          	.align 2
  822  000018e8          	.proc _isxdigit
  823  000018e8          	.global _isxdigit
  824  000018e8          	_isxdigit:
  825                      ;  Function 'isxdigit'; 0 bytes of locals, 3 regs to save.
  826  000018e8  afbefffc	sw	-4(r29),r30; push fp
  827  000018ec  001df020	add	r30,r0,r29; fp = sp
  828  000018f0  afbffff8	sw	-8(r29),r31; push ret addr
  829  000018f4  2fbd0018	subui	r29,r29,#24; alloc local storage
  830  000018f8  afa20000	sw	0(r29),r2
  831  000018fc  afa30004	sw	4(r29),r3
  832  00001900  afa40008	sw	8(r29),r4
  833  00001904  83c20003	lb	r2,3(r30)
  834  00001908  20010000	addi	r1,r0,#0
  835  0000190c  304300ff	andi	r3,r2,#0x00ff
  836  00001910  6c64002f	sgtui	r4,r3,#47
  837  00001914  1080001c	beqz	r4,L7_LF2
  838  00001918  54000000	nop; delay slot nop
  839  0000191c  304300ff	andi	r3,r2,#0x00ff
  840  00001920  70640039	sleui	r4,r3,#57
  841  00001924  1480005c	bnez	r4,L6_LF2
  842  00001928  54000000	nop; delay slot nop
  843  0000192c  08000004	j	L7_LF2
  844  00001930  54000000	nop; delay slot nop
  845  00001934          	L7_LF2:
  846  00001934  304300ff	andi	r3,r2,#0x00ff
  847  00001938  6c640060	sgtui	r4,r3,#96
  848  0000193c  1080001c	beqz	r4,L8_LF2
  849  00001940  54000000	nop; delay slot nop
  850  00001944  304300ff	andi	r3,r2,#0x00ff
  851  00001948  70640066	sleui	r4,r3,#102
  852  0000194c  14800034	bnez	r4,L6_LF2
  853  00001950  54000000	nop; delay slot nop
  854  00001954  08000004	j	L8_LF2
  855  00001958  54000000	nop; delay slot nop
  856  0000195c          	L8_LF2:
  857  0000195c  304300ff	andi	r3,r2,#0x00ff
  858  00001960  6c640040	sgtui	r4,r3,#64
  859  00001964  10800020	beqz	r4,L5_LF2
  860  00001968  54000000	nop; delay slot nop
  861  0000196c  304300ff	andi	r3,r2,#0x00ff
  862  00001970  70640041	sleui	r4,r3,#65
  863  00001974  1480000c	bnez	r4,L6_LF2
  864  00001978  54000000	nop; delay slot nop
  865  0000197c  08000008	j	L5_LF2
  866  00001980  54000000	nop; delay slot nop
  867  00001984          	L6_LF2:
  868  00001984  20010001	addi	r1,r0,#1
  869  00001988          	L5_LF2:
  870  00001988  08000004	j	L4_LF2
  871  0000198c  54000000	nop; delay slot nop
  872  00001990          	L4_LF2:
  873  00001990  8fa20000	lw	r2,0(r29)
  874  00001994  8fa30004	lw	r3,4(r29)
  875  00001998  8fa40008	lw	r4,8(r29)
  876  0000199c  8fdffff8	lw	r31,-8(r30)
  877  000019a0  001ee820	add	r29,r0,r30
  878  000019a4  8fdefffc	lw	r30,-4(r30)
  879  000019a8  4be00000	jr	r31
  880  000019ac  54000000	nop
  881  000019b0          	.endproc _isxdigit
  882  000019b0          	.align 2
  883  000019b0          	.proc _dstrcpy
  884  000019b0          	.global _dstrcpy
  885  000019b0          	_dstrcpy:
  886                      ;  Function 'dstrcpy'; 8 bytes of locals, 2 regs to save.
  887  000019b0  afbefffc	sw	-4(r29),r30; push fp
  888  000019b4  001df020	add	r30,r0,r29; fp = sp
  889  000019b8  afbffff8	sw	-8(r29),r31; push ret addr
  890  000019bc  2fbd0018	subui	r29,r29,#24; alloc local storage
  891  000019c0  afa20000	sw	0(r29),r2
  892  000019c4  afa30004	sw	4(r29),r3
  893  000019c8  8fc10000	lw	r1,(r30)
  894  000019cc  afc1fff4	sw	-12(r30),r1
  895  000019d0          	L10_LF2:
  896  000019d0  8fc10000	lw	r1,(r30)
  897  000019d4  20220001	addi	r2,r1,#1
  898  000019d8  afc20000	sw	(r30),r2
  899  000019dc  8fc20004	lw	r2,4(r30)
  900  000019e0  20430001	addi	r3,r2,#1
  901  000019e4  afc30004	sw	4(r30),r3
  902  000019e8  80420000	lb	r2,(r2)
  903  000019ec  a0220000	sb	(r1),r2
  904  000019f0  a3c2fff3	sb	-13(r30),r2
  905  000019f4          	L12_LF2:
  906  000019f4  93c1fff3	lbu	r1,-13(r30)
  907  000019f8  64220000	snei	r2,r1,#0
  908  000019fc  1440000c	bnez	r2,L13_LF2
  909  00001a00  54000000	nop; delay slot nop
  910  00001a04  0800000c	j	L11_LF2
  911  00001a08  54000000	nop; delay slot nop
  912  00001a0c          	L13_LF2:
  913  00001a0c  0bffffc0	j	L10_LF2
  914  00001a10  54000000	nop; delay slot nop
  915  00001a14          	L11_LF2:
  916  00001a14  8fc1fff4	lw	r1,-12(r30)
  917  00001a18  08000004	j	L9_LF2
  918  00001a1c  54000000	nop; delay slot nop
  919  00001a20          	L9_LF2:
  920  00001a20  8fa20000	lw	r2,0(r29)
  921  00001a24  8fa30004	lw	r3,4(r29)
  922  00001a28  8fdffff8	lw	r31,-8(r30)
  923  00001a2c  001ee820	add	r29,r0,r30
  924  00001a30  8fdefffc	lw	r30,-4(r30)
  925  00001a34  4be00000	jr	r31
  926  00001a38  54000000	nop
  927  00001a3c          	.endproc _dstrcpy
  928  00001a3c          	.align 2
  929  00001a3c          	.proc _dstrncpy
  930  00001a3c          	.global _dstrncpy
  931  00001a3c          	_dstrncpy:
  932                      ;  Function 'dstrncpy'; 8 bytes of locals, 2 regs to save.
  933  00001a3c  afbefffc	sw	-4(r29),r30; push fp
  934  00001a40  001df020	add	r30,r0,r29; fp = sp
  935  00001a44  afbffff8	sw	-8(r29),r31; push ret addr
  936  00001a48  2fbd0018	subui	r29,r29,#24; alloc local storage
  937  00001a4c  afa20000	sw	0(r29),r2
  938  00001a50  afa30004	sw	4(r29),r3
  939  00001a54  8fc10000	lw	r1,(r30)
  940  00001a58  afc1fff4	sw	-12(r30),r1
  941  00001a5c          	L15_LF2:
  942  00001a5c  8fc10008	lw	r1,8(r30)
  943  00001a60  2022ffff	addi	r2,r1,#-1
  944  00001a64  afc20008	sw	8(r30),r2
  945  00001a68  70210000	slei	r1,r1,#0
  946  00001a6c  1020000c	beqz	r1,L18_LF2
  947  00001a70  54000000	nop; delay slot nop
  948  00001a74  08000048	j	L16_LF2
  949  00001a78  54000000	nop; delay slot nop
  950  00001a7c          	L18_LF2:
  951  00001a7c  8fc10000	lw	r1,(r30)
  952  00001a80  20220001	addi	r2,r1,#1
  953  00001a84  afc20000	sw	(r30),r2
  954  00001a88  8fc20004	lw	r2,4(r30)
  955  00001a8c  20430001	addi	r3,r2,#1
  956  00001a90  afc30004	sw	4(r30),r3
  957  00001a94  80420000	lb	r2,(r2)
  958  00001a98  a0220000	sb	(r1),r2
  959  00001a9c  a3c2fff3	sb	-13(r30),r2
  960  00001aa0          	L17_LF2:
  961  00001aa0  93c1fff3	lbu	r1,-13(r30)
  962  00001aa4  64220000	snei	r2,r1,#0
  963  00001aa8  1440000c	bnez	r2,L19_LF2
  964  00001aac  54000000	nop; delay slot nop
  965  00001ab0  0800000c	j	L16_LF2
  966  00001ab4  54000000	nop; delay slot nop
  967  00001ab8          	L19_LF2:
  968  00001ab8  0bffffa0	j	L15_LF2
  969  00001abc  54000000	nop; delay slot nop
  970  00001ac0          	L16_LF2:
  971  00001ac0  8fc1fff4	lw	r1,-12(r30)
  972  00001ac4  08000004	j	L14_LF2
  973  00001ac8  54000000	nop; delay slot nop
  974  00001acc          	L14_LF2:
  975  00001acc  8fa20000	lw	r2,0(r29)
  976  00001ad0  8fa30004	lw	r3,4(r29)
  977  00001ad4  8fdffff8	lw	r31,-8(r30)
  978  00001ad8  001ee820	add	r29,r0,r30
  979  00001adc  8fdefffc	lw	r30,-4(r30)
  980  00001ae0  4be00000	jr	r31
  981  00001ae4  54000000	nop
  982  00001ae8          	.endproc _dstrncpy
  983  00001ae8          	.align 2
  984  00001ae8          	.proc _dstrcat
  985  00001ae8          	.global _dstrcat
  986  00001ae8          	_dstrcat:
  987                      ;  Function 'dstrcat'; 8 bytes of locals, 1 regs to save.
  988  00001ae8  afbefffc	sw	-4(r29),r30; push fp
  989  00001aec  001df020	add	r30,r0,r29; fp = sp
  990  00001af0  afbffff8	sw	-8(r29),r31; push ret addr
  991  00001af4  2fbd0018	subui	r29,r29,#24; alloc local storage
  992  00001af8  afa20000	sw	0(r29),r2
  993  00001afc  8fc10000	lw	r1,(r30)
  994  00001b00  afc1fff4	sw	-12(r30),r1
  995  00001b04          	L21_LF2:
  996  00001b04  8fc10000	lw	r1,(r30)
  997  00001b08  90220000	lbu	r2,(r1)
  998  00001b0c  64410000	snei	r1,r2,#0
  999  00001b10  1420000c	bnez	r1,L23_LF2
 1000  00001b14  54000000	nop; delay slot nop
 1001  00001b18  0800001c	j	L22_LF2
 1002  00001b1c  54000000	nop; delay slot nop
 1003  00001b20          	L23_LF2:
 1004  00001b20  8fc20000	lw	r2,(r30)
 1005  00001b24  20410001	addi	r1,r2,#1
 1006  00001b28  00011020	add	r2,r0,r1
 1007  00001b2c  afc20000	sw	(r30),r2
 1008  00001b30  0bffffd0	j	L21_LF2
 1009  00001b34  54000000	nop; delay slot nop
 1010  00001b38          	L22_LF2:
 1011  00001b38  23bdfff8	addi	r29,r29,#-8
 1012  00001b3c  001d0820	add	r1,r0,r29
 1013  00001b40  8fc20000	lw	r2,(r30)
 1014  00001b44  ac220000	sw	(r1),r2
 1015  00001b48  8fc20004	lw	r2,4(r30)
 1016  00001b4c  ac220004	sw	4(r1),r2
 1017  00001b50  0ffffe5c	jal	_dstrcpy
 1018  00001b54  54000000	nop; delay slot nop
 1019  00001b58  23bd0008	addi	r29,r29,#8
 1020  00001b5c  8fc1fff4	lw	r1,-12(r30)
 1021  00001b60  08000004	j	L20_LF2
 1022  00001b64  54000000	nop; delay slot nop
 1023  00001b68          	L20_LF2:
 1024  00001b68  8fa20000	lw	r2,0(r29)
 1025  00001b6c  8fdffff8	lw	r31,-8(r30)
 1026  00001b70  001ee820	add	r29,r0,r30
 1027  00001b74  8fdefffc	lw	r30,-4(r30)
 1028  00001b78  4be00000	jr	r31
 1029  00001b7c  54000000	nop
 1030  00001b80          	.endproc _dstrcat
 1031  00001b80          	.align 2
 1032  00001b80          	.proc _dstrncmp
 1033  00001b80          	.global _dstrncmp
 1034  00001b80          	_dstrncmp:
 1035                      ;  Function 'dstrncmp'; 8 bytes of locals, 2 regs to save.
 1036  00001b80  afbefffc	sw	-4(r29),r30; push fp
 1037  00001b84  001df020	add	r30,r0,r29; fp = sp
 1038  00001b88  afbffff8	sw	-8(r29),r31; push ret addr
 1039  00001b8c  2fbd0018	subui	r29,r29,#24; alloc local storage
 1040  00001b90  afa20000	sw	0(r29),r2
 1041  00001b94  afa30004	sw	4(r29),r3
 1042  00001b98  54000000	nop
 1043  00001b9c  20010000	addi	r1,r0,#0
 1044  00001ba0  afc1fff4	sw	-12(r30),r1
 1045  00001ba4          	L25_LF2:
 1046  00001ba4  8fc1fff4	lw	r1,-12(r30)
 1047  00001ba8  8fc20008	lw	r2,8(r30)
 1048  00001bac  0022082a	slt	r1,r1,r2
 1049  00001bb0  1420000c	bnez	r1,L28_LF2
 1050  00001bb4  54000000	nop; delay slot nop
 1051  00001bb8  08000088	j	L26_LF2
 1052  00001bbc  54000000	nop; delay slot nop
 1053  00001bc0          	L28_LF2:
 1054  00001bc0  8fc10004	lw	r1,4(r30)
 1055  00001bc4  90220000	lbu	r2,(r1)
 1056  00001bc8  64410000	snei	r1,r2,#0
 1057  00001bcc  14200018	bnez	r1,L29_LF2
 1058  00001bd0  54000000	nop; delay slot nop
 1059  00001bd4  20010000	addi	r1,r0,#0
 1060  00001bd8  080000d8	j	L24_LF2
 1061  00001bdc  54000000	nop; delay slot nop
 1062  00001be0  08000028	j	L30_LF2
 1063  00001be4  54000000	nop; delay slot nop
 1064  00001be8          	L29_LF2:
 1065  00001be8  8fc10000	lw	r1,(r30)
 1066  00001bec  8fc20004	lw	r2,4(r30)
 1067  00001bf0  90210000	lbu	r1,(r1)
 1068  00001bf4  90420000	lbu	r2,(r2)
 1069  00001bf8  00220829	sne	r1,r1,r2
 1070  00001bfc  1020000c	beqz	r1,L30_LF2
 1071  00001c00  54000000	nop; delay slot nop
 1072  00001c04  0800003c	j	L26_LF2
 1073  00001c08  54000000	nop; delay slot nop
 1074  00001c0c          	L31_LF2:
 1075  00001c0c          	L30_LF2:
 1076  00001c0c  8fc20000	lw	r2,(r30)
 1077  00001c10  20410001	addi	r1,r2,#1
 1078  00001c14  00011020	add	r2,r0,r1
 1079  00001c18  afc20000	sw	(r30),r2
 1080  00001c1c  8fc20004	lw	r2,4(r30)
 1081  00001c20  20410001	addi	r1,r2,#1
 1082  00001c24  00011020	add	r2,r0,r1
 1083  00001c28  afc20004	sw	4(r30),r2
 1084  00001c2c          	L27_LF2:
 1085  00001c2c  8fc2fff4	lw	r2,-12(r30)
 1086  00001c30  20410001	addi	r1,r2,#1
 1087  00001c34  00011020	add	r2,r0,r1
 1088  00001c38  afc2fff4	sw	-12(r30),r2
 1089  00001c3c  0bffff64	j	L25_LF2
 1090  00001c40  54000000	nop; delay slot nop
 1091  00001c44          	L26_LF2:
 1092  00001c44  8fc1fff4	lw	r1,-12(r30)
 1093  00001c48  8fc20008	lw	r2,8(r30)
 1094  00001c4c  00220828	seq	r1,r1,r2
 1095  00001c50  10200018	beqz	r1,L32_LF2
 1096  00001c54  54000000	nop; delay slot nop
 1097  00001c58  20010000	addi	r1,r0,#0
 1098  00001c5c  08000054	j	L24_LF2
 1099  00001c60  54000000	nop; delay slot nop
 1100  00001c64  0800004c	j	L33_LF2
 1101  00001c68  54000000	nop; delay slot nop
 1102  00001c6c          	L32_LF2:
 1103  00001c6c  8fc20000	lw	r2,(r30)
 1104  00001c70  90410000	lbu	r1,(r2)
 1105  00001c74  8fc20004	lw	r2,4(r30)
 1106  00001c78  90430000	lbu	r3,(r2)
 1107  00001c7c  00230822	sub	r1,r1,r3
 1108  00001c80  74220000	sgei	r2,r1,#0
 1109  00001c84  10400020	beqz	r2,L34_LF2
 1110  00001c88  54000000	nop; delay slot nop
 1111  00001c8c  8fc10000	lw	r1,(r30)
 1112  00001c90  8fc20004	lw	r2,4(r30)
 1113  00001c94  90210000	lbu	r1,(r1)
 1114  00001c98  90420000	lbu	r2,(r2)
 1115  00001c9c  00220829	sne	r1,r1,r2
 1116  00001ca0  08000008	j	L35_LF2
 1117  00001ca4  54000000	nop; delay slot nop
 1118  00001ca8          	L34_LF2:
 1119  00001ca8  2001ffff	addi	r1,r0,#-1
 1120  00001cac          	L35_LF2:
 1121  00001cac  08000004	j	L24_LF2
 1122  00001cb0  54000000	nop; delay slot nop
 1123  00001cb4          	L33_LF2:
 1124  00001cb4          	L24_LF2:
 1125  00001cb4  8fa20000	lw	r2,0(r29)
 1126  00001cb8  8fa30004	lw	r3,4(r29)
 1127  00001cbc  8fdffff8	lw	r31,-8(r30)
 1128  00001cc0  001ee820	add	r29,r0,r30
 1129  00001cc4  8fdefffc	lw	r30,-4(r30)
 1130  00001cc8  4be00000	jr	r31
 1131  00001ccc  54000000	nop
 1132  00001cd0          	.endproc _dstrncmp
 1133  00001cd0          	.align 2
 1134  00001cd0          	.proc _dstrlen
 1135  00001cd0          	.global _dstrlen
 1136  00001cd0          	_dstrlen:
 1137                      ;  Function 'dstrlen'; 8 bytes of locals, 1 regs to save.
 1138  00001cd0  afbefffc	sw	-4(r29),r30; push fp
 1139  00001cd4  001df020	add	r30,r0,r29; fp = sp
 1140  00001cd8  afbffff8	sw	-8(r29),r31; push ret addr
 1141  00001cdc  2fbd0018	subui	r29,r29,#24; alloc local storage
 1142  00001ce0  afa20000	sw	0(r29),r2
 1143  00001ce4  20010000	addi	r1,r0,#0
 1144  00001ce8  afc1fff4	sw	-12(r30),r1
 1145  00001cec          	L37_LF2:
 1146  00001cec  8fc10000	lw	r1,(r30)
 1147  00001cf0  20220001	addi	r2,r1,#1
 1148  00001cf4  afc20000	sw	(r30),r2
 1149  00001cf8  90210000	lbu	r1,(r1)
 1150  00001cfc  64220000	snei	r2,r1,#0
 1151  00001d00  1440000c	bnez	r2,L39_LF2
 1152  00001d04  54000000	nop; delay slot nop
 1153  00001d08  0800001c	j	L38_LF2
 1154  00001d0c  54000000	nop; delay slot nop
 1155  00001d10          	L39_LF2:
 1156  00001d10  8fc2fff4	lw	r2,-12(r30)
 1157  00001d14  20410001	addi	r1,r2,#1
 1158  00001d18  00011020	add	r2,r0,r1
 1159  00001d1c  afc2fff4	sw	-12(r30),r2
 1160  00001d20  0bffffc8	j	L37_LF2
 1161  00001d24  54000000	nop; delay slot nop
 1162  00001d28          	L38_LF2:
 1163  00001d28  8fc1fff4	lw	r1,-12(r30)
 1164  00001d2c  08000004	j	L36_LF2
 1165  00001d30  54000000	nop; delay slot nop
 1166  00001d34          	L36_LF2:
 1167  00001d34  8fa20000	lw	r2,0(r29)
 1168  00001d38  8fdffff8	lw	r31,-8(r30)
 1169  00001d3c  001ee820	add	r29,r0,r30
 1170  00001d40  8fdefffc	lw	r30,-4(r30)
 1171  00001d44  4be00000	jr	r31
 1172  00001d48  54000000	nop
 1173  00001d4c          	.endproc _dstrlen
 1174  00001d4c          	.align 2
 1175  00001d4c          	.proc _dstrstr
 1176  00001d4c          	.global _dstrstr
 1177  00001d4c          	_dstrstr:
 1178                      ;  Function 'dstrstr'; 8 bytes of locals, 1 regs to save.
 1179  00001d4c  afbefffc	sw	-4(r29),r30; push fp
 1180  00001d50  001df020	add	r30,r0,r29; fp = sp
 1181  00001d54  afbffff8	sw	-8(r29),r31; push ret addr
 1182  00001d58  2fbd0018	subui	r29,r29,#24; alloc local storage
 1183  00001d5c  afa20000	sw	0(r29),r2
 1184  00001d60  23bdfff8	addi	r29,r29,#-8
 1185  00001d64  001d0820	add	r1,r0,r29
 1186  00001d68  8fc20004	lw	r2,4(r30)
 1187  00001d6c  ac220000	sw	(r1),r2
 1188  00001d70  0fffff5c	jal	_dstrlen
 1189  00001d74  54000000	nop; delay slot nop
 1190  00001d78  23bd0008	addi	r29,r29,#8
 1191  00001d7c  afc1fff4	sw	-12(r30),r1
 1192  00001d80          	L41_LF2:
 1193  00001d80  8fc10000	lw	r1,(r30)
 1194  00001d84  90220000	lbu	r2,(r1)
 1195  00001d88  64410000	snei	r1,r2,#0
 1196  00001d8c  1420000c	bnez	r1,L43_LF2
 1197  00001d90  54000000	nop; delay slot nop
 1198  00001d94  08000060	j	L42_LF2
 1199  00001d98  54000000	nop; delay slot nop
 1200  00001d9c          	L43_LF2:
 1201  00001d9c  23bdfff0	addi	r29,r29,#-16
 1202  00001da0  001d0820	add	r1,r0,r29
 1203  00001da4  8fc20000	lw	r2,(r30)
 1204  00001da8  ac220000	sw	(r1),r2
 1205  00001dac  8fc20004	lw	r2,4(r30)
 1206  00001db0  ac220004	sw	4(r1),r2
 1207  00001db4  8fc2fff4	lw	r2,-12(r30)
 1208  00001db8  ac220008	sw	8(r1),r2
 1209  00001dbc  0ffffdc0	jal	_dstrncmp
 1210  00001dc0  54000000	nop; delay slot nop
 1211  00001dc4  23bd0010	addi	r29,r29,#16
 1212  00001dc8  64220000	snei	r2,r1,#0
 1213  00001dcc  14400010	bnez	r2,L44_LF2
 1214  00001dd0  54000000	nop; delay slot nop
 1215  00001dd4  8fc10000	lw	r1,(r30)
 1216  00001dd8  08000028	j	L40_LF2
 1217  00001ddc  54000000	nop; delay slot nop
 1218  00001de0          	L44_LF2:
 1219  00001de0  8fc20000	lw	r2,(r30)
 1220  00001de4  20410001	addi	r1,r2,#1
 1221  00001de8  00011020	add	r2,r0,r1
 1222  00001dec  afc20000	sw	(r30),r2
 1223  00001df0  0bffff8c	j	L41_LF2
 1224  00001df4  54000000	nop; delay slot nop
 1225  00001df8          	L42_LF2:
 1226  00001df8  20010000	addi	r1,r0,#0
 1227  00001dfc  08000004	j	L40_LF2
 1228  00001e00  54000000	nop; delay slot nop
 1229  00001e04          	L40_LF2:
 1230  00001e04  8fa20000	lw	r2,0(r29)
 1231  00001e08  8fdffff8	lw	r31,-8(r30)
 1232  00001e0c  001ee820	add	r29,r0,r30
 1233  00001e10  8fdefffc	lw	r30,-4(r30)
 1234  00001e14  4be00000	jr	r31
 1235  00001e18  54000000	nop
 1236  00001e1c          	.endproc _dstrstr
 1237  00001e1c          	.align 2
 1238  00001e1c          	.proc _dmindex
 1239  00001e1c          	.global _dmindex
 1240  00001e1c          	_dmindex:
 1241                      ;  Function 'dmindex'; 8 bytes of locals, 1 regs to save.
 1242  00001e1c  afbefffc	sw	-4(r29),r30; push fp
 1243  00001e20  001df020	add	r30,r0,r29; fp = sp
 1244  00001e24  afbffff8	sw	-8(r29),r31; push ret addr
 1245  00001e28  2fbd0018	subui	r29,r29,#24; alloc local storage
 1246  00001e2c  afa20000	sw	0(r29),r2
 1247  00001e30  54000000	nop
 1248  00001e34          	L46_LF2:
 1249  00001e34  8fc10000	lw	r1,(r30)
 1250  00001e38  90220000	lbu	r2,(r1)
 1251  00001e3c  64410000	snei	r1,r2,#0
 1252  00001e40  1420000c	bnez	r1,L48_LF2
 1253  00001e44  54000000	nop; delay slot nop
 1254  00001e48  08000070	j	L47_LF2
 1255  00001e4c  54000000	nop; delay slot nop
 1256  00001e50          	L48_LF2:
 1257  00001e50  8fc10004	lw	r1,4(r30)
 1258  00001e54  afc1fff4	sw	-12(r30),r1
 1259  00001e58          	L49_LF2:
 1260  00001e58  8fc1fff4	lw	r1,-12(r30)
 1261  00001e5c  90220000	lbu	r2,(r1)
 1262  00001e60  64410000	snei	r1,r2,#0
 1263  00001e64  1420000c	bnez	r1,L52_LF2
 1264  00001e68  54000000	nop; delay slot nop
 1265  00001e6c  08000044	j	L50_LF2
 1266  00001e70  54000000	nop; delay slot nop
 1267  00001e74          	L52_LF2:
 1268  00001e74  8fc10000	lw	r1,(r30)
 1269  00001e78  8fc2fff4	lw	r2,-12(r30)
 1270  00001e7c  90210000	lbu	r1,(r1)
 1271  00001e80  90420000	lbu	r2,(r2)
 1272  00001e84  00220828	seq	r1,r1,r2
 1273  00001e88  10200010	beqz	r1,L51_LF2
 1274  00001e8c  54000000	nop; delay slot nop
 1275  00001e90  8fc10000	lw	r1,(r30)
 1276  00001e94  08000030	j	L45_LF2
 1277  00001e98  54000000	nop; delay slot nop
 1278  00001e9c          	L53_LF2:
 1279  00001e9c          	L51_LF2:
 1280  00001e9c  8fc2fff4	lw	r2,-12(r30)
 1281  00001ea0  20410001	addi	r1,r2,#1
 1282  00001ea4  00011020	add	r2,r0,r1
 1283  00001ea8  afc2fff4	sw	-12(r30),r2
 1284  00001eac  0bffffa8	j	L49_LF2
 1285  00001eb0  54000000	nop; delay slot nop
 1286  00001eb4          	L50_LF2:
 1287  00001eb4  0bffff7c	j	L46_LF2
 1288  00001eb8  54000000	nop; delay slot nop
 1289  00001ebc          	L47_LF2:
 1290  00001ebc  20010000	addi	r1,r0,#0
 1291  00001ec0  08000004	j	L45_LF2
 1292  00001ec4  54000000	nop; delay slot nop
 1293  00001ec8          	L45_LF2:
 1294  00001ec8  8fa20000	lw	r2,0(r29)
 1295  00001ecc  8fdffff8	lw	r31,-8(r30)
 1296  00001ed0  001ee820	add	r29,r0,r30
 1297  00001ed4  8fdefffc	lw	r30,-4(r30)
 1298  00001ed8  4be00000	jr	r31
 1299  00001edc  54000000	nop
 1300  00001ee0          	.endproc _dmindex
 1301  00001ee0          	.align 2
 1302  00001ee0          	.proc _dindex
 1303  00001ee0          	.global _dindex
 1304  00001ee0          	_dindex:
 1305                      ;  Function 'dindex'; 0 bytes of locals, 1 regs to save.
 1306  00001ee0  afbefffc	sw	-4(r29),r30; push fp
 1307  00001ee4  001df020	add	r30,r0,r29; fp = sp
 1308  00001ee8  afbffff8	sw	-8(r29),r31; push ret addr
 1309  00001eec  2fbd0010	subui	r29,r29,#16; alloc local storage
 1310  00001ef0  afa20000	sw	0(r29),r2
 1311  00001ef4  54000000	nop
 1312  00001ef8          	L55_LF2:
 1313  00001ef8  8fc10000	lw	r1,(r30)
 1314  00001efc  90220000	lbu	r2,(r1)
 1315  00001f00  64410000	snei	r1,r2,#0
 1316  00001f04  1420000c	bnez	r1,L57_LF2
 1317  00001f08  54000000	nop; delay slot nop
 1318  00001f0c  08000040	j	L56_LF2
 1319  00001f10  54000000	nop; delay slot nop
 1320  00001f14          	L57_LF2:
 1321  00001f14  8fc10000	lw	r1,(r30)
 1322  00001f18  90220000	lbu	r2,(r1)
 1323  00001f1c  8fc10004	lw	r1,4(r30)
 1324  00001f20  00411028	seq	r2,r2,r1
 1325  00001f24  10400010	beqz	r2,L58_LF2
 1326  00001f28  54000000	nop; delay slot nop
 1327  00001f2c  8fc10000	lw	r1,(r30)
 1328  00001f30  08000028	j	L54_LF2
 1329  00001f34  54000000	nop; delay slot nop
 1330  00001f38          	L58_LF2:
 1331  00001f38  8fc20000	lw	r2,(r30)
 1332  00001f3c  20410001	addi	r1,r2,#1
 1333  00001f40  00011020	add	r2,r0,r1
 1334  00001f44  afc20000	sw	(r30),r2
 1335  00001f48  0bffffac	j	L55_LF2
 1336  00001f4c  54000000	nop; delay slot nop
 1337  00001f50          	L56_LF2:
 1338  00001f50  20010000	addi	r1,r0,#0
 1339  00001f54  08000004	j	L54_LF2
 1340  00001f58  54000000	nop; delay slot nop
 1341  00001f5c          	L54_LF2:
 1342  00001f5c  8fa20000	lw	r2,0(r29)
 1343  00001f60  8fdffff8	lw	r31,-8(r30)
 1344  00001f64  001ee820	add	r29,r0,r30
 1345  00001f68  8fdefffc	lw	r30,-4(r30)
 1346  00001f6c  4be00000	jr	r31
 1347  00001f70  54000000	nop
 1348  00001f74          	.endproc _dindex
 1349  00001f74          	.align 2
 1350  00001f74          	.proc _ditoa
 1351  00001f74          	.global _ditoa
 1352  00001f74          	_ditoa:
 1353                      ;  Function 'ditoa'; 8 bytes of locals, 2 regs to save.
 1354  00001f74  afbefffc	sw	-4(r29),r30; push fp
 1355  00001f78  001df020	add	r30,r0,r29; fp = sp
 1356  00001f7c  afbffff8	sw	-8(r29),r31; push ret addr
 1357  00001f80  2fbd0018	subui	r29,r29,#24; alloc local storage
 1358  00001f84  afa20000	sw	0(r29),r2
 1359  00001f88  afa30004	sw	4(r29),r3
 1360  00001f8c  8fc10000	lw	r1,(r30)
 1361  00001f90  68220000	slti	r2,r1,#0
 1362  00001f94  1040002c	beqz	r2,L60_LF2
 1363  00001f98  54000000	nop; delay slot nop
 1364  00001f9c  8fc10004	lw	r1,4(r30)
 1365  00001fa0  20220001	addi	r2,r1,#1
 1366  00001fa4  afc20004	sw	4(r30),r2
 1367  00001fa8  2002002d	addi	r2,r0,(#0x2d)&0xff
 1368  00001fac  a0220000	sb	(r1),r2
 1369  00001fb0  8fc10000	lw	r1,(r30)
 1370  00001fb4  00011022	sub	r2,r0,r1
 1371  00001fb8  afc20000	sw	(r30),r2
 1372  00001fbc  08000118	j	L61_LF2
 1373  00001fc0  54000000	nop; delay slot nop
 1374  00001fc4          	L60_LF2:
 1375  00001fc4  8fc10000	lw	r1,(r30)
 1376  00001fc8  64220000	snei	r2,r1,#0
 1377  00001fcc  14400020	bnez	r2,L62_LF2
 1378  00001fd0  54000000	nop; delay slot nop
 1379  00001fd4  8fc10004	lw	r1,4(r30)
 1380  00001fd8  20220001	addi	r2,r1,#1
 1381  00001fdc  afc20004	sw	4(r30),r2
 1382  00001fe0  20020030	addi	r2,r0,(#0x30)&0xff
 1383  00001fe4  a0220000	sb	(r1),r2
 1384  00001fe8  080000ec	j	L61_LF2
 1385  00001fec  54000000	nop; delay slot nop
 1386  00001ff0          	L62_LF2:
 1387  00001ff0  20010001	addi	r1,r0,#1
 1388  00001ff4  afc1fff4	sw	-12(r30),r1
 1389  00001ff8          	L64_LF2:
 1390  00001ff8  8fc1fff4	lw	r1,-12(r30)
 1391  00001ffc  8fc20000	lw	r2,(r30)
 1392  00002000  0022082c	sle	r1,r1,r2
 1393  00002004  1420000c	bnez	r1,L66_LF2
 1394  00002008  54000000	nop; delay slot nop
 1395  0000200c  08000024	j	L65_LF2
 1396  00002010  54000000	nop; delay slot nop
 1397  00002014          	L67_LF2:
 1398  00002014          	L66_LF2:
 1399  00002014  8fc1fff4	lw	r1,-12(r30)
 1400  00002018  00011820	add	r3,r0,r1
 1401  0000201c  50620002	slli	r2,r3,#0x2
 1402  00002020  00411020	add	r2,r2,r1
 1403  00002024  50410001	slli	r1,r2,#0x1
 1404  00002028  afc1fff4	sw	-12(r30),r1
 1405  0000202c  0bffffc8	j	L64_LF2
 1406  00002030  54000000	nop; delay slot nop
 1407  00002034          	L65_LF2:
 1408  00002034  54000000	nop
 1409  00002038          	L68_LF2:
 1410  00002038  8fc1fff4	lw	r1,-12(r30)
 1411  0000203c  2002000a	addi	r2,r0,#10
 1412  00002040  00200035	movi2fp	f0,r1
 1413  00002044  00400835	movi2fp	f1,r2
 1414  00002048  0401000f	div	f0,f0,f1
 1415  0000204c  00000834	movfp2i	r1,f0
 1416  00002050  afc1fff4	sw	-12(r30),r1
 1417  00002054  8fc10004	lw	r1,4(r30)
 1418  00002058  20220001	addi	r2,r1,#1
 1419  0000205c  afc20004	sw	4(r30),r2
 1420  00002060  8fc20000	lw	r2,(r30)
 1421  00002064  8fc3fff4	lw	r3,-12(r30)
 1422  00002068  00400035	movi2fp	f0,r2
 1423  0000206c  00600835	movi2fp	f1,r3
 1424  00002070  0401000f	div	f0,f0,f1
 1425  00002074  00001034	movfp2i	r2,f0
 1426  00002078  00021820	add	r3,r0,r2
 1427  0000207c  20620030	addi	r2,r3,#48
 1428  00002080  a0220000	sb	(r1),r2
 1429  00002084  8fc10000	lw	r1,(r30)
 1430  00002088  8fc3fff4	lw	r3,-12(r30)
 1431  0000208c  00200035	movi2fp	f0,r1
 1432  00002090  00600835	movi2fp	f1,r3
 1433  00002094  0401000f	div	f0,f0,f1
 1434  00002098  00001034	movfp2i	r2,f0
 1435  0000209c  8fc3fff4	lw	r3,-12(r30)
 1436  000020a0  00400035	movi2fp	f0,r2
 1437  000020a4  00600835	movi2fp	f1,r3
 1438  000020a8  0401000e	mult	f0,f0,f1
 1439  000020ac  00001034	movfp2i	r2,f0
 1440  000020b0  00220822	sub	r1,r1,r2
 1441  000020b4  afc10000	sw	(r30),r1
 1442  000020b8          	L70_LF2:
 1443  000020b8  8fc1fff4	lw	r1,-12(r30)
 1444  000020bc  6c220001	sgti	r2,r1,#1
 1445  000020c0  1440000c	bnez	r2,L71_LF2
 1446  000020c4  54000000	nop; delay slot nop
 1447  000020c8  0800000c	j	L61_LF2
 1448  000020cc  54000000	nop; delay slot nop
 1449  000020d0          	L71_LF2:
 1450  000020d0  0bffff64	j	L68_LF2
 1451  000020d4  54000000	nop; delay slot nop
 1452  000020d8          	L69_LF2:
 1453  000020d8          	L63_LF2:
 1454  000020d8          	L61_LF2:
 1455  000020d8  8fc10004	lw	r1,4(r30)
 1456  000020dc  20020000	addi	r2,r0,(#0x0)&0xff
 1457  000020e0  a0220000	sb	(r1),r2
 1458  000020e4          	L59_LF2:
 1459  000020e4  8fa20000	lw	r2,0(r29)
 1460  000020e8  8fa30004	lw	r3,4(r29)
 1461  000020ec  8fdffff8	lw	r31,-8(r30)
 1462  000020f0  001ee820	add	r29,r0,r30
 1463  000020f4  8fdefffc	lw	r30,-4(r30)
 1464  000020f8  4be00000	jr	r31
 1465  000020fc  54000000	nop
 1466  00002100          	.endproc _ditoa
 1467  00002100          	.align 2
 1468  00002100          	.proc _dstrtol
 1469  00002100          	.global _dstrtol
 1470  00002100          	_dstrtol:
 1471                      ;  Function 'dstrtol'; 16 bytes of locals, 1 regs to save.
 1472  00002100  afbefffc	sw	-4(r29),r30; push fp
 1473  00002104  001df020	add	r30,r0,r29; fp = sp
 1474  00002108  afbffff8	sw	-8(r29),r31; push ret addr
 1475  0000210c  2fbd0020	subui	r29,r29,#32; alloc local storage
 1476  00002110  afa20000	sw	0(r29),r2
 1477  00002114  20010000	addi	r1,r0,#0
 1478  00002118  afc1fff4	sw	-12(r30),r1
 1479  0000211c          	L73_LF2:
 1480  0000211c  8fc10000	lw	r1,(r30)
 1481  00002120  90220000	lbu	r2,(r1)
 1482  00002124  60410020	seqi	r1,r2,#32
 1483  00002128  14200034	bnez	r1,L75_LF2
 1484  0000212c  54000000	nop; delay slot nop
 1485  00002130  8fc10000	lw	r1,(r30)
 1486  00002134  90220000	lbu	r2,(r1)
 1487  00002138  60410009	seqi	r1,r2,#9
 1488  0000213c  14200020	bnez	r1,L75_LF2
 1489  00002140  54000000	nop; delay slot nop
 1490  00002144  8fc10000	lw	r1,(r30)
 1491  00002148  90220000	lbu	r2,(r1)
 1492  0000214c  6041000a	seqi	r1,r2,#10
 1493  00002150  1420000c	bnez	r1,L75_LF2
 1494  00002154  54000000	nop; delay slot nop
 1495  00002158  0800001c	j	L74_LF2
 1496  0000215c  54000000	nop; delay slot nop
 1497  00002160          	L75_LF2:
 1498  00002160  8fc20000	lw	r2,(r30)
 1499  00002164  20410001	addi	r1,r2,#1
 1500  00002168  00011020	add	r2,r0,r1
 1501  0000216c  afc20000	sw	(r30),r2
 1502  00002170  0bffffa8	j	L73_LF2
 1503  00002174  54000000	nop; delay slot nop
 1504  00002178          	L74_LF2:
 1505  00002178  8fc10004	lw	r1,4(r30)
 1506  0000217c  64220000	snei	r2,r1,#0
 1507  00002180  10400010	beqz	r2,L76_LF2
 1508  00002184  54000000	nop; delay slot nop
 1509  00002188  8fc10004	lw	r1,4(r30)
 1510  0000218c  8fc20000	lw	r2,(r30)
 1511  00002190  ac220000	sw	(r1),r2
 1512  00002194          	L76_LF2:
 1513  00002194  8fc10000	lw	r1,(r30)
 1514  00002198  90220000	lbu	r2,(r1)
 1515  0000219c  64410000	snei	r1,r2,#0
 1516  000021a0  14200010	bnez	r1,L77_LF2
 1517  000021a4  54000000	nop; delay slot nop
 1518  000021a8  8fc1fff4	lw	r1,-12(r30)
 1519  000021ac  08000294	j	L72_LF2
 1520  000021b0  54000000	nop; delay slot nop
 1521  000021b4          	L77_LF2:
 1522  000021b4  8fc10000	lw	r1,(r30)
 1523  000021b8  90220000	lbu	r2,(r1)
 1524  000021bc  6041002d	seqi	r1,r2,#45
 1525  000021c0  10200024	beqz	r1,L78_LF2
 1526  000021c4  54000000	nop; delay slot nop
 1527  000021c8  2001ffff	addi	r1,r0,#-1
 1528  000021cc  afc1ffec	sw	-20(r30),r1
 1529  000021d0  8fc20000	lw	r2,(r30)
 1530  000021d4  20410001	addi	r1,r2,#1
 1531  000021d8  00011020	add	r2,r0,r1
 1532  000021dc  afc20000	sw	(r30),r2
 1533  000021e0  0800000c	j	L79_LF2
 1534  000021e4  54000000	nop; delay slot nop
 1535  000021e8          	L78_LF2:
 1536  000021e8  20010001	addi	r1,r0,#1
 1537  000021ec  afc1ffec	sw	-20(r30),r1
 1538  000021f0          	L79_LF2:
 1539  000021f0  8fc10008	lw	r1,8(r30)
 1540  000021f4  64220000	snei	r2,r1,#0
 1541  000021f8  14400090	bnez	r2,L80_LF2
 1542  000021fc  54000000	nop; delay slot nop
 1543  00002200  8fc10000	lw	r1,(r30)
 1544  00002204  90220000	lbu	r2,(r1)
 1545  00002208  60410030	seqi	r1,r2,#48
 1546  0000220c  10200074	beqz	r1,L81_LF2
 1547  00002210  54000000	nop; delay slot nop
 1548  00002214  8fc20000	lw	r2,(r30)
 1549  00002218  20410001	addi	r1,r2,#1
 1550  0000221c  00011020	add	r2,r0,r1
 1551  00002220  afc20000	sw	(r30),r2
 1552  00002224  8fc10000	lw	r1,(r30)
 1553  00002228  90220000	lbu	r2,(r1)
 1554  0000222c  60410078	seqi	r1,r2,#120
 1555  00002230  14200020	bnez	r1,L83_LF2
 1556  00002234  54000000	nop; delay slot nop
 1557  00002238  8fc10000	lw	r1,(r30)
 1558  0000223c  90220000	lbu	r2,(r1)
 1559  00002240  60410058	seqi	r1,r2,#88
 1560  00002244  1420000c	bnez	r1,L83_LF2
 1561  00002248  54000000	nop; delay slot nop
 1562  0000224c  08000024	j	L82_LF2
 1563  00002250  54000000	nop; delay slot nop
 1564  00002254          	L83_LF2:
 1565  00002254  20010010	addi	r1,r0,#16
 1566  00002258  afc10008	sw	8(r30),r1
 1567  0000225c  8fc20000	lw	r2,(r30)
 1568  00002260  20410001	addi	r1,r2,#1
 1569  00002264  00011020	add	r2,r0,r1
 1570  00002268  afc20000	sw	(r30),r2
 1571  0000226c  0800000c	j	L84_LF2
 1572  00002270  54000000	nop; delay slot nop
 1573  00002274          	L82_LF2:
 1574  00002274  20010008	addi	r1,r0,#8
 1575  00002278  afc10008	sw	8(r30),r1
 1576  0000227c          	L84_LF2:
 1577  0000227c  0800000c	j	L80_LF2
 1578  00002280  54000000	nop; delay slot nop
 1579  00002284          	L81_LF2:
 1580  00002284  2001000a	addi	r1,r0,#10
 1581  00002288  afc10008	sw	8(r30),r1
 1582  0000228c          	L85_LF2:
 1583  0000228c          	L80_LF2:
 1584  0000228c  8fc10008	lw	r1,8(r30)
 1585  00002290  70220000	slei	r2,r1,#0
 1586  00002294  1440001c	bnez	r2,L87_LF2
 1587  00002298  54000000	nop; delay slot nop
 1588  0000229c  8fc10008	lw	r1,8(r30)
 1589  000022a0  6c220010	sgti	r2,r1,#16
 1590  000022a4  1440000c	bnez	r2,L87_LF2
 1591  000022a8  54000000	nop; delay slot nop
 1592  000022ac  08000010	j	L86_LF2
 1593  000022b0  54000000	nop; delay slot nop
 1594  000022b4          	L87_LF2:
 1595  000022b4  8fc1fff4	lw	r1,-12(r30)
 1596  000022b8  08000188	j	L72_LF2
 1597  000022bc  54000000	nop; delay slot nop
 1598  000022c0          	L86_LF2:
 1599  000022c0  54000000	nop
 1600  000022c4          	L88_LF2:
 1601  000022c4  8fc10000	lw	r1,(r30)
 1602  000022c8  90220000	lbu	r2,(r1)
 1603  000022cc  6c41002f	sgtui	r1,r2,#47
 1604  000022d0  10200030	beqz	r1,L91_LF2
 1605  000022d4  54000000	nop; delay slot nop
 1606  000022d8  8fc10000	lw	r1,(r30)
 1607  000022dc  90220000	lbu	r2,(r1)
 1608  000022e0  70410039	sleui	r1,r2,#57
 1609  000022e4  1020001c	beqz	r1,L91_LF2
 1610  000022e8  54000000	nop; delay slot nop
 1611  000022ec  8fc10000	lw	r1,(r30)
 1612  000022f0  90220000	lbu	r2,(r1)
 1613  000022f4  2041ffd0	addi	r1,r2,#-48
 1614  000022f8  afc1fff0	sw	-16(r30),r1
 1615  000022fc  0800008c	j	L92_LF2
 1616  00002300  54000000	nop; delay slot nop
 1617  00002304          	L91_LF2:
 1618  00002304  8fc10000	lw	r1,(r30)
 1619  00002308  90220000	lbu	r2,(r1)
 1620  0000230c  6c410060	sgtui	r1,r2,#96
 1621  00002310  10200030	beqz	r1,L93_LF2
 1622  00002314  54000000	nop; delay slot nop
 1623  00002318  8fc10000	lw	r1,(r30)
 1624  0000231c  90220000	lbu	r2,(r1)
 1625  00002320  7041007a	sleui	r1,r2,#122
 1626  00002324  1020001c	beqz	r1,L93_LF2
 1627  00002328  54000000	nop; delay slot nop
 1628  0000232c  8fc10000	lw	r1,(r30)
 1629  00002330  90220000	lbu	r2,(r1)
 1630  00002334  2041ffa9	addi	r1,r2,#-87
 1631  00002338  afc1fff0	sw	-16(r30),r1
 1632  0000233c  0800004c	j	L92_LF2
 1633  00002340  54000000	nop; delay slot nop
 1634  00002344          	L93_LF2:
 1635  00002344  8fc10000	lw	r1,(r30)
 1636  00002348  90220000	lbu	r2,(r1)
 1637  0000234c  6c410040	sgtui	r1,r2,#64
 1638  00002350  10200030	beqz	r1,L95_LF2
 1639  00002354  54000000	nop; delay slot nop
 1640  00002358  8fc10000	lw	r1,(r30)
 1641  0000235c  90220000	lbu	r2,(r1)
 1642  00002360  7041005a	sleui	r1,r2,#90
 1643  00002364  1020001c	beqz	r1,L95_LF2
 1644  00002368  54000000	nop; delay slot nop
 1645  0000236c  8fc10000	lw	r1,(r30)
 1646  00002370  90220000	lbu	r2,(r1)
 1647  00002374  2041ffc9	addi	r1,r2,#-55
 1648  00002378  afc1fff0	sw	-16(r30),r1
 1649  0000237c  0800000c	j	L92_LF2
 1650  00002380  54000000	nop; delay slot nop
 1651  00002384          	L95_LF2:
 1652  00002384  200103e8	addi	r1,r0,#1000
 1653  00002388  afc1fff0	sw	-16(r30),r1
 1654  0000238c          	L96_LF2:
 1655  0000238c          	L94_LF2:
 1656  0000238c          	L92_LF2:
 1657  0000238c  8fc1fff0	lw	r1,-16(r30)
 1658  00002390  8fc20008	lw	r2,8(r30)
 1659  00002394  0022082a	slt	r1,r1,r2
 1660  00002398  10200040	beqz	r1,L90_LF2
 1661  0000239c  54000000	nop; delay slot nop
 1662  000023a0  8fc1fff4	lw	r1,-12(r30)
 1663  000023a4  8fc20008	lw	r2,8(r30)
 1664  000023a8  00200035	movi2fp	f0,r1
 1665  000023ac  00400835	movi2fp	f1,r2
 1666  000023b0  0401000e	mult	f0,f0,f1
 1667  000023b4  00000834	movfp2i	r1,f0
 1668  000023b8  afc1fff4	sw	-12(r30),r1
 1669  000023bc  8fc1fff4	lw	r1,-12(r30)
 1670  000023c0  8fc2fff0	lw	r2,-16(r30)
 1671  000023c4  00220820	add	r1,r1,r2
 1672  000023c8  afc1fff4	sw	-12(r30),r1
 1673  000023cc  8fc20000	lw	r2,(r30)
 1674  000023d0  20410001	addi	r1,r2,#1
 1675  000023d4  00011020	add	r2,r0,r1
 1676  000023d8  afc20000	sw	(r30),r2
 1677  000023dc          	L97_LF2:
 1678  000023dc          	L90_LF2:
 1679  000023dc  8fc1fff0	lw	r1,-16(r30)
 1680  000023e0  8fc20008	lw	r2,8(r30)
 1681  000023e4  0022082a	slt	r1,r1,r2
 1682  000023e8  1420000c	bnez	r1,L98_LF2
 1683  000023ec  54000000	nop; delay slot nop
 1684  000023f0  0800000c	j	L89_LF2
 1685  000023f4  54000000	nop; delay slot nop
 1686  000023f8          	L98_LF2:
 1687  000023f8  0bfffec8	j	L88_LF2
 1688  000023fc  54000000	nop; delay slot nop
 1689  00002400          	L89_LF2:
 1690  00002400  8fc10004	lw	r1,4(r30)
 1691  00002404  64220000	snei	r2,r1,#0
 1692  00002408  10400010	beqz	r2,L99_LF2
 1693  0000240c  54000000	nop; delay slot nop
 1694  00002410  8fc10004	lw	r1,4(r30)
 1695  00002414  8fc20000	lw	r2,(r30)
 1696  00002418  ac220000	sw	(r1),r2
 1697  0000241c          	L99_LF2:
 1698  0000241c  8fc1fff4	lw	r1,-12(r30)
 1699  00002420  8fc2ffec	lw	r2,-20(r30)
 1700  00002424  00200035	movi2fp	f0,r1
 1701  00002428  00400835	movi2fp	f1,r2
 1702  0000242c  0401000e	mult	f0,f0,f1
 1703  00002430  00000834	movfp2i	r1,f0
 1704  00002434  afc1fff4	sw	-12(r30),r1
 1705  00002438  8fc1fff4	lw	r1,-12(r30)
 1706  0000243c  08000004	j	L72_LF2
 1707  00002440  54000000	nop; delay slot nop
 1708  00002444          	L72_LF2:
 1709  00002444  8fa20000	lw	r2,0(r29)
 1710  00002448  8fdffff8	lw	r31,-8(r30)
 1711  0000244c  001ee820	add	r29,r0,r30
 1712  00002450  8fdefffc	lw	r30,-4(r30)
 1713  00002454  4be00000	jr	r31
 1714  00002458  54000000	nop
 1715  0000245c          	.endproc _dstrtol
 1716  0000245c          	.align 2
 1717  0000245c          	.proc _bcopy
 1718  0000245c          	.global _bcopy
 1719  0000245c          	_bcopy:
 1720                      ;  Function 'bcopy'; 0 bytes of locals, 2 regs to save.
 1721  0000245c  afbefffc	sw	-4(r29),r30; push fp
 1722  00002460  001df020	add	r30,r0,r29; fp = sp
 1723  00002464  afbffff8	sw	-8(r29),r31; push ret addr
 1724  00002468  2fbd0010	subui	r29,r29,#16; alloc local storage
 1725  0000246c  afa20000	sw	0(r29),r2
 1726  00002470  afa30004	sw	4(r29),r3
 1727  00002474  54000000	nop
 1728  00002478          	L101_LF2:
 1729  00002478  8fc10008	lw	r1,8(r30)
 1730  0000247c  2022ffff	addi	r2,r1,#-1
 1731  00002480  afc20008	sw	8(r30),r2
 1732  00002484  6c210000	sgti	r1,r1,#0
 1733  00002488  1420000c	bnez	r1,L103_LF2
 1734  0000248c  54000000	nop; delay slot nop
 1735  00002490  0800002c	j	L102_LF2
 1736  00002494  54000000	nop; delay slot nop
 1737  00002498          	L103_LF2:
 1738  00002498  8fc10004	lw	r1,4(r30)
 1739  0000249c  20220001	addi	r2,r1,#1
 1740  000024a0  afc20004	sw	4(r30),r2
 1741  000024a4  8fc20000	lw	r2,(r30)
 1742  000024a8  20430001	addi	r3,r2,#1
 1743  000024ac  afc30000	sw	(r30),r3
 1744  000024b0  80420000	lb	r2,(r2)
 1745  000024b4  a0220000	sb	(r1),r2
 1746  000024b8  0bffffbc	j	L101_LF2
 1747  000024bc  54000000	nop; delay slot nop
 1748  000024c0          	L102_LF2:
 1749  000024c0          	L100_LF2:
 1750  000024c0  8fa20000	lw	r2,0(r29)
 1751  000024c4  8fa30004	lw	r3,4(r29)
 1752  000024c8  8fdffff8	lw	r31,-8(r30)
 1753  000024cc  001ee820	add	r29,r0,r30
 1754  000024d0  8fdefffc	lw	r30,-4(r30)
 1755  000024d4  4be00000	jr	r31
 1756  000024d8  54000000	nop
 1757  000024dc          	.endproc _bcopy
 1758  000024dc          	.align 2
 1759  000024dc          	.proc _bzero
 1760  000024dc          	.global _bzero
 1761  000024dc          	_bzero:
 1762                      ;  Function 'bzero'; 0 bytes of locals, 1 regs to save.
 1763  000024dc  afbefffc	sw	-4(r29),r30; push fp
 1764  000024e0  001df020	add	r30,r0,r29; fp = sp
 1765  000024e4  afbffff8	sw	-8(r29),r31; push ret addr
 1766  000024e8  2fbd0010	subui	r29,r29,#16; alloc local storage
 1767  000024ec  afa20000	sw	0(r29),r2
 1768  000024f0  54000000	nop
 1769  000024f4          	L105_LF2:
 1770  000024f4  8fc10004	lw	r1,4(r30)
 1771  000024f8  2022ffff	addi	r2,r1,#-1
 1772  000024fc  afc20004	sw	4(r30),r2
 1773  00002500  6c210000	sgti	r1,r1,#0
 1774  00002504  1420000c	bnez	r1,L107_LF2
 1775  00002508  54000000	nop; delay slot nop
 1776  0000250c  08000020	j	L106_LF2
 1777  00002510  54000000	nop; delay slot nop
 1778  00002514          	L107_LF2:
 1779  00002514  8fc10000	lw	r1,(r30)
 1780  00002518  20220001	addi	r2,r1,#1
 1781  0000251c  afc20000	sw	(r30),r2
 1782  00002520  20020000	addi	r2,r0,(#0x0)&0xff
 1783  00002524  a0220000	sb	(r1),r2
 1784  00002528  0bffffc8	j	L105_LF2
 1785  0000252c  54000000	nop; delay slot nop
 1786  00002530          	L106_LF2:
 1787  00002530          	L104_LF2:
 1788  00002530  8fa20000	lw	r2,0(r29)
 1789  00002534  8fdffff8	lw	r31,-8(r30)
 1790  00002538  001ee820	add	r29,r0,r30
 1791  0000253c  8fdefffc	lw	r30,-4(r30)
 1792  00002540  4be00000	jr	r31
 1793  00002544  54000000	nop
 1794  00002548          	.endproc _bzero
 1795  00002548          	.align 2
 1796  00002548          	.proc _min
 1797  00002548          	.global _min
 1798  00002548          	_min:
 1799                      ;  Function 'min'; 0 bytes of locals, 2 regs to save.
 1800  00002548  afbefffc	sw	-4(r29),r30; push fp
 1801  0000254c  001df020	add	r30,r0,r29; fp = sp
 1802  00002550  afbffff8	sw	-8(r29),r31; push ret addr
 1803  00002554  2fbd0010	subui	r29,r29,#16; alloc local storage
 1804  00002558  afa20000	sw	0(r29),r2
 1805  0000255c  afa30004	sw	4(r29),r3
 1806  00002560  8fc10000	lw	r1,(r30)
 1807  00002564  8fc20004	lw	r2,4(r30)
 1808  00002568  0022182c	sle	r3,r1,r2
 1809  0000256c  14600008	bnez	r3,L109_LF2
 1810  00002570  54000000	nop; delay slot nop
 1811  00002574  8fc10004	lw	r1,4(r30)
 1812  00002578          	L109_LF2:
 1813  00002578  08000004	j	L108_LF2
 1814  0000257c  54000000	nop; delay slot nop
 1815  00002580          	L108_LF2:
 1816  00002580  8fa20000	lw	r2,0(r29)
 1817  00002584  8fa30004	lw	r3,4(r29)
 1818  00002588  8fdffff8	lw	r31,-8(r30)
 1819  0000258c  001ee820	add	r29,r0,r30
 1820  00002590  8fdefffc	lw	r30,-4(r30)
 1821  00002594  4be00000	jr	r31
 1822  00002598  54000000	nop
 1823  0000259c          	.endproc _min
 1824                      ;;; Ethan L. Miller, 1999.  Released to the public domain
 1825                      ;;;
 1826                      ;;; Most of the traps are called in files from libtraps.
 1829  0000259c          	.align 2
 1830  0000259c          	.proc _exit
 1831  0000259c          	.global _exit
 1832  0000259c          	_exit:
 1833  0000259c  44000300	trap	#0x300
 1834  000025a0  4be00000	jr	r31
 1835  000025a4  54000000	nop
 1836  000025a8          	.endproc _exit
 1838                      ; for the benefit of gcc.
 1839  000025a8          	.proc ___main
 1840  000025a8          	.global ___main
 1841  000025a8          	___main:
 1842  000025a8  4be00000	jr	r31
 1843  000025ac  54000000	nop
 1844  000025b0          	.endproc ___main
 1845  000025b0          	.text
 1846  000025b0          	.global _etext
 1847  000025b0          	_etext:
 1848  000025b0          	.align 3
 1849  000025b0          	.data
 1850  00003282          	.global _edata
 1851  00003282          	_edata:
