 line   address	contents
    1                      ; Linked by DLX-LD.
    2                      ; MemSize 24576
    3                      ; Data size: 418
    4                      ; Text size: 4908
    5                      ; Stack size: 8192
    6  00000000          	.text 0x1000
    7  00001000          	.data 0x3000
    8                      ; Compiled by GCC
    9  00003000          	.text
   10  00001000          	.align 2
   11  00001000          	.proc _isspace
   12  00001000          	.global _isspace
   13  00001000          	_isspace:
   14                      ;  Function 'isspace'; 0 bytes of locals, 1 regs to save.
   15  00001000  afbefffc	sw	-4(r29),r30; push fp
   16  00001004  001df020	add	r30,r0,r29; fp = sp
   17  00001008  afbffff8	sw	-8(r29),r31; push ret addr
   18  0000100c  2fbd0010	subui	r29,r29,#16; alloc local storage
   19  00001010  afa20000	sw	0(r29),r2
   20  00001014  83c20003	lb	r2,3(r30)
   21  00001018  201f0000	addi	r31,r0,#0
   22  0000101c  304100ff	andi	r1,r2,#0x00ff
   23  00001020  60210020	seqi	r1,r1,#32
   24  00001024  14200018	bnez	r1,L6_LF0
   25  00001028  54000000	nop; not filled.
   26  0000102c  2041fff7	addi	r1,r2,#-9
   27  00001030  302100ff	andi	r1,r1,#0x00ff
   28  00001034  70210001	sleui	r1,r1,#1
   29  00001038  10200008	beqz	r1,L5_LF0
   30  0000103c  54000000	nop; not filled.
   31  00001040          	L6_LF0:
   32  00001040  201f0001	addi	r31,r0,#1
   33  00001044          	L5_LF0:
   34  00001044  001f0820	add	r1,r0,r31
   35  00001048  8fa20000	lw	r2,0(r29)
   36  0000104c  8fdffff8	lw	r31,-8(r30)
   37  00001050  001ee820	add	r29,r0,r30
   38  00001054  8fdefffc	lw	r30,-4(r30)
   39  00001058  4be00000	jr	r31
   40  0000105c  54000000	nop
   41  00001060          	.endproc _isspace
   42  00001060          	.align 2
   43  00001060          	.proc _isxdigit
   44  00001060          	.global _isxdigit
   45  00001060          	_isxdigit:
   46                      ;  Function 'isxdigit'; 0 bytes of locals, 1 regs to save.
   47  00001060  afbefffc	sw	-4(r29),r30; push fp
   48  00001064  001df020	add	r30,r0,r29; fp = sp
   49  00001068  afbffff8	sw	-8(r29),r31; push ret addr
   50  0000106c  2fbd0010	subui	r29,r29,#16; alloc local storage
   51  00001070  afa20000	sw	0(r29),r2
   52  00001074  83df0003	lb	r31,3(r30)
   53  00001078  20020000	addi	r2,r0,#0
   54  0000107c  23e1ffd0	addi	r1,r31,#-48
   55  00001080  302100ff	andi	r1,r1,#0x00ff
   56  00001084  70210009	sleui	r1,r1,#9
   57  00001088  14200028	bnez	r1,L12_LF0
   58  0000108c  54000000	nop; not filled.
   59  00001090  23e1ff9f	addi	r1,r31,#-97
   60  00001094  302100ff	andi	r1,r1,#0x00ff
   61  00001098  70210005	sleui	r1,r1,#5
   62  0000109c  14200014	bnez	r1,L12_LF0
   63  000010a0  54000000	nop; not filled.
   64  000010a4  33e100ff	andi	r1,r31,#0x00ff
   65  000010a8  64210041	snei	r1,r1,#65
   66  000010ac  14200008	bnez	r1,L11_LF0
   67  000010b0  54000000	nop; not filled.
   68  000010b4          	L12_LF0:
   69  000010b4  20020001	addi	r2,r0,#1
   70  000010b8          	L11_LF0:
   71  000010b8  00020820	add	r1,r0,r2
   72  000010bc  8fa20000	lw	r2,0(r29)
   73  000010c0  8fdffff8	lw	r31,-8(r30)
   74  000010c4  001ee820	add	r29,r0,r30
   75  000010c8  8fdefffc	lw	r30,-4(r30)
   76  000010cc  4be00000	jr	r31
   77  000010d0  54000000	nop
   78  000010d4          	.endproc _isxdigit
   79  000010d4          	.data
   80  00003000          	.align 2
   81  00003000          	LC0_LF0:
   82  00003000  55736167	.ascii "Usage: \000"
   82  00003004  653a2000	
   83  00003008          	.align 2
   84  00003008          	LC1_LF0:
   85  00003008  203c6e75	.ascii " <number of processes to create>\n\000"
   85  0000300c  6d626572	
   85  00003010  206f6620	
   85  00003014  70726f63	
   85  00003018  65737365	
   85  0000301c  7320746f	
   85  00003020  20637265	
   85  00003024  6174653e	
   85  00003028  0a00    	
   86  0000302a          	.align 2
   87  0000302c          	LC2_LF0:
   88  0000302c  43726561	.ascii "Creating %d processes\n\000"
   88  00003030  74696e67	
   88  00003034  20256420	
   88  00003038  70726f63	
   88  0000303c  65737365	
   88  00003040  730a00  	
   89  00003043          	.align 2
   90  00003044          	LC3_LF0:
   91  00003044  4552524f	.ascii "ERROR: could not allocate shared memory page in \000"
   91  00003048  523a2063	
   91  0000304c  6f756c64	
   91  00003050  206e6f74	
   91  00003054  20616c6c	
   91  00003058  6f636174	
   91  0000305c  65207368	
   91  00003060  61726564	
   91  00003064  206d656d	
   91  00003068  6f727920	
   91  0000306c  70616765	
   91  00003070  20696e20	
   91  00003074  00      	
   92  00003075          	.align 2
   93  00003078          	LC4_LF0:
   94  00003078  2c206578	.ascii ", exiting...\n\000"
   94  0000307c  6974696e	
   94  00003080  672e2e2e	
   94  00003084  0a00    	
   95  00003086          	.align 2
   96  00003088          	LC5_LF0:
   97  00003088  436f756c	.ascii "Could not map the shared page to virtual address in \000"
   97  0000308c  64206e6f	
   97  00003090  74206d61	
   97  00003094  70207468	
   97  00003098  65207368	
   97  0000309c  61726564	
   97  000030a0  20706167	
   97  000030a4  6520746f	
   97  000030a8  20766972	
   97  000030ac  7475616c	
   97  000030b0  20616464	
   97  000030b4  72657373	
   97  000030b8  20696e20	
   97  000030bc  00      	
   98  000030bd          	.align 2
   99  000030c0          	LC6_LF0:
  100  000030c0  2c206578	.ascii ", exiting..\n\000"
  100  000030c4  6974696e	
  100  000030c8  672e2e0a	
  100  000030cc  00      	
  101  000030cd          	.align 2
  102  000030d0          	LC7_LF0:
  103  000030d0  42616420	.ascii "Bad sem_create in \000"
  103  000030d4  73656d5f	
  103  000030d8  63726561	
  103  000030dc  74652069	
  103  000030e0  6e2000  	
  104  000030e3          	.align 2
  105  000030e4          	LC8_LF0:
  106  000030e4  0a00    	.ascii "\n\000"
  107  000030e6          	.align 2
  108  000030e8          	LC9_LF0:
  109  000030e8  70726f64	.ascii "producer.dlx.obj\000"
  109  000030ec  75636572	
  109  000030f0  2e646c78	
  109  000030f4  2e6f626a	
  109  000030f8  00      	
  110  000030f9          	.align 2
  111  000030fc          	LC10_LF0:
  112  000030fc  50726f64	.ascii "Producer %d created\n\000"
  112  00003100  75636572	
  112  00003104  20256420	
  112  00003108  63726561	
  112  0000310c  7465640a	
  112  00003110  00      	
  113  00003111          	.align 2
  114  00003114          	LC11_LF0:
  115  00003114  636f6e73	.ascii "consumer.dlx.obj\000"
  115  00003118  756d6572	
  115  0000311c  2e646c78	
  115  00003120  2e6f626a	
  115  00003124  00      	
  116  00003125          	.align 2
  117  00003128          	LC12_LF0:
  118  00003128  436f6e73	.ascii "Consumer %d created\n\000"
  118  0000312c  756d6572	
  118  00003130  20256420	
  118  00003134  63726561	
  118  00003138  7465640a	
  118  0000313c  00      	
  119  0000313d          	.align 2
  120  00003140          	LC13_LF0:
  121  00003140  42616420	.ascii "Bad semaphore s_procs_completed (%d) in \000"
  121  00003144  73656d61	
  121  00003148  70686f72	
  121  0000314c  6520735f	
  121  00003150  70726f63	
  121  00003154  735f636f	
  121  00003158  6d706c65	
  121  0000315c  74656420	
  121  00003160  28256429	
  121  00003164  20696e20	
  121  00003168  00      	
  122  00003169          	.align 2
  123  0000316c          	LC14_LF0:
  124  0000316c  416c6c20	.ascii "All other processes completed, exiting main process.\n\000"
  124  00003170  6f746865	
  124  00003174  72207072	
  124  00003178  6f636573	
  124  0000317c  73657320	
  124  00003180  636f6d70	
  124  00003184  6c657465	
  124  00003188  642c2065	
  124  0000318c  78697469	
  124  00003190  6e67206d	
  124  00003194  61696e20	
  124  00003198  70726f63	
  124  0000319c  6573732e	
  124  000031a0  0a00    	
  125  000031a2          	.text
  126  000010d4          	.align 2
  127  000010d4          	.proc _main
  128  000010d4          	.global _main
  129  000010d4          	_main:
  130                      ;  Function 'main'; 80 bytes of locals, 0 regs to save.
  131  000010d4  afbefffc	sw	-4(r29),r30; push fp
  132  000010d8  001df020	add	r30,r0,r29; fp = sp
  133  000010dc  afbffff8	sw	-8(r29),r31; push ret addr
  134  000010e0  2fbd0058	subui	r29,r29,#88; alloc local storage
  135  000010e4  8fc20000	lw	r2,(r30)
  136  000010e8  8fcc0004	lw	r12,4(r30)
  137  000010ec  0c001234	jal	___main
  138  000010f0  54000000	nop; not filled.
  139  000010f4  64410002	snei	r1,r2,#2
  140  000010f8  1020004c	beqz	r1,L14_LF0
  141  000010fc  54000000	nop; not filled.
  142  00001100  23bdfff8	addi	r29,r29,#-8
  143  00001104  3c0d0000	lhi	r13,((LC0_LF0)>>16)&0xffff
  144  00001108  25ad3000	addui	r13,r13,(LC0_LF0)&0xffff
  145  0000110c  afad0000	sw	(r29),r13
  146  00001110  0c000408	jal	_Printf
  147  00001114  54000000	nop; not filled.
  148  00001118  8d8d0000	lw	r13,(r12)
  149  0000111c  afad0000	sw	(r29),r13
  150  00001120  0c0003f8	jal	_Printf
  151  00001124  54000000	nop; not filled.
  152  00001128  3c0d0000	lhi	r13,((LC1_LF0)>>16)&0xffff
  153  0000112c  25ad3008	addui	r13,r13,(LC1_LF0)&0xffff
  154  00001130  afad0000	sw	(r29),r13
  155  00001134  0c0003e4	jal	_Printf
  156  00001138  54000000	nop; not filled.
  157  0000113c  0c000490	jal	_Exit
  158  00001140  54000000	nop; not filled.
  159  00001144  23bd0008	addi	r29,r29,#8
  160  00001148          	L14_LF0:
  161  00001148  23bdfff0	addi	r29,r29,#-16
  162  0000114c  8d8d0004	lw	r13,4(r12)
  163  00001150  afad0000	sw	(r29),r13
  164  00001154  200d0000	addi	r13,r0,#0
  165  00001158  afad0004	sw	4(r29),r13
  166  0000115c  200d000a	addi	r13,r0,#10
  167  00001160  afad0008	sw	8(r29),r13
  168  00001164  0c000d14	jal	_dstrtol
  169  00001168  54000000	nop; not filled.
  170  0000116c  00015020	add	r10,r0,r1
  171  00001170  3c0d0000	lhi	r13,((LC2_LF0)>>16)&0xffff
  172  00001174  25ad302c	addui	r13,r13,(LC2_LF0)&0xffff
  173  00001178  afad0000	sw	(r29),r13
  174  0000117c  afaa0004	sw	4(r29),r10
  175  00001180  0c000398	jal	_Printf
  176  00001184  54000000	nop; not filled.
  177  00001188  0c0003b4	jal	_shmget
  178  0000118c  54000000	nop; not filled.
  179  00001190  00011820	add	r3,r0,r1
  180  00001194  23bd0010	addi	r29,r29,#16
  181  00001198  64610000	snei	r1,r3,#0
  182  0000119c  1420004c	bnez	r1,L15_LF0
  183  000011a0  54000000	nop; not filled.
  184  000011a4  23bdfff8	addi	r29,r29,#-8
  185  000011a8  3c0d0000	lhi	r13,((LC3_LF0)>>16)&0xffff
  186  000011ac  25ad3044	addui	r13,r13,(LC3_LF0)&0xffff
  187  000011b0  afad0000	sw	(r29),r13
  188  000011b4  0c000364	jal	_Printf
  189  000011b8  54000000	nop; not filled.
  190  000011bc  8d8d0000	lw	r13,(r12)
  191  000011c0  afad0000	sw	(r29),r13
  192  000011c4  0c000354	jal	_Printf
  193  000011c8  54000000	nop; not filled.
  194  000011cc  3c0d0000	lhi	r13,((LC4_LF0)>>16)&0xffff
  195  000011d0  25ad3078	addui	r13,r13,(LC4_LF0)&0xffff
  196  000011d4  afad0000	sw	(r29),r13
  197  000011d8  0c000340	jal	_Printf
  198  000011dc  54000000	nop; not filled.
  199  000011e0  0c0003ec	jal	_Exit
  200  000011e4  54000000	nop; not filled.
  201  000011e8  23bd0008	addi	r29,r29,#8
  202  000011ec          	L15_LF0:
  203  000011ec  23bdfff8	addi	r29,r29,#-8
  204  000011f0  afa30000	sw	(r29),r3
  205  000011f4  0c000354	jal	_shmat
  206  000011f8  54000000	nop; not filled.
  207  000011fc  00013020	add	r6,r0,r1
  208  00001200  23bd0008	addi	r29,r29,#8
  209  00001204  64c10000	snei	r1,r6,#0
  210  00001208  1420004c	bnez	r1,L16_LF0
  211  0000120c  54000000	nop; not filled.
  212  00001210  23bdfff8	addi	r29,r29,#-8
  213  00001214  3c0d0000	lhi	r13,((LC5_LF0)>>16)&0xffff
  214  00001218  25ad3088	addui	r13,r13,(LC5_LF0)&0xffff
  215  0000121c  afad0000	sw	(r29),r13
  216  00001220  0c0002f8	jal	_Printf
  217  00001224  54000000	nop; not filled.
  218  00001228  8d8d0000	lw	r13,(r12)
  219  0000122c  afad0000	sw	(r29),r13
  220  00001230  0c0002e8	jal	_Printf
  221  00001234  54000000	nop; not filled.
  222  00001238  3c0d0000	lhi	r13,((LC6_LF0)>>16)&0xffff
  223  0000123c  25ad30c0	addui	r13,r13,(LC6_LF0)&0xffff
  224  00001240  afad0000	sw	(r29),r13
  225  00001244  0c0002d4	jal	_Printf
  226  00001248  54000000	nop; not filled.
  227  0000124c  0c000380	jal	_Exit
  228  00001250  54000000	nop; not filled.
  229  00001254  23bd0008	addi	r29,r29,#8
  230  00001258          	L16_LF0:
  231  00001258  0c000320	jal	_lock_create
  232  0000125c  54000000	nop; not filled.
  233  00001260  00011020	add	r2,r0,r1
  234  00001264  23bdfff8	addi	r29,r29,#-8
  235  00001268  afa20000	sw	(r29),r2
  236  0000126c  0c000330	jal	_cond_create
  237  00001270  54000000	nop; not filled.
  238  00001274  00012020	add	r4,r0,r1
  239  00001278  afa20000	sw	(r29),r2
  240  0000127c  0c000320	jal	_cond_create
  241  00001280  54000000	nop; not filled.
  242  00001284  00015820	add	r11,r0,r1
  243  00001288  acca0058	sw	88(r6),r10
  244  0000128c  20010001	addi	r1,r0,#1
  245  00001290  002a0822	sub	r1,r1,r10
  246  00001294  afa10000	sw	(r29),r1
  247  00001298  0c0002bc	jal	_sem_create
  248  0000129c  54000000	nop; not filled.
  249  000012a0  00014820	add	r9,r0,r1
  250  000012a4  23bd0008	addi	r29,r29,#8
  251  000012a8  6121ffff	seqi	r1,r9,#-1
  252  000012ac  1020004c	beqz	r1,L17_LF0
  253  000012b0  54000000	nop; not filled.
  254  000012b4  23bdfff8	addi	r29,r29,#-8
  255  000012b8  3c0d0000	lhi	r13,((LC7_LF0)>>16)&0xffff
  256  000012bc  25ad30d0	addui	r13,r13,(LC7_LF0)&0xffff
  257  000012c0  afad0000	sw	(r29),r13
  258  000012c4  0c000254	jal	_Printf
  259  000012c8  54000000	nop; not filled.
  260  000012cc  8d8d0000	lw	r13,(r12)
  261  000012d0  afad0000	sw	(r29),r13
  262  000012d4  0c000244	jal	_Printf
  263  000012d8  54000000	nop; not filled.
  264  000012dc  3c0d0000	lhi	r13,((LC8_LF0)>>16)&0xffff
  265  000012e0  25ad30e4	addui	r13,r13,(LC8_LF0)&0xffff
  266  000012e4  afad0000	sw	(r29),r13
  267  000012e8  0c000230	jal	_Printf
  268  000012ec  54000000	nop; not filled.
  269  000012f0  0c0002dc	jal	_Exit
  270  000012f4  54000000	nop; not filled.
  271  000012f8  23bd0008	addi	r29,r29,#8
  272  000012fc          	L17_LF0:
  273  000012fc  23bdfff8	addi	r29,r29,#-8
  274  00001300  afa30000	sw	(r29),r3
  275  00001304  23c7ffe8	addi	r7,r30,#-24
  276  00001308  afa70004	sw	4(r29),r7
  277  0000130c  0c0009e0	jal	_ditoa
  278  00001310  54000000	nop; not filled.
  279  00001314  afa90000	sw	(r29),r9
  280  00001318  23c8ffd8	addi	r8,r30,#-40
  281  0000131c  afa80004	sw	4(r29),r8
  282  00001320  0c0009cc	jal	_ditoa
  283  00001324  54000000	nop; not filled.
  284  00001328  afa20000	sw	(r29),r2
  285  0000132c  23c5ffa8	addi	r5,r30,#-88
  286  00001330  afa50004	sw	4(r29),r5
  287  00001334  0c0009b8	jal	_ditoa
  288  00001338  54000000	nop; not filled.
  289  0000133c  afa40000	sw	(r29),r4
  290  00001340  23c4ffc8	addi	r4,r30,#-56
  291  00001344  afa40004	sw	4(r29),r4
  292  00001348  0c0009a4	jal	_ditoa
  293  0000134c  54000000	nop; not filled.
  294  00001350  afab0000	sw	(r29),r11
  295  00001354  23c3ffb8	addi	r3,r30,#-72
  296  00001358  afa30004	sw	4(r29),r3
  297  0000135c  0c000990	jal	_ditoa
  298  00001360  54000000	nop; not filled.
  299  00001364  200d0000	addi	r13,r0,#0
  300  00001368  accd0000	sw	(r6),r13
  301  0000136c  accd0004	sw	4(r6),r13
  302  00001370  20020000	addi	r2,r0,#0
  303  00001374  23bd0008	addi	r29,r29,#8
  304  00001378  004a082a	slt	r1,r2,r10
  305  0000137c  102000c4	beqz	r1,L19_LF0
  306  00001380  54000000	nop; not filled.
  307  00001384  00083020	add	r6,r0,r8
  308  00001388          	L21_LF0:
  309  00001388  23bdffe0	addi	r29,r29,#-32
  310  0000138c  3c0d0000	lhi	r13,((LC9_LF0)>>16)&0xffff
  311  00001390  25ad30e8	addui	r13,r13,(LC9_LF0)&0xffff
  312  00001394  afad0000	sw	(r29),r13
  313  00001398  afa70004	sw	4(r29),r7
  314  0000139c  afa60008	sw	8(r29),r6
  315  000013a0  afa5000c	sw	12(r29),r5
  316  000013a4  afa40010	sw	16(r29),r4
  317  000013a8  afa30014	sw	20(r29),r3
  318  000013ac  200d0000	addi	r13,r0,#0
  319  000013b0  afad0018	sw	24(r29),r13
  320  000013b4  0c00017c	jal	_process_create
  321  000013b8  54000000	nop; not filled.
  322  000013bc  23bd0020	addi	r29,r29,#32
  323  000013c0  23bdfff8	addi	r29,r29,#-8
  324  000013c4  3c0d0000	lhi	r13,((LC10_LF0)>>16)&0xffff
  325  000013c8  25ad30fc	addui	r13,r13,(LC10_LF0)&0xffff
  326  000013cc  afad0000	sw	(r29),r13
  327  000013d0  afa20004	sw	4(r29),r2
  328  000013d4  0c000144	jal	_Printf
  329  000013d8  54000000	nop; not filled.
  330  000013dc  23bdffe8	addi	r29,r29,#-24
  331  000013e0  3c0d0000	lhi	r13,((LC11_LF0)>>16)&0xffff
  332  000013e4  25ad3114	addui	r13,r13,(LC11_LF0)&0xffff
  333  000013e8  afad0000	sw	(r29),r13
  334  000013ec  afa70004	sw	4(r29),r7
  335  000013f0  afa60008	sw	8(r29),r6
  336  000013f4  afa5000c	sw	12(r29),r5
  337  000013f8  afa40010	sw	16(r29),r4
  338  000013fc  afa30014	sw	20(r29),r3
  339  00001400  200d0000	addi	r13,r0,#0
  340  00001404  afad0018	sw	24(r29),r13
  341  00001408  0c000128	jal	_process_create
  342  0000140c  54000000	nop; not filled.
  343  00001410  23bd0020	addi	r29,r29,#32
  344  00001414  23bdfff8	addi	r29,r29,#-8
  345  00001418  3c0d0000	lhi	r13,((LC12_LF0)>>16)&0xffff
  346  0000141c  25ad3128	addui	r13,r13,(LC12_LF0)&0xffff
  347  00001420  afad0000	sw	(r29),r13
  348  00001424  afa20004	sw	4(r29),r2
  349  00001428  0c0000f0	jal	_Printf
  350  0000142c  54000000	nop; not filled.
  351  00001430  23bd0008	addi	r29,r29,#8
  352  00001434  20420001	addi	r2,r2,#1
  353  00001438  004a082a	slt	r1,r2,r10
  354  0000143c  1420ff48	bnez	r1,L21_LF0
  355  00001440  54000000	nop; not filled.
  356  00001444          	L19_LF0:
  357  00001444  23bdfff8	addi	r29,r29,#-8
  358  00001448  afa90000	sw	(r29),r9
  359  0000144c  0c000114	jal	_sem_wait
  360  00001450  54000000	nop; not filled.
  361  00001454  23bd0008	addi	r29,r29,#8
  362  00001458  64210001	snei	r1,r1,#1
  363  0000145c  10200050	beqz	r1,L23_LF0
  364  00001460  54000000	nop; not filled.
  365  00001464  23bdfff8	addi	r29,r29,#-8
  366  00001468  3c0d0000	lhi	r13,((LC13_LF0)>>16)&0xffff
  367  0000146c  25ad3140	addui	r13,r13,(LC13_LF0)&0xffff
  368  00001470  afad0000	sw	(r29),r13
  369  00001474  afa90004	sw	4(r29),r9
  370  00001478  0c0000a0	jal	_Printf
  371  0000147c  54000000	nop; not filled.
  372  00001480  8d8c0000	lw	r12,(r12)
  373  00001484  afac0000	sw	(r29),r12
  374  00001488  0c000090	jal	_Printf
  375  0000148c  54000000	nop; not filled.
  376  00001490  3c0d0000	lhi	r13,((LC8_LF0)>>16)&0xffff
  377  00001494  25ad30e4	addui	r13,r13,(LC8_LF0)&0xffff
  378  00001498  afad0000	sw	(r29),r13
  379  0000149c  0c00007c	jal	_Printf
  380  000014a0  54000000	nop; not filled.
  381  000014a4  0c000128	jal	_Exit
  382  000014a8  54000000	nop; not filled.
  383  000014ac  23bd0008	addi	r29,r29,#8
  384  000014b0          	L23_LF0:
  385  000014b0  23bdfff8	addi	r29,r29,#-8
  386  000014b4  3c0d0000	lhi	r13,((LC14_LF0)>>16)&0xffff
  387  000014b8  25ad316c	addui	r13,r13,(LC14_LF0)&0xffff
  388  000014bc  afad0000	sw	(r29),r13
  389  000014c0  0c000058	jal	_Printf
  390  000014c4  54000000	nop; not filled.
  391  000014c8  23bd0008	addi	r29,r29,#8
  392  000014cc  0c000e48	jal	_exit
  393  000014d0  54000000	nop
  394  000014d4          	.endproc _main
  395                      ;;;
  396                      ;;; Stub functions for DLX traps.
  397                      ;;;
  398                      ;;; Ethan L. Miller, 1999.  Released to the public domain.
  399                      ;;;
  400                      ;;; The traps such as Open and Close
  401                      ;;; (note the capital letters) are for use by user programs.  The traps
  402                      ;;; with names such as open and close (lower case) are for use by the OS.
  403                      ;;;
  406  000014d4          	.align 2
  408                      ;;; The following are the traps to be used by user-level programs
  409                      ;;;
  411  000014d4          	.align 2
  412  000014d4          	.proc _Open
  413  000014d4          	.global _Open
  414  000014d4          	_Open:
  415                      ;;; Note that trap #0x213 actually causes a trap vector in the OS of
  416                      ;;; 0x1213.  The same is true for other user traps.  Thus, a user trap
  417                      ;;; with trap #0x240 will result in a trap vector of 0x1240 in the OS.
  418  000014d4  44000213	trap	#0x213
  419  000014d8  4be00000	jr	r31
  420  000014dc  54000000	nop
  421  000014e0          	.endproc _Open
  423  000014e0          	.proc _Close
  424  000014e0          	.global _Close
  425  000014e0          	_Close:
  426  000014e0  44000214	trap	#0x214
  427  000014e4  4be00000	jr	r31
  428  000014e8  54000000	nop
  429  000014ec          	.endproc _Close
  431  000014ec          	.proc _Read
  432  000014ec          	.global _Read
  433  000014ec          	_Read:
  434  000014ec  44000210	trap	#0x210
  435  000014f0  4be00000	jr	r31
  436  000014f4  54000000	nop
  437  000014f8          	.endproc _Read
  439  000014f8          	.proc _Write
  440  000014f8          	.global _Write
  441  000014f8          	_Write:
  442  000014f8  44000211	trap	#0x211
  443  000014fc  4be00000	jr	r31
  444  00001500  54000000	nop
  445  00001504          	.endproc _Write
  447  00001504          	.proc _Lseek
  448  00001504          	.global _Lseek
  449  00001504          	_Lseek:
  450  00001504  44000212	trap	#0x212
  451  00001508  4be00000	jr	r31
  452  0000150c  54000000	nop
  453  00001510          	.endproc _Lseek
  455  00001510          	.proc _Putchar
  456  00001510          	.global _Putchar
  457  00001510          	_Putchar:
  458  00001510  44000280	trap	#0x280
  459  00001514  4be00000	jr	r31
  460  00001518  54000000	nop
  461  0000151c          	.endproc _Putchar
  463  0000151c          	.proc _Printf
  464  0000151c          	.global _Printf
  465  0000151c          	_Printf:
  466  0000151c  44000201	trap	#0x201
  467  00001520  4be00000	jr	r31
  468  00001524  54000000	nop
  469  00001528          	.endproc _Printf
  471  00001528          	.proc _getpid
  472  00001528          	.global _getpid
  473  00001528          	_getpid:
  474  00001528  44000431	trap	#0x431
  475  0000152c  4be00000	jr	r31
  476  00001530  54000000	nop
  477  00001534          	.endproc _getpid
  479  00001534          	.proc _process_create
  480  00001534          	.global _process_create
  481  00001534          	_process_create:
  482  00001534  44000432	trap	#0x432
  483  00001538  4be00000	jr	r31
  484  0000153c  54000000	nop
  485  00001540          	.endproc _process_create
  487  00001540          	.proc _shmget
  488  00001540          	.global _shmget
  489  00001540          	_shmget:
  490  00001540  44000440	trap	#0x440
  491  00001544  4be00000	jr	r31
  492  00001548  54000000	nop
  493  0000154c          	.endproc _shmget
  495  0000154c          	.proc _shmat
  496  0000154c          	.global _shmat
  497  0000154c          	_shmat:
  498  0000154c  44000441	trap	#0x441
  499  00001550  4be00000	jr	r31
  500  00001554  54000000	nop
  501  00001558          	.endproc _shmat
  503  00001558          	.proc _sem_create
  504  00001558          	.global _sem_create
  505  00001558          	_sem_create:
  506  00001558  44000450	trap	#0x450
  507  0000155c  4be00000	jr	r31
  508  00001560  54000000	nop
  509  00001564          	.endproc _sem_create
  511  00001564          	.proc _sem_wait
  512  00001564          	.global _sem_wait
  513  00001564          	_sem_wait:
  514  00001564  44000451	trap	#0x451
  515  00001568  4be00000	jr	r31
  516  0000156c  54000000	nop
  517  00001570          	.endproc _sem_wait
  519  00001570          	.proc _sem_signal
  520  00001570          	.global _sem_signal
  521  00001570          	_sem_signal:
  522  00001570  44000452	trap	#0x452
  523  00001574  4be00000	jr	r31
  524  00001578  54000000	nop
  525  0000157c          	.endproc _sem_signal
  527  0000157c          	.proc _lock_create
  528  0000157c          	.global _lock_create
  529  0000157c          	_lock_create:
  530  0000157c  44000453	trap	#0x453
  531  00001580  4be00000	jr	r31
  532  00001584  54000000	nop
  533  00001588          	.endproc _lock_create
  535  00001588          	.proc _lock_acquire
  536  00001588          	.global _lock_acquire
  537  00001588          	_lock_acquire:
  538  00001588  44000454	trap	#0x454
  539  0000158c  4be00000	jr	r31
  540  00001590  54000000	nop
  541  00001594          	.endproc _lock_acquire
  543  00001594          	.proc _lock_release
  544  00001594          	.global _lock_release
  545  00001594          	_lock_release:
  546  00001594  44000455	trap	#0x455
  547  00001598  4be00000	jr	r31
  548  0000159c  54000000	nop
  549  000015a0          	.endproc _lock_release
  551  000015a0          	.proc _cond_create
  552  000015a0          	.global _cond_create
  553  000015a0          	_cond_create:
  554  000015a0  44000456	trap	#0x456
  555  000015a4  4be00000	jr	r31
  556  000015a8  54000000	nop
  557  000015ac          	.endproc _cond_create
  559  000015ac          	.proc _cond_wait
  560  000015ac          	.global _cond_wait
  561  000015ac          	_cond_wait:
  562  000015ac  44000457	trap	#0x457
  563  000015b0  4be00000	jr	r31
  564  000015b4  54000000	nop
  565  000015b8          	.endproc _cond_wait
  567  000015b8          	.proc _cond_signal
  568  000015b8          	.global _cond_signal
  569  000015b8          	_cond_signal:
  570  000015b8  44000458	trap	#0x458
  571  000015bc  4be00000	jr	r31
  572  000015c0  54000000	nop
  573  000015c4          	.endproc _cond_signal
  575  000015c4          	.proc _cond_broadcast
  576  000015c4          	.global _cond_broadcast
  577  000015c4          	_cond_broadcast:
  578  000015c4  44000459	trap	#0x459
  579  000015c8  4be00000	jr	r31
  580  000015cc  54000000	nop
  581  000015d0          	.endproc _cond_broadcast
  583  000015d0          	.proc _Exit
  584  000015d0          	.global _Exit
  585  000015d0          	_Exit:
  586  000015d0  44000500	trap	#0x500
  587  000015d4  4be00000	jr	r31
  588  000015d8  54000000	nop
  589  000015dc          	.endproc _Exit
  590                      ; Compiled by GCC
  592  000015dc          	.align 2
  593  000015dc          	.proc _isspace
  594  000015dc          	.global _isspace
  595  000015dc          	_isspace:
  596                      ;  Function 'isspace'; 0 bytes of locals, 3 regs to save.
  597  000015dc  afbefffc	sw	-4(r29),r30; push fp
  598  000015e0  001df020	add	r30,r0,r29; fp = sp
  599  000015e4  afbffff8	sw	-8(r29),r31; push ret addr
  600  000015e8  2fbd0018	subui	r29,r29,#24; alloc local storage
  601  000015ec  afa20000	sw	0(r29),r2
  602  000015f0  afa30004	sw	4(r29),r3
  603  000015f4  afa40008	sw	8(r29),r4
  604  000015f8  83c20003	lb	r2,3(r30)
  605  000015fc  20010000	addi	r1,r0,#0
  606  00001600  304300ff	andi	r3,r2,#0x00ff
  607  00001604  60640020	seqi	r4,r3,#32
  608  00001608  1480002c	bnez	r4,L3_LF2
  609  0000160c  54000000	nop; delay slot nop
  610  00001610  304300ff	andi	r3,r2,#0x00ff
  611  00001614  60640009	seqi	r4,r3,#9
  612  00001618  1480001c	bnez	r4,L3_LF2
  613  0000161c  54000000	nop; delay slot nop
  614  00001620  304300ff	andi	r3,r2,#0x00ff
  615  00001624  6064000a	seqi	r4,r3,#10
  616  00001628  1480000c	bnez	r4,L3_LF2
  617  0000162c  54000000	nop; delay slot nop
  618  00001630  08000008	j	L2_LF2
  619  00001634  54000000	nop; delay slot nop
  620  00001638          	L3_LF2:
  621  00001638  20010001	addi	r1,r0,#1
  622  0000163c          	L2_LF2:
  623  0000163c  08000004	j	L1_LF2
  624  00001640  54000000	nop; delay slot nop
  625  00001644          	L1_LF2:
  626  00001644  8fa20000	lw	r2,0(r29)
  627  00001648  8fa30004	lw	r3,4(r29)
  628  0000164c  8fa40008	lw	r4,8(r29)
  629  00001650  8fdffff8	lw	r31,-8(r30)
  630  00001654  001ee820	add	r29,r0,r30
  631  00001658  8fdefffc	lw	r30,-4(r30)
  632  0000165c  4be00000	jr	r31
  633  00001660  54000000	nop
  634  00001664          	.endproc _isspace
  635  00001664          	.align 2
  636  00001664          	.proc _isxdigit
  637  00001664          	.global _isxdigit
  638  00001664          	_isxdigit:
  639                      ;  Function 'isxdigit'; 0 bytes of locals, 3 regs to save.
  640  00001664  afbefffc	sw	-4(r29),r30; push fp
  641  00001668  001df020	add	r30,r0,r29; fp = sp
  642  0000166c  afbffff8	sw	-8(r29),r31; push ret addr
  643  00001670  2fbd0018	subui	r29,r29,#24; alloc local storage
  644  00001674  afa20000	sw	0(r29),r2
  645  00001678  afa30004	sw	4(r29),r3
  646  0000167c  afa40008	sw	8(r29),r4
  647  00001680  83c20003	lb	r2,3(r30)
  648  00001684  20010000	addi	r1,r0,#0
  649  00001688  304300ff	andi	r3,r2,#0x00ff
  650  0000168c  6c64002f	sgtui	r4,r3,#47
  651  00001690  1080001c	beqz	r4,L7_LF2
  652  00001694  54000000	nop; delay slot nop
  653  00001698  304300ff	andi	r3,r2,#0x00ff
  654  0000169c  70640039	sleui	r4,r3,#57
  655  000016a0  1480005c	bnez	r4,L6_LF2
  656  000016a4  54000000	nop; delay slot nop
  657  000016a8  08000004	j	L7_LF2
  658  000016ac  54000000	nop; delay slot nop
  659  000016b0          	L7_LF2:
  660  000016b0  304300ff	andi	r3,r2,#0x00ff
  661  000016b4  6c640060	sgtui	r4,r3,#96
  662  000016b8  1080001c	beqz	r4,L8_LF2
  663  000016bc  54000000	nop; delay slot nop
  664  000016c0  304300ff	andi	r3,r2,#0x00ff
  665  000016c4  70640066	sleui	r4,r3,#102
  666  000016c8  14800034	bnez	r4,L6_LF2
  667  000016cc  54000000	nop; delay slot nop
  668  000016d0  08000004	j	L8_LF2
  669  000016d4  54000000	nop; delay slot nop
  670  000016d8          	L8_LF2:
  671  000016d8  304300ff	andi	r3,r2,#0x00ff
  672  000016dc  6c640040	sgtui	r4,r3,#64
  673  000016e0  10800020	beqz	r4,L5_LF2
  674  000016e4  54000000	nop; delay slot nop
  675  000016e8  304300ff	andi	r3,r2,#0x00ff
  676  000016ec  70640041	sleui	r4,r3,#65
  677  000016f0  1480000c	bnez	r4,L6_LF2
  678  000016f4  54000000	nop; delay slot nop
  679  000016f8  08000008	j	L5_LF2
  680  000016fc  54000000	nop; delay slot nop
  681  00001700          	L6_LF2:
  682  00001700  20010001	addi	r1,r0,#1
  683  00001704          	L5_LF2:
  684  00001704  08000004	j	L4_LF2
  685  00001708  54000000	nop; delay slot nop
  686  0000170c          	L4_LF2:
  687  0000170c  8fa20000	lw	r2,0(r29)
  688  00001710  8fa30004	lw	r3,4(r29)
  689  00001714  8fa40008	lw	r4,8(r29)
  690  00001718  8fdffff8	lw	r31,-8(r30)
  691  0000171c  001ee820	add	r29,r0,r30
  692  00001720  8fdefffc	lw	r30,-4(r30)
  693  00001724  4be00000	jr	r31
  694  00001728  54000000	nop
  695  0000172c          	.endproc _isxdigit
  696  0000172c          	.align 2
  697  0000172c          	.proc _dstrcpy
  698  0000172c          	.global _dstrcpy
  699  0000172c          	_dstrcpy:
  700                      ;  Function 'dstrcpy'; 8 bytes of locals, 2 regs to save.
  701  0000172c  afbefffc	sw	-4(r29),r30; push fp
  702  00001730  001df020	add	r30,r0,r29; fp = sp
  703  00001734  afbffff8	sw	-8(r29),r31; push ret addr
  704  00001738  2fbd0018	subui	r29,r29,#24; alloc local storage
  705  0000173c  afa20000	sw	0(r29),r2
  706  00001740  afa30004	sw	4(r29),r3
  707  00001744  8fc10000	lw	r1,(r30)
  708  00001748  afc1fff4	sw	-12(r30),r1
  709  0000174c          	L10_LF2:
  710  0000174c  8fc10000	lw	r1,(r30)
  711  00001750  20220001	addi	r2,r1,#1
  712  00001754  afc20000	sw	(r30),r2
  713  00001758  8fc20004	lw	r2,4(r30)
  714  0000175c  20430001	addi	r3,r2,#1
  715  00001760  afc30004	sw	4(r30),r3
  716  00001764  80420000	lb	r2,(r2)
  717  00001768  a0220000	sb	(r1),r2
  718  0000176c  a3c2fff3	sb	-13(r30),r2
  719  00001770          	L12_LF2:
  720  00001770  93c1fff3	lbu	r1,-13(r30)
  721  00001774  64220000	snei	r2,r1,#0
  722  00001778  1440000c	bnez	r2,L13_LF2
  723  0000177c  54000000	nop; delay slot nop
  724  00001780  0800000c	j	L11_LF2
  725  00001784  54000000	nop; delay slot nop
  726  00001788          	L13_LF2:
  727  00001788  0bffffc0	j	L10_LF2
  728  0000178c  54000000	nop; delay slot nop
  729  00001790          	L11_LF2:
  730  00001790  8fc1fff4	lw	r1,-12(r30)
  731  00001794  08000004	j	L9_LF2
  732  00001798  54000000	nop; delay slot nop
  733  0000179c          	L9_LF2:
  734  0000179c  8fa20000	lw	r2,0(r29)
  735  000017a0  8fa30004	lw	r3,4(r29)
  736  000017a4  8fdffff8	lw	r31,-8(r30)
  737  000017a8  001ee820	add	r29,r0,r30
  738  000017ac  8fdefffc	lw	r30,-4(r30)
  739  000017b0  4be00000	jr	r31
  740  000017b4  54000000	nop
  741  000017b8          	.endproc _dstrcpy
  742  000017b8          	.align 2
  743  000017b8          	.proc _dstrncpy
  744  000017b8          	.global _dstrncpy
  745  000017b8          	_dstrncpy:
  746                      ;  Function 'dstrncpy'; 8 bytes of locals, 2 regs to save.
  747  000017b8  afbefffc	sw	-4(r29),r30; push fp
  748  000017bc  001df020	add	r30,r0,r29; fp = sp
  749  000017c0  afbffff8	sw	-8(r29),r31; push ret addr
  750  000017c4  2fbd0018	subui	r29,r29,#24; alloc local storage
  751  000017c8  afa20000	sw	0(r29),r2
  752  000017cc  afa30004	sw	4(r29),r3
  753  000017d0  8fc10000	lw	r1,(r30)
  754  000017d4  afc1fff4	sw	-12(r30),r1
  755  000017d8          	L15_LF2:
  756  000017d8  8fc10008	lw	r1,8(r30)
  757  000017dc  2022ffff	addi	r2,r1,#-1
  758  000017e0  afc20008	sw	8(r30),r2
  759  000017e4  70210000	slei	r1,r1,#0
  760  000017e8  1020000c	beqz	r1,L18_LF2
  761  000017ec  54000000	nop; delay slot nop
  762  000017f0  08000048	j	L16_LF2
  763  000017f4  54000000	nop; delay slot nop
  764  000017f8          	L18_LF2:
  765  000017f8  8fc10000	lw	r1,(r30)
  766  000017fc  20220001	addi	r2,r1,#1
  767  00001800  afc20000	sw	(r30),r2
  768  00001804  8fc20004	lw	r2,4(r30)
  769  00001808  20430001	addi	r3,r2,#1
  770  0000180c  afc30004	sw	4(r30),r3
  771  00001810  80420000	lb	r2,(r2)
  772  00001814  a0220000	sb	(r1),r2
  773  00001818  a3c2fff3	sb	-13(r30),r2
  774  0000181c          	L17_LF2:
  775  0000181c  93c1fff3	lbu	r1,-13(r30)
  776  00001820  64220000	snei	r2,r1,#0
  777  00001824  1440000c	bnez	r2,L19_LF2
  778  00001828  54000000	nop; delay slot nop
  779  0000182c  0800000c	j	L16_LF2
  780  00001830  54000000	nop; delay slot nop
  781  00001834          	L19_LF2:
  782  00001834  0bffffa0	j	L15_LF2
  783  00001838  54000000	nop; delay slot nop
  784  0000183c          	L16_LF2:
  785  0000183c  8fc1fff4	lw	r1,-12(r30)
  786  00001840  08000004	j	L14_LF2
  787  00001844  54000000	nop; delay slot nop
  788  00001848          	L14_LF2:
  789  00001848  8fa20000	lw	r2,0(r29)
  790  0000184c  8fa30004	lw	r3,4(r29)
  791  00001850  8fdffff8	lw	r31,-8(r30)
  792  00001854  001ee820	add	r29,r0,r30
  793  00001858  8fdefffc	lw	r30,-4(r30)
  794  0000185c  4be00000	jr	r31
  795  00001860  54000000	nop
  796  00001864          	.endproc _dstrncpy
  797  00001864          	.align 2
  798  00001864          	.proc _dstrcat
  799  00001864          	.global _dstrcat
  800  00001864          	_dstrcat:
  801                      ;  Function 'dstrcat'; 8 bytes of locals, 1 regs to save.
  802  00001864  afbefffc	sw	-4(r29),r30; push fp
  803  00001868  001df020	add	r30,r0,r29; fp = sp
  804  0000186c  afbffff8	sw	-8(r29),r31; push ret addr
  805  00001870  2fbd0018	subui	r29,r29,#24; alloc local storage
  806  00001874  afa20000	sw	0(r29),r2
  807  00001878  8fc10000	lw	r1,(r30)
  808  0000187c  afc1fff4	sw	-12(r30),r1
  809  00001880          	L21_LF2:
  810  00001880  8fc10000	lw	r1,(r30)
  811  00001884  90220000	lbu	r2,(r1)
  812  00001888  64410000	snei	r1,r2,#0
  813  0000188c  1420000c	bnez	r1,L23_LF2
  814  00001890  54000000	nop; delay slot nop
  815  00001894  0800001c	j	L22_LF2
  816  00001898  54000000	nop; delay slot nop
  817  0000189c          	L23_LF2:
  818  0000189c  8fc20000	lw	r2,(r30)
  819  000018a0  20410001	addi	r1,r2,#1
  820  000018a4  00011020	add	r2,r0,r1
  821  000018a8  afc20000	sw	(r30),r2
  822  000018ac  0bffffd0	j	L21_LF2
  823  000018b0  54000000	nop; delay slot nop
  824  000018b4          	L22_LF2:
  825  000018b4  23bdfff8	addi	r29,r29,#-8
  826  000018b8  001d0820	add	r1,r0,r29
  827  000018bc  8fc20000	lw	r2,(r30)
  828  000018c0  ac220000	sw	(r1),r2
  829  000018c4  8fc20004	lw	r2,4(r30)
  830  000018c8  ac220004	sw	4(r1),r2
  831  000018cc  0ffffe5c	jal	_dstrcpy
  832  000018d0  54000000	nop; delay slot nop
  833  000018d4  23bd0008	addi	r29,r29,#8
  834  000018d8  8fc1fff4	lw	r1,-12(r30)
  835  000018dc  08000004	j	L20_LF2
  836  000018e0  54000000	nop; delay slot nop
  837  000018e4          	L20_LF2:
  838  000018e4  8fa20000	lw	r2,0(r29)
  839  000018e8  8fdffff8	lw	r31,-8(r30)
  840  000018ec  001ee820	add	r29,r0,r30
  841  000018f0  8fdefffc	lw	r30,-4(r30)
  842  000018f4  4be00000	jr	r31
  843  000018f8  54000000	nop
  844  000018fc          	.endproc _dstrcat
  845  000018fc          	.align 2
  846  000018fc          	.proc _dstrncmp
  847  000018fc          	.global _dstrncmp
  848  000018fc          	_dstrncmp:
  849                      ;  Function 'dstrncmp'; 8 bytes of locals, 2 regs to save.
  850  000018fc  afbefffc	sw	-4(r29),r30; push fp
  851  00001900  001df020	add	r30,r0,r29; fp = sp
  852  00001904  afbffff8	sw	-8(r29),r31; push ret addr
  853  00001908  2fbd0018	subui	r29,r29,#24; alloc local storage
  854  0000190c  afa20000	sw	0(r29),r2
  855  00001910  afa30004	sw	4(r29),r3
  856  00001914  54000000	nop
  857  00001918  20010000	addi	r1,r0,#0
  858  0000191c  afc1fff4	sw	-12(r30),r1
  859  00001920          	L25_LF2:
  860  00001920  8fc1fff4	lw	r1,-12(r30)
  861  00001924  8fc20008	lw	r2,8(r30)
  862  00001928  0022082a	slt	r1,r1,r2
  863  0000192c  1420000c	bnez	r1,L28_LF2
  864  00001930  54000000	nop; delay slot nop
  865  00001934  08000088	j	L26_LF2
  866  00001938  54000000	nop; delay slot nop
  867  0000193c          	L28_LF2:
  868  0000193c  8fc10004	lw	r1,4(r30)
  869  00001940  90220000	lbu	r2,(r1)
  870  00001944  64410000	snei	r1,r2,#0
  871  00001948  14200018	bnez	r1,L29_LF2
  872  0000194c  54000000	nop; delay slot nop
  873  00001950  20010000	addi	r1,r0,#0
  874  00001954  080000d8	j	L24_LF2
  875  00001958  54000000	nop; delay slot nop
  876  0000195c  08000028	j	L30_LF2
  877  00001960  54000000	nop; delay slot nop
  878  00001964          	L29_LF2:
  879  00001964  8fc10000	lw	r1,(r30)
  880  00001968  8fc20004	lw	r2,4(r30)
  881  0000196c  90210000	lbu	r1,(r1)
  882  00001970  90420000	lbu	r2,(r2)
  883  00001974  00220829	sne	r1,r1,r2
  884  00001978  1020000c	beqz	r1,L30_LF2
  885  0000197c  54000000	nop; delay slot nop
  886  00001980  0800003c	j	L26_LF2
  887  00001984  54000000	nop; delay slot nop
  888  00001988          	L31_LF2:
  889  00001988          	L30_LF2:
  890  00001988  8fc20000	lw	r2,(r30)
  891  0000198c  20410001	addi	r1,r2,#1
  892  00001990  00011020	add	r2,r0,r1
  893  00001994  afc20000	sw	(r30),r2
  894  00001998  8fc20004	lw	r2,4(r30)
  895  0000199c  20410001	addi	r1,r2,#1
  896  000019a0  00011020	add	r2,r0,r1
  897  000019a4  afc20004	sw	4(r30),r2
  898  000019a8          	L27_LF2:
  899  000019a8  8fc2fff4	lw	r2,-12(r30)
  900  000019ac  20410001	addi	r1,r2,#1
  901  000019b0  00011020	add	r2,r0,r1
  902  000019b4  afc2fff4	sw	-12(r30),r2
  903  000019b8  0bffff64	j	L25_LF2
  904  000019bc  54000000	nop; delay slot nop
  905  000019c0          	L26_LF2:
  906  000019c0  8fc1fff4	lw	r1,-12(r30)
  907  000019c4  8fc20008	lw	r2,8(r30)
  908  000019c8  00220828	seq	r1,r1,r2
  909  000019cc  10200018	beqz	r1,L32_LF2
  910  000019d0  54000000	nop; delay slot nop
  911  000019d4  20010000	addi	r1,r0,#0
  912  000019d8  08000054	j	L24_LF2
  913  000019dc  54000000	nop; delay slot nop
  914  000019e0  0800004c	j	L33_LF2
  915  000019e4  54000000	nop; delay slot nop
  916  000019e8          	L32_LF2:
  917  000019e8  8fc20000	lw	r2,(r30)
  918  000019ec  90410000	lbu	r1,(r2)
  919  000019f0  8fc20004	lw	r2,4(r30)
  920  000019f4  90430000	lbu	r3,(r2)
  921  000019f8  00230822	sub	r1,r1,r3
  922  000019fc  74220000	sgei	r2,r1,#0
  923  00001a00  10400020	beqz	r2,L34_LF2
  924  00001a04  54000000	nop; delay slot nop
  925  00001a08  8fc10000	lw	r1,(r30)
  926  00001a0c  8fc20004	lw	r2,4(r30)
  927  00001a10  90210000	lbu	r1,(r1)
  928  00001a14  90420000	lbu	r2,(r2)
  929  00001a18  00220829	sne	r1,r1,r2
  930  00001a1c  08000008	j	L35_LF2
  931  00001a20  54000000	nop; delay slot nop
  932  00001a24          	L34_LF2:
  933  00001a24  2001ffff	addi	r1,r0,#-1
  934  00001a28          	L35_LF2:
  935  00001a28  08000004	j	L24_LF2
  936  00001a2c  54000000	nop; delay slot nop
  937  00001a30          	L33_LF2:
  938  00001a30          	L24_LF2:
  939  00001a30  8fa20000	lw	r2,0(r29)
  940  00001a34  8fa30004	lw	r3,4(r29)
  941  00001a38  8fdffff8	lw	r31,-8(r30)
  942  00001a3c  001ee820	add	r29,r0,r30
  943  00001a40  8fdefffc	lw	r30,-4(r30)
  944  00001a44  4be00000	jr	r31
  945  00001a48  54000000	nop
  946  00001a4c          	.endproc _dstrncmp
  947  00001a4c          	.align 2
  948  00001a4c          	.proc _dstrlen
  949  00001a4c          	.global _dstrlen
  950  00001a4c          	_dstrlen:
  951                      ;  Function 'dstrlen'; 8 bytes of locals, 1 regs to save.
  952  00001a4c  afbefffc	sw	-4(r29),r30; push fp
  953  00001a50  001df020	add	r30,r0,r29; fp = sp
  954  00001a54  afbffff8	sw	-8(r29),r31; push ret addr
  955  00001a58  2fbd0018	subui	r29,r29,#24; alloc local storage
  956  00001a5c  afa20000	sw	0(r29),r2
  957  00001a60  20010000	addi	r1,r0,#0
  958  00001a64  afc1fff4	sw	-12(r30),r1
  959  00001a68          	L37_LF2:
  960  00001a68  8fc10000	lw	r1,(r30)
  961  00001a6c  20220001	addi	r2,r1,#1
  962  00001a70  afc20000	sw	(r30),r2
  963  00001a74  90210000	lbu	r1,(r1)
  964  00001a78  64220000	snei	r2,r1,#0
  965  00001a7c  1440000c	bnez	r2,L39_LF2
  966  00001a80  54000000	nop; delay slot nop
  967  00001a84  0800001c	j	L38_LF2
  968  00001a88  54000000	nop; delay slot nop
  969  00001a8c          	L39_LF2:
  970  00001a8c  8fc2fff4	lw	r2,-12(r30)
  971  00001a90  20410001	addi	r1,r2,#1
  972  00001a94  00011020	add	r2,r0,r1
  973  00001a98  afc2fff4	sw	-12(r30),r2
  974  00001a9c  0bffffc8	j	L37_LF2
  975  00001aa0  54000000	nop; delay slot nop
  976  00001aa4          	L38_LF2:
  977  00001aa4  8fc1fff4	lw	r1,-12(r30)
  978  00001aa8  08000004	j	L36_LF2
  979  00001aac  54000000	nop; delay slot nop
  980  00001ab0          	L36_LF2:
  981  00001ab0  8fa20000	lw	r2,0(r29)
  982  00001ab4  8fdffff8	lw	r31,-8(r30)
  983  00001ab8  001ee820	add	r29,r0,r30
  984  00001abc  8fdefffc	lw	r30,-4(r30)
  985  00001ac0  4be00000	jr	r31
  986  00001ac4  54000000	nop
  987  00001ac8          	.endproc _dstrlen
  988  00001ac8          	.align 2
  989  00001ac8          	.proc _dstrstr
  990  00001ac8          	.global _dstrstr
  991  00001ac8          	_dstrstr:
  992                      ;  Function 'dstrstr'; 8 bytes of locals, 1 regs to save.
  993  00001ac8  afbefffc	sw	-4(r29),r30; push fp
  994  00001acc  001df020	add	r30,r0,r29; fp = sp
  995  00001ad0  afbffff8	sw	-8(r29),r31; push ret addr
  996  00001ad4  2fbd0018	subui	r29,r29,#24; alloc local storage
  997  00001ad8  afa20000	sw	0(r29),r2
  998  00001adc  23bdfff8	addi	r29,r29,#-8
  999  00001ae0  001d0820	add	r1,r0,r29
 1000  00001ae4  8fc20004	lw	r2,4(r30)
 1001  00001ae8  ac220000	sw	(r1),r2
 1002  00001aec  0fffff5c	jal	_dstrlen
 1003  00001af0  54000000	nop; delay slot nop
 1004  00001af4  23bd0008	addi	r29,r29,#8
 1005  00001af8  afc1fff4	sw	-12(r30),r1
 1006  00001afc          	L41_LF2:
 1007  00001afc  8fc10000	lw	r1,(r30)
 1008  00001b00  90220000	lbu	r2,(r1)
 1009  00001b04  64410000	snei	r1,r2,#0
 1010  00001b08  1420000c	bnez	r1,L43_LF2
 1011  00001b0c  54000000	nop; delay slot nop
 1012  00001b10  08000060	j	L42_LF2
 1013  00001b14  54000000	nop; delay slot nop
 1014  00001b18          	L43_LF2:
 1015  00001b18  23bdfff0	addi	r29,r29,#-16
 1016  00001b1c  001d0820	add	r1,r0,r29
 1017  00001b20  8fc20000	lw	r2,(r30)
 1018  00001b24  ac220000	sw	(r1),r2
 1019  00001b28  8fc20004	lw	r2,4(r30)
 1020  00001b2c  ac220004	sw	4(r1),r2
 1021  00001b30  8fc2fff4	lw	r2,-12(r30)
 1022  00001b34  ac220008	sw	8(r1),r2
 1023  00001b38  0ffffdc0	jal	_dstrncmp
 1024  00001b3c  54000000	nop; delay slot nop
 1025  00001b40  23bd0010	addi	r29,r29,#16
 1026  00001b44  64220000	snei	r2,r1,#0
 1027  00001b48  14400010	bnez	r2,L44_LF2
 1028  00001b4c  54000000	nop; delay slot nop
 1029  00001b50  8fc10000	lw	r1,(r30)
 1030  00001b54  08000028	j	L40_LF2
 1031  00001b58  54000000	nop; delay slot nop
 1032  00001b5c          	L44_LF2:
 1033  00001b5c  8fc20000	lw	r2,(r30)
 1034  00001b60  20410001	addi	r1,r2,#1
 1035  00001b64  00011020	add	r2,r0,r1
 1036  00001b68  afc20000	sw	(r30),r2
 1037  00001b6c  0bffff8c	j	L41_LF2
 1038  00001b70  54000000	nop; delay slot nop
 1039  00001b74          	L42_LF2:
 1040  00001b74  20010000	addi	r1,r0,#0
 1041  00001b78  08000004	j	L40_LF2
 1042  00001b7c  54000000	nop; delay slot nop
 1043  00001b80          	L40_LF2:
 1044  00001b80  8fa20000	lw	r2,0(r29)
 1045  00001b84  8fdffff8	lw	r31,-8(r30)
 1046  00001b88  001ee820	add	r29,r0,r30
 1047  00001b8c  8fdefffc	lw	r30,-4(r30)
 1048  00001b90  4be00000	jr	r31
 1049  00001b94  54000000	nop
 1050  00001b98          	.endproc _dstrstr
 1051  00001b98          	.align 2
 1052  00001b98          	.proc _dmindex
 1053  00001b98          	.global _dmindex
 1054  00001b98          	_dmindex:
 1055                      ;  Function 'dmindex'; 8 bytes of locals, 1 regs to save.
 1056  00001b98  afbefffc	sw	-4(r29),r30; push fp
 1057  00001b9c  001df020	add	r30,r0,r29; fp = sp
 1058  00001ba0  afbffff8	sw	-8(r29),r31; push ret addr
 1059  00001ba4  2fbd0018	subui	r29,r29,#24; alloc local storage
 1060  00001ba8  afa20000	sw	0(r29),r2
 1061  00001bac  54000000	nop
 1062  00001bb0          	L46_LF2:
 1063  00001bb0  8fc10000	lw	r1,(r30)
 1064  00001bb4  90220000	lbu	r2,(r1)
 1065  00001bb8  64410000	snei	r1,r2,#0
 1066  00001bbc  1420000c	bnez	r1,L48_LF2
 1067  00001bc0  54000000	nop; delay slot nop
 1068  00001bc4  08000070	j	L47_LF2
 1069  00001bc8  54000000	nop; delay slot nop
 1070  00001bcc          	L48_LF2:
 1071  00001bcc  8fc10004	lw	r1,4(r30)
 1072  00001bd0  afc1fff4	sw	-12(r30),r1
 1073  00001bd4          	L49_LF2:
 1074  00001bd4  8fc1fff4	lw	r1,-12(r30)
 1075  00001bd8  90220000	lbu	r2,(r1)
 1076  00001bdc  64410000	snei	r1,r2,#0
 1077  00001be0  1420000c	bnez	r1,L52_LF2
 1078  00001be4  54000000	nop; delay slot nop
 1079  00001be8  08000044	j	L50_LF2
 1080  00001bec  54000000	nop; delay slot nop
 1081  00001bf0          	L52_LF2:
 1082  00001bf0  8fc10000	lw	r1,(r30)
 1083  00001bf4  8fc2fff4	lw	r2,-12(r30)
 1084  00001bf8  90210000	lbu	r1,(r1)
 1085  00001bfc  90420000	lbu	r2,(r2)
 1086  00001c00  00220828	seq	r1,r1,r2
 1087  00001c04  10200010	beqz	r1,L51_LF2
 1088  00001c08  54000000	nop; delay slot nop
 1089  00001c0c  8fc10000	lw	r1,(r30)
 1090  00001c10  08000030	j	L45_LF2
 1091  00001c14  54000000	nop; delay slot nop
 1092  00001c18          	L53_LF2:
 1093  00001c18          	L51_LF2:
 1094  00001c18  8fc2fff4	lw	r2,-12(r30)
 1095  00001c1c  20410001	addi	r1,r2,#1
 1096  00001c20  00011020	add	r2,r0,r1
 1097  00001c24  afc2fff4	sw	-12(r30),r2
 1098  00001c28  0bffffa8	j	L49_LF2
 1099  00001c2c  54000000	nop; delay slot nop
 1100  00001c30          	L50_LF2:
 1101  00001c30  0bffff7c	j	L46_LF2
 1102  00001c34  54000000	nop; delay slot nop
 1103  00001c38          	L47_LF2:
 1104  00001c38  20010000	addi	r1,r0,#0
 1105  00001c3c  08000004	j	L45_LF2
 1106  00001c40  54000000	nop; delay slot nop
 1107  00001c44          	L45_LF2:
 1108  00001c44  8fa20000	lw	r2,0(r29)
 1109  00001c48  8fdffff8	lw	r31,-8(r30)
 1110  00001c4c  001ee820	add	r29,r0,r30
 1111  00001c50  8fdefffc	lw	r30,-4(r30)
 1112  00001c54  4be00000	jr	r31
 1113  00001c58  54000000	nop
 1114  00001c5c          	.endproc _dmindex
 1115  00001c5c          	.align 2
 1116  00001c5c          	.proc _dindex
 1117  00001c5c          	.global _dindex
 1118  00001c5c          	_dindex:
 1119                      ;  Function 'dindex'; 0 bytes of locals, 1 regs to save.
 1120  00001c5c  afbefffc	sw	-4(r29),r30; push fp
 1121  00001c60  001df020	add	r30,r0,r29; fp = sp
 1122  00001c64  afbffff8	sw	-8(r29),r31; push ret addr
 1123  00001c68  2fbd0010	subui	r29,r29,#16; alloc local storage
 1124  00001c6c  afa20000	sw	0(r29),r2
 1125  00001c70  54000000	nop
 1126  00001c74          	L55_LF2:
 1127  00001c74  8fc10000	lw	r1,(r30)
 1128  00001c78  90220000	lbu	r2,(r1)
 1129  00001c7c  64410000	snei	r1,r2,#0
 1130  00001c80  1420000c	bnez	r1,L57_LF2
 1131  00001c84  54000000	nop; delay slot nop
 1132  00001c88  08000040	j	L56_LF2
 1133  00001c8c  54000000	nop; delay slot nop
 1134  00001c90          	L57_LF2:
 1135  00001c90  8fc10000	lw	r1,(r30)
 1136  00001c94  90220000	lbu	r2,(r1)
 1137  00001c98  8fc10004	lw	r1,4(r30)
 1138  00001c9c  00411028	seq	r2,r2,r1
 1139  00001ca0  10400010	beqz	r2,L58_LF2
 1140  00001ca4  54000000	nop; delay slot nop
 1141  00001ca8  8fc10000	lw	r1,(r30)
 1142  00001cac  08000028	j	L54_LF2
 1143  00001cb0  54000000	nop; delay slot nop
 1144  00001cb4          	L58_LF2:
 1145  00001cb4  8fc20000	lw	r2,(r30)
 1146  00001cb8  20410001	addi	r1,r2,#1
 1147  00001cbc  00011020	add	r2,r0,r1
 1148  00001cc0  afc20000	sw	(r30),r2
 1149  00001cc4  0bffffac	j	L55_LF2
 1150  00001cc8  54000000	nop; delay slot nop
 1151  00001ccc          	L56_LF2:
 1152  00001ccc  20010000	addi	r1,r0,#0
 1153  00001cd0  08000004	j	L54_LF2
 1154  00001cd4  54000000	nop; delay slot nop
 1155  00001cd8          	L54_LF2:
 1156  00001cd8  8fa20000	lw	r2,0(r29)
 1157  00001cdc  8fdffff8	lw	r31,-8(r30)
 1158  00001ce0  001ee820	add	r29,r0,r30
 1159  00001ce4  8fdefffc	lw	r30,-4(r30)
 1160  00001ce8  4be00000	jr	r31
 1161  00001cec  54000000	nop
 1162  00001cf0          	.endproc _dindex
 1163  00001cf0          	.align 2
 1164  00001cf0          	.proc _ditoa
 1165  00001cf0          	.global _ditoa
 1166  00001cf0          	_ditoa:
 1167                      ;  Function 'ditoa'; 8 bytes of locals, 2 regs to save.
 1168  00001cf0  afbefffc	sw	-4(r29),r30; push fp
 1169  00001cf4  001df020	add	r30,r0,r29; fp = sp
 1170  00001cf8  afbffff8	sw	-8(r29),r31; push ret addr
 1171  00001cfc  2fbd0018	subui	r29,r29,#24; alloc local storage
 1172  00001d00  afa20000	sw	0(r29),r2
 1173  00001d04  afa30004	sw	4(r29),r3
 1174  00001d08  8fc10000	lw	r1,(r30)
 1175  00001d0c  68220000	slti	r2,r1,#0
 1176  00001d10  1040002c	beqz	r2,L60_LF2
 1177  00001d14  54000000	nop; delay slot nop
 1178  00001d18  8fc10004	lw	r1,4(r30)
 1179  00001d1c  20220001	addi	r2,r1,#1
 1180  00001d20  afc20004	sw	4(r30),r2
 1181  00001d24  2002002d	addi	r2,r0,(#0x2d)&0xff
 1182  00001d28  a0220000	sb	(r1),r2
 1183  00001d2c  8fc10000	lw	r1,(r30)
 1184  00001d30  00011022	sub	r2,r0,r1
 1185  00001d34  afc20000	sw	(r30),r2
 1186  00001d38  08000118	j	L61_LF2
 1187  00001d3c  54000000	nop; delay slot nop
 1188  00001d40          	L60_LF2:
 1189  00001d40  8fc10000	lw	r1,(r30)
 1190  00001d44  64220000	snei	r2,r1,#0
 1191  00001d48  14400020	bnez	r2,L62_LF2
 1192  00001d4c  54000000	nop; delay slot nop
 1193  00001d50  8fc10004	lw	r1,4(r30)
 1194  00001d54  20220001	addi	r2,r1,#1
 1195  00001d58  afc20004	sw	4(r30),r2
 1196  00001d5c  20020030	addi	r2,r0,(#0x30)&0xff
 1197  00001d60  a0220000	sb	(r1),r2
 1198  00001d64  080000ec	j	L61_LF2
 1199  00001d68  54000000	nop; delay slot nop
 1200  00001d6c          	L62_LF2:
 1201  00001d6c  20010001	addi	r1,r0,#1
 1202  00001d70  afc1fff4	sw	-12(r30),r1
 1203  00001d74          	L64_LF2:
 1204  00001d74  8fc1fff4	lw	r1,-12(r30)
 1205  00001d78  8fc20000	lw	r2,(r30)
 1206  00001d7c  0022082c	sle	r1,r1,r2
 1207  00001d80  1420000c	bnez	r1,L66_LF2
 1208  00001d84  54000000	nop; delay slot nop
 1209  00001d88  08000024	j	L65_LF2
 1210  00001d8c  54000000	nop; delay slot nop
 1211  00001d90          	L67_LF2:
 1212  00001d90          	L66_LF2:
 1213  00001d90  8fc1fff4	lw	r1,-12(r30)
 1214  00001d94  00011820	add	r3,r0,r1
 1215  00001d98  50620002	slli	r2,r3,#0x2
 1216  00001d9c  00411020	add	r2,r2,r1
 1217  00001da0  50410001	slli	r1,r2,#0x1
 1218  00001da4  afc1fff4	sw	-12(r30),r1
 1219  00001da8  0bffffc8	j	L64_LF2
 1220  00001dac  54000000	nop; delay slot nop
 1221  00001db0          	L65_LF2:
 1222  00001db0  54000000	nop
 1223  00001db4          	L68_LF2:
 1224  00001db4  8fc1fff4	lw	r1,-12(r30)
 1225  00001db8  2002000a	addi	r2,r0,#10
 1226  00001dbc  00200035	movi2fp	f0,r1
 1227  00001dc0  00400835	movi2fp	f1,r2
 1228  00001dc4  0401000f	div	f0,f0,f1
 1229  00001dc8  00000834	movfp2i	r1,f0
 1230  00001dcc  afc1fff4	sw	-12(r30),r1
 1231  00001dd0  8fc10004	lw	r1,4(r30)
 1232  00001dd4  20220001	addi	r2,r1,#1
 1233  00001dd8  afc20004	sw	4(r30),r2
 1234  00001ddc  8fc20000	lw	r2,(r30)
 1235  00001de0  8fc3fff4	lw	r3,-12(r30)
 1236  00001de4  00400035	movi2fp	f0,r2
 1237  00001de8  00600835	movi2fp	f1,r3
 1238  00001dec  0401000f	div	f0,f0,f1
 1239  00001df0  00001034	movfp2i	r2,f0
 1240  00001df4  00021820	add	r3,r0,r2
 1241  00001df8  20620030	addi	r2,r3,#48
 1242  00001dfc  a0220000	sb	(r1),r2
 1243  00001e00  8fc10000	lw	r1,(r30)
 1244  00001e04  8fc3fff4	lw	r3,-12(r30)
 1245  00001e08  00200035	movi2fp	f0,r1
 1246  00001e0c  00600835	movi2fp	f1,r3
 1247  00001e10  0401000f	div	f0,f0,f1
 1248  00001e14  00001034	movfp2i	r2,f0
 1249  00001e18  8fc3fff4	lw	r3,-12(r30)
 1250  00001e1c  00400035	movi2fp	f0,r2
 1251  00001e20  00600835	movi2fp	f1,r3
 1252  00001e24  0401000e	mult	f0,f0,f1
 1253  00001e28  00001034	movfp2i	r2,f0
 1254  00001e2c  00220822	sub	r1,r1,r2
 1255  00001e30  afc10000	sw	(r30),r1
 1256  00001e34          	L70_LF2:
 1257  00001e34  8fc1fff4	lw	r1,-12(r30)
 1258  00001e38  6c220001	sgti	r2,r1,#1
 1259  00001e3c  1440000c	bnez	r2,L71_LF2
 1260  00001e40  54000000	nop; delay slot nop
 1261  00001e44  0800000c	j	L61_LF2
 1262  00001e48  54000000	nop; delay slot nop
 1263  00001e4c          	L71_LF2:
 1264  00001e4c  0bffff64	j	L68_LF2
 1265  00001e50  54000000	nop; delay slot nop
 1266  00001e54          	L69_LF2:
 1267  00001e54          	L63_LF2:
 1268  00001e54          	L61_LF2:
 1269  00001e54  8fc10004	lw	r1,4(r30)
 1270  00001e58  20020000	addi	r2,r0,(#0x0)&0xff
 1271  00001e5c  a0220000	sb	(r1),r2
 1272  00001e60          	L59_LF2:
 1273  00001e60  8fa20000	lw	r2,0(r29)
 1274  00001e64  8fa30004	lw	r3,4(r29)
 1275  00001e68  8fdffff8	lw	r31,-8(r30)
 1276  00001e6c  001ee820	add	r29,r0,r30
 1277  00001e70  8fdefffc	lw	r30,-4(r30)
 1278  00001e74  4be00000	jr	r31
 1279  00001e78  54000000	nop
 1280  00001e7c          	.endproc _ditoa
 1281  00001e7c          	.align 2
 1282  00001e7c          	.proc _dstrtol
 1283  00001e7c          	.global _dstrtol
 1284  00001e7c          	_dstrtol:
 1285                      ;  Function 'dstrtol'; 16 bytes of locals, 1 regs to save.
 1286  00001e7c  afbefffc	sw	-4(r29),r30; push fp
 1287  00001e80  001df020	add	r30,r0,r29; fp = sp
 1288  00001e84  afbffff8	sw	-8(r29),r31; push ret addr
 1289  00001e88  2fbd0020	subui	r29,r29,#32; alloc local storage
 1290  00001e8c  afa20000	sw	0(r29),r2
 1291  00001e90  20010000	addi	r1,r0,#0
 1292  00001e94  afc1fff4	sw	-12(r30),r1
 1293  00001e98          	L73_LF2:
 1294  00001e98  8fc10000	lw	r1,(r30)
 1295  00001e9c  90220000	lbu	r2,(r1)
 1296  00001ea0  60410020	seqi	r1,r2,#32
 1297  00001ea4  14200034	bnez	r1,L75_LF2
 1298  00001ea8  54000000	nop; delay slot nop
 1299  00001eac  8fc10000	lw	r1,(r30)
 1300  00001eb0  90220000	lbu	r2,(r1)
 1301  00001eb4  60410009	seqi	r1,r2,#9
 1302  00001eb8  14200020	bnez	r1,L75_LF2
 1303  00001ebc  54000000	nop; delay slot nop
 1304  00001ec0  8fc10000	lw	r1,(r30)
 1305  00001ec4  90220000	lbu	r2,(r1)
 1306  00001ec8  6041000a	seqi	r1,r2,#10
 1307  00001ecc  1420000c	bnez	r1,L75_LF2
 1308  00001ed0  54000000	nop; delay slot nop
 1309  00001ed4  0800001c	j	L74_LF2
 1310  00001ed8  54000000	nop; delay slot nop
 1311  00001edc          	L75_LF2:
 1312  00001edc  8fc20000	lw	r2,(r30)
 1313  00001ee0  20410001	addi	r1,r2,#1
 1314  00001ee4  00011020	add	r2,r0,r1
 1315  00001ee8  afc20000	sw	(r30),r2
 1316  00001eec  0bffffa8	j	L73_LF2
 1317  00001ef0  54000000	nop; delay slot nop
 1318  00001ef4          	L74_LF2:
 1319  00001ef4  8fc10004	lw	r1,4(r30)
 1320  00001ef8  64220000	snei	r2,r1,#0
 1321  00001efc  10400010	beqz	r2,L76_LF2
 1322  00001f00  54000000	nop; delay slot nop
 1323  00001f04  8fc10004	lw	r1,4(r30)
 1324  00001f08  8fc20000	lw	r2,(r30)
 1325  00001f0c  ac220000	sw	(r1),r2
 1326  00001f10          	L76_LF2:
 1327  00001f10  8fc10000	lw	r1,(r30)
 1328  00001f14  90220000	lbu	r2,(r1)
 1329  00001f18  64410000	snei	r1,r2,#0
 1330  00001f1c  14200010	bnez	r1,L77_LF2
 1331  00001f20  54000000	nop; delay slot nop
 1332  00001f24  8fc1fff4	lw	r1,-12(r30)
 1333  00001f28  08000294	j	L72_LF2
 1334  00001f2c  54000000	nop; delay slot nop
 1335  00001f30          	L77_LF2:
 1336  00001f30  8fc10000	lw	r1,(r30)
 1337  00001f34  90220000	lbu	r2,(r1)
 1338  00001f38  6041002d	seqi	r1,r2,#45
 1339  00001f3c  10200024	beqz	r1,L78_LF2
 1340  00001f40  54000000	nop; delay slot nop
 1341  00001f44  2001ffff	addi	r1,r0,#-1
 1342  00001f48  afc1ffec	sw	-20(r30),r1
 1343  00001f4c  8fc20000	lw	r2,(r30)
 1344  00001f50  20410001	addi	r1,r2,#1
 1345  00001f54  00011020	add	r2,r0,r1
 1346  00001f58  afc20000	sw	(r30),r2
 1347  00001f5c  0800000c	j	L79_LF2
 1348  00001f60  54000000	nop; delay slot nop
 1349  00001f64          	L78_LF2:
 1350  00001f64  20010001	addi	r1,r0,#1
 1351  00001f68  afc1ffec	sw	-20(r30),r1
 1352  00001f6c          	L79_LF2:
 1353  00001f6c  8fc10008	lw	r1,8(r30)
 1354  00001f70  64220000	snei	r2,r1,#0
 1355  00001f74  14400090	bnez	r2,L80_LF2
 1356  00001f78  54000000	nop; delay slot nop
 1357  00001f7c  8fc10000	lw	r1,(r30)
 1358  00001f80  90220000	lbu	r2,(r1)
 1359  00001f84  60410030	seqi	r1,r2,#48
 1360  00001f88  10200074	beqz	r1,L81_LF2
 1361  00001f8c  54000000	nop; delay slot nop
 1362  00001f90  8fc20000	lw	r2,(r30)
 1363  00001f94  20410001	addi	r1,r2,#1
 1364  00001f98  00011020	add	r2,r0,r1
 1365  00001f9c  afc20000	sw	(r30),r2
 1366  00001fa0  8fc10000	lw	r1,(r30)
 1367  00001fa4  90220000	lbu	r2,(r1)
 1368  00001fa8  60410078	seqi	r1,r2,#120
 1369  00001fac  14200020	bnez	r1,L83_LF2
 1370  00001fb0  54000000	nop; delay slot nop
 1371  00001fb4  8fc10000	lw	r1,(r30)
 1372  00001fb8  90220000	lbu	r2,(r1)
 1373  00001fbc  60410058	seqi	r1,r2,#88
 1374  00001fc0  1420000c	bnez	r1,L83_LF2
 1375  00001fc4  54000000	nop; delay slot nop
 1376  00001fc8  08000024	j	L82_LF2
 1377  00001fcc  54000000	nop; delay slot nop
 1378  00001fd0          	L83_LF2:
 1379  00001fd0  20010010	addi	r1,r0,#16
 1380  00001fd4  afc10008	sw	8(r30),r1
 1381  00001fd8  8fc20000	lw	r2,(r30)
 1382  00001fdc  20410001	addi	r1,r2,#1
 1383  00001fe0  00011020	add	r2,r0,r1
 1384  00001fe4  afc20000	sw	(r30),r2
 1385  00001fe8  0800000c	j	L84_LF2
 1386  00001fec  54000000	nop; delay slot nop
 1387  00001ff0          	L82_LF2:
 1388  00001ff0  20010008	addi	r1,r0,#8
 1389  00001ff4  afc10008	sw	8(r30),r1
 1390  00001ff8          	L84_LF2:
 1391  00001ff8  0800000c	j	L80_LF2
 1392  00001ffc  54000000	nop; delay slot nop
 1393  00002000          	L81_LF2:
 1394  00002000  2001000a	addi	r1,r0,#10
 1395  00002004  afc10008	sw	8(r30),r1
 1396  00002008          	L85_LF2:
 1397  00002008          	L80_LF2:
 1398  00002008  8fc10008	lw	r1,8(r30)
 1399  0000200c  70220000	slei	r2,r1,#0
 1400  00002010  1440001c	bnez	r2,L87_LF2
 1401  00002014  54000000	nop; delay slot nop
 1402  00002018  8fc10008	lw	r1,8(r30)
 1403  0000201c  6c220010	sgti	r2,r1,#16
 1404  00002020  1440000c	bnez	r2,L87_LF2
 1405  00002024  54000000	nop; delay slot nop
 1406  00002028  08000010	j	L86_LF2
 1407  0000202c  54000000	nop; delay slot nop
 1408  00002030          	L87_LF2:
 1409  00002030  8fc1fff4	lw	r1,-12(r30)
 1410  00002034  08000188	j	L72_LF2
 1411  00002038  54000000	nop; delay slot nop
 1412  0000203c          	L86_LF2:
 1413  0000203c  54000000	nop
 1414  00002040          	L88_LF2:
 1415  00002040  8fc10000	lw	r1,(r30)
 1416  00002044  90220000	lbu	r2,(r1)
 1417  00002048  6c41002f	sgtui	r1,r2,#47
 1418  0000204c  10200030	beqz	r1,L91_LF2
 1419  00002050  54000000	nop; delay slot nop
 1420  00002054  8fc10000	lw	r1,(r30)
 1421  00002058  90220000	lbu	r2,(r1)
 1422  0000205c  70410039	sleui	r1,r2,#57
 1423  00002060  1020001c	beqz	r1,L91_LF2
 1424  00002064  54000000	nop; delay slot nop
 1425  00002068  8fc10000	lw	r1,(r30)
 1426  0000206c  90220000	lbu	r2,(r1)
 1427  00002070  2041ffd0	addi	r1,r2,#-48
 1428  00002074  afc1fff0	sw	-16(r30),r1
 1429  00002078  0800008c	j	L92_LF2
 1430  0000207c  54000000	nop; delay slot nop
 1431  00002080          	L91_LF2:
 1432  00002080  8fc10000	lw	r1,(r30)
 1433  00002084  90220000	lbu	r2,(r1)
 1434  00002088  6c410060	sgtui	r1,r2,#96
 1435  0000208c  10200030	beqz	r1,L93_LF2
 1436  00002090  54000000	nop; delay slot nop
 1437  00002094  8fc10000	lw	r1,(r30)
 1438  00002098  90220000	lbu	r2,(r1)
 1439  0000209c  7041007a	sleui	r1,r2,#122
 1440  000020a0  1020001c	beqz	r1,L93_LF2
 1441  000020a4  54000000	nop; delay slot nop
 1442  000020a8  8fc10000	lw	r1,(r30)
 1443  000020ac  90220000	lbu	r2,(r1)
 1444  000020b0  2041ffa9	addi	r1,r2,#-87
 1445  000020b4  afc1fff0	sw	-16(r30),r1
 1446  000020b8  0800004c	j	L92_LF2
 1447  000020bc  54000000	nop; delay slot nop
 1448  000020c0          	L93_LF2:
 1449  000020c0  8fc10000	lw	r1,(r30)
 1450  000020c4  90220000	lbu	r2,(r1)
 1451  000020c8  6c410040	sgtui	r1,r2,#64
 1452  000020cc  10200030	beqz	r1,L95_LF2
 1453  000020d0  54000000	nop; delay slot nop
 1454  000020d4  8fc10000	lw	r1,(r30)
 1455  000020d8  90220000	lbu	r2,(r1)
 1456  000020dc  7041005a	sleui	r1,r2,#90
 1457  000020e0  1020001c	beqz	r1,L95_LF2
 1458  000020e4  54000000	nop; delay slot nop
 1459  000020e8  8fc10000	lw	r1,(r30)
 1460  000020ec  90220000	lbu	r2,(r1)
 1461  000020f0  2041ffc9	addi	r1,r2,#-55
 1462  000020f4  afc1fff0	sw	-16(r30),r1
 1463  000020f8  0800000c	j	L92_LF2
 1464  000020fc  54000000	nop; delay slot nop
 1465  00002100          	L95_LF2:
 1466  00002100  200103e8	addi	r1,r0,#1000
 1467  00002104  afc1fff0	sw	-16(r30),r1
 1468  00002108          	L96_LF2:
 1469  00002108          	L94_LF2:
 1470  00002108          	L92_LF2:
 1471  00002108  8fc1fff0	lw	r1,-16(r30)
 1472  0000210c  8fc20008	lw	r2,8(r30)
 1473  00002110  0022082a	slt	r1,r1,r2
 1474  00002114  10200040	beqz	r1,L90_LF2
 1475  00002118  54000000	nop; delay slot nop
 1476  0000211c  8fc1fff4	lw	r1,-12(r30)
 1477  00002120  8fc20008	lw	r2,8(r30)
 1478  00002124  00200035	movi2fp	f0,r1
 1479  00002128  00400835	movi2fp	f1,r2
 1480  0000212c  0401000e	mult	f0,f0,f1
 1481  00002130  00000834	movfp2i	r1,f0
 1482  00002134  afc1fff4	sw	-12(r30),r1
 1483  00002138  8fc1fff4	lw	r1,-12(r30)
 1484  0000213c  8fc2fff0	lw	r2,-16(r30)
 1485  00002140  00220820	add	r1,r1,r2
 1486  00002144  afc1fff4	sw	-12(r30),r1
 1487  00002148  8fc20000	lw	r2,(r30)
 1488  0000214c  20410001	addi	r1,r2,#1
 1489  00002150  00011020	add	r2,r0,r1
 1490  00002154  afc20000	sw	(r30),r2
 1491  00002158          	L97_LF2:
 1492  00002158          	L90_LF2:
 1493  00002158  8fc1fff0	lw	r1,-16(r30)
 1494  0000215c  8fc20008	lw	r2,8(r30)
 1495  00002160  0022082a	slt	r1,r1,r2
 1496  00002164  1420000c	bnez	r1,L98_LF2
 1497  00002168  54000000	nop; delay slot nop
 1498  0000216c  0800000c	j	L89_LF2
 1499  00002170  54000000	nop; delay slot nop
 1500  00002174          	L98_LF2:
 1501  00002174  0bfffec8	j	L88_LF2
 1502  00002178  54000000	nop; delay slot nop
 1503  0000217c          	L89_LF2:
 1504  0000217c  8fc10004	lw	r1,4(r30)
 1505  00002180  64220000	snei	r2,r1,#0
 1506  00002184  10400010	beqz	r2,L99_LF2
 1507  00002188  54000000	nop; delay slot nop
 1508  0000218c  8fc10004	lw	r1,4(r30)
 1509  00002190  8fc20000	lw	r2,(r30)
 1510  00002194  ac220000	sw	(r1),r2
 1511  00002198          	L99_LF2:
 1512  00002198  8fc1fff4	lw	r1,-12(r30)
 1513  0000219c  8fc2ffec	lw	r2,-20(r30)
 1514  000021a0  00200035	movi2fp	f0,r1
 1515  000021a4  00400835	movi2fp	f1,r2
 1516  000021a8  0401000e	mult	f0,f0,f1
 1517  000021ac  00000834	movfp2i	r1,f0
 1518  000021b0  afc1fff4	sw	-12(r30),r1
 1519  000021b4  8fc1fff4	lw	r1,-12(r30)
 1520  000021b8  08000004	j	L72_LF2
 1521  000021bc  54000000	nop; delay slot nop
 1522  000021c0          	L72_LF2:
 1523  000021c0  8fa20000	lw	r2,0(r29)
 1524  000021c4  8fdffff8	lw	r31,-8(r30)
 1525  000021c8  001ee820	add	r29,r0,r30
 1526  000021cc  8fdefffc	lw	r30,-4(r30)
 1527  000021d0  4be00000	jr	r31
 1528  000021d4  54000000	nop
 1529  000021d8          	.endproc _dstrtol
 1530  000021d8          	.align 2
 1531  000021d8          	.proc _bcopy
 1532  000021d8          	.global _bcopy
 1533  000021d8          	_bcopy:
 1534                      ;  Function 'bcopy'; 0 bytes of locals, 2 regs to save.
 1535  000021d8  afbefffc	sw	-4(r29),r30; push fp
 1536  000021dc  001df020	add	r30,r0,r29; fp = sp
 1537  000021e0  afbffff8	sw	-8(r29),r31; push ret addr
 1538  000021e4  2fbd0010	subui	r29,r29,#16; alloc local storage
 1539  000021e8  afa20000	sw	0(r29),r2
 1540  000021ec  afa30004	sw	4(r29),r3
 1541  000021f0  54000000	nop
 1542  000021f4          	L101_LF2:
 1543  000021f4  8fc10008	lw	r1,8(r30)
 1544  000021f8  2022ffff	addi	r2,r1,#-1
 1545  000021fc  afc20008	sw	8(r30),r2
 1546  00002200  6c210000	sgti	r1,r1,#0
 1547  00002204  1420000c	bnez	r1,L103_LF2
 1548  00002208  54000000	nop; delay slot nop
 1549  0000220c  0800002c	j	L102_LF2
 1550  00002210  54000000	nop; delay slot nop
 1551  00002214          	L103_LF2:
 1552  00002214  8fc10004	lw	r1,4(r30)
 1553  00002218  20220001	addi	r2,r1,#1
 1554  0000221c  afc20004	sw	4(r30),r2
 1555  00002220  8fc20000	lw	r2,(r30)
 1556  00002224  20430001	addi	r3,r2,#1
 1557  00002228  afc30000	sw	(r30),r3
 1558  0000222c  80420000	lb	r2,(r2)
 1559  00002230  a0220000	sb	(r1),r2
 1560  00002234  0bffffbc	j	L101_LF2
 1561  00002238  54000000	nop; delay slot nop
 1562  0000223c          	L102_LF2:
 1563  0000223c          	L100_LF2:
 1564  0000223c  8fa20000	lw	r2,0(r29)
 1565  00002240  8fa30004	lw	r3,4(r29)
 1566  00002244  8fdffff8	lw	r31,-8(r30)
 1567  00002248  001ee820	add	r29,r0,r30
 1568  0000224c  8fdefffc	lw	r30,-4(r30)
 1569  00002250  4be00000	jr	r31
 1570  00002254  54000000	nop
 1571  00002258          	.endproc _bcopy
 1572  00002258          	.align 2
 1573  00002258          	.proc _bzero
 1574  00002258          	.global _bzero
 1575  00002258          	_bzero:
 1576                      ;  Function 'bzero'; 0 bytes of locals, 1 regs to save.
 1577  00002258  afbefffc	sw	-4(r29),r30; push fp
 1578  0000225c  001df020	add	r30,r0,r29; fp = sp
 1579  00002260  afbffff8	sw	-8(r29),r31; push ret addr
 1580  00002264  2fbd0010	subui	r29,r29,#16; alloc local storage
 1581  00002268  afa20000	sw	0(r29),r2
 1582  0000226c  54000000	nop
 1583  00002270          	L105_LF2:
 1584  00002270  8fc10004	lw	r1,4(r30)
 1585  00002274  2022ffff	addi	r2,r1,#-1
 1586  00002278  afc20004	sw	4(r30),r2
 1587  0000227c  6c210000	sgti	r1,r1,#0
 1588  00002280  1420000c	bnez	r1,L107_LF2
 1589  00002284  54000000	nop; delay slot nop
 1590  00002288  08000020	j	L106_LF2
 1591  0000228c  54000000	nop; delay slot nop
 1592  00002290          	L107_LF2:
 1593  00002290  8fc10000	lw	r1,(r30)
 1594  00002294  20220001	addi	r2,r1,#1
 1595  00002298  afc20000	sw	(r30),r2
 1596  0000229c  20020000	addi	r2,r0,(#0x0)&0xff
 1597  000022a0  a0220000	sb	(r1),r2
 1598  000022a4  0bffffc8	j	L105_LF2
 1599  000022a8  54000000	nop; delay slot nop
 1600  000022ac          	L106_LF2:
 1601  000022ac          	L104_LF2:
 1602  000022ac  8fa20000	lw	r2,0(r29)
 1603  000022b0  8fdffff8	lw	r31,-8(r30)
 1604  000022b4  001ee820	add	r29,r0,r30
 1605  000022b8  8fdefffc	lw	r30,-4(r30)
 1606  000022bc  4be00000	jr	r31
 1607  000022c0  54000000	nop
 1608  000022c4          	.endproc _bzero
 1609  000022c4          	.align 2
 1610  000022c4          	.proc _min
 1611  000022c4          	.global _min
 1612  000022c4          	_min:
 1613                      ;  Function 'min'; 0 bytes of locals, 2 regs to save.
 1614  000022c4  afbefffc	sw	-4(r29),r30; push fp
 1615  000022c8  001df020	add	r30,r0,r29; fp = sp
 1616  000022cc  afbffff8	sw	-8(r29),r31; push ret addr
 1617  000022d0  2fbd0010	subui	r29,r29,#16; alloc local storage
 1618  000022d4  afa20000	sw	0(r29),r2
 1619  000022d8  afa30004	sw	4(r29),r3
 1620  000022dc  8fc10000	lw	r1,(r30)
 1621  000022e0  8fc20004	lw	r2,4(r30)
 1622  000022e4  0022182c	sle	r3,r1,r2
 1623  000022e8  14600008	bnez	r3,L109_LF2
 1624  000022ec  54000000	nop; delay slot nop
 1625  000022f0  8fc10004	lw	r1,4(r30)
 1626  000022f4          	L109_LF2:
 1627  000022f4  08000004	j	L108_LF2
 1628  000022f8  54000000	nop; delay slot nop
 1629  000022fc          	L108_LF2:
 1630  000022fc  8fa20000	lw	r2,0(r29)
 1631  00002300  8fa30004	lw	r3,4(r29)
 1632  00002304  8fdffff8	lw	r31,-8(r30)
 1633  00002308  001ee820	add	r29,r0,r30
 1634  0000230c  8fdefffc	lw	r30,-4(r30)
 1635  00002310  4be00000	jr	r31
 1636  00002314  54000000	nop
 1637  00002318          	.endproc _min
 1638                      ;;; Ethan L. Miller, 1999.  Released to the public domain
 1639                      ;;;
 1640                      ;;; Most of the traps are called in files from libtraps.
 1643  00002318          	.align 2
 1644  00002318          	.proc _exit
 1645  00002318          	.global _exit
 1646  00002318          	_exit:
 1647  00002318  44000300	trap	#0x300
 1648  0000231c  4be00000	jr	r31
 1649  00002320  54000000	nop
 1650  00002324          	.endproc _exit
 1652                      ; for the benefit of gcc.
 1653  00002324          	.proc ___main
 1654  00002324          	.global ___main
 1655  00002324          	___main:
 1656  00002324  4be00000	jr	r31
 1657  00002328  54000000	nop
 1658  0000232c          	.endproc ___main
 1659  0000232c          	.text
 1660  0000232c          	.global _etext
 1661  0000232c          	_etext:
 1662  0000232c          	.align 3
 1663  00002330          	.data
 1664  000031a2          	.global _edata
 1665  000031a2          	_edata:
